[23:03:57] Main                 INFO     Using provided golden input: golden_input.bin
[23:03:57] Harness              INFO     ================================================================================
[23:03:57] Harness              INFO     ACTIVE TRACING HARNESS - START
[23:03:57] Harness              INFO     ================================================================================
[23:03:57] Harness              INFO     Target binary: /home/prajwal/Documents/vestigo-data/simple_test
[23:03:57] Harness              INFO     Architecture: auto
[23:03:57] EngineA.Solver       INFO     ============================================================
[23:03:57] EngineA.Solver       INFO     ENGINE A: SYMBOLIC SOLVER
[23:03:57] EngineA.Solver       INFO     ============================================================
[23:03:57] EngineA.Solver       INFO     Loading binary: /home/prajwal/Documents/vestigo-data/simple_test
[23:03:57] claripy.frontend.constrained_frontend DEBUG    ... splitted of size 1
[23:03:57] claripy.frontend.constrained_frontend DEBUG    ... processing constraint with 0 variables
[23:03:57] claripy.frontend.composite_frontend DEBUG    <SolverComposite 0x70a7026c6ae0, 0 children> checking satisfiability...
[23:03:57] claripy.frontend.constrained_frontend DEBUG    ... splitted of size 1
[23:03:57] claripy.frontend.constrained_frontend DEBUG    ... processing constraint with 0 variables
[23:03:57] claripy.frontend.composite_frontend DEBUG    <SolverComposite 0x70a70384d130, 0 children> checking satisfiability...
[23:03:57] claripy.frontend.composite_frontend DEBUG    <SolverComposite 0x70a702495850, 0 children> checking satisfiability...
[23:03:57] claripy.frontend.composite_frontend DEBUG    <SolverComposite 0x70a7024c8d10, 0 children> checking satisfiability...
[23:03:57] claripy.frontend.composite_frontend DEBUG    <SolverComposite 0x70a70341c890, 0 children> checking satisfiability...
[23:03:57] claripy.frontend.constrained_frontend DEBUG    ... splitted of size 1
[23:03:57] claripy.frontend.constrained_frontend DEBUG    ... processing constraint with 0 variables
[23:03:57] claripy.frontend.constrained_frontend DEBUG    ... splitted of size 1
[23:03:57] claripy.frontend.constrained_frontend DEBUG    ... processing constraint with 0 variables
[23:03:57] claripy.frontend.constrained_frontend DEBUG    ... splitted of size 1
[23:03:57] claripy.frontend.constrained_frontend DEBUG    ... processing constraint with 0 variables
[23:03:57] claripy.frontend.constrained_frontend DEBUG    ... splitted of size 1
[23:03:57] claripy.frontend.constrained_frontend DEBUG    ... processing constraint with 0 variables
[23:03:57] claripy.frontend.constrained_frontend DEBUG    ... splitted of size 1
[23:03:57] claripy.frontend.constrained_frontend DEBUG    ... processing constraint with 0 variables
[23:03:57] claripy.frontend.composite_frontend DEBUG    <SolverComposite 0x70a70346ec00, 0 children> checking satisfiability...
[23:03:57] claripy.frontend.constrained_frontend DEBUG    ... splitted of size 1
[23:03:57] claripy.frontend.constrained_frontend DEBUG    ... processing constraint with 0 variables
[23:03:57] claripy.frontend.constrained_frontend DEBUG    ... splitted of size 1
[23:03:57] claripy.frontend.constrained_frontend DEBUG    ... processing constraint with 0 variables
[23:03:57] claripy.frontend.composite_frontend DEBUG    <SolverComposite 0x70a702312360, 0 children> checking satisfiability...
[23:03:57] claripy.frontend.composite_frontend DEBUG    <SolverComposite 0x70a70233fdd0, 0 children> checking satisfiability...
[23:03:57] claripy.frontend.constrained_frontend DEBUG    ... splitted of size 1
[23:03:57] claripy.frontend.constrained_frontend DEBUG    ... processing constraint with 0 variables
[23:03:57] claripy.frontend.constrained_frontend DEBUG    ... splitted of size 1
[23:03:57] claripy.frontend.constrained_frontend DEBUG    ... processing constraint with 0 variables
[23:03:57] claripy.frontend.constrained_frontend DEBUG    ... splitted of size 1
[23:03:57] claripy.frontend.constrained_frontend DEBUG    ... processing constraint with 0 variables
[23:03:57] claripy.frontend.constrained_frontend DEBUG    ... splitted of size 1
[23:03:57] claripy.frontend.constrained_frontend DEBUG    ... processing constraint with 0 variables
[23:03:57] claripy.frontend.composite_frontend DEBUG    <SolverComposite 0x70a703498110, 0 children> checking satisfiability...
[23:03:57] claripy.frontend.constrained_frontend DEBUG    ... splitted of size 1
[23:03:57] claripy.frontend.constrained_frontend DEBUG    ... processing constraint with 0 variables
[23:03:57] claripy.frontend.composite_frontend DEBUG    <SolverComposite 0x70a7024c8a40, 0 children> checking satisfiability...
[23:03:57] claripy.frontend.constrained_frontend DEBUG    ... splitted of size 1
[23:03:57] claripy.frontend.constrained_frontend DEBUG    ... processing constraint with 0 variables
[23:03:57] claripy.frontend.composite_frontend DEBUG    <SolverComposite 0x70a702372600, 0 children> checking satisfiability...
[23:03:57] claripy.frontend.constrained_frontend DEBUG    ... splitted of size 1
[23:03:57] claripy.frontend.constrained_frontend DEBUG    ... processing constraint with 0 variables
[23:03:57] claripy.frontend.constrained_frontend DEBUG    ... splitted of size 1
[23:03:57] claripy.frontend.constrained_frontend DEBUG    ... processing constraint with 0 variables
[23:03:57] claripy.frontend.composite_frontend DEBUG    <SolverComposite 0x70a7023a5490, 0 children> checking satisfiability...
[23:03:57] claripy.frontend.constrained_frontend DEBUG    ... splitted of size 1
[23:03:57] claripy.frontend.constrained_frontend DEBUG    ... processing constraint with 0 variables
[23:03:57] claripy.frontend.composite_frontend DEBUG    <SolverComposite 0x70a7024302c0, 0 children> checking satisfiability...
[23:03:57] claripy.frontend.constrained_frontend DEBUG    ... splitted of size 1
[23:03:57] claripy.frontend.constrained_frontend DEBUG    ... processing constraint with 0 variables
[23:03:57] claripy.frontend.constrained_frontend DEBUG    ... splitted of size 1
[23:03:57] claripy.frontend.constrained_frontend DEBUG    ... processing constraint with 0 variables
[23:03:57] claripy.frontend.constrained_frontend DEBUG    ... splitted of size 1
[23:03:57] claripy.frontend.constrained_frontend DEBUG    ... processing constraint with 0 variables
[23:03:57] claripy.frontend.composite_frontend DEBUG    <SolverComposite 0x70a7024ff1d0, 0 children> checking satisfiability...
[23:03:57] claripy.frontend.constrained_frontend DEBUG    ... splitted of size 1
[23:03:57] claripy.frontend.constrained_frontend DEBUG    ... processing constraint with 0 variables
[23:03:57] claripy.frontend.composite_frontend DEBUG    <SolverComposite 0x70a70236e270, 0 children> checking satisfiability...
[23:03:57] claripy.frontend.composite_frontend DEBUG    <SolverComposite 0x70a7023a70e0, 0 children> checking satisfiability...
[23:03:57] claripy.frontend.constrained_frontend DEBUG    ... splitted of size 1
[23:03:57] claripy.frontend.constrained_frontend DEBUG    ... processing constraint with 0 variables
[23:03:57] claripy.frontend.constrained_frontend DEBUG    ... splitted of size 1
[23:03:57] claripy.frontend.constrained_frontend DEBUG    ... processing constraint with 0 variables
[23:03:57] claripy.frontend.composite_frontend DEBUG    <SolverComposite 0x70a7024fd9a0, 0 children> checking satisfiability...
[23:03:57] claripy.frontend.constrained_frontend DEBUG    ... splitted of size 1
[23:03:57] claripy.frontend.constrained_frontend DEBUG    ... processing constraint with 0 variables
[23:03:57] claripy.frontend.composite_frontend DEBUG    <SolverComposite 0x70a702303c20, 0 children> checking satisfiability...
[23:03:57] claripy.frontend.composite_frontend DEBUG    <SolverComposite 0x70a70220a6f0, 0 children> checking satisfiability...
[23:03:57] claripy.frontend.constrained_frontend DEBUG    ... splitted of size 1
[23:03:57] claripy.frontend.constrained_frontend DEBUG    ... processing constraint with 0 variables
[23:03:57] claripy.frontend.constrained_frontend DEBUG    ... splitted of size 1
[23:03:57] claripy.frontend.constrained_frontend DEBUG    ... processing constraint with 0 variables
[23:03:57] claripy.frontend.constrained_frontend DEBUG    ... splitted of size 1
[23:03:57] claripy.frontend.constrained_frontend DEBUG    ... processing constraint with 0 variables
[23:03:57] claripy.frontend.constrained_frontend DEBUG    ... splitted of size 1
[23:03:57] claripy.frontend.constrained_frontend DEBUG    ... processing constraint with 0 variables
[23:03:57] claripy.frontend.composite_frontend DEBUG    <SolverComposite 0x70a7038179e0, 0 children> checking satisfiability...
[23:03:57] claripy.frontend.constrained_frontend DEBUG    ... splitted of size 1
[23:03:57] claripy.frontend.constrained_frontend DEBUG    ... processing constraint with 0 variables
[23:03:57] claripy.frontend.constrained_frontend DEBUG    ... splitted of size 1
[23:03:57] claripy.frontend.constrained_frontend DEBUG    ... processing constraint with 0 variables
[23:03:57] claripy.frontend.constrained_frontend DEBUG    ... splitted of size 1
[23:03:57] claripy.frontend.constrained_frontend DEBUG    ... processing constraint with 0 variables
[23:03:57] claripy.frontend.constrained_frontend DEBUG    ... splitted of size 1
[23:03:57] claripy.frontend.constrained_frontend DEBUG    ... processing constraint with 0 variables
[23:03:57] claripy.frontend.constrained_frontend DEBUG    ... splitted of size 1
[23:03:57] claripy.frontend.constrained_frontend DEBUG    ... processing constraint with 0 variables
[23:03:57] claripy.frontend.composite_frontend DEBUG    <SolverComposite 0x70a702226cc0, 0 children> checking satisfiability...
[23:03:57] claripy.frontend.composite_frontend DEBUG    <SolverComposite 0x70a702264e90, 0 children> checking satisfiability...
[23:03:57] claripy.frontend.constrained_frontend DEBUG    ... splitted of size 1
[23:03:57] claripy.frontend.constrained_frontend DEBUG    ... processing constraint with 0 variables
[23:03:57] EngineA.Solver       INFO     Detected architecture: AMD64
[23:03:57] EngineA.Solver       WARNING  Could not automatically find recv function
[23:03:57] EngineA.Solver       ERROR    Cannot proceed without recv address. Use --recv-address to specify manually
[23:03:57] Harness              WARNING  Engine A failed to find golden input
[23:03:57] Harness              INFO     Attempting to continue with Engine B using fallback input
[23:03:57] EngineB.Tracer       INFO     ============================================================
[23:03:57] EngineB.Tracer       INFO     ENGINE B: DYNAMIC TRACER
[23:03:57] EngineB.Tracer       INFO     ============================================================
[23:03:57] EngineB.Tracer       INFO     Loaded 256 bytes of golden input
[23:03:57] EngineB.Tracer       INFO     Initializing Qiling with binary: /home/prajwal/Documents/vestigo-data/simple_test
[23:03:57] EngineB.Tracer       INFO     Qiling initialized - Arch: 102, OS: 201
[23:03:57] EngineB.Tracer       INFO     Syscall hooks installed
[23:03:57] EngineB.Tracer       INFO     Instruction trace hook installed
[23:03:57] EngineB.Tracer       INFO     Starting execution trace...
[23:03:57] EngineB.Tracer       DEBUG    Traced 1000 instructions (Phase: init)
[23:03:57] EngineB.Tracer       DEBUG    Traced 2000 instructions (Phase: init)
[23:03:57] EngineB.Tracer       DEBUG    Traced 3000 instructions (Phase: init)
[23:03:57] EngineB.Tracer       DEBUG    Traced 4000 instructions (Phase: init)
[23:03:57] EngineB.Tracer       DEBUG    Traced 5000 instructions (Phase: init)
[23:03:57] EngineB.Tracer       DEBUG    Traced 6000 instructions (Phase: init)
[23:03:57] EngineB.Tracer       ERROR    Execution error: '/home/prajwal/Documents/vestigo-data/simple_test' is not in the subpath of '/home/prajwal/Documents/vestigo-data/qiling_analysis/rootfs/x8664_linux'
Traceback (most recent call last):
  File "/home/prajwal/Documents/vestigo-data/harness.py", line 622, in run
    self.ql.run()
  File "/home/prajwal/Documents/vestigo-data/qiling_analysis/qiling/qiling/core.py", line 588, in run
    self.os.run()
  File "/home/prajwal/Documents/vestigo-data/qiling_analysis/qiling/qiling/os/linux/linux.py", line 184, in run
    self.ql.emu_start(self.ql.loader.elf_entry, self.exit_point, self.ql.timeout, self.ql.count)
  File "/home/prajwal/Documents/vestigo-data/qiling_analysis/qiling/qiling/core.py", line 774, in emu_start
    raise self.internal_exception
  File "/home/prajwal/Documents/vestigo-data/qiling_analysis/qiling/qiling/core_hooks.py", line 141, in wrapper
    return callback(*args, **kwargs)
           ^^^^^^^^^^^^^^^^^^^^^^^^^
  File "/home/prajwal/Documents/vestigo-data/qiling_analysis/qiling/qiling/core_hooks.py", line 204, in _hook_insn_cb
    ret = hook.call(ql, *hook_args)
          ^^^^^^^^^^^^^^^^^^^^^^^^^
  File "/home/prajwal/Documents/vestigo-data/qiling_analysis/qiling/qiling/core_hooks_types.py", line 25, in call
    return self.callback(ql, *args)
           ^^^^^^^^^^^^^^^^^^^^^^^^
  File "/home/prajwal/Documents/vestigo-data/qiling_analysis/qiling/qiling/os/linux/linux.py", line 138, in hook_syscall
    return self.load_syscall()
           ^^^^^^^^^^^^^^^^^^^
  File "/home/prajwal/Documents/vestigo-data/qiling_analysis/qiling/qiling/os/posix/posix.py", line 231, in load_syscall
    raise e
  File "/home/prajwal/Documents/vestigo-data/qiling_analysis/qiling/qiling/os/posix/posix.py", line 213, in load_syscall
    retval = syscall_hook(self.ql, *params)
             ^^^^^^^^^^^^^^^^^^^^^^^^^^^^^^
  File "/home/prajwal/Documents/vestigo-data/qiling_analysis/qiling/qiling/os/posix/syscall/unistd.py", line 488, in ql_syscall_readlinkat
    regreturn = absvpath if isinstance(absvpath, int) else __do_readlink(ql, absvpath, buf)
                                                           ^^^^^^^^^^^^^^^^^^^^^^^^^^^^^^^^
  File "/home/prajwal/Documents/vestigo-data/qiling_analysis/qiling/qiling/os/posix/syscall/unistd.py", line 444, in __do_readlink
    target = ql.os.path.host_to_virtual_path(ql.path)
             ^^^^^^^^^^^^^^^^^^^^^^^^^^^^^^^^^^^^^^^^
  File "/home/prajwal/Documents/vestigo-data/qiling_analysis/qiling/qiling/os/path.py", line 278, in host_to_virtual_path
    virtpath = self._cwd_anchor / resolved.relative_to(self._rootfs_path)
                                  ^^^^^^^^^^^^^^^^^^^^^^^^^^^^^^^^^^^^^^^
  File "/usr/lib/python3.12/pathlib.py", line 682, in relative_to
    raise ValueError(f"{str(self)!r} is not in the subpath of {str(other)!r}")
ValueError: '/home/prajwal/Documents/vestigo-data/simple_test' is not in the subpath of '/home/prajwal/Documents/vestigo-data/qiling_analysis/rootfs/x8664_linux'
[23:03:57] EngineB.Tracer       INFO     Partial trace captured: 6580 instructions
[23:03:57] EngineB.Tracer       INFO     Saved 6580 trace events to full_harness_trace.jsonl
[23:03:57] EngineB.Tracer       INFO     Trace statistics by phase:
[23:03:57] EngineB.Tracer       INFO       init: 6580 instructions
[23:03:57] Harness              INFO     ================================================================================
[23:03:57] Harness              INFO     ACTIVE TRACING HARNESS - COMPLETE
[23:03:57] Harness              INFO     ================================================================================
[23:03:57] Harness              INFO     Total execution time: 0.50s
[23:03:57] Harness              INFO     Output files:
[23:03:57] Harness              INFO       - Golden input: golden_input.bin
[23:03:57] Harness              INFO       - Execution trace: full_harness_trace.jsonl
