                              1 ;--------------------------------------------------------
                              2 ; File Created by SDCC : free open source ANSI-C Compiler
                              3 ; Version 4.0.0 #11528 (Linux)
                              4 ;--------------------------------------------------------
                              5 	.module aes192
                              6 	.optsdcc -mz80
                              7 	
                              8 ;--------------------------------------------------------
                              9 ; Public variables in this module
                             10 ;--------------------------------------------------------
                             11 	.globl _main
                             12 	.globl _aes192_encrypt
                             13 	.globl _puts
                             14 	.globl _printf
                             15 ;--------------------------------------------------------
                             16 ; special function registers
                             17 ;--------------------------------------------------------
                             18 ;--------------------------------------------------------
                             19 ; ram data
                             20 ;--------------------------------------------------------
                             21 	.area _DATA
                             22 ;--------------------------------------------------------
                             23 ; ram data
                             24 ;--------------------------------------------------------
                             25 	.area _INITIALIZED
                             26 ;--------------------------------------------------------
                             27 ; absolute external ram data
                             28 ;--------------------------------------------------------
                             29 	.area _DABS (ABS)
                             30 ;--------------------------------------------------------
                             31 ; global & static initialisations
                             32 ;--------------------------------------------------------
                             33 	.area _HOME
                             34 	.area _GSINIT
                             35 	.area _GSFINAL
                             36 	.area _GSINIT
                             37 ;--------------------------------------------------------
                             38 ; Home
                             39 ;--------------------------------------------------------
                             40 	.area _HOME
                             41 	.area _HOME
                             42 ;--------------------------------------------------------
                             43 ; code
                             44 ;--------------------------------------------------------
                             45 	.area _CODE
                             46 ;source_code/aes192.c:36: static uint8_t xtime(uint8_t x) {
                             47 ;	---------------------------------
                             48 ; Function xtime
                             49 ; ---------------------------------
   0000                      50 _xtime:
   0000 CDr00r00      [17]   51 	call	___sdcc_enter_ix
                             52 ;source_code/aes192.c:37: return (uint8_t)((x << 1) ^ (((x >> 7) & 1) * 0x1b));
   0003 DD 7E 04      [19]   53 	ld	a, 4 (ix)
   0006 87            [ 4]   54 	add	a, a
   0007 4F            [ 4]   55 	ld	c, a
   0008 DD 7E 04      [19]   56 	ld	a, 4 (ix)
   000B CB 07         [ 8]   57 	rlc	a
   000D E6 01         [ 7]   58 	and	a, #0x01
   000F 5F            [ 4]   59 	ld	e, a
   0010 16 00         [ 7]   60 	ld	d, #0x00
   0012 6B            [ 4]   61 	ld	l, e
   0013 62            [ 4]   62 	ld	h, d
   0014 29            [11]   63 	add	hl, hl
   0015 19            [11]   64 	add	hl, de
   0016 29            [11]   65 	add	hl, hl
   0017 29            [11]   66 	add	hl, hl
   0018 19            [11]   67 	add	hl, de
   0019 29            [11]   68 	add	hl, hl
   001A 19            [11]   69 	add	hl, de
   001B 79            [ 4]   70 	ld	a, c
   001C 17            [ 4]   71 	rla
   001D 9F            [ 4]   72 	sbc	a, a
   001E F5            [11]   73 	push	af
   001F 79            [ 4]   74 	ld	a, c
   0020 AD            [ 4]   75 	xor	a, l
   0021 6F            [ 4]   76 	ld	l, a
   0022 F1            [10]   77 	pop	af
   0023 AC            [ 4]   78 	xor	a, h
                             79 ;source_code/aes192.c:38: }
   0024 DD E1         [14]   80 	pop	ix
   0026 C9            [10]   81 	ret
   0027                      82 _sbox:
   0027 63                   83 	.db #0x63	; 99	'c'
   0028 7C                   84 	.db #0x7c	; 124
   0029 77                   85 	.db #0x77	; 119	'w'
   002A 7B                   86 	.db #0x7b	; 123
   002B F2                   87 	.db #0xf2	; 242
   002C 6B                   88 	.db #0x6b	; 107	'k'
   002D 6F                   89 	.db #0x6f	; 111	'o'
   002E C5                   90 	.db #0xc5	; 197
   002F 30                   91 	.db #0x30	; 48	'0'
   0030 01                   92 	.db #0x01	; 1
   0031 67                   93 	.db #0x67	; 103	'g'
   0032 2B                   94 	.db #0x2b	; 43
   0033 FE                   95 	.db #0xfe	; 254
   0034 D7                   96 	.db #0xd7	; 215
   0035 AB                   97 	.db #0xab	; 171
   0036 76                   98 	.db #0x76	; 118	'v'
   0037 CA                   99 	.db #0xca	; 202
   0038 82                  100 	.db #0x82	; 130
   0039 C9                  101 	.db #0xc9	; 201
   003A 7D                  102 	.db #0x7d	; 125
   003B FA                  103 	.db #0xfa	; 250
   003C 59                  104 	.db #0x59	; 89	'Y'
   003D 47                  105 	.db #0x47	; 71	'G'
   003E F0                  106 	.db #0xf0	; 240
   003F AD                  107 	.db #0xad	; 173
   0040 D4                  108 	.db #0xd4	; 212
   0041 A2                  109 	.db #0xa2	; 162
   0042 AF                  110 	.db #0xaf	; 175
   0043 9C                  111 	.db #0x9c	; 156
   0044 A4                  112 	.db #0xa4	; 164
   0045 72                  113 	.db #0x72	; 114	'r'
   0046 C0                  114 	.db #0xc0	; 192
   0047 B7                  115 	.db #0xb7	; 183
   0048 FD                  116 	.db #0xfd	; 253
   0049 93                  117 	.db #0x93	; 147
   004A 26                  118 	.db #0x26	; 38
   004B 36                  119 	.db #0x36	; 54	'6'
   004C 3F                  120 	.db #0x3f	; 63
   004D F7                  121 	.db #0xf7	; 247
   004E CC                  122 	.db #0xcc	; 204
   004F 34                  123 	.db #0x34	; 52	'4'
   0050 A5                  124 	.db #0xa5	; 165
   0051 E5                  125 	.db #0xe5	; 229
   0052 F1                  126 	.db #0xf1	; 241
   0053 71                  127 	.db #0x71	; 113	'q'
   0054 D8                  128 	.db #0xd8	; 216
   0055 31                  129 	.db #0x31	; 49	'1'
   0056 15                  130 	.db #0x15	; 21
   0057 04                  131 	.db #0x04	; 4
   0058 C7                  132 	.db #0xc7	; 199
   0059 23                  133 	.db #0x23	; 35
   005A C3                  134 	.db #0xc3	; 195
   005B 18                  135 	.db #0x18	; 24
   005C 96                  136 	.db #0x96	; 150
   005D 05                  137 	.db #0x05	; 5
   005E 9A                  138 	.db #0x9a	; 154
   005F 07                  139 	.db #0x07	; 7
   0060 12                  140 	.db #0x12	; 18
   0061 80                  141 	.db #0x80	; 128
   0062 E2                  142 	.db #0xe2	; 226
   0063 EB                  143 	.db #0xeb	; 235
   0064 27                  144 	.db #0x27	; 39
   0065 B2                  145 	.db #0xb2	; 178
   0066 75                  146 	.db #0x75	; 117	'u'
   0067 09                  147 	.db #0x09	; 9
   0068 83                  148 	.db #0x83	; 131
   0069 2C                  149 	.db #0x2c	; 44
   006A 1A                  150 	.db #0x1a	; 26
   006B 1B                  151 	.db #0x1b	; 27
   006C 6E                  152 	.db #0x6e	; 110	'n'
   006D 5A                  153 	.db #0x5a	; 90	'Z'
   006E A0                  154 	.db #0xa0	; 160
   006F 52                  155 	.db #0x52	; 82	'R'
   0070 3B                  156 	.db #0x3b	; 59
   0071 D6                  157 	.db #0xd6	; 214
   0072 B3                  158 	.db #0xb3	; 179
   0073 29                  159 	.db #0x29	; 41
   0074 E3                  160 	.db #0xe3	; 227
   0075 2F                  161 	.db #0x2f	; 47
   0076 84                  162 	.db #0x84	; 132
   0077 53                  163 	.db #0x53	; 83	'S'
   0078 D1                  164 	.db #0xd1	; 209
   0079 00                  165 	.db #0x00	; 0
   007A ED                  166 	.db #0xed	; 237
   007B 20                  167 	.db #0x20	; 32
   007C FC                  168 	.db #0xfc	; 252
   007D B1                  169 	.db #0xb1	; 177
   007E 5B                  170 	.db #0x5b	; 91
   007F 6A                  171 	.db #0x6a	; 106	'j'
   0080 CB                  172 	.db #0xcb	; 203
   0081 BE                  173 	.db #0xbe	; 190
   0082 39                  174 	.db #0x39	; 57	'9'
   0083 4A                  175 	.db #0x4a	; 74	'J'
   0084 4C                  176 	.db #0x4c	; 76	'L'
   0085 58                  177 	.db #0x58	; 88	'X'
   0086 CF                  178 	.db #0xcf	; 207
   0087 D0                  179 	.db #0xd0	; 208
   0088 EF                  180 	.db #0xef	; 239
   0089 AA                  181 	.db #0xaa	; 170
   008A FB                  182 	.db #0xfb	; 251
   008B 43                  183 	.db #0x43	; 67	'C'
   008C 4D                  184 	.db #0x4d	; 77	'M'
   008D 33                  185 	.db #0x33	; 51	'3'
   008E 85                  186 	.db #0x85	; 133
   008F 45                  187 	.db #0x45	; 69	'E'
   0090 F9                  188 	.db #0xf9	; 249
   0091 02                  189 	.db #0x02	; 2
   0092 7F                  190 	.db #0x7f	; 127
   0093 50                  191 	.db #0x50	; 80	'P'
   0094 3C                  192 	.db #0x3c	; 60
   0095 9F                  193 	.db #0x9f	; 159
   0096 A8                  194 	.db #0xa8	; 168
   0097 51                  195 	.db #0x51	; 81	'Q'
   0098 A3                  196 	.db #0xa3	; 163
   0099 40                  197 	.db #0x40	; 64
   009A 8F                  198 	.db #0x8f	; 143
   009B 92                  199 	.db #0x92	; 146
   009C 9D                  200 	.db #0x9d	; 157
   009D 38                  201 	.db #0x38	; 56	'8'
   009E F5                  202 	.db #0xf5	; 245
   009F BC                  203 	.db #0xbc	; 188
   00A0 B6                  204 	.db #0xb6	; 182
   00A1 DA                  205 	.db #0xda	; 218
   00A2 21                  206 	.db #0x21	; 33
   00A3 10                  207 	.db #0x10	; 16
   00A4 FF                  208 	.db #0xff	; 255
   00A5 F3                  209 	.db #0xf3	; 243
   00A6 D2                  210 	.db #0xd2	; 210
   00A7 CD                  211 	.db #0xcd	; 205
   00A8 0C                  212 	.db #0x0c	; 12
   00A9 13                  213 	.db #0x13	; 19
   00AA EC                  214 	.db #0xec	; 236
   00AB 5F                  215 	.db #0x5f	; 95
   00AC 97                  216 	.db #0x97	; 151
   00AD 44                  217 	.db #0x44	; 68	'D'
   00AE 17                  218 	.db #0x17	; 23
   00AF C4                  219 	.db #0xc4	; 196
   00B0 A7                  220 	.db #0xa7	; 167
   00B1 7E                  221 	.db #0x7e	; 126
   00B2 3D                  222 	.db #0x3d	; 61
   00B3 64                  223 	.db #0x64	; 100	'd'
   00B4 5D                  224 	.db #0x5d	; 93
   00B5 19                  225 	.db #0x19	; 25
   00B6 73                  226 	.db #0x73	; 115	's'
   00B7 60                  227 	.db #0x60	; 96
   00B8 81                  228 	.db #0x81	; 129
   00B9 4F                  229 	.db #0x4f	; 79	'O'
   00BA DC                  230 	.db #0xdc	; 220
   00BB 22                  231 	.db #0x22	; 34
   00BC 2A                  232 	.db #0x2a	; 42
   00BD 90                  233 	.db #0x90	; 144
   00BE 88                  234 	.db #0x88	; 136
   00BF 46                  235 	.db #0x46	; 70	'F'
   00C0 EE                  236 	.db #0xee	; 238
   00C1 B8                  237 	.db #0xb8	; 184
   00C2 14                  238 	.db #0x14	; 20
   00C3 DE                  239 	.db #0xde	; 222
   00C4 5E                  240 	.db #0x5e	; 94
   00C5 0B                  241 	.db #0x0b	; 11
   00C6 DB                  242 	.db #0xdb	; 219
   00C7 E0                  243 	.db #0xe0	; 224
   00C8 32                  244 	.db #0x32	; 50	'2'
   00C9 3A                  245 	.db #0x3a	; 58
   00CA 0A                  246 	.db #0x0a	; 10
   00CB 49                  247 	.db #0x49	; 73	'I'
   00CC 06                  248 	.db #0x06	; 6
   00CD 24                  249 	.db #0x24	; 36
   00CE 5C                  250 	.db #0x5c	; 92
   00CF C2                  251 	.db #0xc2	; 194
   00D0 D3                  252 	.db #0xd3	; 211
   00D1 AC                  253 	.db #0xac	; 172
   00D2 62                  254 	.db #0x62	; 98	'b'
   00D3 91                  255 	.db #0x91	; 145
   00D4 95                  256 	.db #0x95	; 149
   00D5 E4                  257 	.db #0xe4	; 228
   00D6 79                  258 	.db #0x79	; 121	'y'
   00D7 E7                  259 	.db #0xe7	; 231
   00D8 C8                  260 	.db #0xc8	; 200
   00D9 37                  261 	.db #0x37	; 55	'7'
   00DA 6D                  262 	.db #0x6d	; 109	'm'
   00DB 8D                  263 	.db #0x8d	; 141
   00DC D5                  264 	.db #0xd5	; 213
   00DD 4E                  265 	.db #0x4e	; 78	'N'
   00DE A9                  266 	.db #0xa9	; 169
   00DF 6C                  267 	.db #0x6c	; 108	'l'
   00E0 56                  268 	.db #0x56	; 86	'V'
   00E1 F4                  269 	.db #0xf4	; 244
   00E2 EA                  270 	.db #0xea	; 234
   00E3 65                  271 	.db #0x65	; 101	'e'
   00E4 7A                  272 	.db #0x7a	; 122	'z'
   00E5 AE                  273 	.db #0xae	; 174
   00E6 08                  274 	.db #0x08	; 8
   00E7 BA                  275 	.db #0xba	; 186
   00E8 78                  276 	.db #0x78	; 120	'x'
   00E9 25                  277 	.db #0x25	; 37
   00EA 2E                  278 	.db #0x2e	; 46
   00EB 1C                  279 	.db #0x1c	; 28
   00EC A6                  280 	.db #0xa6	; 166
   00ED B4                  281 	.db #0xb4	; 180
   00EE C6                  282 	.db #0xc6	; 198
   00EF E8                  283 	.db #0xe8	; 232
   00F0 DD                  284 	.db #0xdd	; 221
   00F1 74                  285 	.db #0x74	; 116	't'
   00F2 1F                  286 	.db #0x1f	; 31
   00F3 4B                  287 	.db #0x4b	; 75	'K'
   00F4 BD                  288 	.db #0xbd	; 189
   00F5 8B                  289 	.db #0x8b	; 139
   00F6 8A                  290 	.db #0x8a	; 138
   00F7 70                  291 	.db #0x70	; 112	'p'
   00F8 3E                  292 	.db #0x3e	; 62
   00F9 B5                  293 	.db #0xb5	; 181
   00FA 66                  294 	.db #0x66	; 102	'f'
   00FB 48                  295 	.db #0x48	; 72	'H'
   00FC 03                  296 	.db #0x03	; 3
   00FD F6                  297 	.db #0xf6	; 246
   00FE 0E                  298 	.db #0x0e	; 14
   00FF 61                  299 	.db #0x61	; 97	'a'
   0100 35                  300 	.db #0x35	; 53	'5'
   0101 57                  301 	.db #0x57	; 87	'W'
   0102 B9                  302 	.db #0xb9	; 185
   0103 86                  303 	.db #0x86	; 134
   0104 C1                  304 	.db #0xc1	; 193
   0105 1D                  305 	.db #0x1d	; 29
   0106 9E                  306 	.db #0x9e	; 158
   0107 E1                  307 	.db #0xe1	; 225
   0108 F8                  308 	.db #0xf8	; 248
   0109 98                  309 	.db #0x98	; 152
   010A 11                  310 	.db #0x11	; 17
   010B 69                  311 	.db #0x69	; 105	'i'
   010C D9                  312 	.db #0xd9	; 217
   010D 8E                  313 	.db #0x8e	; 142
   010E 94                  314 	.db #0x94	; 148
   010F 9B                  315 	.db #0x9b	; 155
   0110 1E                  316 	.db #0x1e	; 30
   0111 87                  317 	.db #0x87	; 135
   0112 E9                  318 	.db #0xe9	; 233
   0113 CE                  319 	.db #0xce	; 206
   0114 55                  320 	.db #0x55	; 85	'U'
   0115 28                  321 	.db #0x28	; 40
   0116 DF                  322 	.db #0xdf	; 223
   0117 8C                  323 	.db #0x8c	; 140
   0118 A1                  324 	.db #0xa1	; 161
   0119 89                  325 	.db #0x89	; 137
   011A 0D                  326 	.db #0x0d	; 13
   011B BF                  327 	.db #0xbf	; 191
   011C E6                  328 	.db #0xe6	; 230
   011D 42                  329 	.db #0x42	; 66	'B'
   011E 68                  330 	.db #0x68	; 104	'h'
   011F 41                  331 	.db #0x41	; 65	'A'
   0120 99                  332 	.db #0x99	; 153
   0121 2D                  333 	.db #0x2d	; 45
   0122 0F                  334 	.db #0x0f	; 15
   0123 B0                  335 	.db #0xb0	; 176
   0124 54                  336 	.db #0x54	; 84	'T'
   0125 BB                  337 	.db #0xbb	; 187
   0126 16                  338 	.db #0x16	; 22
   0127                     339 _rcon:
   0127 00                  340 	.db #0x00	; 0
   0128 01                  341 	.db #0x01	; 1
   0129 02                  342 	.db #0x02	; 2
   012A 04                  343 	.db #0x04	; 4
   012B 08                  344 	.db #0x08	; 8
   012C 10                  345 	.db #0x10	; 16
   012D 20                  346 	.db #0x20	; 32
   012E 40                  347 	.db #0x40	; 64
   012F 80                  348 	.db #0x80	; 128
   0130 1B                  349 	.db #0x1b	; 27
                            350 ;source_code/aes192.c:40: static void sub_bytes(uint8_t state[4][4]) {
                            351 ;	---------------------------------
                            352 ; Function sub_bytes
                            353 ; ---------------------------------
   0131                     354 _sub_bytes:
   0131 CDr00r00      [17]  355 	call	___sdcc_enter_ix
   0134 F5            [11]  356 	push	af
   0135 F5            [11]  357 	push	af
                            358 ;source_code/aes192.c:41: for (int i = 0; i < 4; i++) {
   0136 01 00 00      [10]  359 	ld	bc, #0x0000
   0139                     360 00107$:
   0139 79            [ 4]  361 	ld	a, c
   013A D6 04         [ 7]  362 	sub	a, #0x04
   013C 78            [ 4]  363 	ld	a, b
   013D 17            [ 4]  364 	rla
   013E 3F            [ 4]  365 	ccf
   013F 1F            [ 4]  366 	rra
   0140 DE 80         [ 7]  367 	sbc	a, #0x80
   0142 30 51         [12]  368 	jr	NC,00109$
                            369 ;source_code/aes192.c:42: for (int j = 0; j < 4; j++) {
   0144 59            [ 4]  370 	ld	e, c
   0145 50            [ 4]  371 	ld	d, b
   0146 CB 23         [ 8]  372 	sla	e
   0148 CB 12         [ 8]  373 	rl	d
   014A CB 23         [ 8]  374 	sla	e
   014C CB 12         [ 8]  375 	rl	d
   014E 7B            [ 4]  376 	ld	a, e
   014F DD 86 04      [19]  377 	add	a, 4 (ix)
   0152 DD 77 FC      [19]  378 	ld	-4 (ix), a
   0155 7A            [ 4]  379 	ld	a, d
   0156 DD 8E 05      [19]  380 	adc	a, 5 (ix)
   0159 DD 77 FD      [19]  381 	ld	-3 (ix), a
   015C 11 00 00      [10]  382 	ld	de, #0x0000
   015F                     383 00104$:
   015F 7B            [ 4]  384 	ld	a, e
   0160 D6 04         [ 7]  385 	sub	a, #0x04
   0162 7A            [ 4]  386 	ld	a, d
   0163 17            [ 4]  387 	rla
   0164 3F            [ 4]  388 	ccf
   0165 1F            [ 4]  389 	rra
   0166 DE 80         [ 7]  390 	sbc	a, #0x80
   0168 30 28         [12]  391 	jr	NC,00108$
                            392 ;source_code/aes192.c:43: state[i][j] = sbox[state[i][j]];
   016A DD 7E FC      [19]  393 	ld	a, -4 (ix)
   016D 83            [ 4]  394 	add	a, e
   016E DD 77 FE      [19]  395 	ld	-2 (ix), a
   0171 DD 7E FD      [19]  396 	ld	a, -3 (ix)
   0174 8A            [ 4]  397 	adc	a, d
   0175 DD 77 FF      [19]  398 	ld	-1 (ix), a
   0178 DD 6E FE      [19]  399 	ld	l, -2 (ix)
   017B DD 66 FF      [19]  400 	ld	h, -1 (ix)
   017E 7E            [ 7]  401 	ld	a, (hl)
   017F C6r27         [ 7]  402 	add	a, #<(_sbox)
   0181 6F            [ 4]  403 	ld	l, a
   0182 3E 00         [ 7]  404 	ld	a, #0x00
   0184 CEs00         [ 7]  405 	adc	a, #>(_sbox)
   0186 67            [ 4]  406 	ld	h, a
   0187 7E            [ 7]  407 	ld	a, (hl)
   0188 DD 6E FE      [19]  408 	ld	l, -2 (ix)
   018B DD 66 FF      [19]  409 	ld	h, -1 (ix)
   018E 77            [ 7]  410 	ld	(hl), a
                            411 ;source_code/aes192.c:42: for (int j = 0; j < 4; j++) {
   018F 13            [ 6]  412 	inc	de
   0190 18 CD         [12]  413 	jr	00104$
   0192                     414 00108$:
                            415 ;source_code/aes192.c:41: for (int i = 0; i < 4; i++) {
   0192 03            [ 6]  416 	inc	bc
   0193 18 A4         [12]  417 	jr	00107$
   0195                     418 00109$:
                            419 ;source_code/aes192.c:46: }
   0195 DD F9         [10]  420 	ld	sp, ix
   0197 DD E1         [14]  421 	pop	ix
   0199 C9            [10]  422 	ret
                            423 ;source_code/aes192.c:48: static void shift_rows(uint8_t state[4][4]) {
                            424 ;	---------------------------------
                            425 ; Function shift_rows
                            426 ; ---------------------------------
   019A                     427 _shift_rows:
   019A CDr00r00      [17]  428 	call	___sdcc_enter_ix
   019D F5            [11]  429 	push	af
   019E 3B            [ 6]  430 	dec	sp
                            431 ;source_code/aes192.c:52: temp = state[1][0];
   019F DD 7E 04      [19]  432 	ld	a, 4 (ix)
   01A2 C6 04         [ 7]  433 	add	a, #0x04
   01A4 4F            [ 4]  434 	ld	c, a
   01A5 DD 7E 05      [19]  435 	ld	a, 5 (ix)
   01A8 CE 00         [ 7]  436 	adc	a, #0x00
   01AA 47            [ 4]  437 	ld	b, a
   01AB 0A            [ 7]  438 	ld	a, (bc)
   01AC DD 77 FD      [19]  439 	ld	-3 (ix), a
                            440 ;source_code/aes192.c:53: state[1][0] = state[1][1];
   01AF 69            [ 4]  441 	ld	l, c
   01B0 60            [ 4]  442 	ld	h, b
   01B1 23            [ 6]  443 	inc	hl
   01B2 7E            [ 7]  444 	ld	a, (hl)
   01B3 02            [ 7]  445 	ld	(bc), a
                            446 ;source_code/aes192.c:54: state[1][1] = state[1][2];
   01B4 DD 7E 04      [19]  447 	ld	a, 4 (ix)
   01B7 C6 04         [ 7]  448 	add	a, #0x04
   01B9 4F            [ 4]  449 	ld	c, a
   01BA DD 7E 05      [19]  450 	ld	a, 5 (ix)
   01BD CE 00         [ 7]  451 	adc	a, #0x00
   01BF 47            [ 4]  452 	ld	b, a
   01C0 21 01 00      [10]  453 	ld	hl, #0x0001
   01C3 09            [11]  454 	add	hl, bc
   01C4 DD 75 FE      [19]  455 	ld	-2 (ix), l
   01C7 DD 74 FF      [19]  456 	ld	-1 (ix), h
   01CA 59            [ 4]  457 	ld	e, c
   01CB 50            [ 4]  458 	ld	d, b
   01CC 13            [ 6]  459 	inc	de
   01CD 13            [ 6]  460 	inc	de
   01CE 1A            [ 7]  461 	ld	a, (de)
   01CF DD 6E FE      [19]  462 	ld	l, -2 (ix)
   01D2 DD 66 FF      [19]  463 	ld	h, -1 (ix)
   01D5 77            [ 7]  464 	ld	(hl), a
                            465 ;source_code/aes192.c:55: state[1][2] = state[1][3];
   01D6 03            [ 6]  466 	inc	bc
   01D7 03            [ 6]  467 	inc	bc
   01D8 03            [ 6]  468 	inc	bc
   01D9 0A            [ 7]  469 	ld	a, (bc)
   01DA 12            [ 7]  470 	ld	(de), a
                            471 ;source_code/aes192.c:56: state[1][3] = temp;
   01DB DD 7E FD      [19]  472 	ld	a, -3 (ix)
   01DE 02            [ 7]  473 	ld	(bc), a
                            474 ;source_code/aes192.c:59: temp = state[2][0];
   01DF DD 7E 04      [19]  475 	ld	a, 4 (ix)
   01E2 C6 08         [ 7]  476 	add	a, #0x08
   01E4 4F            [ 4]  477 	ld	c, a
   01E5 DD 7E 05      [19]  478 	ld	a, 5 (ix)
   01E8 CE 00         [ 7]  479 	adc	a, #0x00
   01EA 47            [ 4]  480 	ld	b, a
   01EB 0A            [ 7]  481 	ld	a, (bc)
   01EC 5F            [ 4]  482 	ld	e, a
                            483 ;source_code/aes192.c:60: state[2][0] = state[2][2];
   01ED 69            [ 4]  484 	ld	l, c
   01EE 60            [ 4]  485 	ld	h, b
   01EF 23            [ 6]  486 	inc	hl
   01F0 23            [ 6]  487 	inc	hl
   01F1 7E            [ 7]  488 	ld	a, (hl)
   01F2 02            [ 7]  489 	ld	(bc), a
                            490 ;source_code/aes192.c:61: state[2][2] = temp;
   01F3 DD 7E 04      [19]  491 	ld	a, 4 (ix)
   01F6 C6 08         [ 7]  492 	add	a, #0x08
   01F8 4F            [ 4]  493 	ld	c, a
   01F9 DD 7E 05      [19]  494 	ld	a, 5 (ix)
   01FC CE 00         [ 7]  495 	adc	a, #0x00
   01FE 47            [ 4]  496 	ld	b, a
   01FF 69            [ 4]  497 	ld	l, c
   0200 60            [ 4]  498 	ld	h, b
   0201 23            [ 6]  499 	inc	hl
   0202 23            [ 6]  500 	inc	hl
   0203 73            [ 7]  501 	ld	(hl), e
                            502 ;source_code/aes192.c:62: temp = state[2][1];
   0204 59            [ 4]  503 	ld	e, c
   0205 50            [ 4]  504 	ld	d, b
   0206 13            [ 6]  505 	inc	de
   0207 1A            [ 7]  506 	ld	a, (de)
   0208 DD 77 FF      [19]  507 	ld	-1 (ix), a
                            508 ;source_code/aes192.c:63: state[2][1] = state[2][3];
   020B 03            [ 6]  509 	inc	bc
   020C 03            [ 6]  510 	inc	bc
   020D 03            [ 6]  511 	inc	bc
   020E 0A            [ 7]  512 	ld	a, (bc)
   020F 12            [ 7]  513 	ld	(de), a
                            514 ;source_code/aes192.c:64: state[2][3] = temp;
   0210 DD 7E FF      [19]  515 	ld	a, -1 (ix)
   0213 02            [ 7]  516 	ld	(bc), a
                            517 ;source_code/aes192.c:67: temp = state[3][3];
   0214 DD 7E 04      [19]  518 	ld	a, 4 (ix)
   0217 C6 0C         [ 7]  519 	add	a, #0x0c
   0219 4F            [ 4]  520 	ld	c, a
   021A DD 7E 05      [19]  521 	ld	a, 5 (ix)
   021D CE 00         [ 7]  522 	adc	a, #0x00
   021F 47            [ 4]  523 	ld	b, a
   0220 59            [ 4]  524 	ld	e, c
   0221 50            [ 4]  525 	ld	d, b
   0222 13            [ 6]  526 	inc	de
   0223 13            [ 6]  527 	inc	de
   0224 13            [ 6]  528 	inc	de
   0225 1A            [ 7]  529 	ld	a, (de)
   0226 DD 77 FD      [19]  530 	ld	-3 (ix), a
                            531 ;source_code/aes192.c:68: state[3][3] = state[3][2];
   0229 21 02 00      [10]  532 	ld	hl, #0x0002
   022C 09            [11]  533 	add	hl, bc
   022D DD 75 FE      [19]  534 	ld	-2 (ix), l
   0230 DD 74 FF      [19]  535 	ld	-1 (ix), h
   0233 7E            [ 7]  536 	ld	a, (hl)
   0234 12            [ 7]  537 	ld	(de), a
                            538 ;source_code/aes192.c:69: state[3][2] = state[3][1];
   0235 59            [ 4]  539 	ld	e, c
   0236 50            [ 4]  540 	ld	d, b
   0237 13            [ 6]  541 	inc	de
   0238 1A            [ 7]  542 	ld	a, (de)
   0239 DD 6E FE      [19]  543 	ld	l, -2 (ix)
   023C DD 66 FF      [19]  544 	ld	h, -1 (ix)
   023F 77            [ 7]  545 	ld	(hl), a
                            546 ;source_code/aes192.c:70: state[3][1] = state[3][0];
   0240 0A            [ 7]  547 	ld	a, (bc)
   0241 12            [ 7]  548 	ld	(de), a
                            549 ;source_code/aes192.c:71: state[3][0] = temp;
   0242 DD 7E FD      [19]  550 	ld	a, -3 (ix)
   0245 02            [ 7]  551 	ld	(bc), a
                            552 ;source_code/aes192.c:72: }
   0246 DD F9         [10]  553 	ld	sp, ix
   0248 DD E1         [14]  554 	pop	ix
   024A C9            [10]  555 	ret
                            556 ;source_code/aes192.c:74: static void mix_columns(uint8_t state[4][4]) {
                            557 ;	---------------------------------
                            558 ; Function mix_columns
                            559 ; ---------------------------------
   024B                     560 _mix_columns:
   024B CDr00r00      [17]  561 	call	___sdcc_enter_ix
   024E 21 E5 FF      [10]  562 	ld	hl, #-27
   0251 39            [11]  563 	add	hl, sp
   0252 F9            [ 6]  564 	ld	sp, hl
                            565 ;source_code/aes192.c:77: for (int i = 0; i < 4; i++) {
   0253 DD 4E 04      [19]  566 	ld	c, 4 (ix)
   0256 DD 46 05      [19]  567 	ld	b, 5 (ix)
   0259 21 04 00      [10]  568 	ld	hl, #0x0004
   025C 09            [11]  569 	add	hl, bc
   025D DD 75 EB      [19]  570 	ld	-21 (ix), l
   0260 DD 74 EC      [19]  571 	ld	-20 (ix), h
   0263 21 08 00      [10]  572 	ld	hl, #0x0008
   0266 09            [11]  573 	add	hl, bc
   0267 DD 75 ED      [19]  574 	ld	-19 (ix), l
   026A DD 74 EE      [19]  575 	ld	-18 (ix), h
   026D 21 0C 00      [10]  576 	ld	hl, #0x000c
   0270 09            [11]  577 	add	hl, bc
   0271 DD 75 EF      [19]  578 	ld	-17 (ix), l
   0274 DD 74 F0      [19]  579 	ld	-16 (ix), h
   0277 AF            [ 4]  580 	xor	a, a
   0278 DD 77 FE      [19]  581 	ld	-2 (ix), a
   027B DD 77 FF      [19]  582 	ld	-1 (ix), a
   027E                     583 00103$:
   027E DD 7E FE      [19]  584 	ld	a, -2 (ix)
   0281 D6 04         [ 7]  585 	sub	a, #0x04
   0283 DD 7E FF      [19]  586 	ld	a, -1 (ix)
   0286 17            [ 4]  587 	rla
   0287 3F            [ 4]  588 	ccf
   0288 1F            [ 4]  589 	rra
   0289 DE 80         [ 7]  590 	sbc	a, #0x80
   028B D2r3Er04      [10]  591 	jp	NC, 00105$
                            592 ;source_code/aes192.c:78: tmp[0] = state[0][i];
   028E 21 02 00      [10]  593 	ld	hl, #2
   0291 39            [11]  594 	add	hl, sp
   0292 EB            [ 4]  595 	ex	de, hl
   0293 79            [ 4]  596 	ld	a, c
   0294 DD 86 FE      [19]  597 	add	a, -2 (ix)
   0297 DD 77 E5      [19]  598 	ld	-27 (ix), a
   029A 78            [ 4]  599 	ld	a, b
   029B DD 8E FF      [19]  600 	adc	a, -1 (ix)
   029E DD 77 E6      [19]  601 	ld	-26 (ix), a
   02A1 E1            [10]  602 	pop	hl
   02A2 E5            [11]  603 	push	hl
   02A3 7E            [ 7]  604 	ld	a, (hl)
   02A4 DD 77 FD      [19]  605 	ld	-3 (ix), a
   02A7 12            [ 7]  606 	ld	(de),a
                            607 ;source_code/aes192.c:79: tmp[1] = state[1][i];
   02A8 21 01 00      [10]  608 	ld	hl, #0x0001
   02AB 19            [11]  609 	add	hl, de
   02AC DD 75 F1      [19]  610 	ld	-15 (ix), l
   02AF DD 74 F2      [19]  611 	ld	-14 (ix), h
   02B2 DD 7E EB      [19]  612 	ld	a, -21 (ix)
   02B5 DD 86 FE      [19]  613 	add	a, -2 (ix)
   02B8 DD 77 F3      [19]  614 	ld	-13 (ix), a
   02BB DD 7E EC      [19]  615 	ld	a, -20 (ix)
   02BE DD 8E FF      [19]  616 	adc	a, -1 (ix)
   02C1 DD 77 F4      [19]  617 	ld	-12 (ix), a
   02C4 DD 6E F3      [19]  618 	ld	l, -13 (ix)
   02C7 DD 66 F4      [19]  619 	ld	h, -12 (ix)
   02CA 7E            [ 7]  620 	ld	a, (hl)
   02CB DD 6E F1      [19]  621 	ld	l, -15 (ix)
   02CE DD 66 F2      [19]  622 	ld	h, -14 (ix)
   02D1 77            [ 7]  623 	ld	(hl), a
                            624 ;source_code/aes192.c:80: tmp[2] = state[2][i];
   02D2 21 02 00      [10]  625 	ld	hl, #0x0002
   02D5 19            [11]  626 	add	hl, de
   02D6 DD 75 F5      [19]  627 	ld	-11 (ix), l
   02D9 DD 74 F6      [19]  628 	ld	-10 (ix), h
   02DC DD 7E ED      [19]  629 	ld	a, -19 (ix)
   02DF DD 86 FE      [19]  630 	add	a, -2 (ix)
   02E2 DD 77 F7      [19]  631 	ld	-9 (ix), a
   02E5 DD 7E EE      [19]  632 	ld	a, -18 (ix)
   02E8 DD 8E FF      [19]  633 	adc	a, -1 (ix)
   02EB DD 77 F8      [19]  634 	ld	-8 (ix), a
   02EE DD 6E F7      [19]  635 	ld	l, -9 (ix)
   02F1 DD 66 F8      [19]  636 	ld	h, -8 (ix)
   02F4 7E            [ 7]  637 	ld	a, (hl)
   02F5 DD 6E F5      [19]  638 	ld	l, -11 (ix)
   02F8 DD 66 F6      [19]  639 	ld	h, -10 (ix)
   02FB 77            [ 7]  640 	ld	(hl), a
                            641 ;source_code/aes192.c:81: tmp[3] = state[3][i];
   02FC 21 03 00      [10]  642 	ld	hl, #0x0003
   02FF 19            [11]  643 	add	hl, de
   0300 DD 75 F9      [19]  644 	ld	-7 (ix), l
   0303 DD 74 FA      [19]  645 	ld	-6 (ix), h
   0306 DD 7E EF      [19]  646 	ld	a, -17 (ix)
   0309 DD 86 FE      [19]  647 	add	a, -2 (ix)
   030C DD 77 FB      [19]  648 	ld	-5 (ix), a
   030F DD 7E F0      [19]  649 	ld	a, -16 (ix)
   0312 DD 8E FF      [19]  650 	adc	a, -1 (ix)
   0315 DD 77 FC      [19]  651 	ld	-4 (ix), a
   0318 DD 6E FB      [19]  652 	ld	l, -5 (ix)
   031B DD 66 FC      [19]  653 	ld	h, -4 (ix)
   031E 7E            [ 7]  654 	ld	a, (hl)
   031F DD 6E F9      [19]  655 	ld	l, -7 (ix)
   0322 DD 66 FA      [19]  656 	ld	h, -6 (ix)
   0325 77            [ 7]  657 	ld	(hl), a
                            658 ;source_code/aes192.c:83: state[0][i] = (uint8_t)(xtime(tmp[0]) ^ xtime(tmp[1]) ^ tmp[1] ^ tmp[2] ^ tmp[3]);
   0326 C5            [11]  659 	push	bc
   0327 D5            [11]  660 	push	de
   0328 DD 7E FD      [19]  661 	ld	a, -3 (ix)
   032B F5            [11]  662 	push	af
   032C 33            [ 6]  663 	inc	sp
   032D CDr00r00      [17]  664 	call	_xtime
   0330 33            [ 6]  665 	inc	sp
   0331 DD 75 FD      [19]  666 	ld	-3 (ix), l
   0334 D1            [10]  667 	pop	de
   0335 C1            [10]  668 	pop	bc
   0336 DD 6E F1      [19]  669 	ld	l, -15 (ix)
   0339 DD 66 F2      [19]  670 	ld	h, -14 (ix)
   033C 7E            [ 7]  671 	ld	a, (hl)
   033D C5            [11]  672 	push	bc
   033E D5            [11]  673 	push	de
   033F F5            [11]  674 	push	af
   0340 33            [ 6]  675 	inc	sp
   0341 CDr00r00      [17]  676 	call	_xtime
   0344 33            [ 6]  677 	inc	sp
   0345 7D            [ 4]  678 	ld	a, l
   0346 D1            [10]  679 	pop	de
   0347 C1            [10]  680 	pop	bc
   0348 DD AE FD      [19]  681 	xor	a, -3 (ix)
   034B DD 6E F1      [19]  682 	ld	l, -15 (ix)
   034E DD 66 F2      [19]  683 	ld	h, -14 (ix)
   0351 6E            [ 7]  684 	ld	l, (hl)
   0352 AD            [ 4]  685 	xor	a, l
   0353 DD 6E F5      [19]  686 	ld	l, -11 (ix)
   0356 DD 66 F6      [19]  687 	ld	h, -10 (ix)
   0359 6E            [ 7]  688 	ld	l, (hl)
   035A AD            [ 4]  689 	xor	a, l
   035B DD 6E F9      [19]  690 	ld	l, -7 (ix)
   035E DD 66 FA      [19]  691 	ld	h, -6 (ix)
   0361 6E            [ 7]  692 	ld	l, (hl)
   0362 AD            [ 4]  693 	xor	a, l
   0363 E1            [10]  694 	pop	hl
   0364 E5            [11]  695 	push	hl
   0365 77            [ 7]  696 	ld	(hl), a
                            697 ;source_code/aes192.c:84: state[1][i] = (uint8_t)(tmp[0] ^ xtime(tmp[1]) ^ xtime(tmp[2]) ^ tmp[2] ^ tmp[3]);
   0366 1A            [ 7]  698 	ld	a, (de)
   0367 DD 77 FD      [19]  699 	ld	-3 (ix), a
   036A DD 6E F1      [19]  700 	ld	l, -15 (ix)
   036D DD 66 F2      [19]  701 	ld	h, -14 (ix)
   0370 7E            [ 7]  702 	ld	a, (hl)
   0371 C5            [11]  703 	push	bc
   0372 D5            [11]  704 	push	de
   0373 F5            [11]  705 	push	af
   0374 33            [ 6]  706 	inc	sp
   0375 CDr00r00      [17]  707 	call	_xtime
   0378 33            [ 6]  708 	inc	sp
   0379 7D            [ 4]  709 	ld	a, l
   037A D1            [10]  710 	pop	de
   037B C1            [10]  711 	pop	bc
   037C DD AE FD      [19]  712 	xor	a, -3 (ix)
   037F DD 77 FD      [19]  713 	ld	-3 (ix), a
   0382 DD 6E F5      [19]  714 	ld	l, -11 (ix)
   0385 DD 66 F6      [19]  715 	ld	h, -10 (ix)
   0388 7E            [ 7]  716 	ld	a, (hl)
   0389 C5            [11]  717 	push	bc
   038A D5            [11]  718 	push	de
   038B F5            [11]  719 	push	af
   038C 33            [ 6]  720 	inc	sp
   038D CDr00r00      [17]  721 	call	_xtime
   0390 33            [ 6]  722 	inc	sp
   0391 7D            [ 4]  723 	ld	a, l
   0392 D1            [10]  724 	pop	de
   0393 C1            [10]  725 	pop	bc
   0394 DD AE FD      [19]  726 	xor	a, -3 (ix)
   0397 DD 6E F5      [19]  727 	ld	l, -11 (ix)
   039A DD 66 F6      [19]  728 	ld	h, -10 (ix)
   039D 6E            [ 7]  729 	ld	l, (hl)
   039E AD            [ 4]  730 	xor	a, l
   039F DD 6E F9      [19]  731 	ld	l, -7 (ix)
   03A2 DD 66 FA      [19]  732 	ld	h, -6 (ix)
   03A5 6E            [ 7]  733 	ld	l, (hl)
   03A6 AD            [ 4]  734 	xor	a, l
   03A7 DD 6E F3      [19]  735 	ld	l, -13 (ix)
   03AA DD 66 F4      [19]  736 	ld	h, -12 (ix)
   03AD 77            [ 7]  737 	ld	(hl), a
                            738 ;source_code/aes192.c:85: state[2][i] = (uint8_t)(tmp[0] ^ tmp[1] ^ xtime(tmp[2]) ^ xtime(tmp[3]) ^ tmp[3]);
   03AE 1A            [ 7]  739 	ld	a, (de)
   03AF DD 6E F1      [19]  740 	ld	l, -15 (ix)
   03B2 DD 66 F2      [19]  741 	ld	h, -14 (ix)
   03B5 6E            [ 7]  742 	ld	l, (hl)
   03B6 AD            [ 4]  743 	xor	a, l
   03B7 DD 77 FD      [19]  744 	ld	-3 (ix), a
   03BA DD 6E F5      [19]  745 	ld	l, -11 (ix)
   03BD DD 66 F6      [19]  746 	ld	h, -10 (ix)
   03C0 7E            [ 7]  747 	ld	a, (hl)
   03C1 C5            [11]  748 	push	bc
   03C2 D5            [11]  749 	push	de
   03C3 F5            [11]  750 	push	af
   03C4 33            [ 6]  751 	inc	sp
   03C5 CDr00r00      [17]  752 	call	_xtime
   03C8 33            [ 6]  753 	inc	sp
   03C9 7D            [ 4]  754 	ld	a, l
   03CA D1            [10]  755 	pop	de
   03CB C1            [10]  756 	pop	bc
   03CC DD AE FD      [19]  757 	xor	a, -3 (ix)
   03CF DD 77 FD      [19]  758 	ld	-3 (ix), a
   03D2 DD 6E F9      [19]  759 	ld	l, -7 (ix)
   03D5 DD 66 FA      [19]  760 	ld	h, -6 (ix)
   03D8 7E            [ 7]  761 	ld	a, (hl)
   03D9 C5            [11]  762 	push	bc
   03DA D5            [11]  763 	push	de
   03DB F5            [11]  764 	push	af
   03DC 33            [ 6]  765 	inc	sp
   03DD CDr00r00      [17]  766 	call	_xtime
   03E0 33            [ 6]  767 	inc	sp
   03E1 7D            [ 4]  768 	ld	a, l
   03E2 D1            [10]  769 	pop	de
   03E3 C1            [10]  770 	pop	bc
   03E4 DD AE FD      [19]  771 	xor	a, -3 (ix)
   03E7 DD 6E F9      [19]  772 	ld	l, -7 (ix)
   03EA DD 66 FA      [19]  773 	ld	h, -6 (ix)
   03ED 6E            [ 7]  774 	ld	l, (hl)
   03EE AD            [ 4]  775 	xor	a, l
   03EF DD 6E F7      [19]  776 	ld	l, -9 (ix)
   03F2 DD 66 F8      [19]  777 	ld	h, -8 (ix)
   03F5 77            [ 7]  778 	ld	(hl), a
                            779 ;source_code/aes192.c:86: state[3][i] = (uint8_t)(xtime(tmp[0]) ^ tmp[0] ^ tmp[1] ^ tmp[2] ^ xtime(tmp[3]));
   03F6 1A            [ 7]  780 	ld	a, (de)
   03F7 C5            [11]  781 	push	bc
   03F8 D5            [11]  782 	push	de
   03F9 F5            [11]  783 	push	af
   03FA 33            [ 6]  784 	inc	sp
   03FB CDr00r00      [17]  785 	call	_xtime
   03FE 33            [ 6]  786 	inc	sp
   03FF 7D            [ 4]  787 	ld	a, l
   0400 D1            [10]  788 	pop	de
   0401 C1            [10]  789 	pop	bc
   0402 F5            [11]  790 	push	af
   0403 1A            [ 7]  791 	ld	a, (de)
   0404 5F            [ 4]  792 	ld	e, a
   0405 F1            [10]  793 	pop	af
   0406 AB            [ 4]  794 	xor	a, e
   0407 DD 6E F1      [19]  795 	ld	l, -15 (ix)
   040A DD 66 F2      [19]  796 	ld	h, -14 (ix)
   040D 5E            [ 7]  797 	ld	e, (hl)
   040E AB            [ 4]  798 	xor	a, e
   040F DD 6E F5      [19]  799 	ld	l, -11 (ix)
   0412 DD 66 F6      [19]  800 	ld	h, -10 (ix)
   0415 5E            [ 7]  801 	ld	e, (hl)
   0416 AB            [ 4]  802 	xor	a, e
   0417 5F            [ 4]  803 	ld	e, a
   0418 DD 6E F9      [19]  804 	ld	l, -7 (ix)
   041B DD 66 FA      [19]  805 	ld	h, -6 (ix)
   041E 7E            [ 7]  806 	ld	a, (hl)
   041F C5            [11]  807 	push	bc
   0420 D5            [11]  808 	push	de
   0421 F5            [11]  809 	push	af
   0422 33            [ 6]  810 	inc	sp
   0423 CDr00r00      [17]  811 	call	_xtime
   0426 33            [ 6]  812 	inc	sp
   0427 7D            [ 4]  813 	ld	a, l
   0428 D1            [10]  814 	pop	de
   0429 C1            [10]  815 	pop	bc
   042A AB            [ 4]  816 	xor	a, e
   042B DD 6E FB      [19]  817 	ld	l, -5 (ix)
   042E DD 66 FC      [19]  818 	ld	h, -4 (ix)
   0431 77            [ 7]  819 	ld	(hl), a
                            820 ;source_code/aes192.c:77: for (int i = 0; i < 4; i++) {
   0432 DD 34 FE      [23]  821 	inc	-2 (ix)
   0435 C2r7Er02      [10]  822 	jp	NZ,00103$
   0438 DD 34 FF      [23]  823 	inc	-1 (ix)
   043B C3r7Er02      [10]  824 	jp	00103$
   043E                     825 00105$:
                            826 ;source_code/aes192.c:88: }
   043E DD F9         [10]  827 	ld	sp, ix
   0440 DD E1         [14]  828 	pop	ix
   0442 C9            [10]  829 	ret
                            830 ;source_code/aes192.c:90: static void add_round_key(uint8_t state[4][4], uint8_t round_key[4][4]) {
                            831 ;	---------------------------------
                            832 ; Function add_round_key
                            833 ; ---------------------------------
   0443                     834 _add_round_key:
   0443 CDr00r00      [17]  835 	call	___sdcc_enter_ix
   0446 F5            [11]  836 	push	af
   0447 F5            [11]  837 	push	af
   0448 F5            [11]  838 	push	af
                            839 ;source_code/aes192.c:91: for (int i = 0; i < 4; i++) {
   0449 01 00 00      [10]  840 	ld	bc, #0x0000
   044C                     841 00107$:
   044C 79            [ 4]  842 	ld	a, c
   044D D6 04         [ 7]  843 	sub	a, #0x04
   044F 78            [ 4]  844 	ld	a, b
   0450 17            [ 4]  845 	rla
   0451 3F            [ 4]  846 	ccf
   0452 1F            [ 4]  847 	rra
   0453 DE 80         [ 7]  848 	sbc	a, #0x80
   0455 30 5F         [12]  849 	jr	NC,00109$
                            850 ;source_code/aes192.c:92: for (int j = 0; j < 4; j++) {
   0457 59            [ 4]  851 	ld	e, c
   0458 50            [ 4]  852 	ld	d, b
   0459 CB 23         [ 8]  853 	sla	e
   045B CB 12         [ 8]  854 	rl	d
   045D CB 23         [ 8]  855 	sla	e
   045F CB 12         [ 8]  856 	rl	d
   0461 DD 7E 04      [19]  857 	ld	a, 4 (ix)
   0464 83            [ 4]  858 	add	a, e
   0465 DD 77 FA      [19]  859 	ld	-6 (ix), a
   0468 DD 7E 05      [19]  860 	ld	a, 5 (ix)
   046B 8A            [ 4]  861 	adc	a, d
   046C DD 77 FB      [19]  862 	ld	-5 (ix), a
   046F DD 7E 06      [19]  863 	ld	a, 6 (ix)
   0472 83            [ 4]  864 	add	a, e
   0473 DD 77 FC      [19]  865 	ld	-4 (ix), a
   0476 DD 7E 07      [19]  866 	ld	a, 7 (ix)
   0479 8A            [ 4]  867 	adc	a, d
   047A DD 77 FD      [19]  868 	ld	-3 (ix), a
   047D 11 00 00      [10]  869 	ld	de, #0x0000
   0480                     870 00104$:
   0480 7B            [ 4]  871 	ld	a, e
   0481 D6 04         [ 7]  872 	sub	a, #0x04
   0483 7A            [ 4]  873 	ld	a, d
   0484 17            [ 4]  874 	rla
   0485 3F            [ 4]  875 	ccf
   0486 1F            [ 4]  876 	rra
   0487 DE 80         [ 7]  877 	sbc	a, #0x80
   0489 30 28         [12]  878 	jr	NC,00108$
                            879 ;source_code/aes192.c:93: state[i][j] ^= round_key[i][j];
   048B DD 7E FA      [19]  880 	ld	a, -6 (ix)
   048E 83            [ 4]  881 	add	a, e
   048F DD 77 FE      [19]  882 	ld	-2 (ix), a
   0492 DD 7E FB      [19]  883 	ld	a, -5 (ix)
   0495 8A            [ 4]  884 	adc	a, d
   0496 DD 77 FF      [19]  885 	ld	-1 (ix), a
   0499 DD 6E FC      [19]  886 	ld	l, -4 (ix)
   049C DD 66 FD      [19]  887 	ld	h, -3 (ix)
   049F 19            [11]  888 	add	hl, de
   04A0 7E            [ 7]  889 	ld	a, (hl)
   04A1 DD 6E FE      [19]  890 	ld	l, -2 (ix)
   04A4 DD 66 FF      [19]  891 	ld	h, -1 (ix)
   04A7 6E            [ 7]  892 	ld	l, (hl)
   04A8 AD            [ 4]  893 	xor	a, l
   04A9 DD 6E FE      [19]  894 	ld	l, -2 (ix)
   04AC DD 66 FF      [19]  895 	ld	h, -1 (ix)
   04AF 77            [ 7]  896 	ld	(hl), a
                            897 ;source_code/aes192.c:92: for (int j = 0; j < 4; j++) {
   04B0 13            [ 6]  898 	inc	de
   04B1 18 CD         [12]  899 	jr	00104$
   04B3                     900 00108$:
                            901 ;source_code/aes192.c:91: for (int i = 0; i < 4; i++) {
   04B3 03            [ 6]  902 	inc	bc
   04B4 18 96         [12]  903 	jr	00107$
   04B6                     904 00109$:
                            905 ;source_code/aes192.c:96: }
   04B6 DD F9         [10]  906 	ld	sp, ix
   04B8 DD E1         [14]  907 	pop	ix
   04BA C9            [10]  908 	ret
                            909 ;source_code/aes192.c:98: static void key_expansion_192(const uint8_t *key, AES192_CTX *ctx) {
                            910 ;	---------------------------------
                            911 ; Function key_expansion_192
                            912 ; ---------------------------------
   04BB                     913 _key_expansion_192:
   04BB CDr00r00      [17]  914 	call	___sdcc_enter_ix
   04BE 21 E2 FF      [10]  915 	ld	hl, #-30
   04C1 39            [11]  916 	add	hl, sp
   04C2 F9            [ 6]  917 	ld	sp, hl
                            918 ;source_code/aes192.c:105: for (i = 0; i < key_words; i++) {
   04C3 DD 7E 06      [19]  919 	ld	a, 6 (ix)
   04C6 DD 77 FE      [19]  920 	ld	-2 (ix), a
   04C9 DD 7E 07      [19]  921 	ld	a, 7 (ix)
   04CC DD 77 FF      [19]  922 	ld	-1 (ix), a
   04CF DD 7E FE      [19]  923 	ld	a, -2 (ix)
   04D2 DD 77 ED      [19]  924 	ld	-19 (ix), a
   04D5 DD 7E FF      [19]  925 	ld	a, -1 (ix)
   04D8 DD 77 EE      [19]  926 	ld	-18 (ix), a
   04DB DD 7E FE      [19]  927 	ld	a, -2 (ix)
   04DE DD 77 EF      [19]  928 	ld	-17 (ix), a
   04E1 DD 7E FF      [19]  929 	ld	a, -1 (ix)
   04E4 DD 77 F0      [19]  930 	ld	-16 (ix), a
   04E7 DD 7E FE      [19]  931 	ld	a, -2 (ix)
   04EA DD 77 F1      [19]  932 	ld	-15 (ix), a
   04ED DD 7E FF      [19]  933 	ld	a, -1 (ix)
   04F0 DD 77 F2      [19]  934 	ld	-14 (ix), a
   04F3 DD 7E FE      [19]  935 	ld	a, -2 (ix)
   04F6 DD 77 F3      [19]  936 	ld	-13 (ix), a
   04F9 DD 7E FF      [19]  937 	ld	a, -1 (ix)
   04FC DD 77 F4      [19]  938 	ld	-12 (ix), a
   04FF AF            [ 4]  939 	xor	a, a
   0500 DD 77 FC      [19]  940 	ld	-4 (ix), a
   0503 DD 77 FD      [19]  941 	ld	-3 (ix), a
   0506                     942 00109$:
   0506 DD 7E FC      [19]  943 	ld	a, -4 (ix)
   0509 D6 06         [ 7]  944 	sub	a, #0x06
   050B DD 7E FD      [19]  945 	ld	a, -3 (ix)
   050E 17            [ 4]  946 	rla
   050F 3F            [ 4]  947 	ccf
   0510 1F            [ 4]  948 	rra
   0511 DE 80         [ 7]  949 	sbc	a, #0x80
   0513 D2r7Dr06      [10]  950 	jp	NC, 00101$
                            951 ;source_code/aes192.c:106: ctx->round_keys[i / 4][0][i % 4] = key[4 * i];
   0516 DD 7E FC      [19]  952 	ld	a, -4 (ix)
   0519 DD 77 FA      [19]  953 	ld	-6 (ix), a
   051C DD 7E FD      [19]  954 	ld	a, -3 (ix)
   051F DD 77 FB      [19]  955 	ld	-5 (ix), a
   0522 DD 7E FD      [19]  956 	ld	a, -3 (ix)
   0525 07            [ 4]  957 	rlca
   0526 E6 01         [ 7]  958 	and	a,#0x01
   0528 DD 77 F5      [19]  959 	ld	-11 (ix), a
   052B DD 7E FC      [19]  960 	ld	a, -4 (ix)
   052E C6 03         [ 7]  961 	add	a, #0x03
   0530 DD 77 F6      [19]  962 	ld	-10 (ix), a
   0533 DD 7E FD      [19]  963 	ld	a, -3 (ix)
   0536 CE 00         [ 7]  964 	adc	a, #0x00
   0538 DD 77 F7      [19]  965 	ld	-9 (ix), a
   053B DD 7E F5      [19]  966 	ld	a, -11 (ix)
   053E B7            [ 4]  967 	or	a, a
   053F 28 0C         [12]  968 	jr	Z,00122$
   0541 DD 7E F6      [19]  969 	ld	a, -10 (ix)
   0544 DD 77 FA      [19]  970 	ld	-6 (ix), a
   0547 DD 7E F7      [19]  971 	ld	a, -9 (ix)
   054A DD 77 FB      [19]  972 	ld	-5 (ix), a
   054D                     973 00122$:
   054D DD 6E FA      [19]  974 	ld	l, -6 (ix)
   0550 DD 66 FB      [19]  975 	ld	h, -5 (ix)
   0553 CB 2C         [ 8]  976 	sra	h
   0555 CB 1D         [ 8]  977 	rr	l
   0557 CB 2C         [ 8]  978 	sra	h
   0559 CB 1D         [ 8]  979 	rr	l
   055B 29            [11]  980 	add	hl, hl
   055C 29            [11]  981 	add	hl, hl
   055D 29            [11]  982 	add	hl, hl
   055E 29            [11]  983 	add	hl, hl
   055F DD 5E ED      [19]  984 	ld	e, -19 (ix)
   0562 DD 56 EE      [19]  985 	ld	d, -18 (ix)
   0565 19            [11]  986 	add	hl, de
   0566 E5            [11]  987 	push	hl
   0567 01 04 00      [10]  988 	ld	bc, #0x0004
   056A C5            [11]  989 	push	bc
   056B DD 4E FC      [19]  990 	ld	c, -4 (ix)
   056E DD 46 FD      [19]  991 	ld	b, -3 (ix)
   0571 C5            [11]  992 	push	bc
   0572 CDr00r00      [17]  993 	call	__modsint
   0575 F1            [10]  994 	pop	af
   0576 F1            [10]  995 	pop	af
   0577 DD 75 F8      [19]  996 	ld	-8 (ix), l
   057A DD 74 F9      [19]  997 	ld	-7 (ix), h
   057D E1            [10]  998 	pop	hl
   057E 7D            [ 4]  999 	ld	a, l
   057F DD 86 F8      [19] 1000 	add	a, -8 (ix)
   0582 5F            [ 4] 1001 	ld	e, a
   0583 7C            [ 4] 1002 	ld	a, h
   0584 DD 8E F9      [19] 1003 	adc	a, -7 (ix)
   0587 57            [ 4] 1004 	ld	d, a
   0588 DD 4E FC      [19] 1005 	ld	c, -4 (ix)
   058B DD 46 FD      [19] 1006 	ld	b, -3 (ix)
   058E CB 21         [ 8] 1007 	sla	c
   0590 CB 10         [ 8] 1008 	rl	b
   0592 CB 21         [ 8] 1009 	sla	c
   0594 CB 10         [ 8] 1010 	rl	b
   0596 DD 6E 04      [19] 1011 	ld	l, 4 (ix)
   0599 DD 66 05      [19] 1012 	ld	h, 5 (ix)
   059C 09            [11] 1013 	add	hl, bc
   059D 7E            [ 7] 1014 	ld	a, (hl)
   059E 12            [ 7] 1015 	ld	(de), a
                           1016 ;source_code/aes192.c:107: ctx->round_keys[i / 4][1][i % 4] = key[4 * i + 1];
   059F DD 6E FC      [19] 1017 	ld	l, -4 (ix)
   05A2 DD 66 FD      [19] 1018 	ld	h, -3 (ix)
   05A5 DD 7E F5      [19] 1019 	ld	a, -11 (ix)
   05A8 B7            [ 4] 1020 	or	a, a
   05A9 28 06         [12] 1021 	jr	Z,00123$
   05AB DD 6E F6      [19] 1022 	ld	l, -10 (ix)
   05AE DD 66 F7      [19] 1023 	ld	h, -9 (ix)
   05B1                    1024 00123$:
   05B1 CB 2C         [ 8] 1025 	sra	h
   05B3 CB 1D         [ 8] 1026 	rr	l
   05B5 CB 2C         [ 8] 1027 	sra	h
   05B7 CB 1D         [ 8] 1028 	rr	l
   05B9 29            [11] 1029 	add	hl, hl
   05BA 29            [11] 1030 	add	hl, hl
   05BB 29            [11] 1031 	add	hl, hl
   05BC 29            [11] 1032 	add	hl, hl
   05BD DD 5E EF      [19] 1033 	ld	e, -17 (ix)
   05C0 DD 56 F0      [19] 1034 	ld	d, -16 (ix)
   05C3 19            [11] 1035 	add	hl, de
   05C4 11 04 00      [10] 1036 	ld	de, #0x0004
   05C7 19            [11] 1037 	add	hl, de
   05C8 7D            [ 4] 1038 	ld	a, l
   05C9 DD 86 F8      [19] 1039 	add	a, -8 (ix)
   05CC DD 77 FA      [19] 1040 	ld	-6 (ix), a
   05CF 7C            [ 4] 1041 	ld	a, h
   05D0 DD 8E F9      [19] 1042 	adc	a, -7 (ix)
   05D3 DD 77 FB      [19] 1043 	ld	-5 (ix), a
   05D6 59            [ 4] 1044 	ld	e, c
   05D7 50            [ 4] 1045 	ld	d, b
   05D8 13            [ 6] 1046 	inc	de
   05D9 DD 6E 04      [19] 1047 	ld	l, 4 (ix)
   05DC DD 66 05      [19] 1048 	ld	h, 5 (ix)
   05DF 19            [11] 1049 	add	hl, de
   05E0 7E            [ 7] 1050 	ld	a, (hl)
   05E1 DD 6E FA      [19] 1051 	ld	l, -6 (ix)
   05E4 DD 66 FB      [19] 1052 	ld	h, -5 (ix)
   05E7 77            [ 7] 1053 	ld	(hl), a
                           1054 ;source_code/aes192.c:108: ctx->round_keys[i / 4][2][i % 4] = key[4 * i + 2];
   05E8 DD 6E FC      [19] 1055 	ld	l, -4 (ix)
   05EB DD 66 FD      [19] 1056 	ld	h, -3 (ix)
   05EE DD 7E F5      [19] 1057 	ld	a, -11 (ix)
   05F1 B7            [ 4] 1058 	or	a, a
   05F2 28 06         [12] 1059 	jr	Z,00124$
   05F4 DD 6E F6      [19] 1060 	ld	l, -10 (ix)
   05F7 DD 66 F7      [19] 1061 	ld	h, -9 (ix)
   05FA                    1062 00124$:
   05FA CB 2C         [ 8] 1063 	sra	h
   05FC CB 1D         [ 8] 1064 	rr	l
   05FE CB 2C         [ 8] 1065 	sra	h
   0600 CB 1D         [ 8] 1066 	rr	l
   0602 29            [11] 1067 	add	hl, hl
   0603 29            [11] 1068 	add	hl, hl
   0604 29            [11] 1069 	add	hl, hl
   0605 29            [11] 1070 	add	hl, hl
   0606 DD 5E F1      [19] 1071 	ld	e, -15 (ix)
   0609 DD 56 F2      [19] 1072 	ld	d, -14 (ix)
   060C 19            [11] 1073 	add	hl, de
   060D 11 08 00      [10] 1074 	ld	de, #0x0008
   0610 19            [11] 1075 	add	hl, de
   0611 7D            [ 4] 1076 	ld	a, l
   0612 DD 86 F8      [19] 1077 	add	a, -8 (ix)
   0615 DD 77 FA      [19] 1078 	ld	-6 (ix), a
   0618 7C            [ 4] 1079 	ld	a, h
   0619 DD 8E F9      [19] 1080 	adc	a, -7 (ix)
   061C DD 77 FB      [19] 1081 	ld	-5 (ix), a
   061F 59            [ 4] 1082 	ld	e, c
   0620 50            [ 4] 1083 	ld	d, b
   0621 13            [ 6] 1084 	inc	de
   0622 13            [ 6] 1085 	inc	de
   0623 DD 6E 04      [19] 1086 	ld	l, 4 (ix)
   0626 DD 66 05      [19] 1087 	ld	h, 5 (ix)
   0629 19            [11] 1088 	add	hl, de
   062A 7E            [ 7] 1089 	ld	a, (hl)
   062B DD 6E FA      [19] 1090 	ld	l, -6 (ix)
   062E DD 66 FB      [19] 1091 	ld	h, -5 (ix)
   0631 77            [ 7] 1092 	ld	(hl), a
                           1093 ;source_code/aes192.c:109: ctx->round_keys[i / 4][3][i % 4] = key[4 * i + 3];
   0632 DD 6E FC      [19] 1094 	ld	l, -4 (ix)
   0635 DD 66 FD      [19] 1095 	ld	h, -3 (ix)
   0638 DD 7E F5      [19] 1096 	ld	a, -11 (ix)
   063B B7            [ 4] 1097 	or	a, a
   063C 28 06         [12] 1098 	jr	Z,00125$
   063E DD 6E F6      [19] 1099 	ld	l, -10 (ix)
   0641 DD 66 F7      [19] 1100 	ld	h, -9 (ix)
   0644                    1101 00125$:
   0644 CB 2C         [ 8] 1102 	sra	h
   0646 CB 1D         [ 8] 1103 	rr	l
   0648 CB 2C         [ 8] 1104 	sra	h
   064A CB 1D         [ 8] 1105 	rr	l
   064C 29            [11] 1106 	add	hl, hl
   064D 29            [11] 1107 	add	hl, hl
   064E 29            [11] 1108 	add	hl, hl
   064F 29            [11] 1109 	add	hl, hl
   0650 DD 5E F3      [19] 1110 	ld	e, -13 (ix)
   0653 DD 56 F4      [19] 1111 	ld	d, -12 (ix)
   0656 19            [11] 1112 	add	hl, de
   0657 11 0C 00      [10] 1113 	ld	de, #0x000c
   065A 19            [11] 1114 	add	hl, de
   065B 7D            [ 4] 1115 	ld	a, l
   065C DD 86 F8      [19] 1116 	add	a, -8 (ix)
   065F 5F            [ 4] 1117 	ld	e, a
   0660 7C            [ 4] 1118 	ld	a, h
   0661 DD 8E F9      [19] 1119 	adc	a, -7 (ix)
   0664 57            [ 4] 1120 	ld	d, a
   0665 03            [ 6] 1121 	inc	bc
   0666 03            [ 6] 1122 	inc	bc
   0667 03            [ 6] 1123 	inc	bc
   0668 DD 6E 04      [19] 1124 	ld	l, 4 (ix)
   066B DD 66 05      [19] 1125 	ld	h, 5 (ix)
   066E 09            [11] 1126 	add	hl, bc
   066F 7E            [ 7] 1127 	ld	a, (hl)
   0670 12            [ 7] 1128 	ld	(de), a
                           1129 ;source_code/aes192.c:105: for (i = 0; i < key_words; i++) {
   0671 DD 34 FC      [23] 1130 	inc	-4 (ix)
   0674 C2r06r05      [10] 1131 	jp	NZ,00109$
   0677 DD 34 FD      [23] 1132 	inc	-3 (ix)
   067A C3r06r05      [10] 1133 	jp	00109$
   067D                    1134 00101$:
                           1135 ;source_code/aes192.c:113: for (i = key_words; i < 4 * (num_rounds + 1); i++) {
   067D DD 7E FE      [19] 1136 	ld	a, -2 (ix)
   0680 DD 77 E8      [19] 1137 	ld	-24 (ix), a
   0683 DD 7E FF      [19] 1138 	ld	a, -1 (ix)
   0686 DD 77 E9      [19] 1139 	ld	-23 (ix), a
   0689 DD 7E FE      [19] 1140 	ld	a, -2 (ix)
   068C DD 77 EA      [19] 1141 	ld	-22 (ix), a
   068F DD 7E FF      [19] 1142 	ld	a, -1 (ix)
   0692 DD 77 EB      [19] 1143 	ld	-21 (ix), a
   0695 DD 7E FE      [19] 1144 	ld	a, -2 (ix)
   0698 DD 77 EC      [19] 1145 	ld	-20 (ix), a
   069B DD 7E FF      [19] 1146 	ld	a, -1 (ix)
   069E DD 77 ED      [19] 1147 	ld	-19 (ix), a
   06A1 DD 36 FC 06   [19] 1148 	ld	-4 (ix), #0x06
   06A5 AF            [ 4] 1149 	xor	a, a
   06A6 DD 77 FD      [19] 1150 	ld	-3 (ix), a
   06A9                    1151 00118$:
   06A9 DD 7E FC      [19] 1152 	ld	a, -4 (ix)
   06AC D6 34         [ 7] 1153 	sub	a, #0x34
   06AE DD 7E FD      [19] 1154 	ld	a, -3 (ix)
   06B1 17            [ 4] 1155 	rla
   06B2 3F            [ 4] 1156 	ccf
   06B3 1F            [ 4] 1157 	rra
   06B4 DE 80         [ 7] 1158 	sbc	a, #0x80
   06B6 D2rA4r09      [10] 1159 	jp	NC, 00120$
                           1160 ;source_code/aes192.c:114: int prev_word = i - 1;
   06B9 DD 7E FC      [19] 1161 	ld	a, -4 (ix)
   06BC C6 FF         [ 7] 1162 	add	a, #0xff
   06BE DD 77 E2      [19] 1163 	ld	-30 (ix), a
   06C1 DD 7E FD      [19] 1164 	ld	a, -3 (ix)
   06C4 CE FF         [ 7] 1165 	adc	a, #0xff
   06C6 DD 77 E3      [19] 1166 	ld	-29 (ix), a
                           1167 ;source_code/aes192.c:115: int prev_key_word = i - key_words;
   06C9 DD 7E FC      [19] 1168 	ld	a, -4 (ix)
   06CC C6 FA         [ 7] 1169 	add	a, #0xfa
   06CE DD 77 EE      [19] 1170 	ld	-18 (ix), a
   06D1 DD 7E FD      [19] 1171 	ld	a, -3 (ix)
   06D4 CE FF         [ 7] 1172 	adc	a, #0xff
   06D6 DD 77 EF      [19] 1173 	ld	-17 (ix), a
                           1174 ;source_code/aes192.c:117: for (j = 0; j < 4; j++) {
   06D9 DD 7E E2      [19] 1175 	ld	a, -30 (ix)
   06DC C6 03         [ 7] 1176 	add	a, #0x03
   06DE DD 77 F3      [19] 1177 	ld	-13 (ix), a
   06E1 DD 7E E3      [19] 1178 	ld	a, -29 (ix)
   06E4 CE 00         [ 7] 1179 	adc	a, #0x00
   06E6 DD 77 F4      [19] 1180 	ld	-12 (ix), a
   06E9 21 04 00      [10] 1181 	ld	hl, #0x0004
   06EC 4D            [ 4] 1182 	ld	c, l
   06ED 44            [ 4] 1183 	ld	b, h
   06EE E1            [10] 1184 	pop	hl
   06EF E5            [11] 1185 	push	hl
   06F0 C5            [11] 1186 	push	bc
   06F1 E5            [11] 1187 	push	hl
   06F2 CDr00r00      [17] 1188 	call	__modsint
   06F5 F1            [10] 1189 	pop	af
   06F6 F1            [10] 1190 	pop	af
   06F7 DD 75 F5      [19] 1191 	ld	-11 (ix), l
   06FA DD 74 F6      [19] 1192 	ld	-10 (ix), h
   06FD 21 02 00      [10] 1193 	ld	hl, #2
   0700 39            [11] 1194 	add	hl, sp
   0701 DD 75 F0      [19] 1195 	ld	-16 (ix), l
   0704 DD 74 F1      [19] 1196 	ld	-15 (ix), h
   0707 DD 7E E3      [19] 1197 	ld	a, -29 (ix)
   070A 07            [ 4] 1198 	rlca
   070B E6 01         [ 7] 1199 	and	a,#0x01
   070D DD 77 F7      [19] 1200 	ld	-9 (ix), a
   0710 AF            [ 4] 1201 	xor	a, a
   0711 DD 77 FE      [19] 1202 	ld	-2 (ix), a
   0714 DD 77 FF      [19] 1203 	ld	-1 (ix), a
   0717                    1204 00111$:
                           1205 ;source_code/aes192.c:118: temp[j] = ctx->round_keys[prev_word / 4][j][prev_word % 4];
   0717 DD 7E F0      [19] 1206 	ld	a, -16 (ix)
   071A DD 86 FE      [19] 1207 	add	a, -2 (ix)
   071D DD 77 F8      [19] 1208 	ld	-8 (ix), a
   0720 DD 7E F1      [19] 1209 	ld	a, -15 (ix)
   0723 DD 8E FF      [19] 1210 	adc	a, -1 (ix)
   0726 DD 77 F9      [19] 1211 	ld	-7 (ix), a
   0729 DD 7E E2      [19] 1212 	ld	a, -30 (ix)
   072C DD 77 FA      [19] 1213 	ld	-6 (ix), a
   072F DD 7E E3      [19] 1214 	ld	a, -29 (ix)
   0732 DD 77 FB      [19] 1215 	ld	-5 (ix), a
   0735 DD 7E F7      [19] 1216 	ld	a, -9 (ix)
   0738 B7            [ 4] 1217 	or	a, a
   0739 28 0C         [12] 1218 	jr	Z,00126$
   073B DD 7E F3      [19] 1219 	ld	a, -13 (ix)
   073E DD 77 FA      [19] 1220 	ld	-6 (ix), a
   0741 DD 7E F4      [19] 1221 	ld	a, -12 (ix)
   0744 DD 77 FB      [19] 1222 	ld	-5 (ix), a
   0747                    1223 00126$:
   0747 DD 6E FA      [19] 1224 	ld	l, -6 (ix)
   074A DD 66 FB      [19] 1225 	ld	h, -5 (ix)
   074D CB 2C         [ 8] 1226 	sra	h
   074F CB 1D         [ 8] 1227 	rr	l
   0751 CB 2C         [ 8] 1228 	sra	h
   0753 CB 1D         [ 8] 1229 	rr	l
   0755 29            [11] 1230 	add	hl, hl
   0756 29            [11] 1231 	add	hl, hl
   0757 29            [11] 1232 	add	hl, hl
   0758 29            [11] 1233 	add	hl, hl
   0759 DD 7E E8      [19] 1234 	ld	a, -24 (ix)
   075C 85            [ 4] 1235 	add	a, l
   075D 4F            [ 4] 1236 	ld	c, a
   075E DD 7E E9      [19] 1237 	ld	a, -23 (ix)
   0761 8C            [ 4] 1238 	adc	a, h
   0762 47            [ 4] 1239 	ld	b, a
   0763 DD 6E FE      [19] 1240 	ld	l, -2 (ix)
   0766 DD 66 FF      [19] 1241 	ld	h, -1 (ix)
   0769 29            [11] 1242 	add	hl, hl
   076A 29            [11] 1243 	add	hl, hl
   076B 09            [11] 1244 	add	hl, bc
   076C DD 5E F5      [19] 1245 	ld	e, -11 (ix)
   076F DD 56 F6      [19] 1246 	ld	d, -10 (ix)
   0772 19            [11] 1247 	add	hl, de
   0773 7E            [ 7] 1248 	ld	a, (hl)
   0774 DD 6E F8      [19] 1249 	ld	l, -8 (ix)
   0777 DD 66 F9      [19] 1250 	ld	h, -7 (ix)
   077A 77            [ 7] 1251 	ld	(hl), a
                           1252 ;source_code/aes192.c:117: for (j = 0; j < 4; j++) {
   077B DD 34 FE      [23] 1253 	inc	-2 (ix)
   077E 20 03         [12] 1254 	jr	NZ,00227$
   0780 DD 34 FF      [23] 1255 	inc	-1 (ix)
   0783                    1256 00227$:
   0783 DD 7E FE      [19] 1257 	ld	a, -2 (ix)
   0786 D6 04         [ 7] 1258 	sub	a, #0x04
   0788 DD 7E FF      [19] 1259 	ld	a, -1 (ix)
   078B 17            [ 4] 1260 	rla
   078C 3F            [ 4] 1261 	ccf
   078D 1F            [ 4] 1262 	rra
   078E DE 80         [ 7] 1263 	sbc	a, #0x80
   0790 38 85         [12] 1264 	jr	C,00111$
                           1265 ;source_code/aes192.c:121: if (i % key_words == 0) {
   0792 21 06 00      [10] 1266 	ld	hl, #0x0006
   0795 E5            [11] 1267 	push	hl
   0796 DD 6E FC      [19] 1268 	ld	l, -4 (ix)
   0799 DD 66 FD      [19] 1269 	ld	h, -3 (ix)
   079C E5            [11] 1270 	push	hl
   079D CDr00r00      [17] 1271 	call	__modsint
   07A0 F1            [10] 1272 	pop	af
   07A1 F1            [10] 1273 	pop	af
   07A2 DD 75 FE      [19] 1274 	ld	-2 (ix), l
   07A5 DD 74 FF      [19] 1275 	ld	-1 (ix), h
   07A8 7C            [ 4] 1276 	ld	a, h
   07A9 DD B6 FE      [19] 1277 	or	a, -2 (ix)
   07AC C2r94r08      [10] 1278 	jp	NZ, 00144$
                           1279 ;source_code/aes192.c:123: uint8_t t = temp[0];
   07AF DD 6E F0      [19] 1280 	ld	l, -16 (ix)
   07B2 DD 66 F1      [19] 1281 	ld	h, -15 (ix)
   07B5 7E            [ 7] 1282 	ld	a, (hl)
   07B6 DD 77 FE      [19] 1283 	ld	-2 (ix), a
                           1284 ;source_code/aes192.c:124: temp[0] = temp[1];
   07B9 DD 7E F0      [19] 1285 	ld	a, -16 (ix)
   07BC C6 01         [ 7] 1286 	add	a, #0x01
   07BE DD 77 F8      [19] 1287 	ld	-8 (ix), a
   07C1 DD 7E F1      [19] 1288 	ld	a, -15 (ix)
   07C4 CE 00         [ 7] 1289 	adc	a, #0x00
   07C6 DD 77 F9      [19] 1290 	ld	-7 (ix), a
   07C9 DD 6E F8      [19] 1291 	ld	l, -8 (ix)
   07CC DD 66 F9      [19] 1292 	ld	h, -7 (ix)
   07CF 7E            [ 7] 1293 	ld	a, (hl)
   07D0 DD 77 FF      [19] 1294 	ld	-1 (ix), a
   07D3 DD 6E F0      [19] 1295 	ld	l, -16 (ix)
   07D6 DD 66 F1      [19] 1296 	ld	h, -15 (ix)
   07D9 DD 7E FF      [19] 1297 	ld	a, -1 (ix)
   07DC 77            [ 7] 1298 	ld	(hl), a
                           1299 ;source_code/aes192.c:125: temp[1] = temp[2];
   07DD DD 7E F0      [19] 1300 	ld	a, -16 (ix)
   07E0 C6 02         [ 7] 1301 	add	a, #0x02
   07E2 DD 77 FA      [19] 1302 	ld	-6 (ix), a
   07E5 DD 7E F1      [19] 1303 	ld	a, -15 (ix)
   07E8 CE 00         [ 7] 1304 	adc	a, #0x00
   07EA DD 77 FB      [19] 1305 	ld	-5 (ix), a
   07ED DD 6E FA      [19] 1306 	ld	l, -6 (ix)
   07F0 DD 66 FB      [19] 1307 	ld	h, -5 (ix)
   07F3 7E            [ 7] 1308 	ld	a, (hl)
   07F4 DD 77 FF      [19] 1309 	ld	-1 (ix), a
   07F7 DD 6E F8      [19] 1310 	ld	l, -8 (ix)
   07FA DD 66 F9      [19] 1311 	ld	h, -7 (ix)
   07FD DD 7E FF      [19] 1312 	ld	a, -1 (ix)
   0800 77            [ 7] 1313 	ld	(hl), a
                           1314 ;source_code/aes192.c:126: temp[2] = temp[3];
   0801 DD 7E F0      [19] 1315 	ld	a, -16 (ix)
   0804 C6 03         [ 7] 1316 	add	a, #0x03
   0806 DD 77 F8      [19] 1317 	ld	-8 (ix), a
   0809 DD 7E F1      [19] 1318 	ld	a, -15 (ix)
   080C CE 00         [ 7] 1319 	adc	a, #0x00
   080E DD 77 F9      [19] 1320 	ld	-7 (ix), a
   0811 DD 6E F8      [19] 1321 	ld	l, -8 (ix)
   0814 DD 66 F9      [19] 1322 	ld	h, -7 (ix)
   0817 7E            [ 7] 1323 	ld	a, (hl)
   0818 DD 6E FA      [19] 1324 	ld	l, -6 (ix)
   081B DD 66 FB      [19] 1325 	ld	h, -5 (ix)
   081E 77            [ 7] 1326 	ld	(hl), a
                           1327 ;source_code/aes192.c:127: temp[3] = t;
   081F DD 6E F8      [19] 1328 	ld	l, -8 (ix)
   0822 DD 66 F9      [19] 1329 	ld	h, -7 (ix)
   0825 DD 7E FE      [19] 1330 	ld	a, -2 (ix)
   0828 77            [ 7] 1331 	ld	(hl), a
                           1332 ;source_code/aes192.c:130: for (j = 0; j < 4; j++) {
   0829 AF            [ 4] 1333 	xor	a, a
   082A DD 77 FE      [19] 1334 	ld	-2 (ix), a
   082D DD 77 FF      [19] 1335 	ld	-1 (ix), a
   0830                    1336 00113$:
                           1337 ;source_code/aes192.c:131: temp[j] = sbox[temp[j]];
   0830 DD 7E F0      [19] 1338 	ld	a, -16 (ix)
   0833 DD 86 FE      [19] 1339 	add	a, -2 (ix)
   0836 DD 77 FA      [19] 1340 	ld	-6 (ix), a
   0839 DD 7E F1      [19] 1341 	ld	a, -15 (ix)
   083C DD 8E FF      [19] 1342 	adc	a, -1 (ix)
   083F DD 77 FB      [19] 1343 	ld	-5 (ix), a
   0842 DD 6E FA      [19] 1344 	ld	l, -6 (ix)
   0845 DD 66 FB      [19] 1345 	ld	h, -5 (ix)
   0848 4E            [ 7] 1346 	ld	c, (hl)
   0849 21r27r00      [10] 1347 	ld	hl, #_sbox
   084C 06 00         [ 7] 1348 	ld	b, #0x00
   084E 09            [11] 1349 	add	hl, bc
   084F 7E            [ 7] 1350 	ld	a, (hl)
   0850 DD 6E FA      [19] 1351 	ld	l, -6 (ix)
   0853 DD 66 FB      [19] 1352 	ld	h, -5 (ix)
   0856 77            [ 7] 1353 	ld	(hl), a
                           1354 ;source_code/aes192.c:130: for (j = 0; j < 4; j++) {
   0857 DD 34 FE      [23] 1355 	inc	-2 (ix)
   085A 20 03         [12] 1356 	jr	NZ,00228$
   085C DD 34 FF      [23] 1357 	inc	-1 (ix)
   085F                    1358 00228$:
   085F DD 7E FE      [19] 1359 	ld	a, -2 (ix)
   0862 D6 04         [ 7] 1360 	sub	a, #0x04
   0864 DD 7E FF      [19] 1361 	ld	a, -1 (ix)
   0867 17            [ 4] 1362 	rla
   0868 3F            [ 4] 1363 	ccf
   0869 1F            [ 4] 1364 	rra
   086A DE 80         [ 7] 1365 	sbc	a, #0x80
   086C 38 C2         [12] 1366 	jr	C,00113$
                           1367 ;source_code/aes192.c:134: temp[0] ^= rcon[i / key_words];
   086E DD 6E F0      [19] 1368 	ld	l, -16 (ix)
   0871 DD 66 F1      [19] 1369 	ld	h, -15 (ix)
   0874 4E            [ 7] 1370 	ld	c, (hl)
   0875 C5            [11] 1371 	push	bc
   0876 21 06 00      [10] 1372 	ld	hl, #0x0006
   0879 E5            [11] 1373 	push	hl
   087A DD 6E FC      [19] 1374 	ld	l, -4 (ix)
   087D DD 66 FD      [19] 1375 	ld	h, -3 (ix)
   0880 E5            [11] 1376 	push	hl
   0881 CDr00r00      [17] 1377 	call	__divsint
   0884 F1            [10] 1378 	pop	af
   0885 F1            [10] 1379 	pop	af
   0886 C1            [10] 1380 	pop	bc
   0887 11r27r01      [10] 1381 	ld	de, #_rcon
   088A 19            [11] 1382 	add	hl, de
   088B 7E            [ 7] 1383 	ld	a, (hl)
   088C A9            [ 4] 1384 	xor	a, c
   088D DD 6E F0      [19] 1385 	ld	l, -16 (ix)
   0890 DD 66 F1      [19] 1386 	ld	h, -15 (ix)
   0893 77            [ 7] 1387 	ld	(hl), a
                           1388 ;source_code/aes192.c:137: for (j = 0; j < 4; j++) {
   0894                    1389 00144$:
   0894 DD 7E FC      [19] 1390 	ld	a, -4 (ix)
   0897 C6 03         [ 7] 1391 	add	a, #0x03
   0899 DD 77 F2      [19] 1392 	ld	-14 (ix), a
   089C DD 7E FD      [19] 1393 	ld	a, -3 (ix)
   089F CE 00         [ 7] 1394 	adc	a, #0x00
   08A1 DD 77 F3      [19] 1395 	ld	-13 (ix), a
   08A4 DD 7E EE      [19] 1396 	ld	a, -18 (ix)
   08A7 C6 03         [ 7] 1397 	add	a, #0x03
   08A9 DD 77 F4      [19] 1398 	ld	-12 (ix), a
   08AC DD 7E EF      [19] 1399 	ld	a, -17 (ix)
   08AF CE 00         [ 7] 1400 	adc	a, #0x00
   08B1 DD 77 F5      [19] 1401 	ld	-11 (ix), a
   08B4 21 04 00      [10] 1402 	ld	hl, #0x0004
   08B7 E5            [11] 1403 	push	hl
   08B8 DD 6E FC      [19] 1404 	ld	l, -4 (ix)
   08BB DD 66 FD      [19] 1405 	ld	h, -3 (ix)
   08BE E5            [11] 1406 	push	hl
   08BF CDr00r00      [17] 1407 	call	__modsint
   08C2 F1            [10] 1408 	pop	af
   08C3 F1            [10] 1409 	pop	af
   08C4 DD 75 F6      [19] 1410 	ld	-10 (ix), l
   08C7 DD 74 F7      [19] 1411 	ld	-9 (ix), h
   08CA DD 7E EF      [19] 1412 	ld	a, -17 (ix)
   08CD 07            [ 4] 1413 	rlca
   08CE E6 01         [ 7] 1414 	and	a,#0x01
   08D0 DD 77 F8      [19] 1415 	ld	-8 (ix), a
   08D3 21 04 00      [10] 1416 	ld	hl, #0x0004
   08D6 E5            [11] 1417 	push	hl
   08D7 DD 6E EE      [19] 1418 	ld	l, -18 (ix)
   08DA DD 66 EF      [19] 1419 	ld	h, -17 (ix)
   08DD E5            [11] 1420 	push	hl
   08DE CDr00r00      [17] 1421 	call	__modsint
   08E1 F1            [10] 1422 	pop	af
   08E2 F1            [10] 1423 	pop	af
   08E3 DD 75 F9      [19] 1424 	ld	-7 (ix), l
   08E6 DD 74 FA      [19] 1425 	ld	-6 (ix), h
   08E9 DD 7E FD      [19] 1426 	ld	a, -3 (ix)
   08EC 07            [ 4] 1427 	rlca
   08ED E6 01         [ 7] 1428 	and	a,#0x01
   08EF DD 77 FB      [19] 1429 	ld	-5 (ix), a
   08F2 AF            [ 4] 1430 	xor	a, a
   08F3 DD 77 FE      [19] 1431 	ld	-2 (ix), a
   08F6 DD 77 FF      [19] 1432 	ld	-1 (ix), a
   08F9                    1433 00115$:
                           1434 ;source_code/aes192.c:138: ctx->round_keys[i / 4][j][i % 4] =
   08F9 DD 5E FC      [19] 1435 	ld	e, -4 (ix)
   08FC DD 66 FD      [19] 1436 	ld	h, -3 (ix)
   08FF DD 7E FB      [19] 1437 	ld	a, -5 (ix)
   0902 B7            [ 4] 1438 	or	a, a
   0903 28 06         [12] 1439 	jr	Z,00127$
   0905 DD 5E F2      [19] 1440 	ld	e, -14 (ix)
   0908 DD 66 F3      [19] 1441 	ld	h, -13 (ix)
   090B                    1442 00127$:
   090B 6B            [ 4] 1443 	ld	l, e
   090C CB 2C         [ 8] 1444 	sra	h
   090E CB 1D         [ 8] 1445 	rr	l
   0910 CB 2C         [ 8] 1446 	sra	h
   0912 CB 1D         [ 8] 1447 	rr	l
   0914 29            [11] 1448 	add	hl, hl
   0915 29            [11] 1449 	add	hl, hl
   0916 29            [11] 1450 	add	hl, hl
   0917 29            [11] 1451 	add	hl, hl
   0918 DD 5E EC      [19] 1452 	ld	e, -20 (ix)
   091B DD 56 ED      [19] 1453 	ld	d, -19 (ix)
   091E 19            [11] 1454 	add	hl, de
   091F DD 4E FE      [19] 1455 	ld	c, -2 (ix)
   0922 DD 46 FF      [19] 1456 	ld	b, -1 (ix)
   0925 CB 21         [ 8] 1457 	sla	c
   0927 CB 10         [ 8] 1458 	rl	b
   0929 CB 21         [ 8] 1459 	sla	c
   092B CB 10         [ 8] 1460 	rl	b
   092D 09            [11] 1461 	add	hl, bc
   092E 7D            [ 4] 1462 	ld	a, l
   092F DD 86 F6      [19] 1463 	add	a, -10 (ix)
   0932 5F            [ 4] 1464 	ld	e, a
   0933 7C            [ 4] 1465 	ld	a, h
   0934 DD 8E F7      [19] 1466 	adc	a, -9 (ix)
   0937 57            [ 4] 1467 	ld	d, a
                           1468 ;source_code/aes192.c:139: (uint8_t)(ctx->round_keys[prev_key_word / 4][j][prev_key_word % 4] ^ temp[j]);
   0938 DD 6E EE      [19] 1469 	ld	l, -18 (ix)
   093B DD 66 EF      [19] 1470 	ld	h, -17 (ix)
   093E DD 7E F8      [19] 1471 	ld	a, -8 (ix)
   0941 B7            [ 4] 1472 	or	a, a
   0942 28 06         [12] 1473 	jr	Z,00128$
   0944 DD 6E F4      [19] 1474 	ld	l, -12 (ix)
   0947 DD 66 F5      [19] 1475 	ld	h, -11 (ix)
   094A                    1476 00128$:
   094A CB 2C         [ 8] 1477 	sra	h
   094C CB 1D         [ 8] 1478 	rr	l
   094E CB 2C         [ 8] 1479 	sra	h
   0950 CB 1D         [ 8] 1480 	rr	l
   0952 29            [11] 1481 	add	hl, hl
   0953 29            [11] 1482 	add	hl, hl
   0954 29            [11] 1483 	add	hl, hl
   0955 29            [11] 1484 	add	hl, hl
   0956 7D            [ 4] 1485 	ld	a, l
   0957 DD 86 EA      [19] 1486 	add	a, -22 (ix)
   095A 6F            [ 4] 1487 	ld	l, a
   095B 7C            [ 4] 1488 	ld	a, h
   095C DD 8E EB      [19] 1489 	adc	a, -21 (ix)
   095F 67            [ 4] 1490 	ld	h, a
   0960 09            [11] 1491 	add	hl, bc
   0961 7D            [ 4] 1492 	ld	a, l
   0962 DD 86 F9      [19] 1493 	add	a, -7 (ix)
   0965 4F            [ 4] 1494 	ld	c, a
   0966 7C            [ 4] 1495 	ld	a, h
   0967 DD 8E FA      [19] 1496 	adc	a, -6 (ix)
   096A 47            [ 4] 1497 	ld	b, a
   096B DD 7E F0      [19] 1498 	ld	a, -16 (ix)
   096E DD 86 FE      [19] 1499 	add	a, -2 (ix)
   0971 6F            [ 4] 1500 	ld	l, a
   0972 DD 7E F1      [19] 1501 	ld	a, -15 (ix)
   0975 DD 8E FF      [19] 1502 	adc	a, -1 (ix)
   0978 67            [ 4] 1503 	ld	h, a
   0979 7E            [ 7] 1504 	ld	a, (hl)
   097A F5            [11] 1505 	push	af
   097B 0A            [ 7] 1506 	ld	a, (bc)
   097C 4F            [ 4] 1507 	ld	c, a
   097D F1            [10] 1508 	pop	af
   097E A9            [ 4] 1509 	xor	a, c
   097F 12            [ 7] 1510 	ld	(de), a
                           1511 ;source_code/aes192.c:137: for (j = 0; j < 4; j++) {
   0980 DD 34 FE      [23] 1512 	inc	-2 (ix)
   0983 20 03         [12] 1513 	jr	NZ,00231$
   0985 DD 34 FF      [23] 1514 	inc	-1 (ix)
   0988                    1515 00231$:
   0988 DD 7E FE      [19] 1516 	ld	a, -2 (ix)
   098B D6 04         [ 7] 1517 	sub	a, #0x04
   098D DD 7E FF      [19] 1518 	ld	a, -1 (ix)
   0990 17            [ 4] 1519 	rla
   0991 3F            [ 4] 1520 	ccf
   0992 1F            [ 4] 1521 	rra
   0993 DE 80         [ 7] 1522 	sbc	a, #0x80
   0995 DArF9r08      [10] 1523 	jp	C, 00115$
                           1524 ;source_code/aes192.c:113: for (i = key_words; i < 4 * (num_rounds + 1); i++) {
   0998 DD 34 FC      [23] 1525 	inc	-4 (ix)
   099B C2rA9r06      [10] 1526 	jp	NZ,00118$
   099E DD 34 FD      [23] 1527 	inc	-3 (ix)
   09A1 C3rA9r06      [10] 1528 	jp	00118$
   09A4                    1529 00120$:
                           1530 ;source_code/aes192.c:142: }
   09A4 DD F9         [10] 1531 	ld	sp, ix
   09A6 DD E1         [14] 1532 	pop	ix
   09A8 C9            [10] 1533 	ret
                           1534 ;source_code/aes192.c:144: void aes192_encrypt(const uint8_t *plaintext, uint8_t *ciphertext, const uint8_t *key) {
                           1535 ;	---------------------------------
                           1536 ; Function aes192_encrypt
                           1537 ; ---------------------------------
   09A9                    1538 _aes192_encrypt::
   09A9 CDr00r00      [17] 1539 	call	___sdcc_enter_ix
   09AC 21 12 FF      [10] 1540 	ld	hl, #-238
   09AF 39            [11] 1541 	add	hl, sp
   09B0 F9            [ 6] 1542 	ld	sp, hl
                           1543 ;source_code/aes192.c:148: key_expansion_192(key, &ctx);
   09B1 21 02 00      [10] 1544 	ld	hl, #2
   09B4 39            [11] 1545 	add	hl, sp
   09B5 DD 75 F4      [19] 1546 	ld	-12 (ix), l
   09B8 DD 74 F5      [19] 1547 	ld	-11 (ix), h
   09BB E5            [11] 1548 	push	hl
   09BC DD 6E 08      [19] 1549 	ld	l, 8 (ix)
   09BF DD 66 09      [19] 1550 	ld	h, 9 (ix)
   09C2 E5            [11] 1551 	push	hl
   09C3 CDrBBr04      [17] 1552 	call	_key_expansion_192
   09C6 F1            [10] 1553 	pop	af
   09C7 F1            [10] 1554 	pop	af
                           1555 ;source_code/aes192.c:151: for (int i = 0; i < 4; i++) {
   09C8 21 D2 00      [10] 1556 	ld	hl, #210
   09CB 39            [11] 1557 	add	hl, sp
   09CC DD 75 FE      [19] 1558 	ld	-2 (ix), l
   09CF DD 74 FF      [19] 1559 	ld	-1 (ix), h
   09D2 AF            [ 4] 1560 	xor	a, a
   09D3 DD 77 FA      [19] 1561 	ld	-6 (ix), a
   09D6 DD 77 FB      [19] 1562 	ld	-5 (ix), a
   09D9                    1563 00110$:
   09D9 DD 7E FA      [19] 1564 	ld	a, -6 (ix)
   09DC D6 04         [ 7] 1565 	sub	a, #0x04
   09DE DD 7E FB      [19] 1566 	ld	a, -5 (ix)
   09E1 17            [ 4] 1567 	rla
   09E2 3F            [ 4] 1568 	ccf
   09E3 1F            [ 4] 1569 	rra
   09E4 DE 80         [ 7] 1570 	sbc	a, #0x80
   09E6 D2r82r0A      [10] 1571 	jp	NC, 00102$
                           1572 ;source_code/aes192.c:152: for (int j = 0; j < 4; j++) {
   09E9 DD 4E FA      [19] 1573 	ld	c, -6 (ix)
   09EC DD 46 FB      [19] 1574 	ld	b, -5 (ix)
   09EF CB 21         [ 8] 1575 	sla	c
   09F1 CB 10         [ 8] 1576 	rl	b
   09F3 CB 21         [ 8] 1577 	sla	c
   09F5 CB 10         [ 8] 1578 	rl	b
   09F7 79            [ 4] 1579 	ld	a, c
   09F8 21 00 00      [10] 1580 	ld	hl, #0
   09FB 39            [11] 1581 	add	hl, sp
   09FC DD 86 FE      [19] 1582 	add	a, -2 (ix)
   09FF 77            [ 7] 1583 	ld	(hl), a
   0A00 78            [ 4] 1584 	ld	a, b
   0A01 DD 8E FF      [19] 1585 	adc	a, -1 (ix)
   0A04 23            [ 6] 1586 	inc	hl
   0A05 77            [ 7] 1587 	ld	(hl), a
   0A06 AF            [ 4] 1588 	xor	a, a
   0A07 DD 77 FC      [19] 1589 	ld	-4 (ix), a
   0A0A DD 77 FD      [19] 1590 	ld	-3 (ix), a
   0A0D                    1591 00107$:
   0A0D DD 7E FC      [19] 1592 	ld	a, -4 (ix)
   0A10 D6 04         [ 7] 1593 	sub	a, #0x04
   0A12 DD 7E FD      [19] 1594 	ld	a, -3 (ix)
   0A15 17            [ 4] 1595 	rla
   0A16 3F            [ 4] 1596 	ccf
   0A17 1F            [ 4] 1597 	rra
   0A18 DE 80         [ 7] 1598 	sbc	a, #0x80
   0A1A 30 5A         [12] 1599 	jr	NC,00111$
                           1600 ;source_code/aes192.c:153: state[i][j] = plaintext[i + 4 * j];
   0A1C FD 21 00 00   [14] 1601 	ld	iy, #0
   0A20 FD 39         [15] 1602 	add	iy, sp
   0A22 FD 7E 00      [19] 1603 	ld	a, 0 (iy)
   0A25 DD 86 FC      [19] 1604 	add	a, -4 (ix)
   0A28 DD 77 F6      [19] 1605 	ld	-10 (ix), a
   0A2B FD 7E 01      [19] 1606 	ld	a, 1 (iy)
   0A2E DD 8E FD      [19] 1607 	adc	a, -3 (ix)
   0A31 DD 77 F7      [19] 1608 	ld	-9 (ix), a
   0A34 DD 7E FC      [19] 1609 	ld	a, -4 (ix)
   0A37 DD 77 F8      [19] 1610 	ld	-8 (ix), a
   0A3A DD 7E FD      [19] 1611 	ld	a, -3 (ix)
   0A3D DD 77 F9      [19] 1612 	ld	-7 (ix), a
   0A40 3E 03         [ 7] 1613 	ld	a, #0x02+1
   0A42 18 08         [12] 1614 	jr	00181$
   0A44                    1615 00180$:
   0A44 DD CB F8 26   [23] 1616 	sla	-8 (ix)
   0A48 DD CB F9 16   [23] 1617 	rl	-7 (ix)
   0A4C                    1618 00181$:
   0A4C 3D            [ 4] 1619 	dec	a
   0A4D 20 F5         [12] 1620 	jr	NZ,00180$
   0A4F DD 7E FA      [19] 1621 	ld	a, -6 (ix)
   0A52 DD 86 F8      [19] 1622 	add	a, -8 (ix)
   0A55 4F            [ 4] 1623 	ld	c, a
   0A56 DD 7E FB      [19] 1624 	ld	a, -5 (ix)
   0A59 DD 8E F9      [19] 1625 	adc	a, -7 (ix)
   0A5C 47            [ 4] 1626 	ld	b, a
   0A5D DD 6E 04      [19] 1627 	ld	l, 4 (ix)
   0A60 DD 66 05      [19] 1628 	ld	h, 5 (ix)
   0A63 09            [11] 1629 	add	hl, bc
   0A64 7E            [ 7] 1630 	ld	a, (hl)
   0A65 DD 6E F6      [19] 1631 	ld	l, -10 (ix)
   0A68 DD 66 F7      [19] 1632 	ld	h, -9 (ix)
   0A6B 77            [ 7] 1633 	ld	(hl), a
                           1634 ;source_code/aes192.c:152: for (int j = 0; j < 4; j++) {
   0A6C DD 34 FC      [23] 1635 	inc	-4 (ix)
   0A6F 20 9C         [12] 1636 	jr	NZ,00107$
   0A71 DD 34 FD      [23] 1637 	inc	-3 (ix)
   0A74 18 97         [12] 1638 	jr	00107$
   0A76                    1639 00111$:
                           1640 ;source_code/aes192.c:151: for (int i = 0; i < 4; i++) {
   0A76 DD 34 FA      [23] 1641 	inc	-6 (ix)
   0A79 C2rD9r09      [10] 1642 	jp	NZ,00110$
   0A7C DD 34 FB      [23] 1643 	inc	-5 (ix)
   0A7F C3rD9r09      [10] 1644 	jp	00110$
   0A82                    1645 00102$:
                           1646 ;source_code/aes192.c:158: add_round_key(state, ctx.round_keys[0]);
   0A82 DD 6E F4      [19] 1647 	ld	l, -12 (ix)
   0A85 DD 66 F5      [19] 1648 	ld	h, -11 (ix)
   0A88 DD 4E FE      [19] 1649 	ld	c, -2 (ix)
   0A8B DD 46 FF      [19] 1650 	ld	b, -1 (ix)
   0A8E 59            [ 4] 1651 	ld	e, c
   0A8F 50            [ 4] 1652 	ld	d, b
   0A90 C5            [11] 1653 	push	bc
   0A91 E5            [11] 1654 	push	hl
   0A92 D5            [11] 1655 	push	de
   0A93 CDr43r04      [17] 1656 	call	_add_round_key
   0A96 F1            [10] 1657 	pop	af
   0A97 F1            [10] 1658 	pop	af
   0A98 C1            [10] 1659 	pop	bc
                           1660 ;source_code/aes192.c:161: for (int round = 1; round < AES192_NUM_ROUNDS; round++) {
   0A99 DD 7E FE      [19] 1661 	ld	a, -2 (ix)
   0A9C DD 77 F6      [19] 1662 	ld	-10 (ix), a
   0A9F DD 7E FF      [19] 1663 	ld	a, -1 (ix)
   0AA2 DD 77 F7      [19] 1664 	ld	-9 (ix), a
   0AA5 DD 7E FE      [19] 1665 	ld	a, -2 (ix)
   0AA8 DD 77 F8      [19] 1666 	ld	-8 (ix), a
   0AAB DD 7E FF      [19] 1667 	ld	a, -1 (ix)
   0AAE DD 77 F9      [19] 1668 	ld	-7 (ix), a
   0AB1 DD 7E FE      [19] 1669 	ld	a, -2 (ix)
   0AB4 DD 77 FA      [19] 1670 	ld	-6 (ix), a
   0AB7 DD 7E FF      [19] 1671 	ld	a, -1 (ix)
   0ABA DD 77 FB      [19] 1672 	ld	-5 (ix), a
   0ABD DD 7E FE      [19] 1673 	ld	a, -2 (ix)
   0AC0 DD 77 FC      [19] 1674 	ld	-4 (ix), a
   0AC3 DD 7E FF      [19] 1675 	ld	a, -1 (ix)
   0AC6 DD 77 FD      [19] 1676 	ld	-3 (ix), a
   0AC9 DD 36 FE 01   [19] 1677 	ld	-2 (ix), #0x01
   0ACD AF            [ 4] 1678 	xor	a, a
   0ACE DD 77 FF      [19] 1679 	ld	-1 (ix), a
   0AD1                    1680 00113$:
   0AD1 DD 7E FE      [19] 1681 	ld	a, -2 (ix)
   0AD4 D6 0C         [ 7] 1682 	sub	a, #0x0c
   0AD6 DD 7E FF      [19] 1683 	ld	a, -1 (ix)
   0AD9 17            [ 4] 1684 	rla
   0ADA 3F            [ 4] 1685 	ccf
   0ADB 1F            [ 4] 1686 	rra
   0ADC DE 80         [ 7] 1687 	sbc	a, #0x80
   0ADE 30 60         [12] 1688 	jr	NC,00103$
                           1689 ;source_code/aes192.c:162: sub_bytes(state);
   0AE0 DD 5E F6      [19] 1690 	ld	e, -10 (ix)
   0AE3 DD 56 F7      [19] 1691 	ld	d, -9 (ix)
   0AE6 C5            [11] 1692 	push	bc
   0AE7 D5            [11] 1693 	push	de
   0AE8 CDr31r01      [17] 1694 	call	_sub_bytes
   0AEB F1            [10] 1695 	pop	af
   0AEC C1            [10] 1696 	pop	bc
                           1697 ;source_code/aes192.c:163: shift_rows(state);
   0AED DD 5E F8      [19] 1698 	ld	e, -8 (ix)
   0AF0 DD 56 F9      [19] 1699 	ld	d, -7 (ix)
   0AF3 C5            [11] 1700 	push	bc
   0AF4 D5            [11] 1701 	push	de
   0AF5 CDr9Ar01      [17] 1702 	call	_shift_rows
   0AF8 F1            [10] 1703 	pop	af
   0AF9 C1            [10] 1704 	pop	bc
                           1705 ;source_code/aes192.c:164: mix_columns(state);
   0AFA DD 5E FA      [19] 1706 	ld	e, -6 (ix)
   0AFD DD 56 FB      [19] 1707 	ld	d, -5 (ix)
   0B00 C5            [11] 1708 	push	bc
   0B01 D5            [11] 1709 	push	de
   0B02 CDr4Br02      [17] 1710 	call	_mix_columns
   0B05 F1            [10] 1711 	pop	af
   0B06 C1            [10] 1712 	pop	bc
                           1713 ;source_code/aes192.c:165: add_round_key(state, ctx.round_keys[round]);
   0B07 DD 5E FE      [19] 1714 	ld	e, -2 (ix)
   0B0A DD 56 FF      [19] 1715 	ld	d, -1 (ix)
   0B0D CB 23         [ 8] 1716 	sla	e
   0B0F CB 12         [ 8] 1717 	rl	d
   0B11 CB 23         [ 8] 1718 	sla	e
   0B13 CB 12         [ 8] 1719 	rl	d
   0B15 CB 23         [ 8] 1720 	sla	e
   0B17 CB 12         [ 8] 1721 	rl	d
   0B19 CB 23         [ 8] 1722 	sla	e
   0B1B CB 12         [ 8] 1723 	rl	d
   0B1D 7B            [ 4] 1724 	ld	a, e
   0B1E DD 86 F4      [19] 1725 	add	a, -12 (ix)
   0B21 5F            [ 4] 1726 	ld	e, a
   0B22 7A            [ 4] 1727 	ld	a, d
   0B23 DD 8E F5      [19] 1728 	adc	a, -11 (ix)
   0B26 57            [ 4] 1729 	ld	d, a
   0B27 DD 6E FC      [19] 1730 	ld	l, -4 (ix)
   0B2A DD 66 FD      [19] 1731 	ld	h, -3 (ix)
   0B2D C5            [11] 1732 	push	bc
   0B2E D5            [11] 1733 	push	de
   0B2F E5            [11] 1734 	push	hl
   0B30 CDr43r04      [17] 1735 	call	_add_round_key
   0B33 F1            [10] 1736 	pop	af
   0B34 F1            [10] 1737 	pop	af
   0B35 C1            [10] 1738 	pop	bc
                           1739 ;source_code/aes192.c:161: for (int round = 1; round < AES192_NUM_ROUNDS; round++) {
   0B36 DD 34 FE      [23] 1740 	inc	-2 (ix)
   0B39 20 96         [12] 1741 	jr	NZ,00113$
   0B3B DD 34 FF      [23] 1742 	inc	-1 (ix)
   0B3E 18 91         [12] 1743 	jr	00113$
   0B40                    1744 00103$:
                           1745 ;source_code/aes192.c:169: sub_bytes(state);
   0B40 59            [ 4] 1746 	ld	e, c
   0B41 50            [ 4] 1747 	ld	d, b
   0B42 C5            [11] 1748 	push	bc
   0B43 D5            [11] 1749 	push	de
   0B44 CDr31r01      [17] 1750 	call	_sub_bytes
   0B47 F1            [10] 1751 	pop	af
   0B48 C1            [10] 1752 	pop	bc
                           1753 ;source_code/aes192.c:170: shift_rows(state);
   0B49 59            [ 4] 1754 	ld	e, c
   0B4A 50            [ 4] 1755 	ld	d, b
   0B4B C5            [11] 1756 	push	bc
   0B4C D5            [11] 1757 	push	de
   0B4D CDr9Ar01      [17] 1758 	call	_shift_rows
   0B50 F1            [10] 1759 	pop	af
   0B51 C1            [10] 1760 	pop	bc
                           1761 ;source_code/aes192.c:171: add_round_key(state, ctx.round_keys[AES192_NUM_ROUNDS]);
   0B52 DD 7E F4      [19] 1762 	ld	a, -12 (ix)
   0B55 C6 C0         [ 7] 1763 	add	a, #0xc0
   0B57 5F            [ 4] 1764 	ld	e, a
   0B58 DD 7E F5      [19] 1765 	ld	a, -11 (ix)
   0B5B CE 00         [ 7] 1766 	adc	a, #0x00
   0B5D 57            [ 4] 1767 	ld	d, a
   0B5E 69            [ 4] 1768 	ld	l, c
   0B5F 60            [ 4] 1769 	ld	h, b
   0B60 C5            [11] 1770 	push	bc
   0B61 D5            [11] 1771 	push	de
   0B62 E5            [11] 1772 	push	hl
   0B63 CDr43r04      [17] 1773 	call	_add_round_key
   0B66 F1            [10] 1774 	pop	af
   0B67 F1            [10] 1775 	pop	af
   0B68 C1            [10] 1776 	pop	bc
                           1777 ;source_code/aes192.c:174: for (int i = 0; i < 4; i++) {
   0B69 AF            [ 4] 1778 	xor	a, a
   0B6A DD 77 FC      [19] 1779 	ld	-4 (ix), a
   0B6D DD 77 FD      [19] 1780 	ld	-3 (ix), a
   0B70                    1781 00119$:
   0B70 DD 7E FC      [19] 1782 	ld	a, -4 (ix)
   0B73 D6 04         [ 7] 1783 	sub	a, #0x04
   0B75 DD 7E FD      [19] 1784 	ld	a, -3 (ix)
   0B78 17            [ 4] 1785 	rla
   0B79 3F            [ 4] 1786 	ccf
   0B7A 1F            [ 4] 1787 	rra
   0B7B DE 80         [ 7] 1788 	sbc	a, #0x80
   0B7D 30 77         [12] 1789 	jr	NC,00121$
                           1790 ;source_code/aes192.c:175: for (int j = 0; j < 4; j++) {
   0B7F DD 6E FC      [19] 1791 	ld	l, -4 (ix)
   0B82 DD 66 FD      [19] 1792 	ld	h, -3 (ix)
   0B85 29            [11] 1793 	add	hl, hl
   0B86 29            [11] 1794 	add	hl, hl
   0B87 09            [11] 1795 	add	hl, bc
   0B88 DD 75 F8      [19] 1796 	ld	-8 (ix), l
   0B8B DD 74 F9      [19] 1797 	ld	-7 (ix), h
   0B8E AF            [ 4] 1798 	xor	a, a
   0B8F DD 77 FE      [19] 1799 	ld	-2 (ix), a
   0B92 DD 77 FF      [19] 1800 	ld	-1 (ix), a
   0B95                    1801 00116$:
   0B95 DD 7E FE      [19] 1802 	ld	a, -2 (ix)
   0B98 D6 04         [ 7] 1803 	sub	a, #0x04
   0B9A DD 7E FF      [19] 1804 	ld	a, -1 (ix)
   0B9D 17            [ 4] 1805 	rla
   0B9E 3F            [ 4] 1806 	ccf
   0B9F 1F            [ 4] 1807 	rra
   0BA0 DE 80         [ 7] 1808 	sbc	a, #0x80
   0BA2 30 46         [12] 1809 	jr	NC,00120$
                           1810 ;source_code/aes192.c:176: ciphertext[i + 4 * j] = state[i][j];
   0BA4 DD 5E FE      [19] 1811 	ld	e, -2 (ix)
   0BA7 DD 56 FF      [19] 1812 	ld	d, -1 (ix)
   0BAA CB 23         [ 8] 1813 	sla	e
   0BAC CB 12         [ 8] 1814 	rl	d
   0BAE CB 23         [ 8] 1815 	sla	e
   0BB0 CB 12         [ 8] 1816 	rl	d
   0BB2 7B            [ 4] 1817 	ld	a, e
   0BB3 DD 86 FC      [19] 1818 	add	a, -4 (ix)
   0BB6 5F            [ 4] 1819 	ld	e, a
   0BB7 7A            [ 4] 1820 	ld	a, d
   0BB8 DD 8E FD      [19] 1821 	adc	a, -3 (ix)
   0BBB 57            [ 4] 1822 	ld	d, a
   0BBC DD 7E 06      [19] 1823 	ld	a, 6 (ix)
   0BBF 83            [ 4] 1824 	add	a, e
   0BC0 5F            [ 4] 1825 	ld	e, a
   0BC1 DD 7E 07      [19] 1826 	ld	a, 7 (ix)
   0BC4 8A            [ 4] 1827 	adc	a, d
   0BC5 57            [ 4] 1828 	ld	d, a
   0BC6 DD 7E F8      [19] 1829 	ld	a, -8 (ix)
   0BC9 DD 86 FE      [19] 1830 	add	a, -2 (ix)
   0BCC DD 77 FA      [19] 1831 	ld	-6 (ix), a
   0BCF DD 7E F9      [19] 1832 	ld	a, -7 (ix)
   0BD2 DD 8E FF      [19] 1833 	adc	a, -1 (ix)
   0BD5 DD 77 FB      [19] 1834 	ld	-5 (ix), a
   0BD8 DD 6E FA      [19] 1835 	ld	l, -6 (ix)
   0BDB DD 66 FB      [19] 1836 	ld	h, -5 (ix)
   0BDE 7E            [ 7] 1837 	ld	a, (hl)
   0BDF 12            [ 7] 1838 	ld	(de), a
                           1839 ;source_code/aes192.c:175: for (int j = 0; j < 4; j++) {
   0BE0 DD 34 FE      [23] 1840 	inc	-2 (ix)
   0BE3 20 B0         [12] 1841 	jr	NZ,00116$
   0BE5 DD 34 FF      [23] 1842 	inc	-1 (ix)
   0BE8 18 AB         [12] 1843 	jr	00116$
   0BEA                    1844 00120$:
                           1845 ;source_code/aes192.c:174: for (int i = 0; i < 4; i++) {
   0BEA DD 34 FC      [23] 1846 	inc	-4 (ix)
   0BED C2r70r0B      [10] 1847 	jp	NZ,00119$
   0BF0 DD 34 FD      [23] 1848 	inc	-3 (ix)
   0BF3 C3r70r0B      [10] 1849 	jp	00119$
   0BF6                    1850 00121$:
                           1851 ;source_code/aes192.c:179: }
   0BF6 DD F9         [10] 1852 	ld	sp, ix
   0BF8 DD E1         [14] 1853 	pop	ix
   0BFA C9            [10] 1854 	ret
                           1855 ;source_code/aes192.c:181: int main(void) {
                           1856 ;	---------------------------------
                           1857 ; Function main
                           1858 ; ---------------------------------
   0BFB                    1859 _main::
   0BFB CDr00r00      [17] 1860 	call	___sdcc_enter_ix
   0BFE 21 C6 FF      [10] 1861 	ld	hl, #-58
   0C01 39            [11] 1862 	add	hl, sp
   0C02 F9            [ 6] 1863 	ld	sp, hl
                           1864 ;source_code/aes192.c:183: uint8_t plaintext[16] = {
   0C03 21 00 00      [10] 1865 	ld	hl, #0
   0C06 39            [11] 1866 	add	hl, sp
   0C07 4D            [ 4] 1867 	ld	c, l
   0C08 44            [ 4] 1868 	ld	b, h
   0C09 3E 32         [ 7] 1869 	ld	a, #0x32
   0C0B 02            [ 7] 1870 	ld	(bc), a
   0C0C 69            [ 4] 1871 	ld	l, c
   0C0D 60            [ 4] 1872 	ld	h, b
   0C0E 23            [ 6] 1873 	inc	hl
   0C0F 36 43         [10] 1874 	ld	(hl), #0x43
   0C11 69            [ 4] 1875 	ld	l, c
   0C12 60            [ 4] 1876 	ld	h, b
   0C13 23            [ 6] 1877 	inc	hl
   0C14 23            [ 6] 1878 	inc	hl
   0C15 36 F6         [10] 1879 	ld	(hl), #0xf6
   0C17 69            [ 4] 1880 	ld	l, c
   0C18 60            [ 4] 1881 	ld	h, b
   0C19 23            [ 6] 1882 	inc	hl
   0C1A 23            [ 6] 1883 	inc	hl
   0C1B 23            [ 6] 1884 	inc	hl
   0C1C 36 A8         [10] 1885 	ld	(hl), #0xa8
   0C1E 21 04 00      [10] 1886 	ld	hl, #0x0004
   0C21 09            [11] 1887 	add	hl, bc
   0C22 36 88         [10] 1888 	ld	(hl), #0x88
   0C24 21 05 00      [10] 1889 	ld	hl, #0x0005
   0C27 09            [11] 1890 	add	hl, bc
   0C28 36 5A         [10] 1891 	ld	(hl), #0x5a
   0C2A 21 06 00      [10] 1892 	ld	hl, #0x0006
   0C2D 09            [11] 1893 	add	hl, bc
   0C2E 36 30         [10] 1894 	ld	(hl), #0x30
   0C30 21 07 00      [10] 1895 	ld	hl, #0x0007
   0C33 09            [11] 1896 	add	hl, bc
   0C34 36 8D         [10] 1897 	ld	(hl), #0x8d
   0C36 21 08 00      [10] 1898 	ld	hl, #0x0008
   0C39 09            [11] 1899 	add	hl, bc
   0C3A 36 31         [10] 1900 	ld	(hl), #0x31
   0C3C 21 09 00      [10] 1901 	ld	hl, #0x0009
   0C3F 09            [11] 1902 	add	hl, bc
   0C40 36 31         [10] 1903 	ld	(hl), #0x31
   0C42 21 0A 00      [10] 1904 	ld	hl, #0x000a
   0C45 09            [11] 1905 	add	hl, bc
   0C46 36 98         [10] 1906 	ld	(hl), #0x98
   0C48 21 0B 00      [10] 1907 	ld	hl, #0x000b
   0C4B 09            [11] 1908 	add	hl, bc
   0C4C 36 A2         [10] 1909 	ld	(hl), #0xa2
   0C4E 21 0C 00      [10] 1910 	ld	hl, #0x000c
   0C51 09            [11] 1911 	add	hl, bc
   0C52 36 E0         [10] 1912 	ld	(hl), #0xe0
   0C54 21 0D 00      [10] 1913 	ld	hl, #0x000d
   0C57 09            [11] 1914 	add	hl, bc
   0C58 36 37         [10] 1915 	ld	(hl), #0x37
   0C5A 21 0E 00      [10] 1916 	ld	hl, #0x000e
   0C5D 09            [11] 1917 	add	hl, bc
   0C5E 36 07         [10] 1918 	ld	(hl), #0x07
   0C60 21 0F 00      [10] 1919 	ld	hl, #0x000f
   0C63 09            [11] 1920 	add	hl, bc
   0C64 36 34         [10] 1921 	ld	(hl), #0x34
                           1922 ;source_code/aes192.c:189: uint8_t key192[24] = {
   0C66 21 10 00      [10] 1923 	ld	hl, #16
   0C69 39            [11] 1924 	add	hl, sp
   0C6A EB            [ 4] 1925 	ex	de, hl
   0C6B 3E 8E         [ 7] 1926 	ld	a, #0x8e
   0C6D 12            [ 7] 1927 	ld	(de), a
   0C6E 6B            [ 4] 1928 	ld	l, e
   0C6F 62            [ 4] 1929 	ld	h, d
   0C70 23            [ 6] 1930 	inc	hl
   0C71 36 73         [10] 1931 	ld	(hl), #0x73
   0C73 6B            [ 4] 1932 	ld	l, e
   0C74 62            [ 4] 1933 	ld	h, d
   0C75 23            [ 6] 1934 	inc	hl
   0C76 23            [ 6] 1935 	inc	hl
   0C77 36 B0         [10] 1936 	ld	(hl), #0xb0
   0C79 6B            [ 4] 1937 	ld	l, e
   0C7A 62            [ 4] 1938 	ld	h, d
   0C7B 23            [ 6] 1939 	inc	hl
   0C7C 23            [ 6] 1940 	inc	hl
   0C7D 23            [ 6] 1941 	inc	hl
   0C7E 36 F7         [10] 1942 	ld	(hl), #0xf7
   0C80 21 04 00      [10] 1943 	ld	hl, #0x0004
   0C83 19            [11] 1944 	add	hl, de
   0C84 36 DA         [10] 1945 	ld	(hl), #0xda
   0C86 21 05 00      [10] 1946 	ld	hl, #0x0005
   0C89 19            [11] 1947 	add	hl, de
   0C8A 36 0E         [10] 1948 	ld	(hl), #0x0e
   0C8C 21 06 00      [10] 1949 	ld	hl, #0x0006
   0C8F 19            [11] 1950 	add	hl, de
   0C90 36 64         [10] 1951 	ld	(hl), #0x64
   0C92 21 07 00      [10] 1952 	ld	hl, #0x0007
   0C95 19            [11] 1953 	add	hl, de
   0C96 36 52         [10] 1954 	ld	(hl), #0x52
   0C98 21 08 00      [10] 1955 	ld	hl, #0x0008
   0C9B 19            [11] 1956 	add	hl, de
   0C9C 36 C8         [10] 1957 	ld	(hl), #0xc8
   0C9E 21 09 00      [10] 1958 	ld	hl, #0x0009
   0CA1 19            [11] 1959 	add	hl, de
   0CA2 36 10         [10] 1960 	ld	(hl), #0x10
   0CA4 21 0A 00      [10] 1961 	ld	hl, #0x000a
   0CA7 19            [11] 1962 	add	hl, de
   0CA8 36 F3         [10] 1963 	ld	(hl), #0xf3
   0CAA 21 0B 00      [10] 1964 	ld	hl, #0x000b
   0CAD 19            [11] 1965 	add	hl, de
   0CAE 36 2B         [10] 1966 	ld	(hl), #0x2b
   0CB0 21 0C 00      [10] 1967 	ld	hl, #0x000c
   0CB3 19            [11] 1968 	add	hl, de
   0CB4 36 80         [10] 1969 	ld	(hl), #0x80
   0CB6 21 0D 00      [10] 1970 	ld	hl, #0x000d
   0CB9 19            [11] 1971 	add	hl, de
   0CBA 36 90         [10] 1972 	ld	(hl), #0x90
   0CBC 21 0E 00      [10] 1973 	ld	hl, #0x000e
   0CBF 19            [11] 1974 	add	hl, de
   0CC0 36 79         [10] 1975 	ld	(hl), #0x79
   0CC2 21 0F 00      [10] 1976 	ld	hl, #0x000f
   0CC5 19            [11] 1977 	add	hl, de
   0CC6 36 E5         [10] 1978 	ld	(hl), #0xe5
   0CC8 21 10 00      [10] 1979 	ld	hl, #0x0010
   0CCB 19            [11] 1980 	add	hl, de
   0CCC 36 62         [10] 1981 	ld	(hl), #0x62
   0CCE 21 11 00      [10] 1982 	ld	hl, #0x0011
   0CD1 19            [11] 1983 	add	hl, de
   0CD2 36 F8         [10] 1984 	ld	(hl), #0xf8
   0CD4 21 12 00      [10] 1985 	ld	hl, #0x0012
   0CD7 19            [11] 1986 	add	hl, de
   0CD8 36 EA         [10] 1987 	ld	(hl), #0xea
   0CDA 21 13 00      [10] 1988 	ld	hl, #0x0013
   0CDD 19            [11] 1989 	add	hl, de
   0CDE 36 D2         [10] 1990 	ld	(hl), #0xd2
   0CE0 21 14 00      [10] 1991 	ld	hl, #0x0014
   0CE3 19            [11] 1992 	add	hl, de
   0CE4 36 52         [10] 1993 	ld	(hl), #0x52
   0CE6 21 15 00      [10] 1994 	ld	hl, #0x0015
   0CE9 19            [11] 1995 	add	hl, de
   0CEA 36 2C         [10] 1996 	ld	(hl), #0x2c
   0CEC 21 16 00      [10] 1997 	ld	hl, #0x0016
   0CEF 19            [11] 1998 	add	hl, de
   0CF0 36 6B         [10] 1999 	ld	(hl), #0x6b
   0CF2 21 17 00      [10] 2000 	ld	hl, #0x0017
   0CF5 19            [11] 2001 	add	hl, de
   0CF6 36 7B         [10] 2002 	ld	(hl), #0x7b
                           2003 ;source_code/aes192.c:197: aes192_encrypt(plaintext, ciphertext, key192);
   0CF8 21 28 00      [10] 2004 	ld	hl, #40
   0CFB 39            [11] 2005 	add	hl, sp
   0CFC DD 75 FE      [19] 2006 	ld	-2 (ix), l
   0CFF DD 74 FF      [19] 2007 	ld	-1 (ix), h
   0D02 D5            [11] 2008 	push	de
   0D03 E5            [11] 2009 	push	hl
   0D04 C5            [11] 2010 	push	bc
   0D05 CDrA9r09      [17] 2011 	call	_aes192_encrypt
   0D08 F1            [10] 2012 	pop	af
   0D09 F1            [10] 2013 	pop	af
                           2014 ;source_code/aes192.c:199: printf("=== AES-192 ===\n");
   0D0A 21r50r0D      [10] 2015 	ld	hl, #___str_1
   0D0D E3            [19] 2016 	ex	(sp),hl
   0D0E CDr00r00      [17] 2017 	call	_puts
                           2018 ;source_code/aes192.c:200: printf("Ciphertext: ");
   0D11 21r60r0D      [10] 2019 	ld	hl, #___str_2
   0D14 E3            [19] 2020 	ex	(sp),hl
   0D15 CDr00r00      [17] 2021 	call	_printf
   0D18 F1            [10] 2022 	pop	af
                           2023 ;source_code/aes192.c:201: for (int i = 0; i < 16; i++) {
   0D19 01 00 00      [10] 2024 	ld	bc, #0x0000
   0D1C                    2025 00103$:
   0D1C 79            [ 4] 2026 	ld	a, c
   0D1D D6 10         [ 7] 2027 	sub	a, #0x10
   0D1F 78            [ 4] 2028 	ld	a, b
   0D20 17            [ 4] 2029 	rla
   0D21 3F            [ 4] 2030 	ccf
   0D22 1F            [ 4] 2031 	rra
   0D23 DE 80         [ 7] 2032 	sbc	a, #0x80
   0D25 30 19         [12] 2033 	jr	NC,00101$
                           2034 ;source_code/aes192.c:202: printf("%02x ", ciphertext[i]);
   0D27 DD 6E FE      [19] 2035 	ld	l, -2 (ix)
   0D2A DD 66 FF      [19] 2036 	ld	h, -1 (ix)
   0D2D 09            [11] 2037 	add	hl, bc
   0D2E 5E            [ 7] 2038 	ld	e, (hl)
   0D2F 16 00         [ 7] 2039 	ld	d, #0x00
   0D31 C5            [11] 2040 	push	bc
   0D32 D5            [11] 2041 	push	de
   0D33 21r6Dr0D      [10] 2042 	ld	hl, #___str_3
   0D36 E5            [11] 2043 	push	hl
   0D37 CDr00r00      [17] 2044 	call	_printf
   0D3A F1            [10] 2045 	pop	af
   0D3B F1            [10] 2046 	pop	af
   0D3C C1            [10] 2047 	pop	bc
                           2048 ;source_code/aes192.c:201: for (int i = 0; i < 16; i++) {
   0D3D 03            [ 6] 2049 	inc	bc
   0D3E 18 DC         [12] 2050 	jr	00103$
   0D40                    2051 00101$:
                           2052 ;source_code/aes192.c:204: printf("\n");
   0D40 21r73r0D      [10] 2053 	ld	hl, #___str_5
   0D43 E5            [11] 2054 	push	hl
   0D44 CDr00r00      [17] 2055 	call	_puts
   0D47 F1            [10] 2056 	pop	af
                           2057 ;source_code/aes192.c:206: return 0;
   0D48 21 00 00      [10] 2058 	ld	hl, #0x0000
                           2059 ;source_code/aes192.c:207: }
   0D4B DD F9         [10] 2060 	ld	sp, ix
   0D4D DD E1         [14] 2061 	pop	ix
   0D4F C9            [10] 2062 	ret
   0D50                    2063 ___str_1:
   0D50 3D 3D 3D 20 41 45  2064 	.ascii "=== AES-192 ==="
        53 2D 31 39 32 20
        3D 3D 3D
   0D5F 00                 2065 	.db 0x00
   0D60                    2066 ___str_2:
   0D60 43 69 70 68 65 72  2067 	.ascii "Ciphertext: "
        74 65 78 74 3A 20
   0D6C 00                 2068 	.db 0x00
   0D6D                    2069 ___str_3:
   0D6D 25 30 32 78 20     2070 	.ascii "%02x "
   0D72 00                 2071 	.db 0x00
   0D73                    2072 ___str_5:
   0D73 00                 2073 	.db 0x00
                           2074 	.area _CODE
                           2075 	.area _INITIALIZER
                           2076 	.area _CABS (ABS)
