                              1 ;--------------------------------------------------------
                              2 ; File Created by SDCC : free open source ANSI-C Compiler
                              3 ; Version 4.0.0 #11528 (Linux)
                              4 ;--------------------------------------------------------
                              5 	.module aes128
                              6 	.optsdcc -mz80
                              7 	
                              8 ;--------------------------------------------------------
                              9 ; Public variables in this module
                             10 ;--------------------------------------------------------
                             11 	.globl _main
                             12 	.globl _aes128_encrypt
                             13 	.globl _puts
                             14 	.globl _printf
                             15 ;--------------------------------------------------------
                             16 ; special function registers
                             17 ;--------------------------------------------------------
                             18 ;--------------------------------------------------------
                             19 ; ram data
                             20 ;--------------------------------------------------------
                             21 	.area _DATA
                             22 ;--------------------------------------------------------
                             23 ; ram data
                             24 ;--------------------------------------------------------
                             25 	.area _INITIALIZED
                             26 ;--------------------------------------------------------
                             27 ; absolute external ram data
                             28 ;--------------------------------------------------------
                             29 	.area _DABS (ABS)
                             30 ;--------------------------------------------------------
                             31 ; global & static initialisations
                             32 ;--------------------------------------------------------
                             33 	.area _HOME
                             34 	.area _GSINIT
                             35 	.area _GSFINAL
                             36 	.area _GSINIT
                             37 ;--------------------------------------------------------
                             38 ; Home
                             39 ;--------------------------------------------------------
                             40 	.area _HOME
                             41 	.area _HOME
                             42 ;--------------------------------------------------------
                             43 ; code
                             44 ;--------------------------------------------------------
                             45 	.area _CODE
                             46 ;source_code/aes128.c:38: static uint8_t xtime(uint8_t x) {
                             47 ;	---------------------------------
                             48 ; Function xtime
                             49 ; ---------------------------------
   0000                      50 _xtime:
   0000 DD E5         [15]   51 	push	ix
   0002 DD 21 00 00   [14]   52 	ld	ix,#0
   0006 DD 39         [15]   53 	add	ix,sp
                             54 ;source_code/aes128.c:39: return ((x << 1) ^ (((x >> 7) & 1) * 0x1b));
   0008 DD 7E 04      [19]   55 	ld	a, 4 (ix)
   000B 87            [ 4]   56 	add	a, a
   000C 4F            [ 4]   57 	ld	c, a
   000D DD 7E 04      [19]   58 	ld	a, 4 (ix)
   0010 CB 07         [ 8]   59 	rlc	a
   0012 E6 01         [ 7]   60 	and	a, #0x01
   0014 5F            [ 4]   61 	ld	e, a
   0015 16 00         [ 7]   62 	ld	d, #0x00
   0017 6B            [ 4]   63 	ld	l, e
   0018 62            [ 4]   64 	ld	h, d
   0019 29            [11]   65 	add	hl, hl
   001A 19            [11]   66 	add	hl, de
   001B 29            [11]   67 	add	hl, hl
   001C 29            [11]   68 	add	hl, hl
   001D 19            [11]   69 	add	hl, de
   001E 29            [11]   70 	add	hl, hl
   001F 19            [11]   71 	add	hl, de
   0020 79            [ 4]   72 	ld	a, c
   0021 17            [ 4]   73 	rla
   0022 9F            [ 4]   74 	sbc	a, a
   0023 F5            [11]   75 	push	af
   0024 79            [ 4]   76 	ld	a, c
   0025 AD            [ 4]   77 	xor	a, l
   0026 6F            [ 4]   78 	ld	l, a
   0027 F1            [10]   79 	pop	af
   0028 AC            [ 4]   80 	xor	a, h
                             81 ;source_code/aes128.c:40: }
   0029 DD E1         [14]   82 	pop	ix
   002B C9            [10]   83 	ret
   002C                      84 _sbox:
   002C 63                   85 	.db #0x63	; 99	'c'
   002D 7C                   86 	.db #0x7c	; 124
   002E 77                   87 	.db #0x77	; 119	'w'
   002F 7B                   88 	.db #0x7b	; 123
   0030 F2                   89 	.db #0xf2	; 242
   0031 6B                   90 	.db #0x6b	; 107	'k'
   0032 6F                   91 	.db #0x6f	; 111	'o'
   0033 C5                   92 	.db #0xc5	; 197
   0034 30                   93 	.db #0x30	; 48	'0'
   0035 01                   94 	.db #0x01	; 1
   0036 67                   95 	.db #0x67	; 103	'g'
   0037 2B                   96 	.db #0x2b	; 43
   0038 FE                   97 	.db #0xfe	; 254
   0039 D7                   98 	.db #0xd7	; 215
   003A AB                   99 	.db #0xab	; 171
   003B 76                  100 	.db #0x76	; 118	'v'
   003C CA                  101 	.db #0xca	; 202
   003D 82                  102 	.db #0x82	; 130
   003E C9                  103 	.db #0xc9	; 201
   003F 7D                  104 	.db #0x7d	; 125
   0040 FA                  105 	.db #0xfa	; 250
   0041 59                  106 	.db #0x59	; 89	'Y'
   0042 47                  107 	.db #0x47	; 71	'G'
   0043 F0                  108 	.db #0xf0	; 240
   0044 AD                  109 	.db #0xad	; 173
   0045 D4                  110 	.db #0xd4	; 212
   0046 A2                  111 	.db #0xa2	; 162
   0047 AF                  112 	.db #0xaf	; 175
   0048 9C                  113 	.db #0x9c	; 156
   0049 A4                  114 	.db #0xa4	; 164
   004A 72                  115 	.db #0x72	; 114	'r'
   004B C0                  116 	.db #0xc0	; 192
   004C B7                  117 	.db #0xb7	; 183
   004D FD                  118 	.db #0xfd	; 253
   004E 93                  119 	.db #0x93	; 147
   004F 26                  120 	.db #0x26	; 38
   0050 36                  121 	.db #0x36	; 54	'6'
   0051 3F                  122 	.db #0x3f	; 63
   0052 F7                  123 	.db #0xf7	; 247
   0053 CC                  124 	.db #0xcc	; 204
   0054 34                  125 	.db #0x34	; 52	'4'
   0055 A5                  126 	.db #0xa5	; 165
   0056 E5                  127 	.db #0xe5	; 229
   0057 F1                  128 	.db #0xf1	; 241
   0058 71                  129 	.db #0x71	; 113	'q'
   0059 D8                  130 	.db #0xd8	; 216
   005A 31                  131 	.db #0x31	; 49	'1'
   005B 15                  132 	.db #0x15	; 21
   005C 04                  133 	.db #0x04	; 4
   005D C7                  134 	.db #0xc7	; 199
   005E 23                  135 	.db #0x23	; 35
   005F C3                  136 	.db #0xc3	; 195
   0060 18                  137 	.db #0x18	; 24
   0061 96                  138 	.db #0x96	; 150
   0062 05                  139 	.db #0x05	; 5
   0063 9A                  140 	.db #0x9a	; 154
   0064 07                  141 	.db #0x07	; 7
   0065 12                  142 	.db #0x12	; 18
   0066 80                  143 	.db #0x80	; 128
   0067 E2                  144 	.db #0xe2	; 226
   0068 EB                  145 	.db #0xeb	; 235
   0069 27                  146 	.db #0x27	; 39
   006A B2                  147 	.db #0xb2	; 178
   006B 75                  148 	.db #0x75	; 117	'u'
   006C 09                  149 	.db #0x09	; 9
   006D 83                  150 	.db #0x83	; 131
   006E 2C                  151 	.db #0x2c	; 44
   006F 1A                  152 	.db #0x1a	; 26
   0070 1B                  153 	.db #0x1b	; 27
   0071 6E                  154 	.db #0x6e	; 110	'n'
   0072 5A                  155 	.db #0x5a	; 90	'Z'
   0073 A0                  156 	.db #0xa0	; 160
   0074 52                  157 	.db #0x52	; 82	'R'
   0075 3B                  158 	.db #0x3b	; 59
   0076 D6                  159 	.db #0xd6	; 214
   0077 B3                  160 	.db #0xb3	; 179
   0078 29                  161 	.db #0x29	; 41
   0079 E3                  162 	.db #0xe3	; 227
   007A 2F                  163 	.db #0x2f	; 47
   007B 84                  164 	.db #0x84	; 132
   007C 53                  165 	.db #0x53	; 83	'S'
   007D D1                  166 	.db #0xd1	; 209
   007E 00                  167 	.db #0x00	; 0
   007F ED                  168 	.db #0xed	; 237
   0080 20                  169 	.db #0x20	; 32
   0081 FC                  170 	.db #0xfc	; 252
   0082 B1                  171 	.db #0xb1	; 177
   0083 5B                  172 	.db #0x5b	; 91
   0084 6A                  173 	.db #0x6a	; 106	'j'
   0085 CB                  174 	.db #0xcb	; 203
   0086 BE                  175 	.db #0xbe	; 190
   0087 39                  176 	.db #0x39	; 57	'9'
   0088 4A                  177 	.db #0x4a	; 74	'J'
   0089 4C                  178 	.db #0x4c	; 76	'L'
   008A 58                  179 	.db #0x58	; 88	'X'
   008B CF                  180 	.db #0xcf	; 207
   008C D0                  181 	.db #0xd0	; 208
   008D EF                  182 	.db #0xef	; 239
   008E AA                  183 	.db #0xaa	; 170
   008F FB                  184 	.db #0xfb	; 251
   0090 43                  185 	.db #0x43	; 67	'C'
   0091 4D                  186 	.db #0x4d	; 77	'M'
   0092 33                  187 	.db #0x33	; 51	'3'
   0093 85                  188 	.db #0x85	; 133
   0094 45                  189 	.db #0x45	; 69	'E'
   0095 F9                  190 	.db #0xf9	; 249
   0096 02                  191 	.db #0x02	; 2
   0097 7F                  192 	.db #0x7f	; 127
   0098 50                  193 	.db #0x50	; 80	'P'
   0099 3C                  194 	.db #0x3c	; 60
   009A 9F                  195 	.db #0x9f	; 159
   009B A8                  196 	.db #0xa8	; 168
   009C 51                  197 	.db #0x51	; 81	'Q'
   009D A3                  198 	.db #0xa3	; 163
   009E 40                  199 	.db #0x40	; 64
   009F 8F                  200 	.db #0x8f	; 143
   00A0 92                  201 	.db #0x92	; 146
   00A1 9D                  202 	.db #0x9d	; 157
   00A2 38                  203 	.db #0x38	; 56	'8'
   00A3 F5                  204 	.db #0xf5	; 245
   00A4 BC                  205 	.db #0xbc	; 188
   00A5 B6                  206 	.db #0xb6	; 182
   00A6 DA                  207 	.db #0xda	; 218
   00A7 21                  208 	.db #0x21	; 33
   00A8 10                  209 	.db #0x10	; 16
   00A9 FF                  210 	.db #0xff	; 255
   00AA F3                  211 	.db #0xf3	; 243
   00AB D2                  212 	.db #0xd2	; 210
   00AC CD                  213 	.db #0xcd	; 205
   00AD 0C                  214 	.db #0x0c	; 12
   00AE 13                  215 	.db #0x13	; 19
   00AF EC                  216 	.db #0xec	; 236
   00B0 5F                  217 	.db #0x5f	; 95
   00B1 97                  218 	.db #0x97	; 151
   00B2 44                  219 	.db #0x44	; 68	'D'
   00B3 17                  220 	.db #0x17	; 23
   00B4 C4                  221 	.db #0xc4	; 196
   00B5 A7                  222 	.db #0xa7	; 167
   00B6 7E                  223 	.db #0x7e	; 126
   00B7 3D                  224 	.db #0x3d	; 61
   00B8 64                  225 	.db #0x64	; 100	'd'
   00B9 5D                  226 	.db #0x5d	; 93
   00BA 19                  227 	.db #0x19	; 25
   00BB 73                  228 	.db #0x73	; 115	's'
   00BC 60                  229 	.db #0x60	; 96
   00BD 81                  230 	.db #0x81	; 129
   00BE 4F                  231 	.db #0x4f	; 79	'O'
   00BF DC                  232 	.db #0xdc	; 220
   00C0 22                  233 	.db #0x22	; 34
   00C1 2A                  234 	.db #0x2a	; 42
   00C2 90                  235 	.db #0x90	; 144
   00C3 88                  236 	.db #0x88	; 136
   00C4 46                  237 	.db #0x46	; 70	'F'
   00C5 EE                  238 	.db #0xee	; 238
   00C6 B8                  239 	.db #0xb8	; 184
   00C7 14                  240 	.db #0x14	; 20
   00C8 DE                  241 	.db #0xde	; 222
   00C9 5E                  242 	.db #0x5e	; 94
   00CA 0B                  243 	.db #0x0b	; 11
   00CB DB                  244 	.db #0xdb	; 219
   00CC E0                  245 	.db #0xe0	; 224
   00CD 32                  246 	.db #0x32	; 50	'2'
   00CE 3A                  247 	.db #0x3a	; 58
   00CF 0A                  248 	.db #0x0a	; 10
   00D0 49                  249 	.db #0x49	; 73	'I'
   00D1 06                  250 	.db #0x06	; 6
   00D2 24                  251 	.db #0x24	; 36
   00D3 5C                  252 	.db #0x5c	; 92
   00D4 C2                  253 	.db #0xc2	; 194
   00D5 D3                  254 	.db #0xd3	; 211
   00D6 AC                  255 	.db #0xac	; 172
   00D7 62                  256 	.db #0x62	; 98	'b'
   00D8 91                  257 	.db #0x91	; 145
   00D9 95                  258 	.db #0x95	; 149
   00DA E4                  259 	.db #0xe4	; 228
   00DB 79                  260 	.db #0x79	; 121	'y'
   00DC E7                  261 	.db #0xe7	; 231
   00DD C8                  262 	.db #0xc8	; 200
   00DE 37                  263 	.db #0x37	; 55	'7'
   00DF 6D                  264 	.db #0x6d	; 109	'm'
   00E0 8D                  265 	.db #0x8d	; 141
   00E1 D5                  266 	.db #0xd5	; 213
   00E2 4E                  267 	.db #0x4e	; 78	'N'
   00E3 A9                  268 	.db #0xa9	; 169
   00E4 6C                  269 	.db #0x6c	; 108	'l'
   00E5 56                  270 	.db #0x56	; 86	'V'
   00E6 F4                  271 	.db #0xf4	; 244
   00E7 EA                  272 	.db #0xea	; 234
   00E8 65                  273 	.db #0x65	; 101	'e'
   00E9 7A                  274 	.db #0x7a	; 122	'z'
   00EA AE                  275 	.db #0xae	; 174
   00EB 08                  276 	.db #0x08	; 8
   00EC BA                  277 	.db #0xba	; 186
   00ED 78                  278 	.db #0x78	; 120	'x'
   00EE 25                  279 	.db #0x25	; 37
   00EF 2E                  280 	.db #0x2e	; 46
   00F0 1C                  281 	.db #0x1c	; 28
   00F1 A6                  282 	.db #0xa6	; 166
   00F2 B4                  283 	.db #0xb4	; 180
   00F3 C6                  284 	.db #0xc6	; 198
   00F4 E8                  285 	.db #0xe8	; 232
   00F5 DD                  286 	.db #0xdd	; 221
   00F6 74                  287 	.db #0x74	; 116	't'
   00F7 1F                  288 	.db #0x1f	; 31
   00F8 4B                  289 	.db #0x4b	; 75	'K'
   00F9 BD                  290 	.db #0xbd	; 189
   00FA 8B                  291 	.db #0x8b	; 139
   00FB 8A                  292 	.db #0x8a	; 138
   00FC 70                  293 	.db #0x70	; 112	'p'
   00FD 3E                  294 	.db #0x3e	; 62
   00FE B5                  295 	.db #0xb5	; 181
   00FF 66                  296 	.db #0x66	; 102	'f'
   0100 48                  297 	.db #0x48	; 72	'H'
   0101 03                  298 	.db #0x03	; 3
   0102 F6                  299 	.db #0xf6	; 246
   0103 0E                  300 	.db #0x0e	; 14
   0104 61                  301 	.db #0x61	; 97	'a'
   0105 35                  302 	.db #0x35	; 53	'5'
   0106 57                  303 	.db #0x57	; 87	'W'
   0107 B9                  304 	.db #0xb9	; 185
   0108 86                  305 	.db #0x86	; 134
   0109 C1                  306 	.db #0xc1	; 193
   010A 1D                  307 	.db #0x1d	; 29
   010B 9E                  308 	.db #0x9e	; 158
   010C E1                  309 	.db #0xe1	; 225
   010D F8                  310 	.db #0xf8	; 248
   010E 98                  311 	.db #0x98	; 152
   010F 11                  312 	.db #0x11	; 17
   0110 69                  313 	.db #0x69	; 105	'i'
   0111 D9                  314 	.db #0xd9	; 217
   0112 8E                  315 	.db #0x8e	; 142
   0113 94                  316 	.db #0x94	; 148
   0114 9B                  317 	.db #0x9b	; 155
   0115 1E                  318 	.db #0x1e	; 30
   0116 87                  319 	.db #0x87	; 135
   0117 E9                  320 	.db #0xe9	; 233
   0118 CE                  321 	.db #0xce	; 206
   0119 55                  322 	.db #0x55	; 85	'U'
   011A 28                  323 	.db #0x28	; 40
   011B DF                  324 	.db #0xdf	; 223
   011C 8C                  325 	.db #0x8c	; 140
   011D A1                  326 	.db #0xa1	; 161
   011E 89                  327 	.db #0x89	; 137
   011F 0D                  328 	.db #0x0d	; 13
   0120 BF                  329 	.db #0xbf	; 191
   0121 E6                  330 	.db #0xe6	; 230
   0122 42                  331 	.db #0x42	; 66	'B'
   0123 68                  332 	.db #0x68	; 104	'h'
   0124 41                  333 	.db #0x41	; 65	'A'
   0125 99                  334 	.db #0x99	; 153
   0126 2D                  335 	.db #0x2d	; 45
   0127 0F                  336 	.db #0x0f	; 15
   0128 B0                  337 	.db #0xb0	; 176
   0129 54                  338 	.db #0x54	; 84	'T'
   012A BB                  339 	.db #0xbb	; 187
   012B 16                  340 	.db #0x16	; 22
   012C                     341 _rcon:
   012C 00                  342 	.db #0x00	; 0
   012D 01                  343 	.db #0x01	; 1
   012E 02                  344 	.db #0x02	; 2
   012F 04                  345 	.db #0x04	; 4
   0130 08                  346 	.db #0x08	; 8
   0131 10                  347 	.db #0x10	; 16
   0132 20                  348 	.db #0x20	; 32
   0133 40                  349 	.db #0x40	; 64
   0134 80                  350 	.db #0x80	; 128
   0135 1B                  351 	.db #0x1b	; 27
   0136 36                  352 	.db #0x36	; 54	'6'
                            353 ;source_code/aes128.c:42: static void sub_bytes(uint8_t *state) {
                            354 ;	---------------------------------
                            355 ; Function sub_bytes
                            356 ; ---------------------------------
   0137                     357 _sub_bytes:
   0137 DD E5         [15]  358 	push	ix
   0139 DD 21 00 00   [14]  359 	ld	ix,#0
   013D DD 39         [15]  360 	add	ix,sp
                            361 ;source_code/aes128.c:43: for (int i = 0; i < 16; i++) {
   013F 01 00 00      [10]  362 	ld	bc, #0x0000
   0142                     363 00103$:
   0142 79            [ 4]  364 	ld	a, c
   0143 D6 10         [ 7]  365 	sub	a, #0x10
   0145 78            [ 4]  366 	ld	a, b
   0146 17            [ 4]  367 	rla
   0147 3F            [ 4]  368 	ccf
   0148 1F            [ 4]  369 	rra
   0149 DE 80         [ 7]  370 	sbc	a, #0x80
   014B 30 18         [12]  371 	jr	NC,00105$
                            372 ;source_code/aes128.c:44: state[i] = sbox[state[i]];
   014D DD 7E 04      [19]  373 	ld	a, 4 (ix)
   0150 81            [ 4]  374 	add	a, c
   0151 5F            [ 4]  375 	ld	e, a
   0152 DD 7E 05      [19]  376 	ld	a, 5 (ix)
   0155 88            [ 4]  377 	adc	a, b
   0156 57            [ 4]  378 	ld	d, a
   0157 1A            [ 7]  379 	ld	a, (de)
   0158 C6r2C         [ 7]  380 	add	a, #<(_sbox)
   015A 6F            [ 4]  381 	ld	l, a
   015B 3E 00         [ 7]  382 	ld	a, #0x00
   015D CEs00         [ 7]  383 	adc	a, #>(_sbox)
   015F 67            [ 4]  384 	ld	h, a
   0160 7E            [ 7]  385 	ld	a, (hl)
   0161 12            [ 7]  386 	ld	(de), a
                            387 ;source_code/aes128.c:43: for (int i = 0; i < 16; i++) {
   0162 03            [ 6]  388 	inc	bc
   0163 18 DD         [12]  389 	jr	00103$
   0165                     390 00105$:
                            391 ;source_code/aes128.c:46: }
   0165 DD E1         [14]  392 	pop	ix
   0167 C9            [10]  393 	ret
                            394 ;source_code/aes128.c:48: static void shift_rows(uint8_t *state) {
                            395 ;	---------------------------------
                            396 ; Function shift_rows
                            397 ; ---------------------------------
   0168                     398 _shift_rows:
   0168 DD E5         [15]  399 	push	ix
   016A DD 21 00 00   [14]  400 	ld	ix,#0
   016E DD 39         [15]  401 	add	ix,sp
   0170 3B            [ 6]  402 	dec	sp
                            403 ;source_code/aes128.c:51: temp = state[1];
   0171 DD 5E 04      [19]  404 	ld	e, 4 (ix)
   0174 DD 56 05      [19]  405 	ld	d, 5 (ix)
   0177 13            [ 6]  406 	inc	de
   0178 1A            [ 7]  407 	ld	a, (de)
   0179 DD 77 FF      [19]  408 	ld	-1 (ix), a
                            409 ;source_code/aes128.c:52: state[1] = state[5];
   017C DD 7E 04      [19]  410 	ld	a, 4 (ix)
   017F C6 05         [ 7]  411 	add	a, #0x05
   0181 4F            [ 4]  412 	ld	c, a
   0182 DD 7E 05      [19]  413 	ld	a, 5 (ix)
   0185 CE 00         [ 7]  414 	adc	a, #0x00
   0187 47            [ 4]  415 	ld	b, a
   0188 0A            [ 7]  416 	ld	a, (bc)
   0189 12            [ 7]  417 	ld	(de), a
                            418 ;source_code/aes128.c:53: state[5] = state[9];
   018A DD 7E 04      [19]  419 	ld	a, 4 (ix)
   018D C6 09         [ 7]  420 	add	a, #0x09
   018F 5F            [ 4]  421 	ld	e, a
   0190 DD 7E 05      [19]  422 	ld	a, 5 (ix)
   0193 CE 00         [ 7]  423 	adc	a, #0x00
   0195 57            [ 4]  424 	ld	d, a
   0196 1A            [ 7]  425 	ld	a, (de)
   0197 02            [ 7]  426 	ld	(bc), a
                            427 ;source_code/aes128.c:54: state[9] = state[13];
   0198 DD 7E 04      [19]  428 	ld	a, 4 (ix)
   019B C6 0D         [ 7]  429 	add	a, #0x0d
   019D 4F            [ 4]  430 	ld	c, a
   019E DD 7E 05      [19]  431 	ld	a, 5 (ix)
   01A1 CE 00         [ 7]  432 	adc	a, #0x00
   01A3 47            [ 4]  433 	ld	b, a
   01A4 0A            [ 7]  434 	ld	a, (bc)
   01A5 12            [ 7]  435 	ld	(de), a
                            436 ;source_code/aes128.c:55: state[13] = temp;
   01A6 DD 7E FF      [19]  437 	ld	a, -1 (ix)
   01A9 02            [ 7]  438 	ld	(bc), a
                            439 ;source_code/aes128.c:57: temp = state[2];
   01AA DD 5E 04      [19]  440 	ld	e, 4 (ix)
   01AD DD 56 05      [19]  441 	ld	d, 5 (ix)
   01B0 13            [ 6]  442 	inc	de
   01B1 13            [ 6]  443 	inc	de
   01B2 1A            [ 7]  444 	ld	a, (de)
   01B3 DD 77 FF      [19]  445 	ld	-1 (ix), a
                            446 ;source_code/aes128.c:58: state[2] = state[10];
   01B6 DD 7E 04      [19]  447 	ld	a, 4 (ix)
   01B9 C6 0A         [ 7]  448 	add	a, #0x0a
   01BB 4F            [ 4]  449 	ld	c, a
   01BC DD 7E 05      [19]  450 	ld	a, 5 (ix)
   01BF CE 00         [ 7]  451 	adc	a, #0x00
   01C1 47            [ 4]  452 	ld	b, a
   01C2 0A            [ 7]  453 	ld	a, (bc)
   01C3 12            [ 7]  454 	ld	(de), a
                            455 ;source_code/aes128.c:59: state[10] = temp;
   01C4 DD 7E FF      [19]  456 	ld	a, -1 (ix)
   01C7 02            [ 7]  457 	ld	(bc), a
                            458 ;source_code/aes128.c:60: temp = state[6];
   01C8 DD 7E 04      [19]  459 	ld	a, 4 (ix)
   01CB C6 06         [ 7]  460 	add	a, #0x06
   01CD 5F            [ 4]  461 	ld	e, a
   01CE DD 7E 05      [19]  462 	ld	a, 5 (ix)
   01D1 CE 00         [ 7]  463 	adc	a, #0x00
   01D3 57            [ 4]  464 	ld	d, a
   01D4 1A            [ 7]  465 	ld	a, (de)
   01D5 DD 77 FF      [19]  466 	ld	-1 (ix), a
                            467 ;source_code/aes128.c:61: state[6] = state[14];
   01D8 DD 7E 04      [19]  468 	ld	a, 4 (ix)
   01DB C6 0E         [ 7]  469 	add	a, #0x0e
   01DD 4F            [ 4]  470 	ld	c, a
   01DE DD 7E 05      [19]  471 	ld	a, 5 (ix)
   01E1 CE 00         [ 7]  472 	adc	a, #0x00
   01E3 47            [ 4]  473 	ld	b, a
   01E4 0A            [ 7]  474 	ld	a, (bc)
   01E5 12            [ 7]  475 	ld	(de), a
                            476 ;source_code/aes128.c:62: state[14] = temp;
   01E6 DD 7E FF      [19]  477 	ld	a, -1 (ix)
   01E9 02            [ 7]  478 	ld	(bc), a
                            479 ;source_code/aes128.c:64: temp = state[15];
   01EA DD 7E 04      [19]  480 	ld	a, 4 (ix)
   01ED C6 0F         [ 7]  481 	add	a, #0x0f
   01EF 5F            [ 4]  482 	ld	e, a
   01F0 DD 7E 05      [19]  483 	ld	a, 5 (ix)
   01F3 CE 00         [ 7]  484 	adc	a, #0x00
   01F5 57            [ 4]  485 	ld	d, a
   01F6 1A            [ 7]  486 	ld	a, (de)
   01F7 DD 77 FF      [19]  487 	ld	-1 (ix), a
                            488 ;source_code/aes128.c:65: state[15] = state[11];
   01FA DD 7E 04      [19]  489 	ld	a, 4 (ix)
   01FD C6 0B         [ 7]  490 	add	a, #0x0b
   01FF 4F            [ 4]  491 	ld	c, a
   0200 DD 7E 05      [19]  492 	ld	a, 5 (ix)
   0203 CE 00         [ 7]  493 	adc	a, #0x00
   0205 47            [ 4]  494 	ld	b, a
   0206 0A            [ 7]  495 	ld	a, (bc)
   0207 12            [ 7]  496 	ld	(de), a
                            497 ;source_code/aes128.c:66: state[11] = state[7];
   0208 DD 7E 04      [19]  498 	ld	a, 4 (ix)
   020B C6 07         [ 7]  499 	add	a, #0x07
   020D 5F            [ 4]  500 	ld	e, a
   020E DD 7E 05      [19]  501 	ld	a, 5 (ix)
   0211 CE 00         [ 7]  502 	adc	a, #0x00
   0213 57            [ 4]  503 	ld	d, a
   0214 1A            [ 7]  504 	ld	a, (de)
   0215 02            [ 7]  505 	ld	(bc), a
                            506 ;source_code/aes128.c:67: state[7] = state[3];
   0216 DD 4E 04      [19]  507 	ld	c, 4 (ix)
   0219 DD 46 05      [19]  508 	ld	b, 5 (ix)
   021C 03            [ 6]  509 	inc	bc
   021D 03            [ 6]  510 	inc	bc
   021E 03            [ 6]  511 	inc	bc
   021F 0A            [ 7]  512 	ld	a, (bc)
   0220 12            [ 7]  513 	ld	(de), a
                            514 ;source_code/aes128.c:68: state[3] = temp;
   0221 DD 7E FF      [19]  515 	ld	a, -1 (ix)
   0224 02            [ 7]  516 	ld	(bc), a
                            517 ;source_code/aes128.c:69: }
   0225 33            [ 6]  518 	inc	sp
   0226 DD E1         [14]  519 	pop	ix
   0228 C9            [10]  520 	ret
                            521 ;source_code/aes128.c:71: static void mix_columns(uint8_t *state) {
                            522 ;	---------------------------------
                            523 ; Function mix_columns
                            524 ; ---------------------------------
   0229                     525 _mix_columns:
   0229 DD E5         [15]  526 	push	ix
   022B DD 21 00 00   [14]  527 	ld	ix,#0
   022F DD 39         [15]  528 	add	ix,sp
   0231 21 E2 FF      [10]  529 	ld	hl, #-30
   0234 39            [11]  530 	add	hl, sp
   0235 F9            [ 6]  531 	ld	sp, hl
                            532 ;source_code/aes128.c:74: for (int i = 0; i < 4; i++) {
   0236 21 02 00      [10]  533 	ld	hl, #2
   0239 39            [11]  534 	add	hl, sp
   023A DD 75 F4      [19]  535 	ld	-12 (ix), l
   023D DD 74 F5      [19]  536 	ld	-11 (ix), h
   0240 01 00 00      [10]  537 	ld	bc, #0x0000
   0243                     538 00103$:
   0243 79            [ 4]  539 	ld	a, c
   0244 D6 04         [ 7]  540 	sub	a, #0x04
   0246 78            [ 4]  541 	ld	a, b
   0247 17            [ 4]  542 	rla
   0248 3F            [ 4]  543 	ccf
   0249 1F            [ 4]  544 	rra
   024A DE 80         [ 7]  545 	sbc	a, #0x80
   024C D2r24r04      [10]  546 	jp	NC, 00101$
                            547 ;source_code/aes128.c:75: int idx = i * 4;
   024F 59            [ 4]  548 	ld	e, c
   0250 50            [ 4]  549 	ld	d, b
   0251 CB 23         [ 8]  550 	sla	e
   0253 CB 12         [ 8]  551 	rl	d
   0255 CB 23         [ 8]  552 	sla	e
   0257 CB 12         [ 8]  553 	rl	d
                            554 ;source_code/aes128.c:76: tmp[idx + 0] = (uint8_t)(xtime(state[idx + 0]) ^ xtime(state[idx + 1]) ^ state[idx + 1] ^ state[idx + 2] ^ state[idx + 3]);
   0259 DD 73 F6      [19]  555 	ld	-10 (ix), e
   025C 7B            [ 4]  556 	ld	a, e
   025D 6F            [ 4]  557 	ld	l, a
   025E 17            [ 4]  558 	rla
   025F 9F            [ 4]  559 	sbc	a, a
   0260 67            [ 4]  560 	ld	h, a
   0261 7D            [ 4]  561 	ld	a, l
   0262 DD 86 F4      [19]  562 	add	a, -12 (ix)
   0265 DD 77 E2      [19]  563 	ld	-30 (ix), a
   0268 7C            [ 4]  564 	ld	a, h
   0269 DD 8E F5      [19]  565 	adc	a, -11 (ix)
   026C DD 77 E3      [19]  566 	ld	-29 (ix), a
   026F DD 7E 04      [19]  567 	ld	a, 4 (ix)
   0272 83            [ 4]  568 	add	a, e
   0273 DD 77 F7      [19]  569 	ld	-9 (ix), a
   0276 DD 7E 05      [19]  570 	ld	a, 5 (ix)
   0279 8A            [ 4]  571 	adc	a, d
   027A DD 77 F8      [19]  572 	ld	-8 (ix), a
   027D DD 6E F7      [19]  573 	ld	l, -9 (ix)
   0280 DD 66 F8      [19]  574 	ld	h, -8 (ix)
   0283 7E            [ 7]  575 	ld	a, (hl)
   0284 C5            [11]  576 	push	bc
   0285 D5            [11]  577 	push	de
   0286 F5            [11]  578 	push	af
   0287 33            [ 6]  579 	inc	sp
   0288 CDr00r00      [17]  580 	call	_xtime
   028B 33            [ 6]  581 	inc	sp
   028C DD 75 FD      [19]  582 	ld	-3 (ix), l
   028F D1            [10]  583 	pop	de
   0290 C1            [10]  584 	pop	bc
   0291 21 01 00      [10]  585 	ld	hl, #0x0001
   0294 19            [11]  586 	add	hl, de
   0295 DD 75 FE      [19]  587 	ld	-2 (ix), l
   0298 DD 74 FF      [19]  588 	ld	-1 (ix), h
   029B DD 7E FE      [19]  589 	ld	a, -2 (ix)
   029E DD 86 04      [19]  590 	add	a, 4 (ix)
   02A1 DD 77 F9      [19]  591 	ld	-7 (ix), a
   02A4 DD 7E FF      [19]  592 	ld	a, -1 (ix)
   02A7 DD 8E 05      [19]  593 	adc	a, 5 (ix)
   02AA DD 77 FA      [19]  594 	ld	-6 (ix), a
   02AD DD 6E F9      [19]  595 	ld	l, -7 (ix)
   02B0 DD 66 FA      [19]  596 	ld	h, -6 (ix)
   02B3 7E            [ 7]  597 	ld	a, (hl)
   02B4 C5            [11]  598 	push	bc
   02B5 D5            [11]  599 	push	de
   02B6 F5            [11]  600 	push	af
   02B7 33            [ 6]  601 	inc	sp
   02B8 CDr00r00      [17]  602 	call	_xtime
   02BB 33            [ 6]  603 	inc	sp
   02BC 7D            [ 4]  604 	ld	a, l
   02BD D1            [10]  605 	pop	de
   02BE C1            [10]  606 	pop	bc
   02BF DD AE FD      [19]  607 	xor	a, -3 (ix)
   02C2 DD 6E F9      [19]  608 	ld	l, -7 (ix)
   02C5 DD 66 FA      [19]  609 	ld	h, -6 (ix)
   02C8 6E            [ 7]  610 	ld	l, (hl)
   02C9 AD            [ 4]  611 	xor	a, l
   02CA DD 77 FF      [19]  612 	ld	-1 (ix), a
   02CD 21 02 00      [10]  613 	ld	hl, #0x0002
   02D0 19            [11]  614 	add	hl, de
   02D1 DD 75 FD      [19]  615 	ld	-3 (ix), l
   02D4 DD 74 FE      [19]  616 	ld	-2 (ix), h
   02D7 DD 7E FD      [19]  617 	ld	a, -3 (ix)
   02DA DD 86 04      [19]  618 	add	a, 4 (ix)
   02DD DD 77 FB      [19]  619 	ld	-5 (ix), a
   02E0 DD 7E FE      [19]  620 	ld	a, -2 (ix)
   02E3 DD 8E 05      [19]  621 	adc	a, 5 (ix)
   02E6 DD 77 FC      [19]  622 	ld	-4 (ix), a
   02E9 DD 6E FB      [19]  623 	ld	l, -5 (ix)
   02EC DD 66 FC      [19]  624 	ld	h, -4 (ix)
   02EF 7E            [ 7]  625 	ld	a, (hl)
   02F0 DD AE FF      [19]  626 	xor	a, -1 (ix)
   02F3 DD 77 FF      [19]  627 	ld	-1 (ix), a
   02F6 13            [ 6]  628 	inc	de
   02F7 13            [ 6]  629 	inc	de
   02F8 13            [ 6]  630 	inc	de
   02F9 7B            [ 4]  631 	ld	a, e
   02FA DD 86 04      [19]  632 	add	a, 4 (ix)
   02FD DD 77 FD      [19]  633 	ld	-3 (ix), a
   0300 7A            [ 4]  634 	ld	a, d
   0301 DD 8E 05      [19]  635 	adc	a, 5 (ix)
   0304 DD 77 FE      [19]  636 	ld	-2 (ix), a
   0307 DD 6E FD      [19]  637 	ld	l, -3 (ix)
   030A DD 66 FE      [19]  638 	ld	h, -2 (ix)
   030D 7E            [ 7]  639 	ld	a, (hl)
   030E DD AE FF      [19]  640 	xor	a, -1 (ix)
   0311 E1            [10]  641 	pop	hl
   0312 E5            [11]  642 	push	hl
   0313 77            [ 7]  643 	ld	(hl), a
                            644 ;source_code/aes128.c:77: tmp[idx + 1] = (uint8_t)(state[idx + 0] ^ xtime(state[idx + 1]) ^ xtime(state[idx + 2]) ^ state[idx + 2] ^ state[idx + 3]);
   0314 DD 7E F6      [19]  645 	ld	a, -10 (ix)
   0317 3C            [ 4]  646 	inc	a
   0318 5F            [ 4]  647 	ld	e, a
   0319 17            [ 4]  648 	rla
   031A 9F            [ 4]  649 	sbc	a, a
   031B 57            [ 4]  650 	ld	d, a
   031C 7B            [ 4]  651 	ld	a, e
   031D DD 86 F4      [19]  652 	add	a, -12 (ix)
   0320 5F            [ 4]  653 	ld	e, a
   0321 7A            [ 4]  654 	ld	a, d
   0322 DD 8E F5      [19]  655 	adc	a, -11 (ix)
   0325 57            [ 4]  656 	ld	d, a
   0326 DD 6E F7      [19]  657 	ld	l, -9 (ix)
   0329 DD 66 F8      [19]  658 	ld	h, -8 (ix)
   032C 7E            [ 7]  659 	ld	a, (hl)
   032D DD 77 FF      [19]  660 	ld	-1 (ix), a
   0330 DD 6E F9      [19]  661 	ld	l, -7 (ix)
   0333 DD 66 FA      [19]  662 	ld	h, -6 (ix)
   0336 7E            [ 7]  663 	ld	a, (hl)
   0337 C5            [11]  664 	push	bc
   0338 D5            [11]  665 	push	de
   0339 F5            [11]  666 	push	af
   033A 33            [ 6]  667 	inc	sp
   033B CDr00r00      [17]  668 	call	_xtime
   033E 33            [ 6]  669 	inc	sp
   033F 7D            [ 4]  670 	ld	a, l
   0340 D1            [10]  671 	pop	de
   0341 C1            [10]  672 	pop	bc
   0342 DD AE FF      [19]  673 	xor	a, -1 (ix)
   0345 DD 77 FF      [19]  674 	ld	-1 (ix), a
   0348 DD 6E FB      [19]  675 	ld	l, -5 (ix)
   034B DD 66 FC      [19]  676 	ld	h, -4 (ix)
   034E 7E            [ 7]  677 	ld	a, (hl)
   034F C5            [11]  678 	push	bc
   0350 D5            [11]  679 	push	de
   0351 F5            [11]  680 	push	af
   0352 33            [ 6]  681 	inc	sp
   0353 CDr00r00      [17]  682 	call	_xtime
   0356 33            [ 6]  683 	inc	sp
   0357 7D            [ 4]  684 	ld	a, l
   0358 D1            [10]  685 	pop	de
   0359 C1            [10]  686 	pop	bc
   035A DD AE FF      [19]  687 	xor	a, -1 (ix)
   035D DD 6E FB      [19]  688 	ld	l, -5 (ix)
   0360 DD 66 FC      [19]  689 	ld	h, -4 (ix)
   0363 6E            [ 7]  690 	ld	l, (hl)
   0364 AD            [ 4]  691 	xor	a, l
   0365 DD 6E FD      [19]  692 	ld	l, -3 (ix)
   0368 DD 66 FE      [19]  693 	ld	h, -2 (ix)
   036B 6E            [ 7]  694 	ld	l, (hl)
   036C AD            [ 4]  695 	xor	a, l
   036D 12            [ 7]  696 	ld	(de), a
                            697 ;source_code/aes128.c:78: tmp[idx + 2] = (uint8_t)(state[idx + 0] ^ state[idx + 1] ^ xtime(state[idx + 2]) ^ xtime(state[idx + 3]) ^ state[idx + 3]);
   036E DD 7E F6      [19]  698 	ld	a, -10 (ix)
   0371 3C            [ 4]  699 	inc	a
   0372 3C            [ 4]  700 	inc	a
   0373 5F            [ 4]  701 	ld	e, a
   0374 17            [ 4]  702 	rla
   0375 9F            [ 4]  703 	sbc	a, a
   0376 57            [ 4]  704 	ld	d, a
   0377 7B            [ 4]  705 	ld	a, e
   0378 DD 86 F4      [19]  706 	add	a, -12 (ix)
   037B 5F            [ 4]  707 	ld	e, a
   037C 7A            [ 4]  708 	ld	a, d
   037D DD 8E F5      [19]  709 	adc	a, -11 (ix)
   0380 57            [ 4]  710 	ld	d, a
   0381 DD 6E F7      [19]  711 	ld	l, -9 (ix)
   0384 DD 66 F8      [19]  712 	ld	h, -8 (ix)
   0387 7E            [ 7]  713 	ld	a, (hl)
   0388 DD 6E F9      [19]  714 	ld	l, -7 (ix)
   038B DD 66 FA      [19]  715 	ld	h, -6 (ix)
   038E 6E            [ 7]  716 	ld	l, (hl)
   038F AD            [ 4]  717 	xor	a, l
   0390 DD 77 FF      [19]  718 	ld	-1 (ix), a
   0393 DD 6E FB      [19]  719 	ld	l, -5 (ix)
   0396 DD 66 FC      [19]  720 	ld	h, -4 (ix)
   0399 7E            [ 7]  721 	ld	a, (hl)
   039A C5            [11]  722 	push	bc
   039B D5            [11]  723 	push	de
   039C F5            [11]  724 	push	af
   039D 33            [ 6]  725 	inc	sp
   039E CDr00r00      [17]  726 	call	_xtime
   03A1 33            [ 6]  727 	inc	sp
   03A2 7D            [ 4]  728 	ld	a, l
   03A3 D1            [10]  729 	pop	de
   03A4 C1            [10]  730 	pop	bc
   03A5 DD AE FF      [19]  731 	xor	a, -1 (ix)
   03A8 DD 77 FF      [19]  732 	ld	-1 (ix), a
   03AB DD 6E FD      [19]  733 	ld	l, -3 (ix)
   03AE DD 66 FE      [19]  734 	ld	h, -2 (ix)
   03B1 7E            [ 7]  735 	ld	a, (hl)
   03B2 C5            [11]  736 	push	bc
   03B3 D5            [11]  737 	push	de
   03B4 F5            [11]  738 	push	af
   03B5 33            [ 6]  739 	inc	sp
   03B6 CDr00r00      [17]  740 	call	_xtime
   03B9 33            [ 6]  741 	inc	sp
   03BA 7D            [ 4]  742 	ld	a, l
   03BB D1            [10]  743 	pop	de
   03BC C1            [10]  744 	pop	bc
   03BD DD AE FF      [19]  745 	xor	a, -1 (ix)
   03C0 DD 6E FD      [19]  746 	ld	l, -3 (ix)
   03C3 DD 66 FE      [19]  747 	ld	h, -2 (ix)
   03C6 6E            [ 7]  748 	ld	l, (hl)
   03C7 AD            [ 4]  749 	xor	a, l
   03C8 12            [ 7]  750 	ld	(de), a
                            751 ;source_code/aes128.c:79: tmp[idx + 3] = (uint8_t)(xtime(state[idx + 0]) ^ state[idx + 0] ^ state[idx + 1] ^ state[idx + 2] ^ xtime(state[idx + 3]));
   03C9 DD 7E F6      [19]  752 	ld	a, -10 (ix)
   03CC 3C            [ 4]  753 	inc	a
   03CD 3C            [ 4]  754 	inc	a
   03CE 3C            [ 4]  755 	inc	a
   03CF 5F            [ 4]  756 	ld	e, a
   03D0 17            [ 4]  757 	rla
   03D1 9F            [ 4]  758 	sbc	a, a
   03D2 57            [ 4]  759 	ld	d, a
   03D3 7B            [ 4]  760 	ld	a, e
   03D4 DD 86 F4      [19]  761 	add	a, -12 (ix)
   03D7 5F            [ 4]  762 	ld	e, a
   03D8 7A            [ 4]  763 	ld	a, d
   03D9 DD 8E F5      [19]  764 	adc	a, -11 (ix)
   03DC 57            [ 4]  765 	ld	d, a
   03DD DD 6E F7      [19]  766 	ld	l, -9 (ix)
   03E0 DD 66 F8      [19]  767 	ld	h, -8 (ix)
   03E3 7E            [ 7]  768 	ld	a, (hl)
   03E4 C5            [11]  769 	push	bc
   03E5 D5            [11]  770 	push	de
   03E6 F5            [11]  771 	push	af
   03E7 33            [ 6]  772 	inc	sp
   03E8 CDr00r00      [17]  773 	call	_xtime
   03EB 33            [ 6]  774 	inc	sp
   03EC 7D            [ 4]  775 	ld	a, l
   03ED D1            [10]  776 	pop	de
   03EE C1            [10]  777 	pop	bc
   03EF DD 6E F7      [19]  778 	ld	l, -9 (ix)
   03F2 DD 66 F8      [19]  779 	ld	h, -8 (ix)
   03F5 6E            [ 7]  780 	ld	l, (hl)
   03F6 AD            [ 4]  781 	xor	a, l
   03F7 DD 6E F9      [19]  782 	ld	l, -7 (ix)
   03FA DD 66 FA      [19]  783 	ld	h, -6 (ix)
   03FD 6E            [ 7]  784 	ld	l, (hl)
   03FE AD            [ 4]  785 	xor	a, l
   03FF DD 6E FB      [19]  786 	ld	l, -5 (ix)
   0402 DD 66 FC      [19]  787 	ld	h, -4 (ix)
   0405 6E            [ 7]  788 	ld	l, (hl)
   0406 AD            [ 4]  789 	xor	a, l
   0407 DD 77 FF      [19]  790 	ld	-1 (ix), a
   040A DD 6E FD      [19]  791 	ld	l, -3 (ix)
   040D DD 66 FE      [19]  792 	ld	h, -2 (ix)
   0410 7E            [ 7]  793 	ld	a, (hl)
   0411 C5            [11]  794 	push	bc
   0412 D5            [11]  795 	push	de
   0413 F5            [11]  796 	push	af
   0414 33            [ 6]  797 	inc	sp
   0415 CDr00r00      [17]  798 	call	_xtime
   0418 33            [ 6]  799 	inc	sp
   0419 7D            [ 4]  800 	ld	a, l
   041A D1            [10]  801 	pop	de
   041B C1            [10]  802 	pop	bc
   041C DD AE FF      [19]  803 	xor	a, -1 (ix)
   041F 12            [ 7]  804 	ld	(de), a
                            805 ;source_code/aes128.c:74: for (int i = 0; i < 4; i++) {
   0420 03            [ 6]  806 	inc	bc
   0421 C3r43r02      [10]  807 	jp	00103$
   0424                     808 00101$:
                            809 ;source_code/aes128.c:82: memcpy(state, tmp, 16);
   0424 DD 5E 04      [19]  810 	ld	e, 4 (ix)
   0427 DD 56 05      [19]  811 	ld	d, 5 (ix)
   042A DD 6E F4      [19]  812 	ld	l, -12 (ix)
   042D DD 66 F5      [19]  813 	ld	h, -11 (ix)
   0430 01 10 00      [10]  814 	ld	bc, #0x0010
   0433 ED B0         [21]  815 	ldir
                            816 ;source_code/aes128.c:83: }
   0435 DD F9         [10]  817 	ld	sp, ix
   0437 DD E1         [14]  818 	pop	ix
   0439 C9            [10]  819 	ret
                            820 ;source_code/aes128.c:85: static void add_round_key(uint8_t *state, const uint8_t *round_key) {
                            821 ;	---------------------------------
                            822 ; Function add_round_key
                            823 ; ---------------------------------
   043A                     824 _add_round_key:
   043A DD E5         [15]  825 	push	ix
   043C DD 21 00 00   [14]  826 	ld	ix,#0
   0440 DD 39         [15]  827 	add	ix,sp
   0442 3B            [ 6]  828 	dec	sp
                            829 ;source_code/aes128.c:86: for (int i = 0; i < 16; i++) {
   0443 01 00 00      [10]  830 	ld	bc, #0x0000
   0446                     831 00103$:
   0446 79            [ 4]  832 	ld	a, c
   0447 D6 10         [ 7]  833 	sub	a, #0x10
   0449 78            [ 4]  834 	ld	a, b
   044A 17            [ 4]  835 	rla
   044B 3F            [ 4]  836 	ccf
   044C 1F            [ 4]  837 	rra
   044D DE 80         [ 7]  838 	sbc	a, #0x80
   044F 30 1D         [12]  839 	jr	NC,00105$
                            840 ;source_code/aes128.c:87: state[i] ^= round_key[i];
   0451 DD 7E 04      [19]  841 	ld	a, 4 (ix)
   0454 81            [ 4]  842 	add	a, c
   0455 5F            [ 4]  843 	ld	e, a
   0456 DD 7E 05      [19]  844 	ld	a, 5 (ix)
   0459 88            [ 4]  845 	adc	a, b
   045A 57            [ 4]  846 	ld	d, a
   045B 1A            [ 7]  847 	ld	a, (de)
   045C DD 77 FF      [19]  848 	ld	-1 (ix), a
   045F DD 6E 06      [19]  849 	ld	l, 6 (ix)
   0462 DD 66 07      [19]  850 	ld	h, 7 (ix)
   0465 09            [11]  851 	add	hl, bc
   0466 7E            [ 7]  852 	ld	a, (hl)
   0467 DD AE FF      [19]  853 	xor	a, -1 (ix)
   046A 12            [ 7]  854 	ld	(de), a
                            855 ;source_code/aes128.c:86: for (int i = 0; i < 16; i++) {
   046B 03            [ 6]  856 	inc	bc
   046C 18 D8         [12]  857 	jr	00103$
   046E                     858 00105$:
                            859 ;source_code/aes128.c:89: }
   046E 33            [ 6]  860 	inc	sp
   046F DD E1         [14]  861 	pop	ix
   0471 C9            [10]  862 	ret
                            863 ;source_code/aes128.c:91: static void key_expansion(const uint8_t *key, AES128_CTX *ctx) {
                            864 ;	---------------------------------
                            865 ; Function key_expansion
                            866 ; ---------------------------------
   0472                     867 _key_expansion:
   0472 DD E5         [15]  868 	push	ix
   0474 DD 21 00 00   [14]  869 	ld	ix,#0
   0478 DD 39         [15]  870 	add	ix,sp
   047A 21 F7 FF      [10]  871 	ld	hl, #-9
   047D 39            [11]  872 	add	hl, sp
   047E F9            [ 6]  873 	ld	sp, hl
                            874 ;source_code/aes128.c:92: memcpy(ctx->round_keys[0], key, 16);
   047F DD 4E 06      [19]  875 	ld	c, 6 (ix)
   0482 DD 46 07      [19]  876 	ld	b, 7 (ix)
   0485 59            [ 4]  877 	ld	e, c
   0486 50            [ 4]  878 	ld	d, b
   0487 DD 6E 04      [19]  879 	ld	l, 4 (ix)
   048A DD 66 05      [19]  880 	ld	h, 5 (ix)
   048D C5            [11]  881 	push	bc
   048E 01 10 00      [10]  882 	ld	bc, #0x0010
   0491 ED B0         [21]  883 	ldir
   0493 C1            [10]  884 	pop	bc
                            885 ;source_code/aes128.c:94: for (int round = 1; round <= AES_ROUNDS; round++) {
   0494 11 01 00      [10]  886 	ld	de, #0x0001
   0497                     887 00107$:
   0497 3E 0A         [ 7]  888 	ld	a, #0x0a
   0499 BB            [ 4]  889 	cp	a, e
   049A 3E 00         [ 7]  890 	ld	a, #0x00
   049C 9A            [ 4]  891 	sbc	a, d
   049D E2rA2r04      [10]  892 	jp	PO, 00133$
   04A0 EE 80         [ 7]  893 	xor	a, #0x80
   04A2                     894 00133$:
   04A2 FArF0r05      [10]  895 	jp	M, 00109$
                            896 ;source_code/aes128.c:95: uint8_t *prev = ctx->round_keys[round - 1];
   04A5 6B            [ 4]  897 	ld	l, e
   04A6 62            [ 4]  898 	ld	h, d
   04A7 2B            [ 6]  899 	dec	hl
   04A8 29            [11]  900 	add	hl, hl
   04A9 29            [11]  901 	add	hl, hl
   04AA 29            [11]  902 	add	hl, hl
   04AB 29            [11]  903 	add	hl, hl
   04AC 09            [11]  904 	add	hl, bc
   04AD 33            [ 6]  905 	inc	sp
   04AE 33            [ 6]  906 	inc	sp
   04AF E5            [11]  907 	push	hl
                            908 ;source_code/aes128.c:96: uint8_t *curr = ctx->round_keys[round];
   04B0 6B            [ 4]  909 	ld	l, e
   04B1 62            [ 4]  910 	ld	h, d
   04B2 29            [11]  911 	add	hl, hl
   04B3 29            [11]  912 	add	hl, hl
   04B4 29            [11]  913 	add	hl, hl
   04B5 29            [11]  914 	add	hl, hl
   04B6 09            [11]  915 	add	hl, bc
   04B7 DD 75 F9      [19]  916 	ld	-7 (ix), l
   04BA DD 74 FA      [19]  917 	ld	-6 (ix), h
                            918 ;source_code/aes128.c:98: curr[0] = prev[0] ^ sbox[prev[13]] ^ rcon[round];
   04BD E1            [10]  919 	pop	hl
   04BE E5            [11]  920 	push	hl
   04BF 7E            [ 7]  921 	ld	a, (hl)
   04C0 DD 77 FF      [19]  922 	ld	-1 (ix), a
   04C3 E1            [10]  923 	pop	hl
   04C4 E5            [11]  924 	push	hl
   04C5 C5            [11]  925 	push	bc
   04C6 01 0D 00      [10]  926 	ld	bc, #0x000d
   04C9 09            [11]  927 	add	hl, bc
   04CA C1            [10]  928 	pop	bc
   04CB 7E            [ 7]  929 	ld	a, (hl)
   04CC C6r2C         [ 7]  930 	add	a, #<(_sbox)
   04CE 6F            [ 4]  931 	ld	l, a
   04CF 3E 00         [ 7]  932 	ld	a, #0x00
   04D1 CEs00         [ 7]  933 	adc	a, #>(_sbox)
   04D3 67            [ 4]  934 	ld	h, a
   04D4 7E            [ 7]  935 	ld	a, (hl)
   04D5 DD AE FF      [19]  936 	xor	a, -1 (ix)
   04D8 DD 77 FF      [19]  937 	ld	-1 (ix), a
   04DB 21r2Cr01      [10]  938 	ld	hl, #_rcon
   04DE 19            [11]  939 	add	hl, de
   04DF 7E            [ 7]  940 	ld	a, (hl)
   04E0 DD AE FF      [19]  941 	xor	a, -1 (ix)
   04E3 DD 6E F9      [19]  942 	ld	l, -7 (ix)
   04E6 DD 66 FA      [19]  943 	ld	h, -6 (ix)
   04E9 77            [ 7]  944 	ld	(hl), a
                            945 ;source_code/aes128.c:99: curr[1] = prev[1] ^ sbox[prev[14]];
   04EA DD 7E F9      [19]  946 	ld	a, -7 (ix)
   04ED C6 01         [ 7]  947 	add	a, #0x01
   04EF DD 77 FD      [19]  948 	ld	-3 (ix), a
   04F2 DD 7E FA      [19]  949 	ld	a, -6 (ix)
   04F5 CE 00         [ 7]  950 	adc	a, #0x00
   04F7 DD 77 FE      [19]  951 	ld	-2 (ix), a
   04FA E1            [10]  952 	pop	hl
   04FB E5            [11]  953 	push	hl
   04FC 23            [ 6]  954 	inc	hl
   04FD 7E            [ 7]  955 	ld	a, (hl)
   04FE DD 77 FF      [19]  956 	ld	-1 (ix), a
   0501 E1            [10]  957 	pop	hl
   0502 E5            [11]  958 	push	hl
   0503 C5            [11]  959 	push	bc
   0504 01 0E 00      [10]  960 	ld	bc, #0x000e
   0507 09            [11]  961 	add	hl, bc
   0508 C1            [10]  962 	pop	bc
   0509 7E            [ 7]  963 	ld	a, (hl)
   050A C6r2C         [ 7]  964 	add	a, #<(_sbox)
   050C 6F            [ 4]  965 	ld	l, a
   050D 3E 00         [ 7]  966 	ld	a, #0x00
   050F CEs00         [ 7]  967 	adc	a, #>(_sbox)
   0511 67            [ 4]  968 	ld	h, a
   0512 7E            [ 7]  969 	ld	a, (hl)
   0513 DD AE FF      [19]  970 	xor	a, -1 (ix)
   0516 DD 6E FD      [19]  971 	ld	l, -3 (ix)
   0519 DD 66 FE      [19]  972 	ld	h, -2 (ix)
   051C 77            [ 7]  973 	ld	(hl), a
                            974 ;source_code/aes128.c:100: curr[2] = prev[2] ^ sbox[prev[15]];
   051D DD 7E F9      [19]  975 	ld	a, -7 (ix)
   0520 C6 02         [ 7]  976 	add	a, #0x02
   0522 DD 77 FD      [19]  977 	ld	-3 (ix), a
   0525 DD 7E FA      [19]  978 	ld	a, -6 (ix)
   0528 CE 00         [ 7]  979 	adc	a, #0x00
   052A DD 77 FE      [19]  980 	ld	-2 (ix), a
   052D E1            [10]  981 	pop	hl
   052E E5            [11]  982 	push	hl
   052F 23            [ 6]  983 	inc	hl
   0530 23            [ 6]  984 	inc	hl
   0531 7E            [ 7]  985 	ld	a, (hl)
   0532 DD 77 FF      [19]  986 	ld	-1 (ix), a
   0535 E1            [10]  987 	pop	hl
   0536 E5            [11]  988 	push	hl
   0537 C5            [11]  989 	push	bc
   0538 01 0F 00      [10]  990 	ld	bc, #0x000f
   053B 09            [11]  991 	add	hl, bc
   053C C1            [10]  992 	pop	bc
   053D 7E            [ 7]  993 	ld	a, (hl)
   053E C6r2C         [ 7]  994 	add	a, #<(_sbox)
   0540 6F            [ 4]  995 	ld	l, a
   0541 3E 00         [ 7]  996 	ld	a, #0x00
   0543 CEs00         [ 7]  997 	adc	a, #>(_sbox)
   0545 67            [ 4]  998 	ld	h, a
   0546 7E            [ 7]  999 	ld	a, (hl)
   0547 DD AE FF      [19] 1000 	xor	a, -1 (ix)
   054A DD 6E FD      [19] 1001 	ld	l, -3 (ix)
   054D DD 66 FE      [19] 1002 	ld	h, -2 (ix)
   0550 77            [ 7] 1003 	ld	(hl), a
                           1004 ;source_code/aes128.c:101: curr[3] = prev[3] ^ sbox[prev[12]];
   0551 DD 7E F9      [19] 1005 	ld	a, -7 (ix)
   0554 C6 03         [ 7] 1006 	add	a, #0x03
   0556 DD 77 FD      [19] 1007 	ld	-3 (ix), a
   0559 DD 7E FA      [19] 1008 	ld	a, -6 (ix)
   055C CE 00         [ 7] 1009 	adc	a, #0x00
   055E DD 77 FE      [19] 1010 	ld	-2 (ix), a
   0561 E1            [10] 1011 	pop	hl
   0562 E5            [11] 1012 	push	hl
   0563 23            [ 6] 1013 	inc	hl
   0564 23            [ 6] 1014 	inc	hl
   0565 23            [ 6] 1015 	inc	hl
   0566 7E            [ 7] 1016 	ld	a, (hl)
   0567 DD 77 FF      [19] 1017 	ld	-1 (ix), a
   056A E1            [10] 1018 	pop	hl
   056B E5            [11] 1019 	push	hl
   056C C5            [11] 1020 	push	bc
   056D 01 0C 00      [10] 1021 	ld	bc, #0x000c
   0570 09            [11] 1022 	add	hl, bc
   0571 C1            [10] 1023 	pop	bc
   0572 7E            [ 7] 1024 	ld	a, (hl)
   0573 C6r2C         [ 7] 1025 	add	a, #<(_sbox)
   0575 6F            [ 4] 1026 	ld	l, a
   0576 3E 00         [ 7] 1027 	ld	a, #0x00
   0578 CEs00         [ 7] 1028 	adc	a, #>(_sbox)
   057A 67            [ 4] 1029 	ld	h, a
   057B 7E            [ 7] 1030 	ld	a, (hl)
   057C DD AE FF      [19] 1031 	xor	a, -1 (ix)
   057F DD 6E FD      [19] 1032 	ld	l, -3 (ix)
   0582 DD 66 FE      [19] 1033 	ld	h, -2 (ix)
   0585 77            [ 7] 1034 	ld	(hl), a
                           1035 ;source_code/aes128.c:103: for (int i = 4; i < 16; i++) {
   0586 DD 36 FE 04   [19] 1036 	ld	-2 (ix), #0x04
   058A AF            [ 4] 1037 	xor	a, a
   058B DD 77 FF      [19] 1038 	ld	-1 (ix), a
   058E                    1039 00104$:
   058E DD 7E FE      [19] 1040 	ld	a, -2 (ix)
   0591 D6 10         [ 7] 1041 	sub	a, #0x10
   0593 DD 7E FF      [19] 1042 	ld	a, -1 (ix)
   0596 17            [ 4] 1043 	rla
   0597 3F            [ 4] 1044 	ccf
   0598 1F            [ 4] 1045 	rra
   0599 DE 80         [ 7] 1046 	sbc	a, #0x80
   059B 30 4F         [12] 1047 	jr	NC,00108$
                           1048 ;source_code/aes128.c:104: curr[i] = prev[i] ^ curr[i - 4];
   059D DD 7E F9      [19] 1049 	ld	a, -7 (ix)
   05A0 DD 86 FE      [19] 1050 	add	a, -2 (ix)
   05A3 DD 77 FB      [19] 1051 	ld	-5 (ix), a
   05A6 DD 7E FA      [19] 1052 	ld	a, -6 (ix)
   05A9 DD 8E FF      [19] 1053 	adc	a, -1 (ix)
   05AC DD 77 FC      [19] 1054 	ld	-4 (ix), a
   05AF DD 7E F7      [19] 1055 	ld	a, -9 (ix)
   05B2 DD 86 FE      [19] 1056 	add	a, -2 (ix)
   05B5 6F            [ 4] 1057 	ld	l, a
   05B6 DD 7E F8      [19] 1058 	ld	a, -8 (ix)
   05B9 DD 8E FF      [19] 1059 	adc	a, -1 (ix)
   05BC 67            [ 4] 1060 	ld	h, a
   05BD 7E            [ 7] 1061 	ld	a, (hl)
   05BE DD 77 FD      [19] 1062 	ld	-3 (ix), a
   05C1 DD 7E FE      [19] 1063 	ld	a, -2 (ix)
   05C4 C6 FC         [ 7] 1064 	add	a, #0xfc
   05C6 6F            [ 4] 1065 	ld	l, a
   05C7 DD 7E FF      [19] 1066 	ld	a, -1 (ix)
   05CA CE FF         [ 7] 1067 	adc	a, #0xff
   05CC 67            [ 4] 1068 	ld	h, a
   05CD 7D            [ 4] 1069 	ld	a, l
   05CE DD 86 F9      [19] 1070 	add	a, -7 (ix)
   05D1 6F            [ 4] 1071 	ld	l, a
   05D2 7C            [ 4] 1072 	ld	a, h
   05D3 DD 8E FA      [19] 1073 	adc	a, -6 (ix)
   05D6 67            [ 4] 1074 	ld	h, a
   05D7 7E            [ 7] 1075 	ld	a, (hl)
   05D8 DD AE FD      [19] 1076 	xor	a, -3 (ix)
   05DB DD 6E FB      [19] 1077 	ld	l, -5 (ix)
   05DE DD 66 FC      [19] 1078 	ld	h, -4 (ix)
   05E1 77            [ 7] 1079 	ld	(hl), a
                           1080 ;source_code/aes128.c:103: for (int i = 4; i < 16; i++) {
   05E2 DD 34 FE      [23] 1081 	inc	-2 (ix)
   05E5 20 A7         [12] 1082 	jr	NZ,00104$
   05E7 DD 34 FF      [23] 1083 	inc	-1 (ix)
   05EA 18 A2         [12] 1084 	jr	00104$
   05EC                    1085 00108$:
                           1086 ;source_code/aes128.c:94: for (int round = 1; round <= AES_ROUNDS; round++) {
   05EC 13            [ 6] 1087 	inc	de
   05ED C3r97r04      [10] 1088 	jp	00107$
   05F0                    1089 00109$:
                           1090 ;source_code/aes128.c:107: }
   05F0 DD F9         [10] 1091 	ld	sp, ix
   05F2 DD E1         [14] 1092 	pop	ix
   05F4 C9            [10] 1093 	ret
                           1094 ;source_code/aes128.c:109: void aes128_encrypt(const uint8_t *plaintext, uint8_t *ciphertext, const uint8_t *key) {
                           1095 ;	---------------------------------
                           1096 ; Function aes128_encrypt
                           1097 ; ---------------------------------
   05F5                    1098 _aes128_encrypt::
   05F5 DD E5         [15] 1099 	push	ix
   05F7 DD 21 00 00   [14] 1100 	ld	ix,#0
   05FB DD 39         [15] 1101 	add	ix,sp
   05FD 21 34 FF      [10] 1102 	ld	hl, #-204
   0600 39            [11] 1103 	add	hl, sp
   0601 F9            [ 6] 1104 	ld	sp, hl
                           1105 ;source_code/aes128.c:113: key_expansion(key, &ctx);
   0602 21 00 00      [10] 1106 	ld	hl, #0
   0605 39            [11] 1107 	add	hl, sp
   0606 DD 75 F4      [19] 1108 	ld	-12 (ix), l
   0609 DD 74 F5      [19] 1109 	ld	-11 (ix), h
   060C E5            [11] 1110 	push	hl
   060D DD 6E 08      [19] 1111 	ld	l, 8 (ix)
   0610 DD 66 09      [19] 1112 	ld	h, 9 (ix)
   0613 E5            [11] 1113 	push	hl
   0614 CDr72r04      [17] 1114 	call	_key_expansion
   0617 F1            [10] 1115 	pop	af
   0618 F1            [10] 1116 	pop	af
                           1117 ;source_code/aes128.c:114: memcpy(state, plaintext, 16);
   0619 21 B0 00      [10] 1118 	ld	hl, #176
   061C 39            [11] 1119 	add	hl, sp
   061D 4D            [ 4] 1120 	ld	c, l
   061E 44            [ 4] 1121 	ld	b, h
   061F 59            [ 4] 1122 	ld	e, c
   0620 50            [ 4] 1123 	ld	d, b
   0621 DD 6E 04      [19] 1124 	ld	l, 4 (ix)
   0624 DD 66 05      [19] 1125 	ld	h, 5 (ix)
   0627 C5            [11] 1126 	push	bc
   0628 01 10 00      [10] 1127 	ld	bc, #0x0010
   062B ED B0         [21] 1128 	ldir
   062D C1            [10] 1129 	pop	bc
                           1130 ;source_code/aes128.c:116: add_round_key(state, ctx.round_keys[0]);
   062E DD 6E F4      [19] 1131 	ld	l, -12 (ix)
   0631 DD 66 F5      [19] 1132 	ld	h, -11 (ix)
   0634 59            [ 4] 1133 	ld	e, c
   0635 50            [ 4] 1134 	ld	d, b
   0636 C5            [11] 1135 	push	bc
   0637 E5            [11] 1136 	push	hl
   0638 D5            [11] 1137 	push	de
   0639 CDr3Ar04      [17] 1138 	call	_add_round_key
   063C F1            [10] 1139 	pop	af
   063D F1            [10] 1140 	pop	af
   063E C1            [10] 1141 	pop	bc
                           1142 ;source_code/aes128.c:118: for (int round = 1; round < AES_ROUNDS; round++) {
   063F DD 71 F6      [19] 1143 	ld	-10 (ix), c
   0642 DD 70 F7      [19] 1144 	ld	-9 (ix), b
   0645 DD 71 F8      [19] 1145 	ld	-8 (ix), c
   0648 DD 70 F9      [19] 1146 	ld	-7 (ix), b
   064B DD 71 FA      [19] 1147 	ld	-6 (ix), c
   064E DD 70 FB      [19] 1148 	ld	-5 (ix), b
   0651 DD 71 FC      [19] 1149 	ld	-4 (ix), c
   0654 DD 70 FD      [19] 1150 	ld	-3 (ix), b
   0657 DD 36 FE 01   [19] 1151 	ld	-2 (ix), #0x01
   065B AF            [ 4] 1152 	xor	a, a
   065C DD 77 FF      [19] 1153 	ld	-1 (ix), a
   065F                    1154 00103$:
   065F DD 7E FE      [19] 1155 	ld	a, -2 (ix)
   0662 D6 0A         [ 7] 1156 	sub	a, #0x0a
   0664 DD 7E FF      [19] 1157 	ld	a, -1 (ix)
   0667 17            [ 4] 1158 	rla
   0668 3F            [ 4] 1159 	ccf
   0669 1F            [ 4] 1160 	rra
   066A DE 80         [ 7] 1161 	sbc	a, #0x80
   066C 30 60         [12] 1162 	jr	NC,00101$
                           1163 ;source_code/aes128.c:119: sub_bytes(state);
   066E DD 5E F6      [19] 1164 	ld	e, -10 (ix)
   0671 DD 56 F7      [19] 1165 	ld	d, -9 (ix)
   0674 C5            [11] 1166 	push	bc
   0675 D5            [11] 1167 	push	de
   0676 CDr37r01      [17] 1168 	call	_sub_bytes
   0679 F1            [10] 1169 	pop	af
   067A C1            [10] 1170 	pop	bc
                           1171 ;source_code/aes128.c:120: shift_rows(state);
   067B DD 5E F8      [19] 1172 	ld	e, -8 (ix)
   067E DD 56 F9      [19] 1173 	ld	d, -7 (ix)
   0681 C5            [11] 1174 	push	bc
   0682 D5            [11] 1175 	push	de
   0683 CDr68r01      [17] 1176 	call	_shift_rows
   0686 F1            [10] 1177 	pop	af
   0687 C1            [10] 1178 	pop	bc
                           1179 ;source_code/aes128.c:121: mix_columns(state);
   0688 DD 5E FA      [19] 1180 	ld	e, -6 (ix)
   068B DD 56 FB      [19] 1181 	ld	d, -5 (ix)
   068E C5            [11] 1182 	push	bc
   068F D5            [11] 1183 	push	de
   0690 CDr29r02      [17] 1184 	call	_mix_columns
   0693 F1            [10] 1185 	pop	af
   0694 C1            [10] 1186 	pop	bc
                           1187 ;source_code/aes128.c:122: add_round_key(state, ctx.round_keys[round]);
   0695 DD 5E FE      [19] 1188 	ld	e, -2 (ix)
   0698 DD 56 FF      [19] 1189 	ld	d, -1 (ix)
   069B CB 23         [ 8] 1190 	sla	e
   069D CB 12         [ 8] 1191 	rl	d
   069F CB 23         [ 8] 1192 	sla	e
   06A1 CB 12         [ 8] 1193 	rl	d
   06A3 CB 23         [ 8] 1194 	sla	e
   06A5 CB 12         [ 8] 1195 	rl	d
   06A7 CB 23         [ 8] 1196 	sla	e
   06A9 CB 12         [ 8] 1197 	rl	d
   06AB 7B            [ 4] 1198 	ld	a, e
   06AC DD 86 F4      [19] 1199 	add	a, -12 (ix)
   06AF 5F            [ 4] 1200 	ld	e, a
   06B0 7A            [ 4] 1201 	ld	a, d
   06B1 DD 8E F5      [19] 1202 	adc	a, -11 (ix)
   06B4 57            [ 4] 1203 	ld	d, a
   06B5 DD 6E FC      [19] 1204 	ld	l, -4 (ix)
   06B8 DD 66 FD      [19] 1205 	ld	h, -3 (ix)
   06BB C5            [11] 1206 	push	bc
   06BC D5            [11] 1207 	push	de
   06BD E5            [11] 1208 	push	hl
   06BE CDr3Ar04      [17] 1209 	call	_add_round_key
   06C1 F1            [10] 1210 	pop	af
   06C2 F1            [10] 1211 	pop	af
   06C3 C1            [10] 1212 	pop	bc
                           1213 ;source_code/aes128.c:118: for (int round = 1; round < AES_ROUNDS; round++) {
   06C4 DD 34 FE      [23] 1214 	inc	-2 (ix)
   06C7 20 96         [12] 1215 	jr	NZ,00103$
   06C9 DD 34 FF      [23] 1216 	inc	-1 (ix)
   06CC 18 91         [12] 1217 	jr	00103$
   06CE                    1218 00101$:
                           1219 ;source_code/aes128.c:125: sub_bytes(state);
   06CE 59            [ 4] 1220 	ld	e, c
   06CF 50            [ 4] 1221 	ld	d, b
   06D0 C5            [11] 1222 	push	bc
   06D1 D5            [11] 1223 	push	de
   06D2 CDr37r01      [17] 1224 	call	_sub_bytes
   06D5 F1            [10] 1225 	pop	af
   06D6 C1            [10] 1226 	pop	bc
                           1227 ;source_code/aes128.c:126: shift_rows(state);
   06D7 59            [ 4] 1228 	ld	e, c
   06D8 50            [ 4] 1229 	ld	d, b
   06D9 C5            [11] 1230 	push	bc
   06DA D5            [11] 1231 	push	de
   06DB CDr68r01      [17] 1232 	call	_shift_rows
   06DE F1            [10] 1233 	pop	af
   06DF C1            [10] 1234 	pop	bc
                           1235 ;source_code/aes128.c:127: add_round_key(state, ctx.round_keys[AES_ROUNDS]);
   06E0 DD 7E F4      [19] 1236 	ld	a, -12 (ix)
   06E3 C6 A0         [ 7] 1237 	add	a, #0xa0
   06E5 5F            [ 4] 1238 	ld	e, a
   06E6 DD 7E F5      [19] 1239 	ld	a, -11 (ix)
   06E9 CE 00         [ 7] 1240 	adc	a, #0x00
   06EB 57            [ 4] 1241 	ld	d, a
   06EC 69            [ 4] 1242 	ld	l, c
   06ED 60            [ 4] 1243 	ld	h, b
   06EE C5            [11] 1244 	push	bc
   06EF D5            [11] 1245 	push	de
   06F0 E5            [11] 1246 	push	hl
   06F1 CDr3Ar04      [17] 1247 	call	_add_round_key
   06F4 F1            [10] 1248 	pop	af
   06F5 F1            [10] 1249 	pop	af
   06F6 C1            [10] 1250 	pop	bc
                           1251 ;source_code/aes128.c:129: memcpy(ciphertext, state, 16);
   06F7 DD 5E 06      [19] 1252 	ld	e, 6 (ix)
   06FA DD 56 07      [19] 1253 	ld	d, 7 (ix)
   06FD 69            [ 4] 1254 	ld	l, c
   06FE 60            [ 4] 1255 	ld	h, b
   06FF 01 10 00      [10] 1256 	ld	bc, #0x0010
   0702 ED B0         [21] 1257 	ldir
                           1258 ;source_code/aes128.c:130: }
   0704 DD F9         [10] 1259 	ld	sp, ix
   0706 DD E1         [14] 1260 	pop	ix
   0708 C9            [10] 1261 	ret
                           1262 ;source_code/aes128.c:132: int main() {
                           1263 ;	---------------------------------
                           1264 ; Function main
                           1265 ; ---------------------------------
   0709                    1266 _main::
   0709 DD E5         [15] 1267 	push	ix
   070B DD 21 00 00   [14] 1268 	ld	ix,#0
   070F DD 39         [15] 1269 	add	ix,sp
   0711 21 CC FF      [10] 1270 	ld	hl, #-52
   0714 39            [11] 1271 	add	hl, sp
   0715 F9            [ 6] 1272 	ld	sp, hl
                           1273 ;source_code/aes128.c:133: uint8_t key[16] = {
   0716 21 00 00      [10] 1274 	ld	hl, #0
   0719 39            [11] 1275 	add	hl, sp
   071A EB            [ 4] 1276 	ex	de, hl
   071B 3E 2B         [ 7] 1277 	ld	a, #0x2b
   071D 12            [ 7] 1278 	ld	(de), a
   071E 6B            [ 4] 1279 	ld	l, e
   071F 62            [ 4] 1280 	ld	h, d
   0720 23            [ 6] 1281 	inc	hl
   0721 36 7E         [10] 1282 	ld	(hl), #0x7e
   0723 6B            [ 4] 1283 	ld	l, e
   0724 62            [ 4] 1284 	ld	h, d
   0725 23            [ 6] 1285 	inc	hl
   0726 23            [ 6] 1286 	inc	hl
   0727 36 15         [10] 1287 	ld	(hl), #0x15
   0729 6B            [ 4] 1288 	ld	l, e
   072A 62            [ 4] 1289 	ld	h, d
   072B 23            [ 6] 1290 	inc	hl
   072C 23            [ 6] 1291 	inc	hl
   072D 23            [ 6] 1292 	inc	hl
   072E 36 16         [10] 1293 	ld	(hl), #0x16
   0730 21 04 00      [10] 1294 	ld	hl, #0x0004
   0733 19            [11] 1295 	add	hl, de
   0734 36 28         [10] 1296 	ld	(hl), #0x28
   0736 21 05 00      [10] 1297 	ld	hl, #0x0005
   0739 19            [11] 1298 	add	hl, de
   073A 36 AE         [10] 1299 	ld	(hl), #0xae
   073C 21 06 00      [10] 1300 	ld	hl, #0x0006
   073F 19            [11] 1301 	add	hl, de
   0740 36 D2         [10] 1302 	ld	(hl), #0xd2
   0742 21 07 00      [10] 1303 	ld	hl, #0x0007
   0745 19            [11] 1304 	add	hl, de
   0746 36 A6         [10] 1305 	ld	(hl), #0xa6
   0748 21 08 00      [10] 1306 	ld	hl, #0x0008
   074B 19            [11] 1307 	add	hl, de
   074C 36 AB         [10] 1308 	ld	(hl), #0xab
   074E 21 09 00      [10] 1309 	ld	hl, #0x0009
   0751 19            [11] 1310 	add	hl, de
   0752 36 F7         [10] 1311 	ld	(hl), #0xf7
   0754 21 0A 00      [10] 1312 	ld	hl, #0x000a
   0757 19            [11] 1313 	add	hl, de
   0758 36 15         [10] 1314 	ld	(hl), #0x15
   075A 21 0B 00      [10] 1315 	ld	hl, #0x000b
   075D 19            [11] 1316 	add	hl, de
   075E 36 88         [10] 1317 	ld	(hl), #0x88
   0760 21 0C 00      [10] 1318 	ld	hl, #0x000c
   0763 19            [11] 1319 	add	hl, de
   0764 36 09         [10] 1320 	ld	(hl), #0x09
   0766 21 0D 00      [10] 1321 	ld	hl, #0x000d
   0769 19            [11] 1322 	add	hl, de
   076A 36 CF         [10] 1323 	ld	(hl), #0xcf
   076C 21 0E 00      [10] 1324 	ld	hl, #0x000e
   076F 19            [11] 1325 	add	hl, de
   0770 36 4F         [10] 1326 	ld	(hl), #0x4f
   0772 21 0F 00      [10] 1327 	ld	hl, #0x000f
   0775 19            [11] 1328 	add	hl, de
   0776 36 3C         [10] 1329 	ld	(hl), #0x3c
                           1330 ;source_code/aes128.c:138: uint8_t plaintext[16] = {
   0778 21 10 00      [10] 1331 	ld	hl, #16
   077B 39            [11] 1332 	add	hl, sp
   077C 4D            [ 4] 1333 	ld	c, l
   077D 44            [ 4] 1334 	ld	b, h
   077E 3E 32         [ 7] 1335 	ld	a, #0x32
   0780 02            [ 7] 1336 	ld	(bc), a
   0781 69            [ 4] 1337 	ld	l, c
   0782 60            [ 4] 1338 	ld	h, b
   0783 23            [ 6] 1339 	inc	hl
   0784 36 43         [10] 1340 	ld	(hl), #0x43
   0786 69            [ 4] 1341 	ld	l, c
   0787 60            [ 4] 1342 	ld	h, b
   0788 23            [ 6] 1343 	inc	hl
   0789 23            [ 6] 1344 	inc	hl
   078A 36 F6         [10] 1345 	ld	(hl), #0xf6
   078C 69            [ 4] 1346 	ld	l, c
   078D 60            [ 4] 1347 	ld	h, b
   078E 23            [ 6] 1348 	inc	hl
   078F 23            [ 6] 1349 	inc	hl
   0790 23            [ 6] 1350 	inc	hl
   0791 36 A8         [10] 1351 	ld	(hl), #0xa8
   0793 21 04 00      [10] 1352 	ld	hl, #0x0004
   0796 09            [11] 1353 	add	hl, bc
   0797 36 88         [10] 1354 	ld	(hl), #0x88
   0799 21 05 00      [10] 1355 	ld	hl, #0x0005
   079C 09            [11] 1356 	add	hl, bc
   079D 36 5A         [10] 1357 	ld	(hl), #0x5a
   079F 21 06 00      [10] 1358 	ld	hl, #0x0006
   07A2 09            [11] 1359 	add	hl, bc
   07A3 36 30         [10] 1360 	ld	(hl), #0x30
   07A5 21 07 00      [10] 1361 	ld	hl, #0x0007
   07A8 09            [11] 1362 	add	hl, bc
   07A9 36 8D         [10] 1363 	ld	(hl), #0x8d
   07AB 21 08 00      [10] 1364 	ld	hl, #0x0008
   07AE 09            [11] 1365 	add	hl, bc
   07AF 36 31         [10] 1366 	ld	(hl), #0x31
   07B1 21 09 00      [10] 1367 	ld	hl, #0x0009
   07B4 09            [11] 1368 	add	hl, bc
   07B5 36 31         [10] 1369 	ld	(hl), #0x31
   07B7 21 0A 00      [10] 1370 	ld	hl, #0x000a
   07BA 09            [11] 1371 	add	hl, bc
   07BB 36 98         [10] 1372 	ld	(hl), #0x98
   07BD 21 0B 00      [10] 1373 	ld	hl, #0x000b
   07C0 09            [11] 1374 	add	hl, bc
   07C1 36 A2         [10] 1375 	ld	(hl), #0xa2
   07C3 21 0C 00      [10] 1376 	ld	hl, #0x000c
   07C6 09            [11] 1377 	add	hl, bc
   07C7 36 E0         [10] 1378 	ld	(hl), #0xe0
   07C9 21 0D 00      [10] 1379 	ld	hl, #0x000d
   07CC 09            [11] 1380 	add	hl, bc
   07CD 36 37         [10] 1381 	ld	(hl), #0x37
   07CF 21 0E 00      [10] 1382 	ld	hl, #0x000e
   07D2 09            [11] 1383 	add	hl, bc
   07D3 36 07         [10] 1384 	ld	(hl), #0x07
   07D5 21 0F 00      [10] 1385 	ld	hl, #0x000f
   07D8 09            [11] 1386 	add	hl, bc
   07D9 36 34         [10] 1387 	ld	(hl), #0x34
                           1388 ;source_code/aes128.c:145: aes128_encrypt(plaintext, ciphertext, key);
   07DB 21 20 00      [10] 1389 	ld	hl, #32
   07DE 39            [11] 1390 	add	hl, sp
   07DF DD 75 FC      [19] 1391 	ld	-4 (ix), l
   07E2 DD 74 FD      [19] 1392 	ld	-3 (ix), h
   07E5 DD 7E FC      [19] 1393 	ld	a, -4 (ix)
   07E8 DD 77 FE      [19] 1394 	ld	-2 (ix), a
   07EB DD 7E FD      [19] 1395 	ld	a, -3 (ix)
   07EE DD 77 FF      [19] 1396 	ld	-1 (ix), a
   07F1 69            [ 4] 1397 	ld	l, c
   07F2 60            [ 4] 1398 	ld	h, b
   07F3 C5            [11] 1399 	push	bc
   07F4 D5            [11] 1400 	push	de
   07F5 DD 5E FE      [19] 1401 	ld	e, -2 (ix)
   07F8 DD 56 FF      [19] 1402 	ld	d, -1 (ix)
   07FB D5            [11] 1403 	push	de
   07FC E5            [11] 1404 	push	hl
   07FD CDrF5r05      [17] 1405 	call	_aes128_encrypt
   0800 21 06 00      [10] 1406 	ld	hl, #6
   0803 39            [11] 1407 	add	hl, sp
   0804 F9            [ 6] 1408 	ld	sp, hl
   0805 21r80r08      [10] 1409 	ld	hl, #___str_1
   0808 E5            [11] 1410 	push	hl
   0809 CDr00r00      [17] 1411 	call	_puts
   080C 21r93r08      [10] 1412 	ld	hl, #___str_2
   080F E3            [19] 1413 	ex	(sp),hl
   0810 CDr00r00      [17] 1414 	call	_printf
   0813 F1            [10] 1415 	pop	af
   0814 C1            [10] 1416 	pop	bc
                           1417 ;source_code/aes128.c:149: for (int i = 0; i < 16; i++) printf("%02x ", plaintext[i]);
   0815 11 00 00      [10] 1418 	ld	de, #0x0000
   0818                    1419 00104$:
   0818 7B            [ 4] 1420 	ld	a, e
   0819 D6 10         [ 7] 1421 	sub	a, #0x10
   081B 7A            [ 4] 1422 	ld	a, d
   081C 17            [ 4] 1423 	rla
   081D 3F            [ 4] 1424 	ccf
   081E 1F            [ 4] 1425 	rra
   081F DE 80         [ 7] 1426 	sbc	a, #0x80
   0821 30 17         [12] 1427 	jr	NC,00101$
   0823 69            [ 4] 1428 	ld	l, c
   0824 60            [ 4] 1429 	ld	h, b
   0825 19            [11] 1430 	add	hl, de
   0826 6E            [ 7] 1431 	ld	l, (hl)
   0827 26 00         [ 7] 1432 	ld	h, #0x00
   0829 C5            [11] 1433 	push	bc
   082A D5            [11] 1434 	push	de
   082B E5            [11] 1435 	push	hl
   082C 21rA0r08      [10] 1436 	ld	hl, #___str_3
   082F E5            [11] 1437 	push	hl
   0830 CDr00r00      [17] 1438 	call	_printf
   0833 F1            [10] 1439 	pop	af
   0834 F1            [10] 1440 	pop	af
   0835 D1            [10] 1441 	pop	de
   0836 C1            [10] 1442 	pop	bc
   0837 13            [ 6] 1443 	inc	de
   0838 18 DE         [12] 1444 	jr	00104$
   083A                    1445 00101$:
                           1446 ;source_code/aes128.c:150: printf("\n");
   083A 21rA6r08      [10] 1447 	ld	hl, #___str_5
   083D E5            [11] 1448 	push	hl
   083E CDr00r00      [17] 1449 	call	_puts
                           1450 ;source_code/aes128.c:152: printf("Ciphertext: ");
   0841 21rA7r08      [10] 1451 	ld	hl, #___str_6
   0844 E3            [19] 1452 	ex	(sp),hl
   0845 CDr00r00      [17] 1453 	call	_printf
   0848 F1            [10] 1454 	pop	af
                           1455 ;source_code/aes128.c:153: for (int i = 0; i < 16; i++) printf("%02x ", ciphertext[i]);
   0849 01 00 00      [10] 1456 	ld	bc, #0x0000
   084C                    1457 00107$:
   084C 79            [ 4] 1458 	ld	a, c
   084D D6 10         [ 7] 1459 	sub	a, #0x10
   084F 78            [ 4] 1460 	ld	a, b
   0850 17            [ 4] 1461 	rla
   0851 3F            [ 4] 1462 	ccf
   0852 1F            [ 4] 1463 	rra
   0853 DE 80         [ 7] 1464 	sbc	a, #0x80
   0855 30 19         [12] 1465 	jr	NC,00102$
   0857 DD 6E FC      [19] 1466 	ld	l, -4 (ix)
   085A DD 66 FD      [19] 1467 	ld	h, -3 (ix)
   085D 09            [11] 1468 	add	hl, bc
   085E 5E            [ 7] 1469 	ld	e, (hl)
   085F 16 00         [ 7] 1470 	ld	d, #0x00
   0861 C5            [11] 1471 	push	bc
   0862 D5            [11] 1472 	push	de
   0863 21rA0r08      [10] 1473 	ld	hl, #___str_3
   0866 E5            [11] 1474 	push	hl
   0867 CDr00r00      [17] 1475 	call	_printf
   086A F1            [10] 1476 	pop	af
   086B F1            [10] 1477 	pop	af
   086C C1            [10] 1478 	pop	bc
   086D 03            [ 6] 1479 	inc	bc
   086E 18 DC         [12] 1480 	jr	00107$
   0870                    1481 00102$:
                           1482 ;source_code/aes128.c:154: printf("\n");
   0870 21rA6r08      [10] 1483 	ld	hl, #___str_5
   0873 E5            [11] 1484 	push	hl
   0874 CDr00r00      [17] 1485 	call	_puts
   0877 F1            [10] 1486 	pop	af
                           1487 ;source_code/aes128.c:156: return 0;
   0878 21 00 00      [10] 1488 	ld	hl, #0x0000
                           1489 ;source_code/aes128.c:157: }
   087B DD F9         [10] 1490 	ld	sp, ix
   087D DD E1         [14] 1491 	pop	ix
   087F C9            [10] 1492 	ret
   0880                    1493 ___str_1:
   0880 41 45 53 2D 31 32  1494 	.ascii "AES-128 Encryption"
        38 20 45 6E 63 72
        79 70 74 69 6F 6E
   0892 00                 1495 	.db 0x00
   0893                    1496 ___str_2:
   0893 50 6C 61 69 6E 74  1497 	.ascii "Plaintext:  "
        65 78 74 3A 20 20
   089F 00                 1498 	.db 0x00
   08A0                    1499 ___str_3:
   08A0 25 30 32 78 20     1500 	.ascii "%02x "
   08A5 00                 1501 	.db 0x00
   08A6                    1502 ___str_5:
   08A6 00                 1503 	.db 0x00
   08A7                    1504 ___str_6:
   08A7 43 69 70 68 65 72  1505 	.ascii "Ciphertext: "
        74 65 78 74 3A 20
   08B3 00                 1506 	.db 0x00
                           1507 	.area _CODE
                           1508 	.area _INITIALIZER
                           1509 	.area _CABS (ABS)
