                              1 ;--------------------------------------------------------
                              2 ; File Created by SDCC : free open source ANSI-C Compiler
                              3 ; Version 4.0.0 #11528 (Linux)
                              4 ;--------------------------------------------------------
                              5 	.module aes128
                              6 	.optsdcc -mz80
                              7 	
                              8 ;--------------------------------------------------------
                              9 ; Public variables in this module
                             10 ;--------------------------------------------------------
                             11 	.globl _main
                             12 	.globl _aes128_encrypt
                             13 	.globl _puts
                             14 	.globl _printf
                             15 ;--------------------------------------------------------
                             16 ; special function registers
                             17 ;--------------------------------------------------------
                             18 ;--------------------------------------------------------
                             19 ; ram data
                             20 ;--------------------------------------------------------
                             21 	.area _DATA
                             22 ;--------------------------------------------------------
                             23 ; ram data
                             24 ;--------------------------------------------------------
                             25 	.area _INITIALIZED
                             26 ;--------------------------------------------------------
                             27 ; absolute external ram data
                             28 ;--------------------------------------------------------
                             29 	.area _DABS (ABS)
                             30 ;--------------------------------------------------------
                             31 ; global & static initialisations
                             32 ;--------------------------------------------------------
                             33 	.area _HOME
                             34 	.area _GSINIT
                             35 	.area _GSFINAL
                             36 	.area _GSINIT
                             37 ;--------------------------------------------------------
                             38 ; Home
                             39 ;--------------------------------------------------------
                             40 	.area _HOME
                             41 	.area _HOME
                             42 ;--------------------------------------------------------
                             43 ; code
                             44 ;--------------------------------------------------------
                             45 	.area _CODE
                             46 ;source_code/aes128.c:38: static uint8_t xtime(uint8_t x) {
                             47 ;	---------------------------------
                             48 ; Function xtime
                             49 ; ---------------------------------
   0000                      50 _xtime:
   0000 DD E5         [15]   51 	push	ix
   0002 DD 21 00 00   [14]   52 	ld	ix,#0
   0006 DD 39         [15]   53 	add	ix,sp
                             54 ;source_code/aes128.c:39: return ((x << 1) ^ (((x >> 7) & 1) * 0x1b));
   0008 DD 7E 04      [19]   55 	ld	a, 4 (ix)
   000B 87            [ 4]   56 	add	a, a
   000C 4F            [ 4]   57 	ld	c, a
   000D DD 7E 04      [19]   58 	ld	a, 4 (ix)
   0010 CB 07         [ 8]   59 	rlc	a
   0012 E6 01         [ 7]   60 	and	a, #0x01
   0014 5F            [ 4]   61 	ld	e, a
   0015 16 00         [ 7]   62 	ld	d, #0x00
   0017 6B            [ 4]   63 	ld	l, e
   0018 62            [ 4]   64 	ld	h, d
   0019 29            [11]   65 	add	hl, hl
   001A 19            [11]   66 	add	hl, de
   001B 29            [11]   67 	add	hl, hl
   001C 29            [11]   68 	add	hl, hl
   001D 19            [11]   69 	add	hl, de
   001E 29            [11]   70 	add	hl, hl
   001F 19            [11]   71 	add	hl, de
   0020 79            [ 4]   72 	ld	a, c
   0021 17            [ 4]   73 	rla
   0022 9F            [ 4]   74 	sbc	a, a
   0023 F5            [11]   75 	push	af
   0024 79            [ 4]   76 	ld	a, c
   0025 AD            [ 4]   77 	xor	a, l
   0026 6F            [ 4]   78 	ld	l, a
   0027 F1            [10]   79 	pop	af
   0028 AC            [ 4]   80 	xor	a, h
   0029                      81 00101$:
                             82 ;source_code/aes128.c:40: }
   0029 DD E1         [14]   83 	pop	ix
   002B C9            [10]   84 	ret
   002C                      85 _sbox:
   002C 63                   86 	.db #0x63	; 99	'c'
   002D 7C                   87 	.db #0x7c	; 124
   002E 77                   88 	.db #0x77	; 119	'w'
   002F 7B                   89 	.db #0x7b	; 123
   0030 F2                   90 	.db #0xf2	; 242
   0031 6B                   91 	.db #0x6b	; 107	'k'
   0032 6F                   92 	.db #0x6f	; 111	'o'
   0033 C5                   93 	.db #0xc5	; 197
   0034 30                   94 	.db #0x30	; 48	'0'
   0035 01                   95 	.db #0x01	; 1
   0036 67                   96 	.db #0x67	; 103	'g'
   0037 2B                   97 	.db #0x2b	; 43
   0038 FE                   98 	.db #0xfe	; 254
   0039 D7                   99 	.db #0xd7	; 215
   003A AB                  100 	.db #0xab	; 171
   003B 76                  101 	.db #0x76	; 118	'v'
   003C CA                  102 	.db #0xca	; 202
   003D 82                  103 	.db #0x82	; 130
   003E C9                  104 	.db #0xc9	; 201
   003F 7D                  105 	.db #0x7d	; 125
   0040 FA                  106 	.db #0xfa	; 250
   0041 59                  107 	.db #0x59	; 89	'Y'
   0042 47                  108 	.db #0x47	; 71	'G'
   0043 F0                  109 	.db #0xf0	; 240
   0044 AD                  110 	.db #0xad	; 173
   0045 D4                  111 	.db #0xd4	; 212
   0046 A2                  112 	.db #0xa2	; 162
   0047 AF                  113 	.db #0xaf	; 175
   0048 9C                  114 	.db #0x9c	; 156
   0049 A4                  115 	.db #0xa4	; 164
   004A 72                  116 	.db #0x72	; 114	'r'
   004B C0                  117 	.db #0xc0	; 192
   004C B7                  118 	.db #0xb7	; 183
   004D FD                  119 	.db #0xfd	; 253
   004E 93                  120 	.db #0x93	; 147
   004F 26                  121 	.db #0x26	; 38
   0050 36                  122 	.db #0x36	; 54	'6'
   0051 3F                  123 	.db #0x3f	; 63
   0052 F7                  124 	.db #0xf7	; 247
   0053 CC                  125 	.db #0xcc	; 204
   0054 34                  126 	.db #0x34	; 52	'4'
   0055 A5                  127 	.db #0xa5	; 165
   0056 E5                  128 	.db #0xe5	; 229
   0057 F1                  129 	.db #0xf1	; 241
   0058 71                  130 	.db #0x71	; 113	'q'
   0059 D8                  131 	.db #0xd8	; 216
   005A 31                  132 	.db #0x31	; 49	'1'
   005B 15                  133 	.db #0x15	; 21
   005C 04                  134 	.db #0x04	; 4
   005D C7                  135 	.db #0xc7	; 199
   005E 23                  136 	.db #0x23	; 35
   005F C3                  137 	.db #0xc3	; 195
   0060 18                  138 	.db #0x18	; 24
   0061 96                  139 	.db #0x96	; 150
   0062 05                  140 	.db #0x05	; 5
   0063 9A                  141 	.db #0x9a	; 154
   0064 07                  142 	.db #0x07	; 7
   0065 12                  143 	.db #0x12	; 18
   0066 80                  144 	.db #0x80	; 128
   0067 E2                  145 	.db #0xe2	; 226
   0068 EB                  146 	.db #0xeb	; 235
   0069 27                  147 	.db #0x27	; 39
   006A B2                  148 	.db #0xb2	; 178
   006B 75                  149 	.db #0x75	; 117	'u'
   006C 09                  150 	.db #0x09	; 9
   006D 83                  151 	.db #0x83	; 131
   006E 2C                  152 	.db #0x2c	; 44
   006F 1A                  153 	.db #0x1a	; 26
   0070 1B                  154 	.db #0x1b	; 27
   0071 6E                  155 	.db #0x6e	; 110	'n'
   0072 5A                  156 	.db #0x5a	; 90	'Z'
   0073 A0                  157 	.db #0xa0	; 160
   0074 52                  158 	.db #0x52	; 82	'R'
   0075 3B                  159 	.db #0x3b	; 59
   0076 D6                  160 	.db #0xd6	; 214
   0077 B3                  161 	.db #0xb3	; 179
   0078 29                  162 	.db #0x29	; 41
   0079 E3                  163 	.db #0xe3	; 227
   007A 2F                  164 	.db #0x2f	; 47
   007B 84                  165 	.db #0x84	; 132
   007C 53                  166 	.db #0x53	; 83	'S'
   007D D1                  167 	.db #0xd1	; 209
   007E 00                  168 	.db #0x00	; 0
   007F ED                  169 	.db #0xed	; 237
   0080 20                  170 	.db #0x20	; 32
   0081 FC                  171 	.db #0xfc	; 252
   0082 B1                  172 	.db #0xb1	; 177
   0083 5B                  173 	.db #0x5b	; 91
   0084 6A                  174 	.db #0x6a	; 106	'j'
   0085 CB                  175 	.db #0xcb	; 203
   0086 BE                  176 	.db #0xbe	; 190
   0087 39                  177 	.db #0x39	; 57	'9'
   0088 4A                  178 	.db #0x4a	; 74	'J'
   0089 4C                  179 	.db #0x4c	; 76	'L'
   008A 58                  180 	.db #0x58	; 88	'X'
   008B CF                  181 	.db #0xcf	; 207
   008C D0                  182 	.db #0xd0	; 208
   008D EF                  183 	.db #0xef	; 239
   008E AA                  184 	.db #0xaa	; 170
   008F FB                  185 	.db #0xfb	; 251
   0090 43                  186 	.db #0x43	; 67	'C'
   0091 4D                  187 	.db #0x4d	; 77	'M'
   0092 33                  188 	.db #0x33	; 51	'3'
   0093 85                  189 	.db #0x85	; 133
   0094 45                  190 	.db #0x45	; 69	'E'
   0095 F9                  191 	.db #0xf9	; 249
   0096 02                  192 	.db #0x02	; 2
   0097 7F                  193 	.db #0x7f	; 127
   0098 50                  194 	.db #0x50	; 80	'P'
   0099 3C                  195 	.db #0x3c	; 60
   009A 9F                  196 	.db #0x9f	; 159
   009B A8                  197 	.db #0xa8	; 168
   009C 51                  198 	.db #0x51	; 81	'Q'
   009D A3                  199 	.db #0xa3	; 163
   009E 40                  200 	.db #0x40	; 64
   009F 8F                  201 	.db #0x8f	; 143
   00A0 92                  202 	.db #0x92	; 146
   00A1 9D                  203 	.db #0x9d	; 157
   00A2 38                  204 	.db #0x38	; 56	'8'
   00A3 F5                  205 	.db #0xf5	; 245
   00A4 BC                  206 	.db #0xbc	; 188
   00A5 B6                  207 	.db #0xb6	; 182
   00A6 DA                  208 	.db #0xda	; 218
   00A7 21                  209 	.db #0x21	; 33
   00A8 10                  210 	.db #0x10	; 16
   00A9 FF                  211 	.db #0xff	; 255
   00AA F3                  212 	.db #0xf3	; 243
   00AB D2                  213 	.db #0xd2	; 210
   00AC CD                  214 	.db #0xcd	; 205
   00AD 0C                  215 	.db #0x0c	; 12
   00AE 13                  216 	.db #0x13	; 19
   00AF EC                  217 	.db #0xec	; 236
   00B0 5F                  218 	.db #0x5f	; 95
   00B1 97                  219 	.db #0x97	; 151
   00B2 44                  220 	.db #0x44	; 68	'D'
   00B3 17                  221 	.db #0x17	; 23
   00B4 C4                  222 	.db #0xc4	; 196
   00B5 A7                  223 	.db #0xa7	; 167
   00B6 7E                  224 	.db #0x7e	; 126
   00B7 3D                  225 	.db #0x3d	; 61
   00B8 64                  226 	.db #0x64	; 100	'd'
   00B9 5D                  227 	.db #0x5d	; 93
   00BA 19                  228 	.db #0x19	; 25
   00BB 73                  229 	.db #0x73	; 115	's'
   00BC 60                  230 	.db #0x60	; 96
   00BD 81                  231 	.db #0x81	; 129
   00BE 4F                  232 	.db #0x4f	; 79	'O'
   00BF DC                  233 	.db #0xdc	; 220
   00C0 22                  234 	.db #0x22	; 34
   00C1 2A                  235 	.db #0x2a	; 42
   00C2 90                  236 	.db #0x90	; 144
   00C3 88                  237 	.db #0x88	; 136
   00C4 46                  238 	.db #0x46	; 70	'F'
   00C5 EE                  239 	.db #0xee	; 238
   00C6 B8                  240 	.db #0xb8	; 184
   00C7 14                  241 	.db #0x14	; 20
   00C8 DE                  242 	.db #0xde	; 222
   00C9 5E                  243 	.db #0x5e	; 94
   00CA 0B                  244 	.db #0x0b	; 11
   00CB DB                  245 	.db #0xdb	; 219
   00CC E0                  246 	.db #0xe0	; 224
   00CD 32                  247 	.db #0x32	; 50	'2'
   00CE 3A                  248 	.db #0x3a	; 58
   00CF 0A                  249 	.db #0x0a	; 10
   00D0 49                  250 	.db #0x49	; 73	'I'
   00D1 06                  251 	.db #0x06	; 6
   00D2 24                  252 	.db #0x24	; 36
   00D3 5C                  253 	.db #0x5c	; 92
   00D4 C2                  254 	.db #0xc2	; 194
   00D5 D3                  255 	.db #0xd3	; 211
   00D6 AC                  256 	.db #0xac	; 172
   00D7 62                  257 	.db #0x62	; 98	'b'
   00D8 91                  258 	.db #0x91	; 145
   00D9 95                  259 	.db #0x95	; 149
   00DA E4                  260 	.db #0xe4	; 228
   00DB 79                  261 	.db #0x79	; 121	'y'
   00DC E7                  262 	.db #0xe7	; 231
   00DD C8                  263 	.db #0xc8	; 200
   00DE 37                  264 	.db #0x37	; 55	'7'
   00DF 6D                  265 	.db #0x6d	; 109	'm'
   00E0 8D                  266 	.db #0x8d	; 141
   00E1 D5                  267 	.db #0xd5	; 213
   00E2 4E                  268 	.db #0x4e	; 78	'N'
   00E3 A9                  269 	.db #0xa9	; 169
   00E4 6C                  270 	.db #0x6c	; 108	'l'
   00E5 56                  271 	.db #0x56	; 86	'V'
   00E6 F4                  272 	.db #0xf4	; 244
   00E7 EA                  273 	.db #0xea	; 234
   00E8 65                  274 	.db #0x65	; 101	'e'
   00E9 7A                  275 	.db #0x7a	; 122	'z'
   00EA AE                  276 	.db #0xae	; 174
   00EB 08                  277 	.db #0x08	; 8
   00EC BA                  278 	.db #0xba	; 186
   00ED 78                  279 	.db #0x78	; 120	'x'
   00EE 25                  280 	.db #0x25	; 37
   00EF 2E                  281 	.db #0x2e	; 46
   00F0 1C                  282 	.db #0x1c	; 28
   00F1 A6                  283 	.db #0xa6	; 166
   00F2 B4                  284 	.db #0xb4	; 180
   00F3 C6                  285 	.db #0xc6	; 198
   00F4 E8                  286 	.db #0xe8	; 232
   00F5 DD                  287 	.db #0xdd	; 221
   00F6 74                  288 	.db #0x74	; 116	't'
   00F7 1F                  289 	.db #0x1f	; 31
   00F8 4B                  290 	.db #0x4b	; 75	'K'
   00F9 BD                  291 	.db #0xbd	; 189
   00FA 8B                  292 	.db #0x8b	; 139
   00FB 8A                  293 	.db #0x8a	; 138
   00FC 70                  294 	.db #0x70	; 112	'p'
   00FD 3E                  295 	.db #0x3e	; 62
   00FE B5                  296 	.db #0xb5	; 181
   00FF 66                  297 	.db #0x66	; 102	'f'
   0100 48                  298 	.db #0x48	; 72	'H'
   0101 03                  299 	.db #0x03	; 3
   0102 F6                  300 	.db #0xf6	; 246
   0103 0E                  301 	.db #0x0e	; 14
   0104 61                  302 	.db #0x61	; 97	'a'
   0105 35                  303 	.db #0x35	; 53	'5'
   0106 57                  304 	.db #0x57	; 87	'W'
   0107 B9                  305 	.db #0xb9	; 185
   0108 86                  306 	.db #0x86	; 134
   0109 C1                  307 	.db #0xc1	; 193
   010A 1D                  308 	.db #0x1d	; 29
   010B 9E                  309 	.db #0x9e	; 158
   010C E1                  310 	.db #0xe1	; 225
   010D F8                  311 	.db #0xf8	; 248
   010E 98                  312 	.db #0x98	; 152
   010F 11                  313 	.db #0x11	; 17
   0110 69                  314 	.db #0x69	; 105	'i'
   0111 D9                  315 	.db #0xd9	; 217
   0112 8E                  316 	.db #0x8e	; 142
   0113 94                  317 	.db #0x94	; 148
   0114 9B                  318 	.db #0x9b	; 155
   0115 1E                  319 	.db #0x1e	; 30
   0116 87                  320 	.db #0x87	; 135
   0117 E9                  321 	.db #0xe9	; 233
   0118 CE                  322 	.db #0xce	; 206
   0119 55                  323 	.db #0x55	; 85	'U'
   011A 28                  324 	.db #0x28	; 40
   011B DF                  325 	.db #0xdf	; 223
   011C 8C                  326 	.db #0x8c	; 140
   011D A1                  327 	.db #0xa1	; 161
   011E 89                  328 	.db #0x89	; 137
   011F 0D                  329 	.db #0x0d	; 13
   0120 BF                  330 	.db #0xbf	; 191
   0121 E6                  331 	.db #0xe6	; 230
   0122 42                  332 	.db #0x42	; 66	'B'
   0123 68                  333 	.db #0x68	; 104	'h'
   0124 41                  334 	.db #0x41	; 65	'A'
   0125 99                  335 	.db #0x99	; 153
   0126 2D                  336 	.db #0x2d	; 45
   0127 0F                  337 	.db #0x0f	; 15
   0128 B0                  338 	.db #0xb0	; 176
   0129 54                  339 	.db #0x54	; 84	'T'
   012A BB                  340 	.db #0xbb	; 187
   012B 16                  341 	.db #0x16	; 22
   012C                     342 _rcon:
   012C 00                  343 	.db #0x00	; 0
   012D 01                  344 	.db #0x01	; 1
   012E 02                  345 	.db #0x02	; 2
   012F 04                  346 	.db #0x04	; 4
   0130 08                  347 	.db #0x08	; 8
   0131 10                  348 	.db #0x10	; 16
   0132 20                  349 	.db #0x20	; 32
   0133 40                  350 	.db #0x40	; 64
   0134 80                  351 	.db #0x80	; 128
   0135 1B                  352 	.db #0x1b	; 27
   0136 36                  353 	.db #0x36	; 54	'6'
                            354 ;source_code/aes128.c:42: static void sub_bytes(uint8_t *state) {
                            355 ;	---------------------------------
                            356 ; Function sub_bytes
                            357 ; ---------------------------------
   0137                     358 _sub_bytes:
   0137 DD E5         [15]  359 	push	ix
   0139 DD 21 00 00   [14]  360 	ld	ix,#0
   013D DD 39         [15]  361 	add	ix,sp
                            362 ;source_code/aes128.c:43: for (int i = 0; i < 16; i++) {
   013F 01 00 00      [10]  363 	ld	bc, #0x0000
   0142                     364 00103$:
   0142 79            [ 4]  365 	ld	a, c
   0143 D6 10         [ 7]  366 	sub	a, #0x10
   0145 78            [ 4]  367 	ld	a, b
   0146 17            [ 4]  368 	rla
   0147 3F            [ 4]  369 	ccf
   0148 1F            [ 4]  370 	rra
   0149 DE 80         [ 7]  371 	sbc	a, #0x80
   014B D2r67r01      [10]  372 	jp	NC, 00105$
                            373 ;source_code/aes128.c:44: state[i] = sbox[state[i]];
   014E DD 7E 04      [19]  374 	ld	a, 4 (ix)
   0151 81            [ 4]  375 	add	a, c
   0152 5F            [ 4]  376 	ld	e, a
   0153 DD 7E 05      [19]  377 	ld	a, 5 (ix)
   0156 88            [ 4]  378 	adc	a, b
   0157 57            [ 4]  379 	ld	d, a
   0158 1A            [ 7]  380 	ld	a, (de)
   0159 C6r2C         [ 7]  381 	add	a, #<(_sbox)
   015B 6F            [ 4]  382 	ld	l, a
   015C 3E 00         [ 7]  383 	ld	a, #0x00
   015E CEs00         [ 7]  384 	adc	a, #>(_sbox)
   0160 67            [ 4]  385 	ld	h, a
   0161 7E            [ 7]  386 	ld	a, (hl)
   0162 12            [ 7]  387 	ld	(de), a
                            388 ;source_code/aes128.c:43: for (int i = 0; i < 16; i++) {
   0163 03            [ 6]  389 	inc	bc
   0164 C3r42r01      [10]  390 	jp	00103$
   0167                     391 00105$:
                            392 ;source_code/aes128.c:46: }
   0167 DD E1         [14]  393 	pop	ix
   0169 C9            [10]  394 	ret
                            395 ;source_code/aes128.c:48: static void shift_rows(uint8_t *state) {
                            396 ;	---------------------------------
                            397 ; Function shift_rows
                            398 ; ---------------------------------
   016A                     399 _shift_rows:
   016A DD E5         [15]  400 	push	ix
   016C DD 21 00 00   [14]  401 	ld	ix,#0
   0170 DD 39         [15]  402 	add	ix,sp
   0172 3B            [ 6]  403 	dec	sp
                            404 ;source_code/aes128.c:51: temp = state[1];
   0173 DD 5E 04      [19]  405 	ld	e, 4 (ix)
   0176 DD 56 05      [19]  406 	ld	d, 5 (ix)
   0179 13            [ 6]  407 	inc	de
   017A 1A            [ 7]  408 	ld	a, (de)
   017B DD 77 FF      [19]  409 	ld	-1 (ix), a
                            410 ;source_code/aes128.c:52: state[1] = state[5];
   017E DD 7E 04      [19]  411 	ld	a, 4 (ix)
   0181 C6 05         [ 7]  412 	add	a, #0x05
   0183 4F            [ 4]  413 	ld	c, a
   0184 DD 7E 05      [19]  414 	ld	a, 5 (ix)
   0187 CE 00         [ 7]  415 	adc	a, #0x00
   0189 47            [ 4]  416 	ld	b, a
   018A 0A            [ 7]  417 	ld	a, (bc)
   018B 12            [ 7]  418 	ld	(de), a
                            419 ;source_code/aes128.c:53: state[5] = state[9];
   018C DD 7E 04      [19]  420 	ld	a, 4 (ix)
   018F C6 09         [ 7]  421 	add	a, #0x09
   0191 5F            [ 4]  422 	ld	e, a
   0192 DD 7E 05      [19]  423 	ld	a, 5 (ix)
   0195 CE 00         [ 7]  424 	adc	a, #0x00
   0197 57            [ 4]  425 	ld	d, a
   0198 1A            [ 7]  426 	ld	a, (de)
   0199 02            [ 7]  427 	ld	(bc), a
                            428 ;source_code/aes128.c:54: state[9] = state[13];
   019A DD 7E 04      [19]  429 	ld	a, 4 (ix)
   019D C6 0D         [ 7]  430 	add	a, #0x0d
   019F 4F            [ 4]  431 	ld	c, a
   01A0 DD 7E 05      [19]  432 	ld	a, 5 (ix)
   01A3 CE 00         [ 7]  433 	adc	a, #0x00
   01A5 47            [ 4]  434 	ld	b, a
   01A6 0A            [ 7]  435 	ld	a, (bc)
   01A7 12            [ 7]  436 	ld	(de), a
                            437 ;source_code/aes128.c:55: state[13] = temp;
   01A8 DD 7E FF      [19]  438 	ld	a, -1 (ix)
   01AB 02            [ 7]  439 	ld	(bc), a
                            440 ;source_code/aes128.c:57: temp = state[2];
   01AC DD 5E 04      [19]  441 	ld	e, 4 (ix)
   01AF DD 56 05      [19]  442 	ld	d, 5 (ix)
   01B2 13            [ 6]  443 	inc	de
   01B3 13            [ 6]  444 	inc	de
   01B4 1A            [ 7]  445 	ld	a, (de)
   01B5 DD 77 FF      [19]  446 	ld	-1 (ix), a
                            447 ;source_code/aes128.c:58: state[2] = state[10];
   01B8 DD 7E 04      [19]  448 	ld	a, 4 (ix)
   01BB C6 0A         [ 7]  449 	add	a, #0x0a
   01BD 4F            [ 4]  450 	ld	c, a
   01BE DD 7E 05      [19]  451 	ld	a, 5 (ix)
   01C1 CE 00         [ 7]  452 	adc	a, #0x00
   01C3 47            [ 4]  453 	ld	b, a
   01C4 0A            [ 7]  454 	ld	a, (bc)
   01C5 12            [ 7]  455 	ld	(de), a
                            456 ;source_code/aes128.c:59: state[10] = temp;
   01C6 DD 7E FF      [19]  457 	ld	a, -1 (ix)
   01C9 02            [ 7]  458 	ld	(bc), a
                            459 ;source_code/aes128.c:60: temp = state[6];
   01CA DD 7E 04      [19]  460 	ld	a, 4 (ix)
   01CD C6 06         [ 7]  461 	add	a, #0x06
   01CF 5F            [ 4]  462 	ld	e, a
   01D0 DD 7E 05      [19]  463 	ld	a, 5 (ix)
   01D3 CE 00         [ 7]  464 	adc	a, #0x00
   01D5 57            [ 4]  465 	ld	d, a
   01D6 1A            [ 7]  466 	ld	a, (de)
   01D7 DD 77 FF      [19]  467 	ld	-1 (ix), a
                            468 ;source_code/aes128.c:61: state[6] = state[14];
   01DA DD 7E 04      [19]  469 	ld	a, 4 (ix)
   01DD C6 0E         [ 7]  470 	add	a, #0x0e
   01DF 4F            [ 4]  471 	ld	c, a
   01E0 DD 7E 05      [19]  472 	ld	a, 5 (ix)
   01E3 CE 00         [ 7]  473 	adc	a, #0x00
   01E5 47            [ 4]  474 	ld	b, a
   01E6 0A            [ 7]  475 	ld	a, (bc)
   01E7 12            [ 7]  476 	ld	(de), a
                            477 ;source_code/aes128.c:62: state[14] = temp;
   01E8 DD 7E FF      [19]  478 	ld	a, -1 (ix)
   01EB 02            [ 7]  479 	ld	(bc), a
                            480 ;source_code/aes128.c:64: temp = state[15];
   01EC DD 7E 04      [19]  481 	ld	a, 4 (ix)
   01EF C6 0F         [ 7]  482 	add	a, #0x0f
   01F1 5F            [ 4]  483 	ld	e, a
   01F2 DD 7E 05      [19]  484 	ld	a, 5 (ix)
   01F5 CE 00         [ 7]  485 	adc	a, #0x00
   01F7 57            [ 4]  486 	ld	d, a
   01F8 1A            [ 7]  487 	ld	a, (de)
   01F9 DD 77 FF      [19]  488 	ld	-1 (ix), a
                            489 ;source_code/aes128.c:65: state[15] = state[11];
   01FC DD 7E 04      [19]  490 	ld	a, 4 (ix)
   01FF C6 0B         [ 7]  491 	add	a, #0x0b
   0201 4F            [ 4]  492 	ld	c, a
   0202 DD 7E 05      [19]  493 	ld	a, 5 (ix)
   0205 CE 00         [ 7]  494 	adc	a, #0x00
   0207 47            [ 4]  495 	ld	b, a
   0208 0A            [ 7]  496 	ld	a, (bc)
   0209 12            [ 7]  497 	ld	(de), a
                            498 ;source_code/aes128.c:66: state[11] = state[7];
   020A DD 7E 04      [19]  499 	ld	a, 4 (ix)
   020D C6 07         [ 7]  500 	add	a, #0x07
   020F 5F            [ 4]  501 	ld	e, a
   0210 DD 7E 05      [19]  502 	ld	a, 5 (ix)
   0213 CE 00         [ 7]  503 	adc	a, #0x00
   0215 57            [ 4]  504 	ld	d, a
   0216 1A            [ 7]  505 	ld	a, (de)
   0217 02            [ 7]  506 	ld	(bc), a
                            507 ;source_code/aes128.c:67: state[7] = state[3];
   0218 DD 4E 04      [19]  508 	ld	c, 4 (ix)
   021B DD 46 05      [19]  509 	ld	b, 5 (ix)
   021E 03            [ 6]  510 	inc	bc
   021F 03            [ 6]  511 	inc	bc
   0220 03            [ 6]  512 	inc	bc
   0221 0A            [ 7]  513 	ld	a, (bc)
   0222 12            [ 7]  514 	ld	(de), a
                            515 ;source_code/aes128.c:68: state[3] = temp;
   0223 DD 7E FF      [19]  516 	ld	a, -1 (ix)
   0226 02            [ 7]  517 	ld	(bc), a
   0227                     518 00101$:
                            519 ;source_code/aes128.c:69: }
   0227 33            [ 6]  520 	inc	sp
   0228 DD E1         [14]  521 	pop	ix
   022A C9            [10]  522 	ret
                            523 ;source_code/aes128.c:71: static void mix_columns(uint8_t *state) {
                            524 ;	---------------------------------
                            525 ; Function mix_columns
                            526 ; ---------------------------------
   022B                     527 _mix_columns:
   022B DD E5         [15]  528 	push	ix
   022D DD 21 00 00   [14]  529 	ld	ix,#0
   0231 DD 39         [15]  530 	add	ix,sp
   0233 21 E2 FF      [10]  531 	ld	hl, #-30
   0236 39            [11]  532 	add	hl, sp
   0237 F9            [ 6]  533 	ld	sp, hl
                            534 ;source_code/aes128.c:74: for (int i = 0; i < 4; i++) {
   0238 21 02 00      [10]  535 	ld	hl, #2
   023B 39            [11]  536 	add	hl, sp
   023C DD 75 F4      [19]  537 	ld	-12 (ix), l
   023F DD 74 F5      [19]  538 	ld	-11 (ix), h
   0242 01 00 00      [10]  539 	ld	bc, #0x0000
   0245                     540 00103$:
   0245 79            [ 4]  541 	ld	a, c
   0246 D6 04         [ 7]  542 	sub	a, #0x04
   0248 78            [ 4]  543 	ld	a, b
   0249 17            [ 4]  544 	rla
   024A 3F            [ 4]  545 	ccf
   024B 1F            [ 4]  546 	rra
   024C DE 80         [ 7]  547 	sbc	a, #0x80
   024E D2r28r04      [10]  548 	jp	NC, 00101$
                            549 ;source_code/aes128.c:75: int idx = i * 4;
   0251 59            [ 4]  550 	ld	e, c
   0252 50            [ 4]  551 	ld	d, b
   0253 CB 23         [ 8]  552 	sla	e
   0255 CB 12         [ 8]  553 	rl	d
   0257 CB 23         [ 8]  554 	sla	e
   0259 CB 12         [ 8]  555 	rl	d
                            556 ;source_code/aes128.c:76: tmp[idx + 0] = (uint8_t)(xtime(state[idx + 0]) ^ xtime(state[idx + 1]) ^ state[idx + 1] ^ state[idx + 2] ^ state[idx + 3]);
   025B DD 73 F6      [19]  557 	ld	-10 (ix), e
   025E DD 7E F6      [19]  558 	ld	a, -10 (ix)
   0261 6F            [ 4]  559 	ld	l, a
   0262 17            [ 4]  560 	rla
   0263 9F            [ 4]  561 	sbc	a, a
   0264 67            [ 4]  562 	ld	h, a
   0265 7D            [ 4]  563 	ld	a, l
   0266 DD 86 F4      [19]  564 	add	a, -12 (ix)
   0269 DD 77 E2      [19]  565 	ld	-30 (ix), a
   026C 7C            [ 4]  566 	ld	a, h
   026D DD 8E F5      [19]  567 	adc	a, -11 (ix)
   0270 DD 77 E3      [19]  568 	ld	-29 (ix), a
   0273 DD 7E 04      [19]  569 	ld	a, 4 (ix)
   0276 83            [ 4]  570 	add	a, e
   0277 DD 77 F7      [19]  571 	ld	-9 (ix), a
   027A DD 7E 05      [19]  572 	ld	a, 5 (ix)
   027D 8A            [ 4]  573 	adc	a, d
   027E DD 77 F8      [19]  574 	ld	-8 (ix), a
   0281 DD 6E F7      [19]  575 	ld	l, -9 (ix)
   0284 DD 66 F8      [19]  576 	ld	h, -8 (ix)
   0287 7E            [ 7]  577 	ld	a, (hl)
   0288 C5            [11]  578 	push	bc
   0289 D5            [11]  579 	push	de
   028A F5            [11]  580 	push	af
   028B 33            [ 6]  581 	inc	sp
   028C CDr00r00      [17]  582 	call	_xtime
   028F 33            [ 6]  583 	inc	sp
   0290 DD 75 FD      [19]  584 	ld	-3 (ix), l
   0293 D1            [10]  585 	pop	de
   0294 C1            [10]  586 	pop	bc
   0295 21 01 00      [10]  587 	ld	hl, #0x0001
   0298 19            [11]  588 	add	hl, de
   0299 DD 75 FE      [19]  589 	ld	-2 (ix), l
   029C DD 74 FF      [19]  590 	ld	-1 (ix), h
   029F DD 7E FE      [19]  591 	ld	a, -2 (ix)
   02A2 DD 86 04      [19]  592 	add	a, 4 (ix)
   02A5 DD 77 F9      [19]  593 	ld	-7 (ix), a
   02A8 DD 7E FF      [19]  594 	ld	a, -1 (ix)
   02AB DD 8E 05      [19]  595 	adc	a, 5 (ix)
   02AE DD 77 FA      [19]  596 	ld	-6 (ix), a
   02B1 DD 6E F9      [19]  597 	ld	l, -7 (ix)
   02B4 DD 66 FA      [19]  598 	ld	h, -6 (ix)
   02B7 7E            [ 7]  599 	ld	a, (hl)
   02B8 C5            [11]  600 	push	bc
   02B9 D5            [11]  601 	push	de
   02BA F5            [11]  602 	push	af
   02BB 33            [ 6]  603 	inc	sp
   02BC CDr00r00      [17]  604 	call	_xtime
   02BF 33            [ 6]  605 	inc	sp
   02C0 7D            [ 4]  606 	ld	a, l
   02C1 D1            [10]  607 	pop	de
   02C2 C1            [10]  608 	pop	bc
   02C3 DD AE FD      [19]  609 	xor	a, -3 (ix)
   02C6 DD 6E F9      [19]  610 	ld	l, -7 (ix)
   02C9 DD 66 FA      [19]  611 	ld	h, -6 (ix)
   02CC 6E            [ 7]  612 	ld	l, (hl)
   02CD AD            [ 4]  613 	xor	a, l
   02CE DD 77 FF      [19]  614 	ld	-1 (ix), a
   02D1 21 02 00      [10]  615 	ld	hl, #0x0002
   02D4 19            [11]  616 	add	hl, de
   02D5 DD 75 FD      [19]  617 	ld	-3 (ix), l
   02D8 DD 74 FE      [19]  618 	ld	-2 (ix), h
   02DB DD 7E FD      [19]  619 	ld	a, -3 (ix)
   02DE DD 86 04      [19]  620 	add	a, 4 (ix)
   02E1 DD 77 FB      [19]  621 	ld	-5 (ix), a
   02E4 DD 7E FE      [19]  622 	ld	a, -2 (ix)
   02E7 DD 8E 05      [19]  623 	adc	a, 5 (ix)
   02EA DD 77 FC      [19]  624 	ld	-4 (ix), a
   02ED DD 6E FB      [19]  625 	ld	l, -5 (ix)
   02F0 DD 66 FC      [19]  626 	ld	h, -4 (ix)
   02F3 7E            [ 7]  627 	ld	a, (hl)
   02F4 DD AE FF      [19]  628 	xor	a, -1 (ix)
   02F7 DD 77 FF      [19]  629 	ld	-1 (ix), a
   02FA 13            [ 6]  630 	inc	de
   02FB 13            [ 6]  631 	inc	de
   02FC 13            [ 6]  632 	inc	de
   02FD 7B            [ 4]  633 	ld	a, e
   02FE DD 86 04      [19]  634 	add	a, 4 (ix)
   0301 DD 77 FD      [19]  635 	ld	-3 (ix), a
   0304 7A            [ 4]  636 	ld	a, d
   0305 DD 8E 05      [19]  637 	adc	a, 5 (ix)
   0308 DD 77 FE      [19]  638 	ld	-2 (ix), a
   030B DD 6E FD      [19]  639 	ld	l, -3 (ix)
   030E DD 66 FE      [19]  640 	ld	h, -2 (ix)
   0311 7E            [ 7]  641 	ld	a, (hl)
   0312 DD AE FF      [19]  642 	xor	a, -1 (ix)
   0315 E1            [10]  643 	pop	hl
   0316 E5            [11]  644 	push	hl
   0317 77            [ 7]  645 	ld	(hl), a
                            646 ;source_code/aes128.c:77: tmp[idx + 1] = (uint8_t)(state[idx + 0] ^ xtime(state[idx + 1]) ^ xtime(state[idx + 2]) ^ state[idx + 2] ^ state[idx + 3]);
   0318 DD 7E F6      [19]  647 	ld	a, -10 (ix)
   031B 3C            [ 4]  648 	inc	a
   031C 5F            [ 4]  649 	ld	e, a
   031D 17            [ 4]  650 	rla
   031E 9F            [ 4]  651 	sbc	a, a
   031F 57            [ 4]  652 	ld	d, a
   0320 7B            [ 4]  653 	ld	a, e
   0321 DD 86 F4      [19]  654 	add	a, -12 (ix)
   0324 5F            [ 4]  655 	ld	e, a
   0325 7A            [ 4]  656 	ld	a, d
   0326 DD 8E F5      [19]  657 	adc	a, -11 (ix)
   0329 57            [ 4]  658 	ld	d, a
   032A DD 6E F7      [19]  659 	ld	l, -9 (ix)
   032D DD 66 F8      [19]  660 	ld	h, -8 (ix)
   0330 7E            [ 7]  661 	ld	a, (hl)
   0331 DD 77 FF      [19]  662 	ld	-1 (ix), a
   0334 DD 6E F9      [19]  663 	ld	l, -7 (ix)
   0337 DD 66 FA      [19]  664 	ld	h, -6 (ix)
   033A 7E            [ 7]  665 	ld	a, (hl)
   033B C5            [11]  666 	push	bc
   033C D5            [11]  667 	push	de
   033D F5            [11]  668 	push	af
   033E 33            [ 6]  669 	inc	sp
   033F CDr00r00      [17]  670 	call	_xtime
   0342 33            [ 6]  671 	inc	sp
   0343 7D            [ 4]  672 	ld	a, l
   0344 D1            [10]  673 	pop	de
   0345 C1            [10]  674 	pop	bc
   0346 DD AE FF      [19]  675 	xor	a, -1 (ix)
   0349 DD 77 FF      [19]  676 	ld	-1 (ix), a
   034C DD 6E FB      [19]  677 	ld	l, -5 (ix)
   034F DD 66 FC      [19]  678 	ld	h, -4 (ix)
   0352 7E            [ 7]  679 	ld	a, (hl)
   0353 C5            [11]  680 	push	bc
   0354 D5            [11]  681 	push	de
   0355 F5            [11]  682 	push	af
   0356 33            [ 6]  683 	inc	sp
   0357 CDr00r00      [17]  684 	call	_xtime
   035A 33            [ 6]  685 	inc	sp
   035B 7D            [ 4]  686 	ld	a, l
   035C D1            [10]  687 	pop	de
   035D C1            [10]  688 	pop	bc
   035E DD AE FF      [19]  689 	xor	a, -1 (ix)
   0361 DD 6E FB      [19]  690 	ld	l, -5 (ix)
   0364 DD 66 FC      [19]  691 	ld	h, -4 (ix)
   0367 6E            [ 7]  692 	ld	l, (hl)
   0368 AD            [ 4]  693 	xor	a, l
   0369 DD 6E FD      [19]  694 	ld	l, -3 (ix)
   036C DD 66 FE      [19]  695 	ld	h, -2 (ix)
   036F 6E            [ 7]  696 	ld	l, (hl)
   0370 AD            [ 4]  697 	xor	a, l
   0371 12            [ 7]  698 	ld	(de), a
                            699 ;source_code/aes128.c:78: tmp[idx + 2] = (uint8_t)(state[idx + 0] ^ state[idx + 1] ^ xtime(state[idx + 2]) ^ xtime(state[idx + 3]) ^ state[idx + 3]);
   0372 DD 7E F6      [19]  700 	ld	a, -10 (ix)
   0375 3C            [ 4]  701 	inc	a
   0376 3C            [ 4]  702 	inc	a
   0377 5F            [ 4]  703 	ld	e, a
   0378 17            [ 4]  704 	rla
   0379 9F            [ 4]  705 	sbc	a, a
   037A 57            [ 4]  706 	ld	d, a
   037B 7B            [ 4]  707 	ld	a, e
   037C DD 86 F4      [19]  708 	add	a, -12 (ix)
   037F 5F            [ 4]  709 	ld	e, a
   0380 7A            [ 4]  710 	ld	a, d
   0381 DD 8E F5      [19]  711 	adc	a, -11 (ix)
   0384 57            [ 4]  712 	ld	d, a
   0385 DD 6E F7      [19]  713 	ld	l, -9 (ix)
   0388 DD 66 F8      [19]  714 	ld	h, -8 (ix)
   038B 7E            [ 7]  715 	ld	a, (hl)
   038C DD 6E F9      [19]  716 	ld	l, -7 (ix)
   038F DD 66 FA      [19]  717 	ld	h, -6 (ix)
   0392 6E            [ 7]  718 	ld	l, (hl)
   0393 AD            [ 4]  719 	xor	a, l
   0394 DD 77 FF      [19]  720 	ld	-1 (ix), a
   0397 DD 6E FB      [19]  721 	ld	l, -5 (ix)
   039A DD 66 FC      [19]  722 	ld	h, -4 (ix)
   039D 7E            [ 7]  723 	ld	a, (hl)
   039E C5            [11]  724 	push	bc
   039F D5            [11]  725 	push	de
   03A0 F5            [11]  726 	push	af
   03A1 33            [ 6]  727 	inc	sp
   03A2 CDr00r00      [17]  728 	call	_xtime
   03A5 33            [ 6]  729 	inc	sp
   03A6 7D            [ 4]  730 	ld	a, l
   03A7 D1            [10]  731 	pop	de
   03A8 C1            [10]  732 	pop	bc
   03A9 DD AE FF      [19]  733 	xor	a, -1 (ix)
   03AC DD 77 FF      [19]  734 	ld	-1 (ix), a
   03AF DD 6E FD      [19]  735 	ld	l, -3 (ix)
   03B2 DD 66 FE      [19]  736 	ld	h, -2 (ix)
   03B5 7E            [ 7]  737 	ld	a, (hl)
   03B6 C5            [11]  738 	push	bc
   03B7 D5            [11]  739 	push	de
   03B8 F5            [11]  740 	push	af
   03B9 33            [ 6]  741 	inc	sp
   03BA CDr00r00      [17]  742 	call	_xtime
   03BD 33            [ 6]  743 	inc	sp
   03BE 7D            [ 4]  744 	ld	a, l
   03BF D1            [10]  745 	pop	de
   03C0 C1            [10]  746 	pop	bc
   03C1 DD AE FF      [19]  747 	xor	a, -1 (ix)
   03C4 DD 6E FD      [19]  748 	ld	l, -3 (ix)
   03C7 DD 66 FE      [19]  749 	ld	h, -2 (ix)
   03CA 6E            [ 7]  750 	ld	l, (hl)
   03CB AD            [ 4]  751 	xor	a, l
   03CC 12            [ 7]  752 	ld	(de), a
                            753 ;source_code/aes128.c:79: tmp[idx + 3] = (uint8_t)(xtime(state[idx + 0]) ^ state[idx + 0] ^ state[idx + 1] ^ state[idx + 2] ^ xtime(state[idx + 3]));
   03CD DD 7E F6      [19]  754 	ld	a, -10 (ix)
   03D0 3C            [ 4]  755 	inc	a
   03D1 3C            [ 4]  756 	inc	a
   03D2 3C            [ 4]  757 	inc	a
   03D3 5F            [ 4]  758 	ld	e, a
   03D4 17            [ 4]  759 	rla
   03D5 9F            [ 4]  760 	sbc	a, a
   03D6 57            [ 4]  761 	ld	d, a
   03D7 7B            [ 4]  762 	ld	a, e
   03D8 DD 86 F4      [19]  763 	add	a, -12 (ix)
   03DB 5F            [ 4]  764 	ld	e, a
   03DC 7A            [ 4]  765 	ld	a, d
   03DD DD 8E F5      [19]  766 	adc	a, -11 (ix)
   03E0 57            [ 4]  767 	ld	d, a
   03E1 DD 6E F7      [19]  768 	ld	l, -9 (ix)
   03E4 DD 66 F8      [19]  769 	ld	h, -8 (ix)
   03E7 7E            [ 7]  770 	ld	a, (hl)
   03E8 C5            [11]  771 	push	bc
   03E9 D5            [11]  772 	push	de
   03EA F5            [11]  773 	push	af
   03EB 33            [ 6]  774 	inc	sp
   03EC CDr00r00      [17]  775 	call	_xtime
   03EF 33            [ 6]  776 	inc	sp
   03F0 7D            [ 4]  777 	ld	a, l
   03F1 D1            [10]  778 	pop	de
   03F2 C1            [10]  779 	pop	bc
   03F3 DD 6E F7      [19]  780 	ld	l, -9 (ix)
   03F6 DD 66 F8      [19]  781 	ld	h, -8 (ix)
   03F9 6E            [ 7]  782 	ld	l, (hl)
   03FA AD            [ 4]  783 	xor	a, l
   03FB DD 6E F9      [19]  784 	ld	l, -7 (ix)
   03FE DD 66 FA      [19]  785 	ld	h, -6 (ix)
   0401 6E            [ 7]  786 	ld	l, (hl)
   0402 AD            [ 4]  787 	xor	a, l
   0403 DD 6E FB      [19]  788 	ld	l, -5 (ix)
   0406 DD 66 FC      [19]  789 	ld	h, -4 (ix)
   0409 6E            [ 7]  790 	ld	l, (hl)
   040A AD            [ 4]  791 	xor	a, l
   040B DD 77 FF      [19]  792 	ld	-1 (ix), a
   040E DD 6E FD      [19]  793 	ld	l, -3 (ix)
   0411 DD 66 FE      [19]  794 	ld	h, -2 (ix)
   0414 7E            [ 7]  795 	ld	a, (hl)
   0415 C5            [11]  796 	push	bc
   0416 D5            [11]  797 	push	de
   0417 F5            [11]  798 	push	af
   0418 33            [ 6]  799 	inc	sp
   0419 CDr00r00      [17]  800 	call	_xtime
   041C 33            [ 6]  801 	inc	sp
   041D 7D            [ 4]  802 	ld	a, l
   041E D1            [10]  803 	pop	de
   041F C1            [10]  804 	pop	bc
   0420 DD AE FF      [19]  805 	xor	a, -1 (ix)
   0423 12            [ 7]  806 	ld	(de), a
                            807 ;source_code/aes128.c:74: for (int i = 0; i < 4; i++) {
   0424 03            [ 6]  808 	inc	bc
   0425 C3r45r02      [10]  809 	jp	00103$
   0428                     810 00101$:
                            811 ;source_code/aes128.c:82: memcpy(state, tmp, 16);
   0428 DD 5E 04      [19]  812 	ld	e, 4 (ix)
   042B DD 56 05      [19]  813 	ld	d, 5 (ix)
   042E DD 6E F4      [19]  814 	ld	l, -12 (ix)
   0431 DD 66 F5      [19]  815 	ld	h, -11 (ix)
   0434 01 10 00      [10]  816 	ld	bc, #0x0010
   0437 ED B0         [21]  817 	ldir
   0439                     818 00105$:
                            819 ;source_code/aes128.c:83: }
   0439 DD F9         [10]  820 	ld	sp, ix
   043B DD E1         [14]  821 	pop	ix
   043D C9            [10]  822 	ret
                            823 ;source_code/aes128.c:85: static void add_round_key(uint8_t *state, const uint8_t *round_key) {
                            824 ;	---------------------------------
                            825 ; Function add_round_key
                            826 ; ---------------------------------
   043E                     827 _add_round_key:
   043E DD E5         [15]  828 	push	ix
   0440 DD 21 00 00   [14]  829 	ld	ix,#0
   0444 DD 39         [15]  830 	add	ix,sp
   0446 3B            [ 6]  831 	dec	sp
                            832 ;source_code/aes128.c:86: for (int i = 0; i < 16; i++) {
   0447 01 00 00      [10]  833 	ld	bc, #0x0000
   044A                     834 00103$:
   044A 79            [ 4]  835 	ld	a, c
   044B D6 10         [ 7]  836 	sub	a, #0x10
   044D 78            [ 4]  837 	ld	a, b
   044E 17            [ 4]  838 	rla
   044F 3F            [ 4]  839 	ccf
   0450 1F            [ 4]  840 	rra
   0451 DE 80         [ 7]  841 	sbc	a, #0x80
   0453 D2r74r04      [10]  842 	jp	NC, 00105$
                            843 ;source_code/aes128.c:87: state[i] ^= round_key[i];
   0456 DD 7E 04      [19]  844 	ld	a, 4 (ix)
   0459 81            [ 4]  845 	add	a, c
   045A 5F            [ 4]  846 	ld	e, a
   045B DD 7E 05      [19]  847 	ld	a, 5 (ix)
   045E 88            [ 4]  848 	adc	a, b
   045F 57            [ 4]  849 	ld	d, a
   0460 1A            [ 7]  850 	ld	a, (de)
   0461 DD 77 FF      [19]  851 	ld	-1 (ix), a
   0464 DD 6E 06      [19]  852 	ld	l, 6 (ix)
   0467 DD 66 07      [19]  853 	ld	h, 7 (ix)
   046A 09            [11]  854 	add	hl, bc
   046B 7E            [ 7]  855 	ld	a, (hl)
   046C DD AE FF      [19]  856 	xor	a, -1 (ix)
   046F 12            [ 7]  857 	ld	(de), a
                            858 ;source_code/aes128.c:86: for (int i = 0; i < 16; i++) {
   0470 03            [ 6]  859 	inc	bc
   0471 C3r4Ar04      [10]  860 	jp	00103$
   0474                     861 00105$:
                            862 ;source_code/aes128.c:89: }
   0474 33            [ 6]  863 	inc	sp
   0475 DD E1         [14]  864 	pop	ix
   0477 C9            [10]  865 	ret
                            866 ;source_code/aes128.c:91: static void key_expansion(const uint8_t *key, AES128_CTX *ctx) {
                            867 ;	---------------------------------
                            868 ; Function key_expansion
                            869 ; ---------------------------------
   0478                     870 _key_expansion:
   0478 DD E5         [15]  871 	push	ix
   047A DD 21 00 00   [14]  872 	ld	ix,#0
   047E DD 39         [15]  873 	add	ix,sp
   0480 21 F7 FF      [10]  874 	ld	hl, #-9
   0483 39            [11]  875 	add	hl, sp
   0484 F9            [ 6]  876 	ld	sp, hl
                            877 ;source_code/aes128.c:92: memcpy(ctx->round_keys[0], key, 16);
   0485 DD 4E 06      [19]  878 	ld	c, 6 (ix)
   0488 DD 46 07      [19]  879 	ld	b, 7 (ix)
   048B 59            [ 4]  880 	ld	e, c
   048C 50            [ 4]  881 	ld	d, b
   048D DD 6E 04      [19]  882 	ld	l, 4 (ix)
   0490 DD 66 05      [19]  883 	ld	h, 5 (ix)
   0493 C5            [11]  884 	push	bc
   0494 01 10 00      [10]  885 	ld	bc, #0x0010
   0497 ED B0         [21]  886 	ldir
   0499 C1            [10]  887 	pop	bc
                            888 ;source_code/aes128.c:94: for (int round = 1; round <= AES_ROUNDS; round++) {
   049A 11 01 00      [10]  889 	ld	de, #0x0001
   049D                     890 00107$:
   049D 3E 0A         [ 7]  891 	ld	a, #0x0a
   049F BB            [ 4]  892 	cp	a, e
   04A0 3E 00         [ 7]  893 	ld	a, #0x00
   04A2 9A            [ 4]  894 	sbc	a, d
   04A3 E2rA8r04      [10]  895 	jp	PO, 00133$
   04A6 EE 80         [ 7]  896 	xor	a, #0x80
   04A8                     897 00133$:
   04A8 FArF9r05      [10]  898 	jp	M, 00109$
                            899 ;source_code/aes128.c:95: uint8_t *prev = ctx->round_keys[round - 1];
   04AB 6B            [ 4]  900 	ld	l, e
   04AC 62            [ 4]  901 	ld	h, d
   04AD 2B            [ 6]  902 	dec	hl
   04AE 29            [11]  903 	add	hl, hl
   04AF 29            [11]  904 	add	hl, hl
   04B0 29            [11]  905 	add	hl, hl
   04B1 29            [11]  906 	add	hl, hl
   04B2 09            [11]  907 	add	hl, bc
   04B3 33            [ 6]  908 	inc	sp
   04B4 33            [ 6]  909 	inc	sp
   04B5 E5            [11]  910 	push	hl
                            911 ;source_code/aes128.c:96: uint8_t *curr = ctx->round_keys[round];
   04B6 6B            [ 4]  912 	ld	l, e
   04B7 62            [ 4]  913 	ld	h, d
   04B8 29            [11]  914 	add	hl, hl
   04B9 29            [11]  915 	add	hl, hl
   04BA 29            [11]  916 	add	hl, hl
   04BB 29            [11]  917 	add	hl, hl
   04BC 09            [11]  918 	add	hl, bc
   04BD DD 75 F9      [19]  919 	ld	-7 (ix), l
   04C0 DD 74 FA      [19]  920 	ld	-6 (ix), h
                            921 ;source_code/aes128.c:98: curr[0] = prev[0] ^ sbox[prev[13]] ^ rcon[round];
   04C3 E1            [10]  922 	pop	hl
   04C4 E5            [11]  923 	push	hl
   04C5 7E            [ 7]  924 	ld	a, (hl)
   04C6 DD 77 FF      [19]  925 	ld	-1 (ix), a
   04C9 E1            [10]  926 	pop	hl
   04CA E5            [11]  927 	push	hl
   04CB C5            [11]  928 	push	bc
   04CC 01 0D 00      [10]  929 	ld	bc, #0x000d
   04CF 09            [11]  930 	add	hl, bc
   04D0 C1            [10]  931 	pop	bc
   04D1 7E            [ 7]  932 	ld	a, (hl)
   04D2 C6r2C         [ 7]  933 	add	a, #<(_sbox)
   04D4 6F            [ 4]  934 	ld	l, a
   04D5 3E 00         [ 7]  935 	ld	a, #0x00
   04D7 CEs00         [ 7]  936 	adc	a, #>(_sbox)
   04D9 67            [ 4]  937 	ld	h, a
   04DA 7E            [ 7]  938 	ld	a, (hl)
   04DB DD AE FF      [19]  939 	xor	a, -1 (ix)
   04DE DD 77 FF      [19]  940 	ld	-1 (ix), a
   04E1 21r2Cr01      [10]  941 	ld	hl, #_rcon
   04E4 19            [11]  942 	add	hl, de
   04E5 7E            [ 7]  943 	ld	a, (hl)
   04E6 DD AE FF      [19]  944 	xor	a, -1 (ix)
   04E9 DD 6E F9      [19]  945 	ld	l, -7 (ix)
   04EC DD 66 FA      [19]  946 	ld	h, -6 (ix)
   04EF 77            [ 7]  947 	ld	(hl), a
                            948 ;source_code/aes128.c:99: curr[1] = prev[1] ^ sbox[prev[14]];
   04F0 DD 7E F9      [19]  949 	ld	a, -7 (ix)
   04F3 C6 01         [ 7]  950 	add	a, #0x01
   04F5 DD 77 FD      [19]  951 	ld	-3 (ix), a
   04F8 DD 7E FA      [19]  952 	ld	a, -6 (ix)
   04FB CE 00         [ 7]  953 	adc	a, #0x00
   04FD DD 77 FE      [19]  954 	ld	-2 (ix), a
   0500 E1            [10]  955 	pop	hl
   0501 E5            [11]  956 	push	hl
   0502 23            [ 6]  957 	inc	hl
   0503 7E            [ 7]  958 	ld	a, (hl)
   0504 DD 77 FF      [19]  959 	ld	-1 (ix), a
   0507 E1            [10]  960 	pop	hl
   0508 E5            [11]  961 	push	hl
   0509 C5            [11]  962 	push	bc
   050A 01 0E 00      [10]  963 	ld	bc, #0x000e
   050D 09            [11]  964 	add	hl, bc
   050E C1            [10]  965 	pop	bc
   050F 7E            [ 7]  966 	ld	a, (hl)
   0510 C6r2C         [ 7]  967 	add	a, #<(_sbox)
   0512 6F            [ 4]  968 	ld	l, a
   0513 3E 00         [ 7]  969 	ld	a, #0x00
   0515 CEs00         [ 7]  970 	adc	a, #>(_sbox)
   0517 67            [ 4]  971 	ld	h, a
   0518 7E            [ 7]  972 	ld	a, (hl)
   0519 DD AE FF      [19]  973 	xor	a, -1 (ix)
   051C DD 6E FD      [19]  974 	ld	l, -3 (ix)
   051F DD 66 FE      [19]  975 	ld	h, -2 (ix)
   0522 77            [ 7]  976 	ld	(hl), a
                            977 ;source_code/aes128.c:100: curr[2] = prev[2] ^ sbox[prev[15]];
   0523 DD 7E F9      [19]  978 	ld	a, -7 (ix)
   0526 C6 02         [ 7]  979 	add	a, #0x02
   0528 DD 77 FD      [19]  980 	ld	-3 (ix), a
   052B DD 7E FA      [19]  981 	ld	a, -6 (ix)
   052E CE 00         [ 7]  982 	adc	a, #0x00
   0530 DD 77 FE      [19]  983 	ld	-2 (ix), a
   0533 E1            [10]  984 	pop	hl
   0534 E5            [11]  985 	push	hl
   0535 23            [ 6]  986 	inc	hl
   0536 23            [ 6]  987 	inc	hl
   0537 7E            [ 7]  988 	ld	a, (hl)
   0538 DD 77 FF      [19]  989 	ld	-1 (ix), a
   053B E1            [10]  990 	pop	hl
   053C E5            [11]  991 	push	hl
   053D C5            [11]  992 	push	bc
   053E 01 0F 00      [10]  993 	ld	bc, #0x000f
   0541 09            [11]  994 	add	hl, bc
   0542 C1            [10]  995 	pop	bc
   0543 7E            [ 7]  996 	ld	a, (hl)
   0544 C6r2C         [ 7]  997 	add	a, #<(_sbox)
   0546 6F            [ 4]  998 	ld	l, a
   0547 3E 00         [ 7]  999 	ld	a, #0x00
   0549 CEs00         [ 7] 1000 	adc	a, #>(_sbox)
   054B 67            [ 4] 1001 	ld	h, a
   054C 7E            [ 7] 1002 	ld	a, (hl)
   054D DD AE FF      [19] 1003 	xor	a, -1 (ix)
   0550 DD 6E FD      [19] 1004 	ld	l, -3 (ix)
   0553 DD 66 FE      [19] 1005 	ld	h, -2 (ix)
   0556 77            [ 7] 1006 	ld	(hl), a
                           1007 ;source_code/aes128.c:101: curr[3] = prev[3] ^ sbox[prev[12]];
   0557 DD 7E F9      [19] 1008 	ld	a, -7 (ix)
   055A C6 03         [ 7] 1009 	add	a, #0x03
   055C DD 77 FD      [19] 1010 	ld	-3 (ix), a
   055F DD 7E FA      [19] 1011 	ld	a, -6 (ix)
   0562 CE 00         [ 7] 1012 	adc	a, #0x00
   0564 DD 77 FE      [19] 1013 	ld	-2 (ix), a
   0567 E1            [10] 1014 	pop	hl
   0568 E5            [11] 1015 	push	hl
   0569 23            [ 6] 1016 	inc	hl
   056A 23            [ 6] 1017 	inc	hl
   056B 23            [ 6] 1018 	inc	hl
   056C 7E            [ 7] 1019 	ld	a, (hl)
   056D DD 77 FF      [19] 1020 	ld	-1 (ix), a
   0570 E1            [10] 1021 	pop	hl
   0571 E5            [11] 1022 	push	hl
   0572 C5            [11] 1023 	push	bc
   0573 01 0C 00      [10] 1024 	ld	bc, #0x000c
   0576 09            [11] 1025 	add	hl, bc
   0577 C1            [10] 1026 	pop	bc
   0578 7E            [ 7] 1027 	ld	a, (hl)
   0579 C6r2C         [ 7] 1028 	add	a, #<(_sbox)
   057B 6F            [ 4] 1029 	ld	l, a
   057C 3E 00         [ 7] 1030 	ld	a, #0x00
   057E CEs00         [ 7] 1031 	adc	a, #>(_sbox)
   0580 67            [ 4] 1032 	ld	h, a
   0581 7E            [ 7] 1033 	ld	a, (hl)
   0582 DD AE FF      [19] 1034 	xor	a, -1 (ix)
   0585 DD 6E FD      [19] 1035 	ld	l, -3 (ix)
   0588 DD 66 FE      [19] 1036 	ld	h, -2 (ix)
   058B 77            [ 7] 1037 	ld	(hl), a
                           1038 ;source_code/aes128.c:103: for (int i = 4; i < 16; i++) {
   058C DD 36 FE 04   [19] 1039 	ld	-2 (ix), #0x04
   0590 AF            [ 4] 1040 	xor	a, a
   0591 DD 77 FF      [19] 1041 	ld	-1 (ix), a
   0594                    1042 00104$:
   0594 DD 7E FE      [19] 1043 	ld	a, -2 (ix)
   0597 D6 10         [ 7] 1044 	sub	a, #0x10
   0599 DD 7E FF      [19] 1045 	ld	a, -1 (ix)
   059C 17            [ 4] 1046 	rla
   059D 3F            [ 4] 1047 	ccf
   059E 1F            [ 4] 1048 	rra
   059F DE 80         [ 7] 1049 	sbc	a, #0x80
   05A1 D2rF5r05      [10] 1050 	jp	NC, 00108$
                           1051 ;source_code/aes128.c:104: curr[i] = prev[i] ^ curr[i - 4];
   05A4 DD 7E F9      [19] 1052 	ld	a, -7 (ix)
   05A7 DD 86 FE      [19] 1053 	add	a, -2 (ix)
   05AA DD 77 FB      [19] 1054 	ld	-5 (ix), a
   05AD DD 7E FA      [19] 1055 	ld	a, -6 (ix)
   05B0 DD 8E FF      [19] 1056 	adc	a, -1 (ix)
   05B3 DD 77 FC      [19] 1057 	ld	-4 (ix), a
   05B6 DD 7E F7      [19] 1058 	ld	a, -9 (ix)
   05B9 DD 86 FE      [19] 1059 	add	a, -2 (ix)
   05BC 6F            [ 4] 1060 	ld	l, a
   05BD DD 7E F8      [19] 1061 	ld	a, -8 (ix)
   05C0 DD 8E FF      [19] 1062 	adc	a, -1 (ix)
   05C3 67            [ 4] 1063 	ld	h, a
   05C4 7E            [ 7] 1064 	ld	a, (hl)
   05C5 DD 77 FD      [19] 1065 	ld	-3 (ix), a
   05C8 DD 7E FE      [19] 1066 	ld	a, -2 (ix)
   05CB C6 FC         [ 7] 1067 	add	a, #0xfc
   05CD 6F            [ 4] 1068 	ld	l, a
   05CE DD 7E FF      [19] 1069 	ld	a, -1 (ix)
   05D1 CE FF         [ 7] 1070 	adc	a, #0xff
   05D3 67            [ 4] 1071 	ld	h, a
   05D4 7D            [ 4] 1072 	ld	a, l
   05D5 DD 86 F9      [19] 1073 	add	a, -7 (ix)
   05D8 6F            [ 4] 1074 	ld	l, a
   05D9 7C            [ 4] 1075 	ld	a, h
   05DA DD 8E FA      [19] 1076 	adc	a, -6 (ix)
   05DD 67            [ 4] 1077 	ld	h, a
   05DE 7E            [ 7] 1078 	ld	a, (hl)
   05DF DD AE FD      [19] 1079 	xor	a, -3 (ix)
   05E2 DD 6E FB      [19] 1080 	ld	l, -5 (ix)
   05E5 DD 66 FC      [19] 1081 	ld	h, -4 (ix)
   05E8 77            [ 7] 1082 	ld	(hl), a
                           1083 ;source_code/aes128.c:103: for (int i = 4; i < 16; i++) {
   05E9 DD 34 FE      [23] 1084 	inc	-2 (ix)
   05EC C2rF2r05      [10] 1085 	jp	NZ, 00134$
   05EF DD 34 FF      [23] 1086 	inc	-1 (ix)
   05F2                    1087 00134$:
   05F2 C3r94r05      [10] 1088 	jp	00104$
   05F5                    1089 00108$:
                           1090 ;source_code/aes128.c:94: for (int round = 1; round <= AES_ROUNDS; round++) {
   05F5 13            [ 6] 1091 	inc	de
   05F6 C3r9Dr04      [10] 1092 	jp	00107$
   05F9                    1093 00109$:
                           1094 ;source_code/aes128.c:107: }
   05F9 DD F9         [10] 1095 	ld	sp, ix
   05FB DD E1         [14] 1096 	pop	ix
   05FD C9            [10] 1097 	ret
                           1098 ;source_code/aes128.c:109: void aes128_encrypt(const uint8_t *plaintext, uint8_t *ciphertext, const uint8_t *key) {
                           1099 ;	---------------------------------
                           1100 ; Function aes128_encrypt
                           1101 ; ---------------------------------
   05FE                    1102 _aes128_encrypt::
   05FE DD E5         [15] 1103 	push	ix
   0600 DD 21 00 00   [14] 1104 	ld	ix,#0
   0604 DD 39         [15] 1105 	add	ix,sp
   0606 21 34 FF      [10] 1106 	ld	hl, #-204
   0609 39            [11] 1107 	add	hl, sp
   060A F9            [ 6] 1108 	ld	sp, hl
                           1109 ;source_code/aes128.c:113: key_expansion(key, &ctx);
   060B 21 00 00      [10] 1110 	ld	hl, #0
   060E 39            [11] 1111 	add	hl, sp
   060F DD 75 F4      [19] 1112 	ld	-12 (ix), l
   0612 DD 74 F5      [19] 1113 	ld	-11 (ix), h
   0615 DD 4E F4      [19] 1114 	ld	c, -12 (ix)
   0618 DD 46 F5      [19] 1115 	ld	b, -11 (ix)
   061B C5            [11] 1116 	push	bc
   061C DD 6E 08      [19] 1117 	ld	l, 8 (ix)
   061F DD 66 09      [19] 1118 	ld	h, 9 (ix)
   0622 E5            [11] 1119 	push	hl
   0623 CDr78r04      [17] 1120 	call	_key_expansion
   0626 F1            [10] 1121 	pop	af
   0627 F1            [10] 1122 	pop	af
                           1123 ;source_code/aes128.c:114: memcpy(state, plaintext, 16);
   0628 21 B0 00      [10] 1124 	ld	hl, #176
   062B 39            [11] 1125 	add	hl, sp
   062C 4D            [ 4] 1126 	ld	c, l
   062D 44            [ 4] 1127 	ld	b, h
   062E 59            [ 4] 1128 	ld	e, c
   062F 50            [ 4] 1129 	ld	d, b
   0630 DD 6E 04      [19] 1130 	ld	l, 4 (ix)
   0633 DD 66 05      [19] 1131 	ld	h, 5 (ix)
   0636 C5            [11] 1132 	push	bc
   0637 01 10 00      [10] 1133 	ld	bc, #0x0010
   063A ED B0         [21] 1134 	ldir
   063C C1            [10] 1135 	pop	bc
                           1136 ;source_code/aes128.c:116: add_round_key(state, ctx.round_keys[0]);
   063D DD 6E F4      [19] 1137 	ld	l, -12 (ix)
   0640 DD 66 F5      [19] 1138 	ld	h, -11 (ix)
   0643 59            [ 4] 1139 	ld	e, c
   0644 50            [ 4] 1140 	ld	d, b
   0645 C5            [11] 1141 	push	bc
   0646 E5            [11] 1142 	push	hl
   0647 D5            [11] 1143 	push	de
   0648 CDr3Er04      [17] 1144 	call	_add_round_key
   064B F1            [10] 1145 	pop	af
   064C F1            [10] 1146 	pop	af
   064D C1            [10] 1147 	pop	bc
                           1148 ;source_code/aes128.c:118: for (int round = 1; round < AES_ROUNDS; round++) {
   064E DD 71 F6      [19] 1149 	ld	-10 (ix), c
   0651 DD 70 F7      [19] 1150 	ld	-9 (ix), b
   0654 DD 71 F8      [19] 1151 	ld	-8 (ix), c
   0657 DD 70 F9      [19] 1152 	ld	-7 (ix), b
   065A DD 71 FA      [19] 1153 	ld	-6 (ix), c
   065D DD 70 FB      [19] 1154 	ld	-5 (ix), b
   0660 DD 71 FC      [19] 1155 	ld	-4 (ix), c
   0663 DD 70 FD      [19] 1156 	ld	-3 (ix), b
   0666 DD 36 FE 01   [19] 1157 	ld	-2 (ix), #0x01
   066A AF            [ 4] 1158 	xor	a, a
   066B DD 77 FF      [19] 1159 	ld	-1 (ix), a
   066E                    1160 00103$:
   066E DD 7E FE      [19] 1161 	ld	a, -2 (ix)
   0671 D6 0A         [ 7] 1162 	sub	a, #0x0a
   0673 DD 7E FF      [19] 1163 	ld	a, -1 (ix)
   0676 17            [ 4] 1164 	rla
   0677 3F            [ 4] 1165 	ccf
   0678 1F            [ 4] 1166 	rra
   0679 DE 80         [ 7] 1167 	sbc	a, #0x80
   067B D2rE0r06      [10] 1168 	jp	NC, 00101$
                           1169 ;source_code/aes128.c:119: sub_bytes(state);
   067E DD 5E F6      [19] 1170 	ld	e, -10 (ix)
   0681 DD 56 F7      [19] 1171 	ld	d, -9 (ix)
   0684 C5            [11] 1172 	push	bc
   0685 D5            [11] 1173 	push	de
   0686 CDr37r01      [17] 1174 	call	_sub_bytes
   0689 F1            [10] 1175 	pop	af
   068A C1            [10] 1176 	pop	bc
                           1177 ;source_code/aes128.c:120: shift_rows(state);
   068B DD 5E F8      [19] 1178 	ld	e, -8 (ix)
   068E DD 56 F9      [19] 1179 	ld	d, -7 (ix)
   0691 C5            [11] 1180 	push	bc
   0692 D5            [11] 1181 	push	de
   0693 CDr6Ar01      [17] 1182 	call	_shift_rows
   0696 F1            [10] 1183 	pop	af
   0697 C1            [10] 1184 	pop	bc
                           1185 ;source_code/aes128.c:121: mix_columns(state);
   0698 DD 5E FA      [19] 1186 	ld	e, -6 (ix)
   069B DD 56 FB      [19] 1187 	ld	d, -5 (ix)
   069E C5            [11] 1188 	push	bc
   069F D5            [11] 1189 	push	de
   06A0 CDr2Br02      [17] 1190 	call	_mix_columns
   06A3 F1            [10] 1191 	pop	af
   06A4 C1            [10] 1192 	pop	bc
                           1193 ;source_code/aes128.c:122: add_round_key(state, ctx.round_keys[round]);
   06A5 DD 5E FE      [19] 1194 	ld	e, -2 (ix)
   06A8 DD 56 FF      [19] 1195 	ld	d, -1 (ix)
   06AB CB 23         [ 8] 1196 	sla	e
   06AD CB 12         [ 8] 1197 	rl	d
   06AF CB 23         [ 8] 1198 	sla	e
   06B1 CB 12         [ 8] 1199 	rl	d
   06B3 CB 23         [ 8] 1200 	sla	e
   06B5 CB 12         [ 8] 1201 	rl	d
   06B7 CB 23         [ 8] 1202 	sla	e
   06B9 CB 12         [ 8] 1203 	rl	d
   06BB 7B            [ 4] 1204 	ld	a, e
   06BC DD 86 F4      [19] 1205 	add	a, -12 (ix)
   06BF 5F            [ 4] 1206 	ld	e, a
   06C0 7A            [ 4] 1207 	ld	a, d
   06C1 DD 8E F5      [19] 1208 	adc	a, -11 (ix)
   06C4 57            [ 4] 1209 	ld	d, a
   06C5 DD 6E FC      [19] 1210 	ld	l, -4 (ix)
   06C8 DD 66 FD      [19] 1211 	ld	h, -3 (ix)
   06CB C5            [11] 1212 	push	bc
   06CC D5            [11] 1213 	push	de
   06CD E5            [11] 1214 	push	hl
   06CE CDr3Er04      [17] 1215 	call	_add_round_key
   06D1 F1            [10] 1216 	pop	af
   06D2 F1            [10] 1217 	pop	af
   06D3 C1            [10] 1218 	pop	bc
                           1219 ;source_code/aes128.c:118: for (int round = 1; round < AES_ROUNDS; round++) {
   06D4 DD 34 FE      [23] 1220 	inc	-2 (ix)
   06D7 C2rDDr06      [10] 1221 	jp	NZ, 00120$
   06DA DD 34 FF      [23] 1222 	inc	-1 (ix)
   06DD                    1223 00120$:
   06DD C3r6Er06      [10] 1224 	jp	00103$
   06E0                    1225 00101$:
                           1226 ;source_code/aes128.c:125: sub_bytes(state);
   06E0 59            [ 4] 1227 	ld	e, c
   06E1 50            [ 4] 1228 	ld	d, b
   06E2 C5            [11] 1229 	push	bc
   06E3 D5            [11] 1230 	push	de
   06E4 CDr37r01      [17] 1231 	call	_sub_bytes
   06E7 F1            [10] 1232 	pop	af
   06E8 C1            [10] 1233 	pop	bc
                           1234 ;source_code/aes128.c:126: shift_rows(state);
   06E9 59            [ 4] 1235 	ld	e, c
   06EA 50            [ 4] 1236 	ld	d, b
   06EB C5            [11] 1237 	push	bc
   06EC D5            [11] 1238 	push	de
   06ED CDr6Ar01      [17] 1239 	call	_shift_rows
   06F0 F1            [10] 1240 	pop	af
   06F1 C1            [10] 1241 	pop	bc
                           1242 ;source_code/aes128.c:127: add_round_key(state, ctx.round_keys[AES_ROUNDS]);
   06F2 DD 7E F4      [19] 1243 	ld	a, -12 (ix)
   06F5 C6 A0         [ 7] 1244 	add	a, #0xa0
   06F7 5F            [ 4] 1245 	ld	e, a
   06F8 DD 7E F5      [19] 1246 	ld	a, -11 (ix)
   06FB CE 00         [ 7] 1247 	adc	a, #0x00
   06FD 57            [ 4] 1248 	ld	d, a
   06FE 69            [ 4] 1249 	ld	l, c
   06FF 60            [ 4] 1250 	ld	h, b
   0700 C5            [11] 1251 	push	bc
   0701 D5            [11] 1252 	push	de
   0702 E5            [11] 1253 	push	hl
   0703 CDr3Er04      [17] 1254 	call	_add_round_key
   0706 F1            [10] 1255 	pop	af
   0707 F1            [10] 1256 	pop	af
   0708 C1            [10] 1257 	pop	bc
                           1258 ;source_code/aes128.c:129: memcpy(ciphertext, state, 16);
   0709 DD 5E 06      [19] 1259 	ld	e, 6 (ix)
   070C DD 56 07      [19] 1260 	ld	d, 7 (ix)
   070F 69            [ 4] 1261 	ld	l, c
   0710 60            [ 4] 1262 	ld	h, b
   0711 01 10 00      [10] 1263 	ld	bc, #0x0010
   0714 ED B0         [21] 1264 	ldir
   0716                    1265 00105$:
                           1266 ;source_code/aes128.c:130: }
   0716 DD F9         [10] 1267 	ld	sp, ix
   0718 DD E1         [14] 1268 	pop	ix
   071A C9            [10] 1269 	ret
                           1270 ;source_code/aes128.c:132: int main() {
                           1271 ;	---------------------------------
                           1272 ; Function main
                           1273 ; ---------------------------------
   071B                    1274 _main::
   071B DD E5         [15] 1275 	push	ix
   071D DD 21 00 00   [14] 1276 	ld	ix,#0
   0721 DD 39         [15] 1277 	add	ix,sp
   0723 21 CC FF      [10] 1278 	ld	hl, #-52
   0726 39            [11] 1279 	add	hl, sp
   0727 F9            [ 6] 1280 	ld	sp, hl
                           1281 ;source_code/aes128.c:133: uint8_t key[16] = {
   0728 21 00 00      [10] 1282 	ld	hl, #0
   072B 39            [11] 1283 	add	hl, sp
   072C EB            [ 4] 1284 	ex	de, hl
   072D 3E 2B         [ 7] 1285 	ld	a, #0x2b
   072F 12            [ 7] 1286 	ld	(de), a
   0730 6B            [ 4] 1287 	ld	l, e
   0731 62            [ 4] 1288 	ld	h, d
   0732 23            [ 6] 1289 	inc	hl
   0733 36 7E         [10] 1290 	ld	(hl), #0x7e
   0735 6B            [ 4] 1291 	ld	l, e
   0736 62            [ 4] 1292 	ld	h, d
   0737 23            [ 6] 1293 	inc	hl
   0738 23            [ 6] 1294 	inc	hl
   0739 36 15         [10] 1295 	ld	(hl), #0x15
   073B 6B            [ 4] 1296 	ld	l, e
   073C 62            [ 4] 1297 	ld	h, d
   073D 23            [ 6] 1298 	inc	hl
   073E 23            [ 6] 1299 	inc	hl
   073F 23            [ 6] 1300 	inc	hl
   0740 36 16         [10] 1301 	ld	(hl), #0x16
   0742 21 04 00      [10] 1302 	ld	hl, #0x0004
   0745 19            [11] 1303 	add	hl, de
   0746 36 28         [10] 1304 	ld	(hl), #0x28
   0748 21 05 00      [10] 1305 	ld	hl, #0x0005
   074B 19            [11] 1306 	add	hl, de
   074C 36 AE         [10] 1307 	ld	(hl), #0xae
   074E 21 06 00      [10] 1308 	ld	hl, #0x0006
   0751 19            [11] 1309 	add	hl, de
   0752 36 D2         [10] 1310 	ld	(hl), #0xd2
   0754 21 07 00      [10] 1311 	ld	hl, #0x0007
   0757 19            [11] 1312 	add	hl, de
   0758 36 A6         [10] 1313 	ld	(hl), #0xa6
   075A 21 08 00      [10] 1314 	ld	hl, #0x0008
   075D 19            [11] 1315 	add	hl, de
   075E 36 AB         [10] 1316 	ld	(hl), #0xab
   0760 21 09 00      [10] 1317 	ld	hl, #0x0009
   0763 19            [11] 1318 	add	hl, de
   0764 36 F7         [10] 1319 	ld	(hl), #0xf7
   0766 21 0A 00      [10] 1320 	ld	hl, #0x000a
   0769 19            [11] 1321 	add	hl, de
   076A 36 15         [10] 1322 	ld	(hl), #0x15
   076C 21 0B 00      [10] 1323 	ld	hl, #0x000b
   076F 19            [11] 1324 	add	hl, de
   0770 36 88         [10] 1325 	ld	(hl), #0x88
   0772 21 0C 00      [10] 1326 	ld	hl, #0x000c
   0775 19            [11] 1327 	add	hl, de
   0776 36 09         [10] 1328 	ld	(hl), #0x09
   0778 21 0D 00      [10] 1329 	ld	hl, #0x000d
   077B 19            [11] 1330 	add	hl, de
   077C 36 CF         [10] 1331 	ld	(hl), #0xcf
   077E 21 0E 00      [10] 1332 	ld	hl, #0x000e
   0781 19            [11] 1333 	add	hl, de
   0782 36 4F         [10] 1334 	ld	(hl), #0x4f
   0784 21 0F 00      [10] 1335 	ld	hl, #0x000f
   0787 19            [11] 1336 	add	hl, de
   0788 36 3C         [10] 1337 	ld	(hl), #0x3c
                           1338 ;source_code/aes128.c:138: uint8_t plaintext[16] = {
   078A 21 10 00      [10] 1339 	ld	hl, #16
   078D 39            [11] 1340 	add	hl, sp
   078E 4D            [ 4] 1341 	ld	c, l
   078F 44            [ 4] 1342 	ld	b, h
   0790 3E 32         [ 7] 1343 	ld	a, #0x32
   0792 02            [ 7] 1344 	ld	(bc), a
   0793 69            [ 4] 1345 	ld	l, c
   0794 60            [ 4] 1346 	ld	h, b
   0795 23            [ 6] 1347 	inc	hl
   0796 36 43         [10] 1348 	ld	(hl), #0x43
   0798 69            [ 4] 1349 	ld	l, c
   0799 60            [ 4] 1350 	ld	h, b
   079A 23            [ 6] 1351 	inc	hl
   079B 23            [ 6] 1352 	inc	hl
   079C 36 F6         [10] 1353 	ld	(hl), #0xf6
   079E 69            [ 4] 1354 	ld	l, c
   079F 60            [ 4] 1355 	ld	h, b
   07A0 23            [ 6] 1356 	inc	hl
   07A1 23            [ 6] 1357 	inc	hl
   07A2 23            [ 6] 1358 	inc	hl
   07A3 36 A8         [10] 1359 	ld	(hl), #0xa8
   07A5 21 04 00      [10] 1360 	ld	hl, #0x0004
   07A8 09            [11] 1361 	add	hl, bc
   07A9 36 88         [10] 1362 	ld	(hl), #0x88
   07AB 21 05 00      [10] 1363 	ld	hl, #0x0005
   07AE 09            [11] 1364 	add	hl, bc
   07AF 36 5A         [10] 1365 	ld	(hl), #0x5a
   07B1 21 06 00      [10] 1366 	ld	hl, #0x0006
   07B4 09            [11] 1367 	add	hl, bc
   07B5 36 30         [10] 1368 	ld	(hl), #0x30
   07B7 21 07 00      [10] 1369 	ld	hl, #0x0007
   07BA 09            [11] 1370 	add	hl, bc
   07BB 36 8D         [10] 1371 	ld	(hl), #0x8d
   07BD 21 08 00      [10] 1372 	ld	hl, #0x0008
   07C0 09            [11] 1373 	add	hl, bc
   07C1 36 31         [10] 1374 	ld	(hl), #0x31
   07C3 21 09 00      [10] 1375 	ld	hl, #0x0009
   07C6 09            [11] 1376 	add	hl, bc
   07C7 36 31         [10] 1377 	ld	(hl), #0x31
   07C9 21 0A 00      [10] 1378 	ld	hl, #0x000a
   07CC 09            [11] 1379 	add	hl, bc
   07CD 36 98         [10] 1380 	ld	(hl), #0x98
   07CF 21 0B 00      [10] 1381 	ld	hl, #0x000b
   07D2 09            [11] 1382 	add	hl, bc
   07D3 36 A2         [10] 1383 	ld	(hl), #0xa2
   07D5 21 0C 00      [10] 1384 	ld	hl, #0x000c
   07D8 09            [11] 1385 	add	hl, bc
   07D9 36 E0         [10] 1386 	ld	(hl), #0xe0
   07DB 21 0D 00      [10] 1387 	ld	hl, #0x000d
   07DE 09            [11] 1388 	add	hl, bc
   07DF 36 37         [10] 1389 	ld	(hl), #0x37
   07E1 21 0E 00      [10] 1390 	ld	hl, #0x000e
   07E4 09            [11] 1391 	add	hl, bc
   07E5 36 07         [10] 1392 	ld	(hl), #0x07
   07E7 21 0F 00      [10] 1393 	ld	hl, #0x000f
   07EA 09            [11] 1394 	add	hl, bc
   07EB 36 34         [10] 1395 	ld	(hl), #0x34
                           1396 ;source_code/aes128.c:145: aes128_encrypt(plaintext, ciphertext, key);
   07ED 21 20 00      [10] 1397 	ld	hl, #32
   07F0 39            [11] 1398 	add	hl, sp
   07F1 DD 75 FC      [19] 1399 	ld	-4 (ix), l
   07F4 DD 74 FD      [19] 1400 	ld	-3 (ix), h
   07F7 DD 7E FC      [19] 1401 	ld	a, -4 (ix)
   07FA DD 77 FE      [19] 1402 	ld	-2 (ix), a
   07FD DD 7E FD      [19] 1403 	ld	a, -3 (ix)
   0800 DD 77 FF      [19] 1404 	ld	-1 (ix), a
   0803 69            [ 4] 1405 	ld	l, c
   0804 60            [ 4] 1406 	ld	h, b
   0805 C5            [11] 1407 	push	bc
   0806 D5            [11] 1408 	push	de
   0807 DD 5E FE      [19] 1409 	ld	e, -2 (ix)
   080A DD 56 FF      [19] 1410 	ld	d, -1 (ix)
   080D D5            [11] 1411 	push	de
   080E E5            [11] 1412 	push	hl
   080F CDrFEr05      [17] 1413 	call	_aes128_encrypt
   0812 21 06 00      [10] 1414 	ld	hl, #6
   0815 39            [11] 1415 	add	hl, sp
   0816 F9            [ 6] 1416 	ld	sp, hl
   0817 C1            [10] 1417 	pop	bc
                           1418 ;source_code/aes128.c:147: printf("AES-128 Encryption\n");
   0818 C5            [11] 1419 	push	bc
   0819 21r9Cr08      [10] 1420 	ld	hl, #___str_1
   081C E5            [11] 1421 	push	hl
   081D CDr00r00      [17] 1422 	call	_puts
   0820 F1            [10] 1423 	pop	af
   0821 C1            [10] 1424 	pop	bc
                           1425 ;source_code/aes128.c:148: printf("Plaintext:  ");
   0822 C5            [11] 1426 	push	bc
   0823 21rAFr08      [10] 1427 	ld	hl, #___str_2
   0826 E5            [11] 1428 	push	hl
   0827 CDr00r00      [17] 1429 	call	_printf
   082A F1            [10] 1430 	pop	af
   082B C1            [10] 1431 	pop	bc
                           1432 ;source_code/aes128.c:149: for (int i = 0; i < 16; i++) printf("%02x ", plaintext[i]);
   082C 11 00 00      [10] 1433 	ld	de, #0x0000
   082F                    1434 00104$:
   082F 7B            [ 4] 1435 	ld	a, e
   0830 D6 10         [ 7] 1436 	sub	a, #0x10
   0832 7A            [ 4] 1437 	ld	a, d
   0833 17            [ 4] 1438 	rla
   0834 3F            [ 4] 1439 	ccf
   0835 1F            [ 4] 1440 	rra
   0836 DE 80         [ 7] 1441 	sbc	a, #0x80
   0838 D2r53r08      [10] 1442 	jp	NC, 00101$
   083B 69            [ 4] 1443 	ld	l, c
   083C 60            [ 4] 1444 	ld	h, b
   083D 19            [11] 1445 	add	hl, de
   083E 6E            [ 7] 1446 	ld	l, (hl)
   083F 26 00         [ 7] 1447 	ld	h, #0x00
   0841 C5            [11] 1448 	push	bc
   0842 D5            [11] 1449 	push	de
   0843 E5            [11] 1450 	push	hl
   0844 21rBCr08      [10] 1451 	ld	hl, #___str_3
   0847 E5            [11] 1452 	push	hl
   0848 CDr00r00      [17] 1453 	call	_printf
   084B F1            [10] 1454 	pop	af
   084C F1            [10] 1455 	pop	af
   084D D1            [10] 1456 	pop	de
   084E C1            [10] 1457 	pop	bc
   084F 13            [ 6] 1458 	inc	de
   0850 C3r2Fr08      [10] 1459 	jp	00104$
   0853                    1460 00101$:
                           1461 ;source_code/aes128.c:150: printf("\n");
   0853 21rC2r08      [10] 1462 	ld	hl, #___str_5
   0856 E5            [11] 1463 	push	hl
   0857 CDr00r00      [17] 1464 	call	_puts
   085A F1            [10] 1465 	pop	af
                           1466 ;source_code/aes128.c:152: printf("Ciphertext: ");
   085B 21rC3r08      [10] 1467 	ld	hl, #___str_6
   085E E5            [11] 1468 	push	hl
   085F CDr00r00      [17] 1469 	call	_printf
   0862 F1            [10] 1470 	pop	af
                           1471 ;source_code/aes128.c:153: for (int i = 0; i < 16; i++) printf("%02x ", ciphertext[i]);
   0863 01 00 00      [10] 1472 	ld	bc, #0x0000
   0866                    1473 00107$:
   0866 79            [ 4] 1474 	ld	a, c
   0867 D6 10         [ 7] 1475 	sub	a, #0x10
   0869 78            [ 4] 1476 	ld	a, b
   086A 17            [ 4] 1477 	rla
   086B 3F            [ 4] 1478 	ccf
   086C 1F            [ 4] 1479 	rra
   086D DE 80         [ 7] 1480 	sbc	a, #0x80
   086F D2r8Cr08      [10] 1481 	jp	NC, 00102$
   0872 DD 6E FC      [19] 1482 	ld	l, -4 (ix)
   0875 DD 66 FD      [19] 1483 	ld	h, -3 (ix)
   0878 09            [11] 1484 	add	hl, bc
   0879 5E            [ 7] 1485 	ld	e, (hl)
   087A 16 00         [ 7] 1486 	ld	d, #0x00
   087C C5            [11] 1487 	push	bc
   087D D5            [11] 1488 	push	de
   087E 21rBCr08      [10] 1489 	ld	hl, #___str_3
   0881 E5            [11] 1490 	push	hl
   0882 CDr00r00      [17] 1491 	call	_printf
   0885 F1            [10] 1492 	pop	af
   0886 F1            [10] 1493 	pop	af
   0887 C1            [10] 1494 	pop	bc
   0888 03            [ 6] 1495 	inc	bc
   0889 C3r66r08      [10] 1496 	jp	00107$
   088C                    1497 00102$:
                           1498 ;source_code/aes128.c:154: printf("\n");
   088C 21rC2r08      [10] 1499 	ld	hl, #___str_5
   088F E5            [11] 1500 	push	hl
   0890 CDr00r00      [17] 1501 	call	_puts
   0893 F1            [10] 1502 	pop	af
                           1503 ;source_code/aes128.c:156: return 0;
   0894 21 00 00      [10] 1504 	ld	hl, #0x0000
   0897                    1505 00109$:
                           1506 ;source_code/aes128.c:157: }
   0897 DD F9         [10] 1507 	ld	sp, ix
   0899 DD E1         [14] 1508 	pop	ix
   089B C9            [10] 1509 	ret
   089C                    1510 ___str_1:
   089C 41 45 53 2D 31 32  1511 	.ascii "AES-128 Encryption"
        38 20 45 6E 63 72
        79 70 74 69 6F 6E
   08AE 00                 1512 	.db 0x00
   08AF                    1513 ___str_2:
   08AF 50 6C 61 69 6E 74  1514 	.ascii "Plaintext:  "
        65 78 74 3A 20 20
   08BB 00                 1515 	.db 0x00
   08BC                    1516 ___str_3:
   08BC 25 30 32 78 20     1517 	.ascii "%02x "
   08C1 00                 1518 	.db 0x00
   08C2                    1519 ___str_5:
   08C2 00                 1520 	.db 0x00
   08C3                    1521 ___str_6:
   08C3 43 69 70 68 65 72  1522 	.ascii "Ciphertext: "
        74 65 78 74 3A 20
   08CF 00                 1523 	.db 0x00
                           1524 	.area _CODE
                           1525 	.area _INITIALIZER
                           1526 	.area _CABS (ABS)
