                              1 ;--------------------------------------------------------
                              2 ; File Created by SDCC : free open source ANSI-C Compiler
                              3 ; Version 4.0.0 #11528 (Linux)
                              4 ;--------------------------------------------------------
                              5 	.module aes256
                              6 	.optsdcc -mz80
                              7 	
                              8 ;--------------------------------------------------------
                              9 ; Public variables in this module
                             10 ;--------------------------------------------------------
                             11 	.globl _main
                             12 	.globl _aes256_encrypt
                             13 	.globl _puts
                             14 	.globl _printf
                             15 ;--------------------------------------------------------
                             16 ; special function registers
                             17 ;--------------------------------------------------------
                             18 ;--------------------------------------------------------
                             19 ; ram data
                             20 ;--------------------------------------------------------
                             21 	.area _DATA
                             22 ;--------------------------------------------------------
                             23 ; ram data
                             24 ;--------------------------------------------------------
                             25 	.area _INITIALIZED
                             26 ;--------------------------------------------------------
                             27 ; absolute external ram data
                             28 ;--------------------------------------------------------
                             29 	.area _DABS (ABS)
                             30 ;--------------------------------------------------------
                             31 ; global & static initialisations
                             32 ;--------------------------------------------------------
                             33 	.area _HOME
                             34 	.area _GSINIT
                             35 	.area _GSFINAL
                             36 	.area _GSINIT
                             37 ;--------------------------------------------------------
                             38 ; Home
                             39 ;--------------------------------------------------------
                             40 	.area _HOME
                             41 	.area _HOME
                             42 ;--------------------------------------------------------
                             43 ; code
                             44 ;--------------------------------------------------------
                             45 	.area _CODE
                             46 ;source_code/aes256.c:38: static uint8_t xtime(uint8_t x) {
                             47 ;	---------------------------------
                             48 ; Function xtime
                             49 ; ---------------------------------
   0000                      50 _xtime:
   0000 CDr00r00      [17]   51 	call	___sdcc_enter_ix
                             52 ;source_code/aes256.c:39: return ((x << 1) ^ (((x >> 7) & 1) * 0x1b));
   0003 DD 7E 04      [19]   53 	ld	a, 4 (ix)
   0006 87            [ 4]   54 	add	a, a
   0007 4F            [ 4]   55 	ld	c, a
   0008 DD 7E 04      [19]   56 	ld	a, 4 (ix)
   000B CB 07         [ 8]   57 	rlc	a
   000D E6 01         [ 7]   58 	and	a, #0x01
   000F 5F            [ 4]   59 	ld	e, a
   0010 16 00         [ 7]   60 	ld	d, #0x00
   0012 6B            [ 4]   61 	ld	l, e
   0013 62            [ 4]   62 	ld	h, d
   0014 29            [11]   63 	add	hl, hl
   0015 19            [11]   64 	add	hl, de
   0016 29            [11]   65 	add	hl, hl
   0017 29            [11]   66 	add	hl, hl
   0018 19            [11]   67 	add	hl, de
   0019 29            [11]   68 	add	hl, hl
   001A 19            [11]   69 	add	hl, de
   001B 79            [ 4]   70 	ld	a, c
   001C 17            [ 4]   71 	rla
   001D 9F            [ 4]   72 	sbc	a, a
   001E F5            [11]   73 	push	af
   001F 79            [ 4]   74 	ld	a, c
   0020 AD            [ 4]   75 	xor	a, l
   0021 6F            [ 4]   76 	ld	l, a
   0022 F1            [10]   77 	pop	af
   0023 AC            [ 4]   78 	xor	a, h
                             79 ;source_code/aes256.c:40: }
   0024 DD E1         [14]   80 	pop	ix
   0026 C9            [10]   81 	ret
   0027                      82 _sbox:
   0027 63                   83 	.db #0x63	; 99	'c'
   0028 7C                   84 	.db #0x7c	; 124
   0029 77                   85 	.db #0x77	; 119	'w'
   002A 7B                   86 	.db #0x7b	; 123
   002B F2                   87 	.db #0xf2	; 242
   002C 6B                   88 	.db #0x6b	; 107	'k'
   002D 6F                   89 	.db #0x6f	; 111	'o'
   002E C5                   90 	.db #0xc5	; 197
   002F 30                   91 	.db #0x30	; 48	'0'
   0030 01                   92 	.db #0x01	; 1
   0031 67                   93 	.db #0x67	; 103	'g'
   0032 2B                   94 	.db #0x2b	; 43
   0033 FE                   95 	.db #0xfe	; 254
   0034 D7                   96 	.db #0xd7	; 215
   0035 AB                   97 	.db #0xab	; 171
   0036 76                   98 	.db #0x76	; 118	'v'
   0037 CA                   99 	.db #0xca	; 202
   0038 82                  100 	.db #0x82	; 130
   0039 C9                  101 	.db #0xc9	; 201
   003A 7D                  102 	.db #0x7d	; 125
   003B FA                  103 	.db #0xfa	; 250
   003C 59                  104 	.db #0x59	; 89	'Y'
   003D 47                  105 	.db #0x47	; 71	'G'
   003E F0                  106 	.db #0xf0	; 240
   003F AD                  107 	.db #0xad	; 173
   0040 D4                  108 	.db #0xd4	; 212
   0041 A2                  109 	.db #0xa2	; 162
   0042 AF                  110 	.db #0xaf	; 175
   0043 9C                  111 	.db #0x9c	; 156
   0044 A4                  112 	.db #0xa4	; 164
   0045 72                  113 	.db #0x72	; 114	'r'
   0046 C0                  114 	.db #0xc0	; 192
   0047 B7                  115 	.db #0xb7	; 183
   0048 FD                  116 	.db #0xfd	; 253
   0049 93                  117 	.db #0x93	; 147
   004A 26                  118 	.db #0x26	; 38
   004B 36                  119 	.db #0x36	; 54	'6'
   004C 3F                  120 	.db #0x3f	; 63
   004D F7                  121 	.db #0xf7	; 247
   004E CC                  122 	.db #0xcc	; 204
   004F 34                  123 	.db #0x34	; 52	'4'
   0050 A5                  124 	.db #0xa5	; 165
   0051 E5                  125 	.db #0xe5	; 229
   0052 F1                  126 	.db #0xf1	; 241
   0053 71                  127 	.db #0x71	; 113	'q'
   0054 D8                  128 	.db #0xd8	; 216
   0055 31                  129 	.db #0x31	; 49	'1'
   0056 15                  130 	.db #0x15	; 21
   0057 04                  131 	.db #0x04	; 4
   0058 C7                  132 	.db #0xc7	; 199
   0059 23                  133 	.db #0x23	; 35
   005A C3                  134 	.db #0xc3	; 195
   005B 18                  135 	.db #0x18	; 24
   005C 96                  136 	.db #0x96	; 150
   005D 05                  137 	.db #0x05	; 5
   005E 9A                  138 	.db #0x9a	; 154
   005F 07                  139 	.db #0x07	; 7
   0060 12                  140 	.db #0x12	; 18
   0061 80                  141 	.db #0x80	; 128
   0062 E2                  142 	.db #0xe2	; 226
   0063 EB                  143 	.db #0xeb	; 235
   0064 27                  144 	.db #0x27	; 39
   0065 B2                  145 	.db #0xb2	; 178
   0066 75                  146 	.db #0x75	; 117	'u'
   0067 09                  147 	.db #0x09	; 9
   0068 83                  148 	.db #0x83	; 131
   0069 2C                  149 	.db #0x2c	; 44
   006A 1A                  150 	.db #0x1a	; 26
   006B 1B                  151 	.db #0x1b	; 27
   006C 6E                  152 	.db #0x6e	; 110	'n'
   006D 5A                  153 	.db #0x5a	; 90	'Z'
   006E A0                  154 	.db #0xa0	; 160
   006F 52                  155 	.db #0x52	; 82	'R'
   0070 3B                  156 	.db #0x3b	; 59
   0071 D6                  157 	.db #0xd6	; 214
   0072 B3                  158 	.db #0xb3	; 179
   0073 29                  159 	.db #0x29	; 41
   0074 E3                  160 	.db #0xe3	; 227
   0075 2F                  161 	.db #0x2f	; 47
   0076 84                  162 	.db #0x84	; 132
   0077 53                  163 	.db #0x53	; 83	'S'
   0078 D1                  164 	.db #0xd1	; 209
   0079 00                  165 	.db #0x00	; 0
   007A ED                  166 	.db #0xed	; 237
   007B 20                  167 	.db #0x20	; 32
   007C FC                  168 	.db #0xfc	; 252
   007D B1                  169 	.db #0xb1	; 177
   007E 5B                  170 	.db #0x5b	; 91
   007F 6A                  171 	.db #0x6a	; 106	'j'
   0080 CB                  172 	.db #0xcb	; 203
   0081 BE                  173 	.db #0xbe	; 190
   0082 39                  174 	.db #0x39	; 57	'9'
   0083 4A                  175 	.db #0x4a	; 74	'J'
   0084 4C                  176 	.db #0x4c	; 76	'L'
   0085 58                  177 	.db #0x58	; 88	'X'
   0086 CF                  178 	.db #0xcf	; 207
   0087 D0                  179 	.db #0xd0	; 208
   0088 EF                  180 	.db #0xef	; 239
   0089 AA                  181 	.db #0xaa	; 170
   008A FB                  182 	.db #0xfb	; 251
   008B 43                  183 	.db #0x43	; 67	'C'
   008C 4D                  184 	.db #0x4d	; 77	'M'
   008D 33                  185 	.db #0x33	; 51	'3'
   008E 85                  186 	.db #0x85	; 133
   008F 45                  187 	.db #0x45	; 69	'E'
   0090 F9                  188 	.db #0xf9	; 249
   0091 02                  189 	.db #0x02	; 2
   0092 7F                  190 	.db #0x7f	; 127
   0093 50                  191 	.db #0x50	; 80	'P'
   0094 3C                  192 	.db #0x3c	; 60
   0095 9F                  193 	.db #0x9f	; 159
   0096 A8                  194 	.db #0xa8	; 168
   0097 51                  195 	.db #0x51	; 81	'Q'
   0098 A3                  196 	.db #0xa3	; 163
   0099 40                  197 	.db #0x40	; 64
   009A 8F                  198 	.db #0x8f	; 143
   009B 92                  199 	.db #0x92	; 146
   009C 9D                  200 	.db #0x9d	; 157
   009D 38                  201 	.db #0x38	; 56	'8'
   009E F5                  202 	.db #0xf5	; 245
   009F BC                  203 	.db #0xbc	; 188
   00A0 B6                  204 	.db #0xb6	; 182
   00A1 DA                  205 	.db #0xda	; 218
   00A2 21                  206 	.db #0x21	; 33
   00A3 10                  207 	.db #0x10	; 16
   00A4 FF                  208 	.db #0xff	; 255
   00A5 F3                  209 	.db #0xf3	; 243
   00A6 D2                  210 	.db #0xd2	; 210
   00A7 CD                  211 	.db #0xcd	; 205
   00A8 0C                  212 	.db #0x0c	; 12
   00A9 13                  213 	.db #0x13	; 19
   00AA EC                  214 	.db #0xec	; 236
   00AB 5F                  215 	.db #0x5f	; 95
   00AC 97                  216 	.db #0x97	; 151
   00AD 44                  217 	.db #0x44	; 68	'D'
   00AE 17                  218 	.db #0x17	; 23
   00AF C4                  219 	.db #0xc4	; 196
   00B0 A7                  220 	.db #0xa7	; 167
   00B1 7E                  221 	.db #0x7e	; 126
   00B2 3D                  222 	.db #0x3d	; 61
   00B3 64                  223 	.db #0x64	; 100	'd'
   00B4 5D                  224 	.db #0x5d	; 93
   00B5 19                  225 	.db #0x19	; 25
   00B6 73                  226 	.db #0x73	; 115	's'
   00B7 60                  227 	.db #0x60	; 96
   00B8 81                  228 	.db #0x81	; 129
   00B9 4F                  229 	.db #0x4f	; 79	'O'
   00BA DC                  230 	.db #0xdc	; 220
   00BB 22                  231 	.db #0x22	; 34
   00BC 2A                  232 	.db #0x2a	; 42
   00BD 90                  233 	.db #0x90	; 144
   00BE 88                  234 	.db #0x88	; 136
   00BF 46                  235 	.db #0x46	; 70	'F'
   00C0 EE                  236 	.db #0xee	; 238
   00C1 B8                  237 	.db #0xb8	; 184
   00C2 14                  238 	.db #0x14	; 20
   00C3 DE                  239 	.db #0xde	; 222
   00C4 5E                  240 	.db #0x5e	; 94
   00C5 0B                  241 	.db #0x0b	; 11
   00C6 DB                  242 	.db #0xdb	; 219
   00C7 E0                  243 	.db #0xe0	; 224
   00C8 32                  244 	.db #0x32	; 50	'2'
   00C9 3A                  245 	.db #0x3a	; 58
   00CA 0A                  246 	.db #0x0a	; 10
   00CB 49                  247 	.db #0x49	; 73	'I'
   00CC 06                  248 	.db #0x06	; 6
   00CD 24                  249 	.db #0x24	; 36
   00CE 5C                  250 	.db #0x5c	; 92
   00CF C2                  251 	.db #0xc2	; 194
   00D0 D3                  252 	.db #0xd3	; 211
   00D1 AC                  253 	.db #0xac	; 172
   00D2 62                  254 	.db #0x62	; 98	'b'
   00D3 91                  255 	.db #0x91	; 145
   00D4 95                  256 	.db #0x95	; 149
   00D5 E4                  257 	.db #0xe4	; 228
   00D6 79                  258 	.db #0x79	; 121	'y'
   00D7 E7                  259 	.db #0xe7	; 231
   00D8 C8                  260 	.db #0xc8	; 200
   00D9 37                  261 	.db #0x37	; 55	'7'
   00DA 6D                  262 	.db #0x6d	; 109	'm'
   00DB 8D                  263 	.db #0x8d	; 141
   00DC D5                  264 	.db #0xd5	; 213
   00DD 4E                  265 	.db #0x4e	; 78	'N'
   00DE A9                  266 	.db #0xa9	; 169
   00DF 6C                  267 	.db #0x6c	; 108	'l'
   00E0 56                  268 	.db #0x56	; 86	'V'
   00E1 F4                  269 	.db #0xf4	; 244
   00E2 EA                  270 	.db #0xea	; 234
   00E3 65                  271 	.db #0x65	; 101	'e'
   00E4 7A                  272 	.db #0x7a	; 122	'z'
   00E5 AE                  273 	.db #0xae	; 174
   00E6 08                  274 	.db #0x08	; 8
   00E7 BA                  275 	.db #0xba	; 186
   00E8 78                  276 	.db #0x78	; 120	'x'
   00E9 25                  277 	.db #0x25	; 37
   00EA 2E                  278 	.db #0x2e	; 46
   00EB 1C                  279 	.db #0x1c	; 28
   00EC A6                  280 	.db #0xa6	; 166
   00ED B4                  281 	.db #0xb4	; 180
   00EE C6                  282 	.db #0xc6	; 198
   00EF E8                  283 	.db #0xe8	; 232
   00F0 DD                  284 	.db #0xdd	; 221
   00F1 74                  285 	.db #0x74	; 116	't'
   00F2 1F                  286 	.db #0x1f	; 31
   00F3 4B                  287 	.db #0x4b	; 75	'K'
   00F4 BD                  288 	.db #0xbd	; 189
   00F5 8B                  289 	.db #0x8b	; 139
   00F6 8A                  290 	.db #0x8a	; 138
   00F7 70                  291 	.db #0x70	; 112	'p'
   00F8 3E                  292 	.db #0x3e	; 62
   00F9 B5                  293 	.db #0xb5	; 181
   00FA 66                  294 	.db #0x66	; 102	'f'
   00FB 48                  295 	.db #0x48	; 72	'H'
   00FC 03                  296 	.db #0x03	; 3
   00FD F6                  297 	.db #0xf6	; 246
   00FE 0E                  298 	.db #0x0e	; 14
   00FF 61                  299 	.db #0x61	; 97	'a'
   0100 35                  300 	.db #0x35	; 53	'5'
   0101 57                  301 	.db #0x57	; 87	'W'
   0102 B9                  302 	.db #0xb9	; 185
   0103 86                  303 	.db #0x86	; 134
   0104 C1                  304 	.db #0xc1	; 193
   0105 1D                  305 	.db #0x1d	; 29
   0106 9E                  306 	.db #0x9e	; 158
   0107 E1                  307 	.db #0xe1	; 225
   0108 F8                  308 	.db #0xf8	; 248
   0109 98                  309 	.db #0x98	; 152
   010A 11                  310 	.db #0x11	; 17
   010B 69                  311 	.db #0x69	; 105	'i'
   010C D9                  312 	.db #0xd9	; 217
   010D 8E                  313 	.db #0x8e	; 142
   010E 94                  314 	.db #0x94	; 148
   010F 9B                  315 	.db #0x9b	; 155
   0110 1E                  316 	.db #0x1e	; 30
   0111 87                  317 	.db #0x87	; 135
   0112 E9                  318 	.db #0xe9	; 233
   0113 CE                  319 	.db #0xce	; 206
   0114 55                  320 	.db #0x55	; 85	'U'
   0115 28                  321 	.db #0x28	; 40
   0116 DF                  322 	.db #0xdf	; 223
   0117 8C                  323 	.db #0x8c	; 140
   0118 A1                  324 	.db #0xa1	; 161
   0119 89                  325 	.db #0x89	; 137
   011A 0D                  326 	.db #0x0d	; 13
   011B BF                  327 	.db #0xbf	; 191
   011C E6                  328 	.db #0xe6	; 230
   011D 42                  329 	.db #0x42	; 66	'B'
   011E 68                  330 	.db #0x68	; 104	'h'
   011F 41                  331 	.db #0x41	; 65	'A'
   0120 99                  332 	.db #0x99	; 153
   0121 2D                  333 	.db #0x2d	; 45
   0122 0F                  334 	.db #0x0f	; 15
   0123 B0                  335 	.db #0xb0	; 176
   0124 54                  336 	.db #0x54	; 84	'T'
   0125 BB                  337 	.db #0xbb	; 187
   0126 16                  338 	.db #0x16	; 22
   0127                     339 _rcon:
   0127 00                  340 	.db #0x00	; 0
   0128 01                  341 	.db #0x01	; 1
   0129 02                  342 	.db #0x02	; 2
   012A 04                  343 	.db #0x04	; 4
   012B 08                  344 	.db #0x08	; 8
   012C 10                  345 	.db #0x10	; 16
   012D 20                  346 	.db #0x20	; 32
   012E 40                  347 	.db #0x40	; 64
   012F 80                  348 	.db #0x80	; 128
   0130 1B                  349 	.db #0x1b	; 27
   0131 36                  350 	.db #0x36	; 54	'6'
   0132 6C                  351 	.db #0x6c	; 108	'l'
   0133 D8                  352 	.db #0xd8	; 216
   0134 AB                  353 	.db #0xab	; 171
   0135 4D                  354 	.db #0x4d	; 77	'M'
                            355 ;source_code/aes256.c:42: static void sub_bytes(uint8_t *state) {
                            356 ;	---------------------------------
                            357 ; Function sub_bytes
                            358 ; ---------------------------------
   0136                     359 _sub_bytes:
   0136 CDr00r00      [17]  360 	call	___sdcc_enter_ix
                            361 ;source_code/aes256.c:43: for (int i = 0; i < 16; i++) {
   0139 01 00 00      [10]  362 	ld	bc, #0x0000
   013C                     363 00103$:
   013C 79            [ 4]  364 	ld	a, c
   013D D6 10         [ 7]  365 	sub	a, #0x10
   013F 78            [ 4]  366 	ld	a, b
   0140 17            [ 4]  367 	rla
   0141 3F            [ 4]  368 	ccf
   0142 1F            [ 4]  369 	rra
   0143 DE 80         [ 7]  370 	sbc	a, #0x80
   0145 30 18         [12]  371 	jr	NC,00105$
                            372 ;source_code/aes256.c:44: state[i] = sbox[state[i]];
   0147 DD 7E 04      [19]  373 	ld	a, 4 (ix)
   014A 81            [ 4]  374 	add	a, c
   014B 5F            [ 4]  375 	ld	e, a
   014C DD 7E 05      [19]  376 	ld	a, 5 (ix)
   014F 88            [ 4]  377 	adc	a, b
   0150 57            [ 4]  378 	ld	d, a
   0151 1A            [ 7]  379 	ld	a, (de)
   0152 C6r27         [ 7]  380 	add	a, #<(_sbox)
   0154 6F            [ 4]  381 	ld	l, a
   0155 3E 00         [ 7]  382 	ld	a, #0x00
   0157 CEs00         [ 7]  383 	adc	a, #>(_sbox)
   0159 67            [ 4]  384 	ld	h, a
   015A 7E            [ 7]  385 	ld	a, (hl)
   015B 12            [ 7]  386 	ld	(de), a
                            387 ;source_code/aes256.c:43: for (int i = 0; i < 16; i++) {
   015C 03            [ 6]  388 	inc	bc
   015D 18 DD         [12]  389 	jr	00103$
   015F                     390 00105$:
                            391 ;source_code/aes256.c:46: }
   015F DD E1         [14]  392 	pop	ix
   0161 C9            [10]  393 	ret
                            394 ;source_code/aes256.c:48: static void shift_rows(uint8_t *state) {
                            395 ;	---------------------------------
                            396 ; Function shift_rows
                            397 ; ---------------------------------
   0162                     398 _shift_rows:
   0162 CDr00r00      [17]  399 	call	___sdcc_enter_ix
   0165 3B            [ 6]  400 	dec	sp
                            401 ;source_code/aes256.c:51: temp = state[1];
   0166 DD 5E 04      [19]  402 	ld	e, 4 (ix)
   0169 DD 56 05      [19]  403 	ld	d, 5 (ix)
   016C 13            [ 6]  404 	inc	de
   016D 1A            [ 7]  405 	ld	a, (de)
   016E DD 77 FF      [19]  406 	ld	-1 (ix), a
                            407 ;source_code/aes256.c:52: state[1] = state[5];
   0171 DD 7E 04      [19]  408 	ld	a, 4 (ix)
   0174 C6 05         [ 7]  409 	add	a, #0x05
   0176 4F            [ 4]  410 	ld	c, a
   0177 DD 7E 05      [19]  411 	ld	a, 5 (ix)
   017A CE 00         [ 7]  412 	adc	a, #0x00
   017C 47            [ 4]  413 	ld	b, a
   017D 0A            [ 7]  414 	ld	a, (bc)
   017E 12            [ 7]  415 	ld	(de), a
                            416 ;source_code/aes256.c:53: state[5] = state[9];
   017F DD 7E 04      [19]  417 	ld	a, 4 (ix)
   0182 C6 09         [ 7]  418 	add	a, #0x09
   0184 5F            [ 4]  419 	ld	e, a
   0185 DD 7E 05      [19]  420 	ld	a, 5 (ix)
   0188 CE 00         [ 7]  421 	adc	a, #0x00
   018A 57            [ 4]  422 	ld	d, a
   018B 1A            [ 7]  423 	ld	a, (de)
   018C 02            [ 7]  424 	ld	(bc), a
                            425 ;source_code/aes256.c:54: state[9] = state[13];
   018D DD 7E 04      [19]  426 	ld	a, 4 (ix)
   0190 C6 0D         [ 7]  427 	add	a, #0x0d
   0192 4F            [ 4]  428 	ld	c, a
   0193 DD 7E 05      [19]  429 	ld	a, 5 (ix)
   0196 CE 00         [ 7]  430 	adc	a, #0x00
   0198 47            [ 4]  431 	ld	b, a
   0199 0A            [ 7]  432 	ld	a, (bc)
   019A 12            [ 7]  433 	ld	(de), a
                            434 ;source_code/aes256.c:55: state[13] = temp;
   019B DD 7E FF      [19]  435 	ld	a, -1 (ix)
   019E 02            [ 7]  436 	ld	(bc), a
                            437 ;source_code/aes256.c:57: temp = state[2];
   019F DD 5E 04      [19]  438 	ld	e, 4 (ix)
   01A2 DD 56 05      [19]  439 	ld	d, 5 (ix)
   01A5 13            [ 6]  440 	inc	de
   01A6 13            [ 6]  441 	inc	de
   01A7 1A            [ 7]  442 	ld	a, (de)
   01A8 DD 77 FF      [19]  443 	ld	-1 (ix), a
                            444 ;source_code/aes256.c:58: state[2] = state[10];
   01AB DD 7E 04      [19]  445 	ld	a, 4 (ix)
   01AE C6 0A         [ 7]  446 	add	a, #0x0a
   01B0 4F            [ 4]  447 	ld	c, a
   01B1 DD 7E 05      [19]  448 	ld	a, 5 (ix)
   01B4 CE 00         [ 7]  449 	adc	a, #0x00
   01B6 47            [ 4]  450 	ld	b, a
   01B7 0A            [ 7]  451 	ld	a, (bc)
   01B8 12            [ 7]  452 	ld	(de), a
                            453 ;source_code/aes256.c:59: state[10] = temp;
   01B9 DD 7E FF      [19]  454 	ld	a, -1 (ix)
   01BC 02            [ 7]  455 	ld	(bc), a
                            456 ;source_code/aes256.c:60: temp = state[6];
   01BD DD 7E 04      [19]  457 	ld	a, 4 (ix)
   01C0 C6 06         [ 7]  458 	add	a, #0x06
   01C2 5F            [ 4]  459 	ld	e, a
   01C3 DD 7E 05      [19]  460 	ld	a, 5 (ix)
   01C6 CE 00         [ 7]  461 	adc	a, #0x00
   01C8 57            [ 4]  462 	ld	d, a
   01C9 1A            [ 7]  463 	ld	a, (de)
   01CA DD 77 FF      [19]  464 	ld	-1 (ix), a
                            465 ;source_code/aes256.c:61: state[6] = state[14];
   01CD DD 7E 04      [19]  466 	ld	a, 4 (ix)
   01D0 C6 0E         [ 7]  467 	add	a, #0x0e
   01D2 4F            [ 4]  468 	ld	c, a
   01D3 DD 7E 05      [19]  469 	ld	a, 5 (ix)
   01D6 CE 00         [ 7]  470 	adc	a, #0x00
   01D8 47            [ 4]  471 	ld	b, a
   01D9 0A            [ 7]  472 	ld	a, (bc)
   01DA 12            [ 7]  473 	ld	(de), a
                            474 ;source_code/aes256.c:62: state[14] = temp;
   01DB DD 7E FF      [19]  475 	ld	a, -1 (ix)
   01DE 02            [ 7]  476 	ld	(bc), a
                            477 ;source_code/aes256.c:64: temp = state[15];
   01DF DD 7E 04      [19]  478 	ld	a, 4 (ix)
   01E2 C6 0F         [ 7]  479 	add	a, #0x0f
   01E4 5F            [ 4]  480 	ld	e, a
   01E5 DD 7E 05      [19]  481 	ld	a, 5 (ix)
   01E8 CE 00         [ 7]  482 	adc	a, #0x00
   01EA 57            [ 4]  483 	ld	d, a
   01EB 1A            [ 7]  484 	ld	a, (de)
   01EC DD 77 FF      [19]  485 	ld	-1 (ix), a
                            486 ;source_code/aes256.c:65: state[15] = state[11];
   01EF DD 7E 04      [19]  487 	ld	a, 4 (ix)
   01F2 C6 0B         [ 7]  488 	add	a, #0x0b
   01F4 4F            [ 4]  489 	ld	c, a
   01F5 DD 7E 05      [19]  490 	ld	a, 5 (ix)
   01F8 CE 00         [ 7]  491 	adc	a, #0x00
   01FA 47            [ 4]  492 	ld	b, a
   01FB 0A            [ 7]  493 	ld	a, (bc)
   01FC 12            [ 7]  494 	ld	(de), a
                            495 ;source_code/aes256.c:66: state[11] = state[7];
   01FD DD 7E 04      [19]  496 	ld	a, 4 (ix)
   0200 C6 07         [ 7]  497 	add	a, #0x07
   0202 5F            [ 4]  498 	ld	e, a
   0203 DD 7E 05      [19]  499 	ld	a, 5 (ix)
   0206 CE 00         [ 7]  500 	adc	a, #0x00
   0208 57            [ 4]  501 	ld	d, a
   0209 1A            [ 7]  502 	ld	a, (de)
   020A 02            [ 7]  503 	ld	(bc), a
                            504 ;source_code/aes256.c:67: state[7] = state[3];
   020B DD 4E 04      [19]  505 	ld	c, 4 (ix)
   020E DD 46 05      [19]  506 	ld	b, 5 (ix)
   0211 03            [ 6]  507 	inc	bc
   0212 03            [ 6]  508 	inc	bc
   0213 03            [ 6]  509 	inc	bc
   0214 0A            [ 7]  510 	ld	a, (bc)
   0215 12            [ 7]  511 	ld	(de), a
                            512 ;source_code/aes256.c:68: state[3] = temp;
   0216 DD 7E FF      [19]  513 	ld	a, -1 (ix)
   0219 02            [ 7]  514 	ld	(bc), a
                            515 ;source_code/aes256.c:69: }
   021A 33            [ 6]  516 	inc	sp
   021B DD E1         [14]  517 	pop	ix
   021D C9            [10]  518 	ret
                            519 ;source_code/aes256.c:71: static void mix_columns(uint8_t *state) {
                            520 ;	---------------------------------
                            521 ; Function mix_columns
                            522 ; ---------------------------------
   021E                     523 _mix_columns:
   021E CDr00r00      [17]  524 	call	___sdcc_enter_ix
   0221 21 E2 FF      [10]  525 	ld	hl, #-30
   0224 39            [11]  526 	add	hl, sp
   0225 F9            [ 6]  527 	ld	sp, hl
                            528 ;source_code/aes256.c:74: for (int i = 0; i < 4; i++) {
   0226 21 02 00      [10]  529 	ld	hl, #2
   0229 39            [11]  530 	add	hl, sp
   022A DD 75 F4      [19]  531 	ld	-12 (ix), l
   022D DD 74 F5      [19]  532 	ld	-11 (ix), h
   0230 01 00 00      [10]  533 	ld	bc, #0x0000
   0233                     534 00103$:
   0233 79            [ 4]  535 	ld	a, c
   0234 D6 04         [ 7]  536 	sub	a, #0x04
   0236 78            [ 4]  537 	ld	a, b
   0237 17            [ 4]  538 	rla
   0238 3F            [ 4]  539 	ccf
   0239 1F            [ 4]  540 	rra
   023A DE 80         [ 7]  541 	sbc	a, #0x80
   023C D2r14r04      [10]  542 	jp	NC, 00101$
                            543 ;source_code/aes256.c:75: int idx = i * 4;
   023F 59            [ 4]  544 	ld	e, c
   0240 50            [ 4]  545 	ld	d, b
   0241 CB 23         [ 8]  546 	sla	e
   0243 CB 12         [ 8]  547 	rl	d
   0245 CB 23         [ 8]  548 	sla	e
   0247 CB 12         [ 8]  549 	rl	d
                            550 ;source_code/aes256.c:76: tmp[idx + 0] = (uint8_t)(xtime(state[idx + 0]) ^ xtime(state[idx + 1]) ^ state[idx + 1] ^ state[idx + 2] ^ state[idx + 3]);
   0249 DD 73 F6      [19]  551 	ld	-10 (ix), e
   024C 7B            [ 4]  552 	ld	a, e
   024D 6F            [ 4]  553 	ld	l, a
   024E 17            [ 4]  554 	rla
   024F 9F            [ 4]  555 	sbc	a, a
   0250 67            [ 4]  556 	ld	h, a
   0251 7D            [ 4]  557 	ld	a, l
   0252 DD 86 F4      [19]  558 	add	a, -12 (ix)
   0255 DD 77 E2      [19]  559 	ld	-30 (ix), a
   0258 7C            [ 4]  560 	ld	a, h
   0259 DD 8E F5      [19]  561 	adc	a, -11 (ix)
   025C DD 77 E3      [19]  562 	ld	-29 (ix), a
   025F DD 7E 04      [19]  563 	ld	a, 4 (ix)
   0262 83            [ 4]  564 	add	a, e
   0263 DD 77 F7      [19]  565 	ld	-9 (ix), a
   0266 DD 7E 05      [19]  566 	ld	a, 5 (ix)
   0269 8A            [ 4]  567 	adc	a, d
   026A DD 77 F8      [19]  568 	ld	-8 (ix), a
   026D DD 6E F7      [19]  569 	ld	l, -9 (ix)
   0270 DD 66 F8      [19]  570 	ld	h, -8 (ix)
   0273 7E            [ 7]  571 	ld	a, (hl)
   0274 C5            [11]  572 	push	bc
   0275 D5            [11]  573 	push	de
   0276 F5            [11]  574 	push	af
   0277 33            [ 6]  575 	inc	sp
   0278 CDr00r00      [17]  576 	call	_xtime
   027B 33            [ 6]  577 	inc	sp
   027C DD 75 FD      [19]  578 	ld	-3 (ix), l
   027F D1            [10]  579 	pop	de
   0280 C1            [10]  580 	pop	bc
   0281 21 01 00      [10]  581 	ld	hl, #0x0001
   0284 19            [11]  582 	add	hl, de
   0285 DD 75 FE      [19]  583 	ld	-2 (ix), l
   0288 DD 74 FF      [19]  584 	ld	-1 (ix), h
   028B DD 7E FE      [19]  585 	ld	a, -2 (ix)
   028E DD 86 04      [19]  586 	add	a, 4 (ix)
   0291 DD 77 F9      [19]  587 	ld	-7 (ix), a
   0294 DD 7E FF      [19]  588 	ld	a, -1 (ix)
   0297 DD 8E 05      [19]  589 	adc	a, 5 (ix)
   029A DD 77 FA      [19]  590 	ld	-6 (ix), a
   029D DD 6E F9      [19]  591 	ld	l, -7 (ix)
   02A0 DD 66 FA      [19]  592 	ld	h, -6 (ix)
   02A3 7E            [ 7]  593 	ld	a, (hl)
   02A4 C5            [11]  594 	push	bc
   02A5 D5            [11]  595 	push	de
   02A6 F5            [11]  596 	push	af
   02A7 33            [ 6]  597 	inc	sp
   02A8 CDr00r00      [17]  598 	call	_xtime
   02AB 33            [ 6]  599 	inc	sp
   02AC 7D            [ 4]  600 	ld	a, l
   02AD D1            [10]  601 	pop	de
   02AE C1            [10]  602 	pop	bc
   02AF DD AE FD      [19]  603 	xor	a, -3 (ix)
   02B2 DD 6E F9      [19]  604 	ld	l, -7 (ix)
   02B5 DD 66 FA      [19]  605 	ld	h, -6 (ix)
   02B8 6E            [ 7]  606 	ld	l, (hl)
   02B9 AD            [ 4]  607 	xor	a, l
   02BA DD 77 FF      [19]  608 	ld	-1 (ix), a
   02BD 21 02 00      [10]  609 	ld	hl, #0x0002
   02C0 19            [11]  610 	add	hl, de
   02C1 DD 75 FD      [19]  611 	ld	-3 (ix), l
   02C4 DD 74 FE      [19]  612 	ld	-2 (ix), h
   02C7 DD 7E FD      [19]  613 	ld	a, -3 (ix)
   02CA DD 86 04      [19]  614 	add	a, 4 (ix)
   02CD DD 77 FB      [19]  615 	ld	-5 (ix), a
   02D0 DD 7E FE      [19]  616 	ld	a, -2 (ix)
   02D3 DD 8E 05      [19]  617 	adc	a, 5 (ix)
   02D6 DD 77 FC      [19]  618 	ld	-4 (ix), a
   02D9 DD 6E FB      [19]  619 	ld	l, -5 (ix)
   02DC DD 66 FC      [19]  620 	ld	h, -4 (ix)
   02DF 7E            [ 7]  621 	ld	a, (hl)
   02E0 DD AE FF      [19]  622 	xor	a, -1 (ix)
   02E3 DD 77 FF      [19]  623 	ld	-1 (ix), a
   02E6 13            [ 6]  624 	inc	de
   02E7 13            [ 6]  625 	inc	de
   02E8 13            [ 6]  626 	inc	de
   02E9 7B            [ 4]  627 	ld	a, e
   02EA DD 86 04      [19]  628 	add	a, 4 (ix)
   02ED DD 77 FD      [19]  629 	ld	-3 (ix), a
   02F0 7A            [ 4]  630 	ld	a, d
   02F1 DD 8E 05      [19]  631 	adc	a, 5 (ix)
   02F4 DD 77 FE      [19]  632 	ld	-2 (ix), a
   02F7 DD 6E FD      [19]  633 	ld	l, -3 (ix)
   02FA DD 66 FE      [19]  634 	ld	h, -2 (ix)
   02FD 7E            [ 7]  635 	ld	a, (hl)
   02FE DD AE FF      [19]  636 	xor	a, -1 (ix)
   0301 E1            [10]  637 	pop	hl
   0302 E5            [11]  638 	push	hl
   0303 77            [ 7]  639 	ld	(hl), a
                            640 ;source_code/aes256.c:77: tmp[idx + 1] = (uint8_t)(state[idx + 0] ^ xtime(state[idx + 1]) ^ xtime(state[idx + 2]) ^ state[idx + 2] ^ state[idx + 3]);
   0304 DD 7E F6      [19]  641 	ld	a, -10 (ix)
   0307 3C            [ 4]  642 	inc	a
   0308 5F            [ 4]  643 	ld	e, a
   0309 17            [ 4]  644 	rla
   030A 9F            [ 4]  645 	sbc	a, a
   030B 57            [ 4]  646 	ld	d, a
   030C 7B            [ 4]  647 	ld	a, e
   030D DD 86 F4      [19]  648 	add	a, -12 (ix)
   0310 5F            [ 4]  649 	ld	e, a
   0311 7A            [ 4]  650 	ld	a, d
   0312 DD 8E F5      [19]  651 	adc	a, -11 (ix)
   0315 57            [ 4]  652 	ld	d, a
   0316 DD 6E F7      [19]  653 	ld	l, -9 (ix)
   0319 DD 66 F8      [19]  654 	ld	h, -8 (ix)
   031C 7E            [ 7]  655 	ld	a, (hl)
   031D DD 77 FF      [19]  656 	ld	-1 (ix), a
   0320 DD 6E F9      [19]  657 	ld	l, -7 (ix)
   0323 DD 66 FA      [19]  658 	ld	h, -6 (ix)
   0326 7E            [ 7]  659 	ld	a, (hl)
   0327 C5            [11]  660 	push	bc
   0328 D5            [11]  661 	push	de
   0329 F5            [11]  662 	push	af
   032A 33            [ 6]  663 	inc	sp
   032B CDr00r00      [17]  664 	call	_xtime
   032E 33            [ 6]  665 	inc	sp
   032F 7D            [ 4]  666 	ld	a, l
   0330 D1            [10]  667 	pop	de
   0331 C1            [10]  668 	pop	bc
   0332 DD AE FF      [19]  669 	xor	a, -1 (ix)
   0335 DD 77 FF      [19]  670 	ld	-1 (ix), a
   0338 DD 6E FB      [19]  671 	ld	l, -5 (ix)
   033B DD 66 FC      [19]  672 	ld	h, -4 (ix)
   033E 7E            [ 7]  673 	ld	a, (hl)
   033F C5            [11]  674 	push	bc
   0340 D5            [11]  675 	push	de
   0341 F5            [11]  676 	push	af
   0342 33            [ 6]  677 	inc	sp
   0343 CDr00r00      [17]  678 	call	_xtime
   0346 33            [ 6]  679 	inc	sp
   0347 7D            [ 4]  680 	ld	a, l
   0348 D1            [10]  681 	pop	de
   0349 C1            [10]  682 	pop	bc
   034A DD AE FF      [19]  683 	xor	a, -1 (ix)
   034D DD 6E FB      [19]  684 	ld	l, -5 (ix)
   0350 DD 66 FC      [19]  685 	ld	h, -4 (ix)
   0353 6E            [ 7]  686 	ld	l, (hl)
   0354 AD            [ 4]  687 	xor	a, l
   0355 DD 6E FD      [19]  688 	ld	l, -3 (ix)
   0358 DD 66 FE      [19]  689 	ld	h, -2 (ix)
   035B 6E            [ 7]  690 	ld	l, (hl)
   035C AD            [ 4]  691 	xor	a, l
   035D 12            [ 7]  692 	ld	(de), a
                            693 ;source_code/aes256.c:78: tmp[idx + 2] = (uint8_t)(state[idx + 0] ^ state[idx + 1] ^ xtime(state[idx + 2]) ^ xtime(state[idx + 3]) ^ state[idx + 3]);
   035E DD 7E F6      [19]  694 	ld	a, -10 (ix)
   0361 3C            [ 4]  695 	inc	a
   0362 3C            [ 4]  696 	inc	a
   0363 5F            [ 4]  697 	ld	e, a
   0364 17            [ 4]  698 	rla
   0365 9F            [ 4]  699 	sbc	a, a
   0366 57            [ 4]  700 	ld	d, a
   0367 7B            [ 4]  701 	ld	a, e
   0368 DD 86 F4      [19]  702 	add	a, -12 (ix)
   036B 5F            [ 4]  703 	ld	e, a
   036C 7A            [ 4]  704 	ld	a, d
   036D DD 8E F5      [19]  705 	adc	a, -11 (ix)
   0370 57            [ 4]  706 	ld	d, a
   0371 DD 6E F7      [19]  707 	ld	l, -9 (ix)
   0374 DD 66 F8      [19]  708 	ld	h, -8 (ix)
   0377 7E            [ 7]  709 	ld	a, (hl)
   0378 DD 6E F9      [19]  710 	ld	l, -7 (ix)
   037B DD 66 FA      [19]  711 	ld	h, -6 (ix)
   037E 6E            [ 7]  712 	ld	l, (hl)
   037F AD            [ 4]  713 	xor	a, l
   0380 DD 77 FF      [19]  714 	ld	-1 (ix), a
   0383 DD 6E FB      [19]  715 	ld	l, -5 (ix)
   0386 DD 66 FC      [19]  716 	ld	h, -4 (ix)
   0389 7E            [ 7]  717 	ld	a, (hl)
   038A C5            [11]  718 	push	bc
   038B D5            [11]  719 	push	de
   038C F5            [11]  720 	push	af
   038D 33            [ 6]  721 	inc	sp
   038E CDr00r00      [17]  722 	call	_xtime
   0391 33            [ 6]  723 	inc	sp
   0392 7D            [ 4]  724 	ld	a, l
   0393 D1            [10]  725 	pop	de
   0394 C1            [10]  726 	pop	bc
   0395 DD AE FF      [19]  727 	xor	a, -1 (ix)
   0398 DD 77 FF      [19]  728 	ld	-1 (ix), a
   039B DD 6E FD      [19]  729 	ld	l, -3 (ix)
   039E DD 66 FE      [19]  730 	ld	h, -2 (ix)
   03A1 7E            [ 7]  731 	ld	a, (hl)
   03A2 C5            [11]  732 	push	bc
   03A3 D5            [11]  733 	push	de
   03A4 F5            [11]  734 	push	af
   03A5 33            [ 6]  735 	inc	sp
   03A6 CDr00r00      [17]  736 	call	_xtime
   03A9 33            [ 6]  737 	inc	sp
   03AA 7D            [ 4]  738 	ld	a, l
   03AB D1            [10]  739 	pop	de
   03AC C1            [10]  740 	pop	bc
   03AD DD AE FF      [19]  741 	xor	a, -1 (ix)
   03B0 DD 6E FD      [19]  742 	ld	l, -3 (ix)
   03B3 DD 66 FE      [19]  743 	ld	h, -2 (ix)
   03B6 6E            [ 7]  744 	ld	l, (hl)
   03B7 AD            [ 4]  745 	xor	a, l
   03B8 12            [ 7]  746 	ld	(de), a
                            747 ;source_code/aes256.c:79: tmp[idx + 3] = (uint8_t)(xtime(state[idx + 0]) ^ state[idx + 0] ^ state[idx + 1] ^ state[idx + 2] ^ xtime(state[idx + 3]));
   03B9 DD 7E F6      [19]  748 	ld	a, -10 (ix)
   03BC 3C            [ 4]  749 	inc	a
   03BD 3C            [ 4]  750 	inc	a
   03BE 3C            [ 4]  751 	inc	a
   03BF 5F            [ 4]  752 	ld	e, a
   03C0 17            [ 4]  753 	rla
   03C1 9F            [ 4]  754 	sbc	a, a
   03C2 57            [ 4]  755 	ld	d, a
   03C3 7B            [ 4]  756 	ld	a, e
   03C4 DD 86 F4      [19]  757 	add	a, -12 (ix)
   03C7 5F            [ 4]  758 	ld	e, a
   03C8 7A            [ 4]  759 	ld	a, d
   03C9 DD 8E F5      [19]  760 	adc	a, -11 (ix)
   03CC 57            [ 4]  761 	ld	d, a
   03CD DD 6E F7      [19]  762 	ld	l, -9 (ix)
   03D0 DD 66 F8      [19]  763 	ld	h, -8 (ix)
   03D3 7E            [ 7]  764 	ld	a, (hl)
   03D4 C5            [11]  765 	push	bc
   03D5 D5            [11]  766 	push	de
   03D6 F5            [11]  767 	push	af
   03D7 33            [ 6]  768 	inc	sp
   03D8 CDr00r00      [17]  769 	call	_xtime
   03DB 33            [ 6]  770 	inc	sp
   03DC 7D            [ 4]  771 	ld	a, l
   03DD D1            [10]  772 	pop	de
   03DE C1            [10]  773 	pop	bc
   03DF DD 6E F7      [19]  774 	ld	l, -9 (ix)
   03E2 DD 66 F8      [19]  775 	ld	h, -8 (ix)
   03E5 6E            [ 7]  776 	ld	l, (hl)
   03E6 AD            [ 4]  777 	xor	a, l
   03E7 DD 6E F9      [19]  778 	ld	l, -7 (ix)
   03EA DD 66 FA      [19]  779 	ld	h, -6 (ix)
   03ED 6E            [ 7]  780 	ld	l, (hl)
   03EE AD            [ 4]  781 	xor	a, l
   03EF DD 6E FB      [19]  782 	ld	l, -5 (ix)
   03F2 DD 66 FC      [19]  783 	ld	h, -4 (ix)
   03F5 6E            [ 7]  784 	ld	l, (hl)
   03F6 AD            [ 4]  785 	xor	a, l
   03F7 DD 77 FF      [19]  786 	ld	-1 (ix), a
   03FA DD 6E FD      [19]  787 	ld	l, -3 (ix)
   03FD DD 66 FE      [19]  788 	ld	h, -2 (ix)
   0400 7E            [ 7]  789 	ld	a, (hl)
   0401 C5            [11]  790 	push	bc
   0402 D5            [11]  791 	push	de
   0403 F5            [11]  792 	push	af
   0404 33            [ 6]  793 	inc	sp
   0405 CDr00r00      [17]  794 	call	_xtime
   0408 33            [ 6]  795 	inc	sp
   0409 7D            [ 4]  796 	ld	a, l
   040A D1            [10]  797 	pop	de
   040B C1            [10]  798 	pop	bc
   040C DD AE FF      [19]  799 	xor	a, -1 (ix)
   040F 12            [ 7]  800 	ld	(de), a
                            801 ;source_code/aes256.c:74: for (int i = 0; i < 4; i++) {
   0410 03            [ 6]  802 	inc	bc
   0411 C3r33r02      [10]  803 	jp	00103$
   0414                     804 00101$:
                            805 ;source_code/aes256.c:82: memcpy(state, tmp, 16);
   0414 DD 5E 04      [19]  806 	ld	e, 4 (ix)
   0417 DD 56 05      [19]  807 	ld	d, 5 (ix)
   041A DD 6E F4      [19]  808 	ld	l, -12 (ix)
   041D DD 66 F5      [19]  809 	ld	h, -11 (ix)
   0420 01 10 00      [10]  810 	ld	bc, #0x0010
   0423 ED B0         [21]  811 	ldir
                            812 ;source_code/aes256.c:83: }
   0425 DD F9         [10]  813 	ld	sp, ix
   0427 DD E1         [14]  814 	pop	ix
   0429 C9            [10]  815 	ret
                            816 ;source_code/aes256.c:85: static void add_round_key(uint8_t *state, const uint8_t *round_key) {
                            817 ;	---------------------------------
                            818 ; Function add_round_key
                            819 ; ---------------------------------
   042A                     820 _add_round_key:
   042A CDr00r00      [17]  821 	call	___sdcc_enter_ix
   042D 3B            [ 6]  822 	dec	sp
                            823 ;source_code/aes256.c:86: for (int i = 0; i < 16; i++) {
   042E 01 00 00      [10]  824 	ld	bc, #0x0000
   0431                     825 00103$:
   0431 79            [ 4]  826 	ld	a, c
   0432 D6 10         [ 7]  827 	sub	a, #0x10
   0434 78            [ 4]  828 	ld	a, b
   0435 17            [ 4]  829 	rla
   0436 3F            [ 4]  830 	ccf
   0437 1F            [ 4]  831 	rra
   0438 DE 80         [ 7]  832 	sbc	a, #0x80
   043A 30 1D         [12]  833 	jr	NC,00105$
                            834 ;source_code/aes256.c:87: state[i] ^= round_key[i];
   043C DD 7E 04      [19]  835 	ld	a, 4 (ix)
   043F 81            [ 4]  836 	add	a, c
   0440 5F            [ 4]  837 	ld	e, a
   0441 DD 7E 05      [19]  838 	ld	a, 5 (ix)
   0444 88            [ 4]  839 	adc	a, b
   0445 57            [ 4]  840 	ld	d, a
   0446 1A            [ 7]  841 	ld	a, (de)
   0447 DD 77 FF      [19]  842 	ld	-1 (ix), a
   044A DD 6E 06      [19]  843 	ld	l, 6 (ix)
   044D DD 66 07      [19]  844 	ld	h, 7 (ix)
   0450 09            [11]  845 	add	hl, bc
   0451 7E            [ 7]  846 	ld	a, (hl)
   0452 DD AE FF      [19]  847 	xor	a, -1 (ix)
   0455 12            [ 7]  848 	ld	(de), a
                            849 ;source_code/aes256.c:86: for (int i = 0; i < 16; i++) {
   0456 03            [ 6]  850 	inc	bc
   0457 18 D8         [12]  851 	jr	00103$
   0459                     852 00105$:
                            853 ;source_code/aes256.c:89: }
   0459 33            [ 6]  854 	inc	sp
   045A DD E1         [14]  855 	pop	ix
   045C C9            [10]  856 	ret
                            857 ;source_code/aes256.c:91: static void key_expansion(const uint8_t *key, AES256_CTX *ctx) {
                            858 ;	---------------------------------
                            859 ; Function key_expansion
                            860 ; ---------------------------------
   045D                     861 _key_expansion:
   045D CDr00r00      [17]  862 	call	___sdcc_enter_ix
   0460 21 ED FF      [10]  863 	ld	hl, #-19
   0463 39            [11]  864 	add	hl, sp
   0464 F9            [ 6]  865 	ld	sp, hl
                            866 ;source_code/aes256.c:93: uint32_t *w = (uint32_t *)ctx->round_keys;
   0465 DD 5E 06      [19]  867 	ld	e, 6 (ix)
   0468 DD 56 07      [19]  868 	ld	d, 7 (ix)
   046B 4B            [ 4]  869 	ld	c, e
   046C 42            [ 4]  870 	ld	b, d
   046D DD 71 F5      [19]  871 	ld	-11 (ix), c
   0470 DD 70 F6      [19]  872 	ld	-10 (ix), b
                            873 ;source_code/aes256.c:97: memcpy(ctx->round_keys, key, 32);
   0473 DD 6E 04      [19]  874 	ld	l, 4 (ix)
   0476 DD 66 05      [19]  875 	ld	h, 5 (ix)
   0479 01 20 00      [10]  876 	ld	bc, #0x0020
   047C ED B0         [21]  877 	ldir
                            878 ;source_code/aes256.c:100: for (i = 8; i < 4 * (AES_ROUNDS + 1); i++) {
   047E DD 36 FE 08   [19]  879 	ld	-2 (ix), #0x08
   0482 AF            [ 4]  880 	xor	a, a
   0483 DD 77 FF      [19]  881 	ld	-1 (ix), a
   0486                     882 00107$:
                            883 ;source_code/aes256.c:101: memcpy(temp, &w[i - 1], 4);
   0486 21 00 00      [10]  884 	ld	hl, #0
   0489 39            [11]  885 	add	hl, sp
   048A DD 75 F7      [19]  886 	ld	-9 (ix), l
   048D DD 74 F8      [19]  887 	ld	-8 (ix), h
   0490 EB            [ 4]  888 	ex	de,hl
   0491 DD 6E FE      [19]  889 	ld	l, -2 (ix)
   0494 DD 66 FF      [19]  890 	ld	h, -1 (ix)
   0497 2B            [ 6]  891 	dec	hl
   0498 29            [11]  892 	add	hl, hl
   0499 29            [11]  893 	add	hl, hl
   049A DD 4E F5      [19]  894 	ld	c, -11 (ix)
   049D DD 46 F6      [19]  895 	ld	b, -10 (ix)
   04A0 09            [11]  896 	add	hl, bc
   04A1 01 04 00      [10]  897 	ld	bc, #0x0004
   04A4 ED B0         [21]  898 	ldir
                            899 ;source_code/aes256.c:103: if (i % 8 == 0) {
   04A6 21 08 00      [10]  900 	ld	hl, #0x0008
   04A9 E5            [11]  901 	push	hl
   04AA DD 6E FE      [19]  902 	ld	l, -2 (ix)
   04AD DD 66 FF      [19]  903 	ld	h, -1 (ix)
   04B0 E5            [11]  904 	push	hl
                            905 ;source_code/aes256.c:106: temp[0] = temp[1];
   04B1 CDr00r00      [17]  906 	call	__modsint
   04B4 F1            [10]  907 	pop	af
   04B5 F1            [10]  908 	pop	af
   04B6 4D            [ 4]  909 	ld	c, l
   04B7 44            [ 4]  910 	ld	b, h
   04B8 DD 5E F7      [19]  911 	ld	e, -9 (ix)
   04BB DD 56 F8      [19]  912 	ld	d, -8 (ix)
   04BE 13            [ 6]  913 	inc	de
                            914 ;source_code/aes256.c:107: temp[1] = temp[2];
   04BF DD 7E F7      [19]  915 	ld	a, -9 (ix)
   04C2 C6 02         [ 7]  916 	add	a, #0x02
   04C4 DD 77 F9      [19]  917 	ld	-7 (ix), a
   04C7 DD 7E F8      [19]  918 	ld	a, -8 (ix)
   04CA CE 00         [ 7]  919 	adc	a, #0x00
   04CC DD 77 FA      [19]  920 	ld	-6 (ix), a
                            921 ;source_code/aes256.c:108: temp[2] = temp[3];
   04CF DD 7E F7      [19]  922 	ld	a, -9 (ix)
   04D2 C6 03         [ 7]  923 	add	a, #0x03
   04D4 DD 77 FB      [19]  924 	ld	-5 (ix), a
   04D7 DD 7E F8      [19]  925 	ld	a, -8 (ix)
   04DA CE 00         [ 7]  926 	adc	a, #0x00
   04DC DD 77 FC      [19]  927 	ld	-4 (ix), a
                            928 ;source_code/aes256.c:103: if (i % 8 == 0) {
   04DF 78            [ 4]  929 	ld	a, b
   04E0 B1            [ 4]  930 	or	a, c
   04E1 C2rADr05      [10]  931 	jp	NZ, 00104$
                            932 ;source_code/aes256.c:105: uint8_t t = temp[0];
   04E4 DD 6E F7      [19]  933 	ld	l, -9 (ix)
   04E7 DD 66 F8      [19]  934 	ld	h, -8 (ix)
   04EA 4E            [ 7]  935 	ld	c, (hl)
                            936 ;source_code/aes256.c:106: temp[0] = temp[1];
   04EB 1A            [ 7]  937 	ld	a, (de)
   04EC DD 6E F7      [19]  938 	ld	l, -9 (ix)
   04EF DD 66 F8      [19]  939 	ld	h, -8 (ix)
   04F2 77            [ 7]  940 	ld	(hl), a
                            941 ;source_code/aes256.c:107: temp[1] = temp[2];
   04F3 DD 6E F9      [19]  942 	ld	l, -7 (ix)
   04F6 DD 66 FA      [19]  943 	ld	h, -6 (ix)
   04F9 F5            [11]  944 	push	af
   04FA 7E            [ 7]  945 	ld	a, (hl)
   04FB DD 77 FD      [19]  946 	ld	-3 (ix), a
   04FE F1            [10]  947 	pop	af
   04FF F5            [11]  948 	push	af
   0500 DD 7E FD      [19]  949 	ld	a, -3 (ix)
   0503 12            [ 7]  950 	ld	(de), a
   0504 F1            [10]  951 	pop	af
                            952 ;source_code/aes256.c:108: temp[2] = temp[3];
   0505 DD 6E FB      [19]  953 	ld	l, -5 (ix)
   0508 DD 66 FC      [19]  954 	ld	h, -4 (ix)
   050B 46            [ 7]  955 	ld	b, (hl)
   050C DD 6E F9      [19]  956 	ld	l, -7 (ix)
   050F DD 66 FA      [19]  957 	ld	h, -6 (ix)
   0512 70            [ 7]  958 	ld	(hl), b
                            959 ;source_code/aes256.c:109: temp[3] = t;
   0513 DD 6E FB      [19]  960 	ld	l, -5 (ix)
   0516 DD 66 FC      [19]  961 	ld	h, -4 (ix)
   0519 71            [ 7]  962 	ld	(hl), c
                            963 ;source_code/aes256.c:112: temp[0] = sbox[temp[0]];
   051A C6r27         [ 7]  964 	add	a, #<(_sbox)
   051C 6F            [ 4]  965 	ld	l, a
   051D 3E 00         [ 7]  966 	ld	a, #0x00
   051F CEs00         [ 7]  967 	adc	a, #>(_sbox)
   0521 67            [ 4]  968 	ld	h, a
   0522 7E            [ 7]  969 	ld	a, (hl)
   0523 DD 6E F7      [19]  970 	ld	l, -9 (ix)
   0526 DD 66 F8      [19]  971 	ld	h, -8 (ix)
   0529 77            [ 7]  972 	ld	(hl), a
                            973 ;source_code/aes256.c:113: temp[1] = sbox[temp[1]];
   052A 3Er27         [ 7]  974 	ld	a, #<(_sbox)
   052C DD 86 FD      [19]  975 	add	a, -3 (ix)
   052F 6F            [ 4]  976 	ld	l, a
   0530 3Es00         [ 7]  977 	ld	a, #>(_sbox)
   0532 CE 00         [ 7]  978 	adc	a, #0x00
   0534 67            [ 4]  979 	ld	h, a
   0535 7E            [ 7]  980 	ld	a, (hl)
   0536 12            [ 7]  981 	ld	(de), a
                            982 ;source_code/aes256.c:114: temp[2] = sbox[temp[2]];
   0537 3Er27         [ 7]  983 	ld	a, #<(_sbox)
   0539 80            [ 4]  984 	add	a, b
   053A 5F            [ 4]  985 	ld	e, a
   053B 3Es00         [ 7]  986 	ld	a, #>(_sbox)
   053D CE 00         [ 7]  987 	adc	a, #0x00
   053F 57            [ 4]  988 	ld	d, a
   0540 1A            [ 7]  989 	ld	a, (de)
   0541 DD 6E F9      [19]  990 	ld	l, -7 (ix)
   0544 DD 66 FA      [19]  991 	ld	h, -6 (ix)
   0547 77            [ 7]  992 	ld	(hl), a
                            993 ;source_code/aes256.c:115: temp[3] = sbox[temp[3]];
   0548 21r27r00      [10]  994 	ld	hl, #_sbox
   054B 06 00         [ 7]  995 	ld	b, #0x00
   054D 09            [11]  996 	add	hl, bc
   054E 7E            [ 7]  997 	ld	a, (hl)
   054F DD 6E FB      [19]  998 	ld	l, -5 (ix)
   0552 DD 66 FC      [19]  999 	ld	h, -4 (ix)
   0555 77            [ 7] 1000 	ld	(hl), a
                           1001 ;source_code/aes256.c:117: temp[0] ^= rcon[i / 8];
   0556 DD 7E F7      [19] 1002 	ld	a, -9 (ix)
   0559 DD 77 F9      [19] 1003 	ld	-7 (ix), a
   055C DD 7E F8      [19] 1004 	ld	a, -8 (ix)
   055F DD 77 FA      [19] 1005 	ld	-6 (ix), a
   0562 DD 6E F7      [19] 1006 	ld	l, -9 (ix)
   0565 DD 66 F8      [19] 1007 	ld	h, -8 (ix)
   0568 7E            [ 7] 1008 	ld	a, (hl)
   0569 DD 77 FB      [19] 1009 	ld	-5 (ix), a
   056C DD 7E FE      [19] 1010 	ld	a, -2 (ix)
   056F DD 77 FC      [19] 1011 	ld	-4 (ix), a
   0572 DD 7E FF      [19] 1012 	ld	a, -1 (ix)
   0575 DD 77 FD      [19] 1013 	ld	-3 (ix), a
   0578 DD CB FF 7E   [20] 1014 	bit	7, -1 (ix)
   057C 28 10         [12] 1015 	jr	Z,00111$
   057E DD 7E FE      [19] 1016 	ld	a, -2 (ix)
   0581 C6 07         [ 7] 1017 	add	a, #0x07
   0583 DD 77 FC      [19] 1018 	ld	-4 (ix), a
   0586 DD 7E FF      [19] 1019 	ld	a, -1 (ix)
   0589 CE 00         [ 7] 1020 	adc	a, #0x00
   058B DD 77 FD      [19] 1021 	ld	-3 (ix), a
   058E                    1022 00111$:
   058E DD 5E FC      [19] 1023 	ld	e, -4 (ix)
   0591 DD 56 FD      [19] 1024 	ld	d, -3 (ix)
   0594 06 03         [ 7] 1025 	ld	b, #0x03
   0596                    1026 00133$:
   0596 CB 2A         [ 8] 1027 	sra	d
   0598 CB 1B         [ 8] 1028 	rr	e
   059A 10 FA         [13] 1029 	djnz	00133$
   059C 21r27r01      [10] 1030 	ld	hl, #_rcon
   059F 19            [11] 1031 	add	hl, de
   05A0 7E            [ 7] 1032 	ld	a, (hl)
   05A1 DD AE FB      [19] 1033 	xor	a, -5 (ix)
   05A4 DD 6E F9      [19] 1034 	ld	l, -7 (ix)
   05A7 DD 66 FA      [19] 1035 	ld	h, -6 (ix)
   05AA 77            [ 7] 1036 	ld	(hl), a
   05AB 18 50         [12] 1037 	jr	00105$
   05AD                    1038 00104$:
                           1039 ;source_code/aes256.c:118: } else if (i % 8 == 4) {
   05AD 79            [ 4] 1040 	ld	a, c
   05AE D6 04         [ 7] 1041 	sub	a, #0x04
   05B0 B0            [ 4] 1042 	or	a, b
   05B1 20 4A         [12] 1043 	jr	NZ,00105$
                           1044 ;source_code/aes256.c:120: temp[0] = sbox[temp[0]];
   05B3 DD 6E F7      [19] 1045 	ld	l, -9 (ix)
   05B6 DD 66 F8      [19] 1046 	ld	h, -8 (ix)
   05B9 4E            [ 7] 1047 	ld	c, (hl)
   05BA 21r27r00      [10] 1048 	ld	hl, #_sbox
   05BD 06 00         [ 7] 1049 	ld	b, #0x00
   05BF 09            [11] 1050 	add	hl, bc
   05C0 7E            [ 7] 1051 	ld	a, (hl)
   05C1 DD 6E F7      [19] 1052 	ld	l, -9 (ix)
   05C4 DD 66 F8      [19] 1053 	ld	h, -8 (ix)
   05C7 77            [ 7] 1054 	ld	(hl), a
                           1055 ;source_code/aes256.c:121: temp[1] = sbox[temp[1]];
   05C8 1A            [ 7] 1056 	ld	a, (de)
   05C9 C6r27         [ 7] 1057 	add	a, #<(_sbox)
   05CB 4F            [ 4] 1058 	ld	c, a
   05CC 3E 00         [ 7] 1059 	ld	a, #0x00
   05CE CEs00         [ 7] 1060 	adc	a, #>(_sbox)
   05D0 47            [ 4] 1061 	ld	b, a
   05D1 0A            [ 7] 1062 	ld	a, (bc)
   05D2 12            [ 7] 1063 	ld	(de), a
                           1064 ;source_code/aes256.c:122: temp[2] = sbox[temp[2]];
   05D3 DD 6E F9      [19] 1065 	ld	l, -7 (ix)
   05D6 DD 66 FA      [19] 1066 	ld	h, -6 (ix)
   05D9 4E            [ 7] 1067 	ld	c, (hl)
   05DA 21r27r00      [10] 1068 	ld	hl, #_sbox
   05DD 06 00         [ 7] 1069 	ld	b, #0x00
   05DF 09            [11] 1070 	add	hl, bc
   05E0 7E            [ 7] 1071 	ld	a, (hl)
   05E1 DD 6E F9      [19] 1072 	ld	l, -7 (ix)
   05E4 DD 66 FA      [19] 1073 	ld	h, -6 (ix)
   05E7 77            [ 7] 1074 	ld	(hl), a
                           1075 ;source_code/aes256.c:123: temp[3] = sbox[temp[3]];
   05E8 DD 6E FB      [19] 1076 	ld	l, -5 (ix)
   05EB DD 66 FC      [19] 1077 	ld	h, -4 (ix)
   05EE 4E            [ 7] 1078 	ld	c, (hl)
   05EF 21r27r00      [10] 1079 	ld	hl, #_sbox
   05F2 06 00         [ 7] 1080 	ld	b, #0x00
   05F4 09            [11] 1081 	add	hl, bc
   05F5 7E            [ 7] 1082 	ld	a, (hl)
   05F6 DD 6E FB      [19] 1083 	ld	l, -5 (ix)
   05F9 DD 66 FC      [19] 1084 	ld	h, -4 (ix)
   05FC 77            [ 7] 1085 	ld	(hl), a
   05FD                    1086 00105$:
                           1087 ;source_code/aes256.c:126: uint32_t prev = w[i - 8];
   05FD DD 7E FE      [19] 1088 	ld	a, -2 (ix)
   0600 C6 F8         [ 7] 1089 	add	a, #0xf8
   0602 6F            [ 4] 1090 	ld	l, a
   0603 DD 7E FF      [19] 1091 	ld	a, -1 (ix)
   0606 CE FF         [ 7] 1092 	adc	a, #0xff
   0608 67            [ 4] 1093 	ld	h, a
   0609 29            [11] 1094 	add	hl, hl
   060A 29            [11] 1095 	add	hl, hl
   060B DD 5E F5      [19] 1096 	ld	e, -11 (ix)
   060E DD 56 F6      [19] 1097 	ld	d, -10 (ix)
   0611 19            [11] 1098 	add	hl, de
   0612 EB            [ 4] 1099 	ex	de,hl
   0613 21 0D 00      [10] 1100 	ld	hl, #0x000d
   0616 39            [11] 1101 	add	hl, sp
   0617 EB            [ 4] 1102 	ex	de, hl
   0618 01 04 00      [10] 1103 	ld	bc, #0x0004
   061B ED B0         [21] 1104 	ldir
                           1105 ;source_code/aes256.c:128: memcpy(&new_word, temp, 4);
   061D 21 04 00      [10] 1106 	ld	hl, #4
   0620 39            [11] 1107 	add	hl, sp
   0621 EB            [ 4] 1108 	ex	de, hl
   0622 DD 6E F7      [19] 1109 	ld	l, -9 (ix)
   0625 DD 66 F8      [19] 1110 	ld	h, -8 (ix)
   0628 01 04 00      [10] 1111 	ld	bc, #0x0004
   062B ED B0         [21] 1112 	ldir
                           1113 ;source_code/aes256.c:129: w[i] = prev ^ new_word;
   062D DD 6E FE      [19] 1114 	ld	l, -2 (ix)
   0630 DD 66 FF      [19] 1115 	ld	h, -1 (ix)
   0633 29            [11] 1116 	add	hl, hl
   0634 29            [11] 1117 	add	hl, hl
   0635 DD 5E F5      [19] 1118 	ld	e, -11 (ix)
   0638 DD 56 F6      [19] 1119 	ld	d, -10 (ix)
   063B 19            [11] 1120 	add	hl, de
   063C DD 7E FA      [19] 1121 	ld	a, -6 (ix)
   063F DD AE F1      [19] 1122 	xor	a, -15 (ix)
   0642 4F            [ 4] 1123 	ld	c, a
   0643 DD 7E FB      [19] 1124 	ld	a, -5 (ix)
   0646 DD AE F2      [19] 1125 	xor	a, -14 (ix)
   0649 47            [ 4] 1126 	ld	b, a
   064A DD 7E FC      [19] 1127 	ld	a, -4 (ix)
   064D DD AE F3      [19] 1128 	xor	a, -13 (ix)
   0650 5F            [ 4] 1129 	ld	e, a
   0651 DD 7E FD      [19] 1130 	ld	a, -3 (ix)
   0654 DD AE F4      [19] 1131 	xor	a, -12 (ix)
   0657 57            [ 4] 1132 	ld	d, a
   0658 71            [ 7] 1133 	ld	(hl), c
   0659 23            [ 6] 1134 	inc	hl
   065A 70            [ 7] 1135 	ld	(hl), b
   065B 23            [ 6] 1136 	inc	hl
   065C 73            [ 7] 1137 	ld	(hl), e
   065D 23            [ 6] 1138 	inc	hl
   065E 72            [ 7] 1139 	ld	(hl), d
                           1140 ;source_code/aes256.c:100: for (i = 8; i < 4 * (AES_ROUNDS + 1); i++) {
   065F DD 34 FE      [23] 1141 	inc	-2 (ix)
   0662 20 03         [12] 1142 	jr	NZ,00136$
   0664 DD 34 FF      [23] 1143 	inc	-1 (ix)
   0667                    1144 00136$:
   0667 DD 7E FE      [19] 1145 	ld	a, -2 (ix)
   066A D6 3C         [ 7] 1146 	sub	a, #0x3c
   066C DD 7E FF      [19] 1147 	ld	a, -1 (ix)
   066F 17            [ 4] 1148 	rla
   0670 3F            [ 4] 1149 	ccf
   0671 1F            [ 4] 1150 	rra
   0672 DE 80         [ 7] 1151 	sbc	a, #0x80
   0674 DAr86r04      [10] 1152 	jp	C, 00107$
                           1153 ;source_code/aes256.c:131: }
   0677 DD F9         [10] 1154 	ld	sp, ix
   0679 DD E1         [14] 1155 	pop	ix
   067B C9            [10] 1156 	ret
                           1157 ;source_code/aes256.c:133: void aes256_encrypt(const uint8_t *plaintext, uint8_t *ciphertext, const uint8_t *key) {
                           1158 ;	---------------------------------
                           1159 ; Function aes256_encrypt
                           1160 ; ---------------------------------
   067C                    1161 _aes256_encrypt::
   067C CDr00r00      [17] 1162 	call	___sdcc_enter_ix
   067F 21 F4 FE      [10] 1163 	ld	hl, #-268
   0682 39            [11] 1164 	add	hl, sp
   0683 F9            [ 6] 1165 	ld	sp, hl
                           1166 ;source_code/aes256.c:137: key_expansion(key, &ctx);
   0684 21 00 00      [10] 1167 	ld	hl, #0
   0687 39            [11] 1168 	add	hl, sp
   0688 DD 75 F4      [19] 1169 	ld	-12 (ix), l
   068B DD 74 F5      [19] 1170 	ld	-11 (ix), h
   068E E5            [11] 1171 	push	hl
   068F DD 6E 08      [19] 1172 	ld	l, 8 (ix)
   0692 DD 66 09      [19] 1173 	ld	h, 9 (ix)
   0695 E5            [11] 1174 	push	hl
   0696 CDr5Dr04      [17] 1175 	call	_key_expansion
   0699 F1            [10] 1176 	pop	af
   069A F1            [10] 1177 	pop	af
                           1178 ;source_code/aes256.c:138: memcpy(state, plaintext, 16);
   069B 21 F0 00      [10] 1179 	ld	hl, #240
   069E 39            [11] 1180 	add	hl, sp
   069F 4D            [ 4] 1181 	ld	c, l
   06A0 44            [ 4] 1182 	ld	b, h
   06A1 59            [ 4] 1183 	ld	e, c
   06A2 50            [ 4] 1184 	ld	d, b
   06A3 DD 6E 04      [19] 1185 	ld	l, 4 (ix)
   06A6 DD 66 05      [19] 1186 	ld	h, 5 (ix)
   06A9 C5            [11] 1187 	push	bc
   06AA 01 10 00      [10] 1188 	ld	bc, #0x0010
   06AD ED B0         [21] 1189 	ldir
   06AF C1            [10] 1190 	pop	bc
                           1191 ;source_code/aes256.c:140: add_round_key(state, ctx.round_keys[0]);
   06B0 DD 6E F4      [19] 1192 	ld	l, -12 (ix)
   06B3 DD 66 F5      [19] 1193 	ld	h, -11 (ix)
   06B6 59            [ 4] 1194 	ld	e, c
   06B7 50            [ 4] 1195 	ld	d, b
   06B8 C5            [11] 1196 	push	bc
   06B9 E5            [11] 1197 	push	hl
   06BA D5            [11] 1198 	push	de
   06BB CDr2Ar04      [17] 1199 	call	_add_round_key
   06BE F1            [10] 1200 	pop	af
   06BF F1            [10] 1201 	pop	af
   06C0 C1            [10] 1202 	pop	bc
                           1203 ;source_code/aes256.c:142: for (int round = 1; round < AES_ROUNDS; round++) {
   06C1 DD 71 F6      [19] 1204 	ld	-10 (ix), c
   06C4 DD 70 F7      [19] 1205 	ld	-9 (ix), b
   06C7 DD 71 F8      [19] 1206 	ld	-8 (ix), c
   06CA DD 70 F9      [19] 1207 	ld	-7 (ix), b
   06CD DD 71 FA      [19] 1208 	ld	-6 (ix), c
   06D0 DD 70 FB      [19] 1209 	ld	-5 (ix), b
   06D3 DD 71 FC      [19] 1210 	ld	-4 (ix), c
   06D6 DD 70 FD      [19] 1211 	ld	-3 (ix), b
   06D9 DD 36 FE 01   [19] 1212 	ld	-2 (ix), #0x01
   06DD AF            [ 4] 1213 	xor	a, a
   06DE DD 77 FF      [19] 1214 	ld	-1 (ix), a
   06E1                    1215 00103$:
   06E1 DD 7E FE      [19] 1216 	ld	a, -2 (ix)
   06E4 D6 0E         [ 7] 1217 	sub	a, #0x0e
   06E6 DD 7E FF      [19] 1218 	ld	a, -1 (ix)
   06E9 17            [ 4] 1219 	rla
   06EA 3F            [ 4] 1220 	ccf
   06EB 1F            [ 4] 1221 	rra
   06EC DE 80         [ 7] 1222 	sbc	a, #0x80
   06EE 30 60         [12] 1223 	jr	NC,00101$
                           1224 ;source_code/aes256.c:143: sub_bytes(state);
   06F0 DD 5E F6      [19] 1225 	ld	e, -10 (ix)
   06F3 DD 56 F7      [19] 1226 	ld	d, -9 (ix)
   06F6 C5            [11] 1227 	push	bc
   06F7 D5            [11] 1228 	push	de
   06F8 CDr36r01      [17] 1229 	call	_sub_bytes
   06FB F1            [10] 1230 	pop	af
   06FC C1            [10] 1231 	pop	bc
                           1232 ;source_code/aes256.c:144: shift_rows(state);
   06FD DD 5E F8      [19] 1233 	ld	e, -8 (ix)
   0700 DD 56 F9      [19] 1234 	ld	d, -7 (ix)
   0703 C5            [11] 1235 	push	bc
   0704 D5            [11] 1236 	push	de
   0705 CDr62r01      [17] 1237 	call	_shift_rows
   0708 F1            [10] 1238 	pop	af
   0709 C1            [10] 1239 	pop	bc
                           1240 ;source_code/aes256.c:145: mix_columns(state);
   070A DD 5E FA      [19] 1241 	ld	e, -6 (ix)
   070D DD 56 FB      [19] 1242 	ld	d, -5 (ix)
   0710 C5            [11] 1243 	push	bc
   0711 D5            [11] 1244 	push	de
   0712 CDr1Er02      [17] 1245 	call	_mix_columns
   0715 F1            [10] 1246 	pop	af
   0716 C1            [10] 1247 	pop	bc
                           1248 ;source_code/aes256.c:146: add_round_key(state, ctx.round_keys[round]);
   0717 DD 5E FE      [19] 1249 	ld	e, -2 (ix)
   071A DD 56 FF      [19] 1250 	ld	d, -1 (ix)
   071D CB 23         [ 8] 1251 	sla	e
   071F CB 12         [ 8] 1252 	rl	d
   0721 CB 23         [ 8] 1253 	sla	e
   0723 CB 12         [ 8] 1254 	rl	d
   0725 CB 23         [ 8] 1255 	sla	e
   0727 CB 12         [ 8] 1256 	rl	d
   0729 CB 23         [ 8] 1257 	sla	e
   072B CB 12         [ 8] 1258 	rl	d
   072D 7B            [ 4] 1259 	ld	a, e
   072E DD 86 F4      [19] 1260 	add	a, -12 (ix)
   0731 5F            [ 4] 1261 	ld	e, a
   0732 7A            [ 4] 1262 	ld	a, d
   0733 DD 8E F5      [19] 1263 	adc	a, -11 (ix)
   0736 57            [ 4] 1264 	ld	d, a
   0737 DD 6E FC      [19] 1265 	ld	l, -4 (ix)
   073A DD 66 FD      [19] 1266 	ld	h, -3 (ix)
   073D C5            [11] 1267 	push	bc
   073E D5            [11] 1268 	push	de
   073F E5            [11] 1269 	push	hl
   0740 CDr2Ar04      [17] 1270 	call	_add_round_key
   0743 F1            [10] 1271 	pop	af
   0744 F1            [10] 1272 	pop	af
   0745 C1            [10] 1273 	pop	bc
                           1274 ;source_code/aes256.c:142: for (int round = 1; round < AES_ROUNDS; round++) {
   0746 DD 34 FE      [23] 1275 	inc	-2 (ix)
   0749 20 96         [12] 1276 	jr	NZ,00103$
   074B DD 34 FF      [23] 1277 	inc	-1 (ix)
   074E 18 91         [12] 1278 	jr	00103$
   0750                    1279 00101$:
                           1280 ;source_code/aes256.c:149: sub_bytes(state);
   0750 59            [ 4] 1281 	ld	e, c
   0751 50            [ 4] 1282 	ld	d, b
   0752 C5            [11] 1283 	push	bc
   0753 D5            [11] 1284 	push	de
   0754 CDr36r01      [17] 1285 	call	_sub_bytes
   0757 F1            [10] 1286 	pop	af
   0758 C1            [10] 1287 	pop	bc
                           1288 ;source_code/aes256.c:150: shift_rows(state);
   0759 59            [ 4] 1289 	ld	e, c
   075A 50            [ 4] 1290 	ld	d, b
   075B C5            [11] 1291 	push	bc
   075C D5            [11] 1292 	push	de
   075D CDr62r01      [17] 1293 	call	_shift_rows
   0760 F1            [10] 1294 	pop	af
   0761 C1            [10] 1295 	pop	bc
                           1296 ;source_code/aes256.c:151: add_round_key(state, ctx.round_keys[AES_ROUNDS]);
   0762 DD 7E F4      [19] 1297 	ld	a, -12 (ix)
   0765 C6 E0         [ 7] 1298 	add	a, #0xe0
   0767 5F            [ 4] 1299 	ld	e, a
   0768 DD 7E F5      [19] 1300 	ld	a, -11 (ix)
   076B CE 00         [ 7] 1301 	adc	a, #0x00
   076D 57            [ 4] 1302 	ld	d, a
   076E 69            [ 4] 1303 	ld	l, c
   076F 60            [ 4] 1304 	ld	h, b
   0770 C5            [11] 1305 	push	bc
   0771 D5            [11] 1306 	push	de
   0772 E5            [11] 1307 	push	hl
   0773 CDr2Ar04      [17] 1308 	call	_add_round_key
   0776 F1            [10] 1309 	pop	af
   0777 F1            [10] 1310 	pop	af
   0778 C1            [10] 1311 	pop	bc
                           1312 ;source_code/aes256.c:153: memcpy(ciphertext, state, 16);
   0779 DD 5E 06      [19] 1313 	ld	e, 6 (ix)
   077C DD 56 07      [19] 1314 	ld	d, 7 (ix)
   077F 69            [ 4] 1315 	ld	l, c
   0780 60            [ 4] 1316 	ld	h, b
   0781 01 10 00      [10] 1317 	ld	bc, #0x0010
   0784 ED B0         [21] 1318 	ldir
                           1319 ;source_code/aes256.c:154: }
   0786 DD F9         [10] 1320 	ld	sp, ix
   0788 DD E1         [14] 1321 	pop	ix
   078A C9            [10] 1322 	ret
                           1323 ;source_code/aes256.c:156: int main() {
                           1324 ;	---------------------------------
                           1325 ; Function main
                           1326 ; ---------------------------------
   078B                    1327 _main::
   078B CDr00r00      [17] 1328 	call	___sdcc_enter_ix
   078E 21 BC FF      [10] 1329 	ld	hl, #-68
   0791 39            [11] 1330 	add	hl, sp
   0792 F9            [ 6] 1331 	ld	sp, hl
                           1332 ;source_code/aes256.c:157: uint8_t key[32] = {
   0793 21 00 00      [10] 1333 	ld	hl, #0
   0796 39            [11] 1334 	add	hl, sp
   0797 EB            [ 4] 1335 	ex	de, hl
   0798 3E 60         [ 7] 1336 	ld	a, #0x60
   079A 12            [ 7] 1337 	ld	(de), a
   079B 6B            [ 4] 1338 	ld	l, e
   079C 62            [ 4] 1339 	ld	h, d
   079D 23            [ 6] 1340 	inc	hl
   079E 36 3D         [10] 1341 	ld	(hl), #0x3d
   07A0 6B            [ 4] 1342 	ld	l, e
   07A1 62            [ 4] 1343 	ld	h, d
   07A2 23            [ 6] 1344 	inc	hl
   07A3 23            [ 6] 1345 	inc	hl
   07A4 36 EB         [10] 1346 	ld	(hl), #0xeb
   07A6 6B            [ 4] 1347 	ld	l, e
   07A7 62            [ 4] 1348 	ld	h, d
   07A8 23            [ 6] 1349 	inc	hl
   07A9 23            [ 6] 1350 	inc	hl
   07AA 23            [ 6] 1351 	inc	hl
   07AB 36 10         [10] 1352 	ld	(hl), #0x10
   07AD 21 04 00      [10] 1353 	ld	hl, #0x0004
   07B0 19            [11] 1354 	add	hl, de
   07B1 36 15         [10] 1355 	ld	(hl), #0x15
   07B3 21 05 00      [10] 1356 	ld	hl, #0x0005
   07B6 19            [11] 1357 	add	hl, de
   07B7 36 CA         [10] 1358 	ld	(hl), #0xca
   07B9 21 06 00      [10] 1359 	ld	hl, #0x0006
   07BC 19            [11] 1360 	add	hl, de
   07BD 36 71         [10] 1361 	ld	(hl), #0x71
   07BF 21 07 00      [10] 1362 	ld	hl, #0x0007
   07C2 19            [11] 1363 	add	hl, de
   07C3 36 BE         [10] 1364 	ld	(hl), #0xbe
   07C5 21 08 00      [10] 1365 	ld	hl, #0x0008
   07C8 19            [11] 1366 	add	hl, de
   07C9 36 2B         [10] 1367 	ld	(hl), #0x2b
   07CB 21 09 00      [10] 1368 	ld	hl, #0x0009
   07CE 19            [11] 1369 	add	hl, de
   07CF 36 73         [10] 1370 	ld	(hl), #0x73
   07D1 21 0A 00      [10] 1371 	ld	hl, #0x000a
   07D4 19            [11] 1372 	add	hl, de
   07D5 36 AE         [10] 1373 	ld	(hl), #0xae
   07D7 21 0B 00      [10] 1374 	ld	hl, #0x000b
   07DA 19            [11] 1375 	add	hl, de
   07DB 36 F0         [10] 1376 	ld	(hl), #0xf0
   07DD 21 0C 00      [10] 1377 	ld	hl, #0x000c
   07E0 19            [11] 1378 	add	hl, de
   07E1 36 85         [10] 1379 	ld	(hl), #0x85
   07E3 21 0D 00      [10] 1380 	ld	hl, #0x000d
   07E6 19            [11] 1381 	add	hl, de
   07E7 36 7D         [10] 1382 	ld	(hl), #0x7d
   07E9 21 0E 00      [10] 1383 	ld	hl, #0x000e
   07EC 19            [11] 1384 	add	hl, de
   07ED 36 77         [10] 1385 	ld	(hl), #0x77
   07EF 21 0F 00      [10] 1386 	ld	hl, #0x000f
   07F2 19            [11] 1387 	add	hl, de
   07F3 36 81         [10] 1388 	ld	(hl), #0x81
   07F5 21 10 00      [10] 1389 	ld	hl, #0x0010
   07F8 19            [11] 1390 	add	hl, de
   07F9 36 1F         [10] 1391 	ld	(hl), #0x1f
   07FB 21 11 00      [10] 1392 	ld	hl, #0x0011
   07FE 19            [11] 1393 	add	hl, de
   07FF 36 35         [10] 1394 	ld	(hl), #0x35
   0801 21 12 00      [10] 1395 	ld	hl, #0x0012
   0804 19            [11] 1396 	add	hl, de
   0805 36 2C         [10] 1397 	ld	(hl), #0x2c
   0807 21 13 00      [10] 1398 	ld	hl, #0x0013
   080A 19            [11] 1399 	add	hl, de
   080B 36 07         [10] 1400 	ld	(hl), #0x07
   080D 21 14 00      [10] 1401 	ld	hl, #0x0014
   0810 19            [11] 1402 	add	hl, de
   0811 36 3B         [10] 1403 	ld	(hl), #0x3b
   0813 21 15 00      [10] 1404 	ld	hl, #0x0015
   0816 19            [11] 1405 	add	hl, de
   0817 36 61         [10] 1406 	ld	(hl), #0x61
   0819 21 16 00      [10] 1407 	ld	hl, #0x0016
   081C 19            [11] 1408 	add	hl, de
   081D 36 08         [10] 1409 	ld	(hl), #0x08
   081F 21 17 00      [10] 1410 	ld	hl, #0x0017
   0822 19            [11] 1411 	add	hl, de
   0823 36 D7         [10] 1412 	ld	(hl), #0xd7
   0825 21 18 00      [10] 1413 	ld	hl, #0x0018
   0828 19            [11] 1414 	add	hl, de
   0829 36 2D         [10] 1415 	ld	(hl), #0x2d
   082B 21 19 00      [10] 1416 	ld	hl, #0x0019
   082E 19            [11] 1417 	add	hl, de
   082F 36 98         [10] 1418 	ld	(hl), #0x98
   0831 21 1A 00      [10] 1419 	ld	hl, #0x001a
   0834 19            [11] 1420 	add	hl, de
   0835 36 10         [10] 1421 	ld	(hl), #0x10
   0837 21 1B 00      [10] 1422 	ld	hl, #0x001b
   083A 19            [11] 1423 	add	hl, de
   083B 36 A3         [10] 1424 	ld	(hl), #0xa3
   083D 21 1C 00      [10] 1425 	ld	hl, #0x001c
   0840 19            [11] 1426 	add	hl, de
   0841 36 09         [10] 1427 	ld	(hl), #0x09
   0843 21 1D 00      [10] 1428 	ld	hl, #0x001d
   0846 19            [11] 1429 	add	hl, de
   0847 36 14         [10] 1430 	ld	(hl), #0x14
   0849 21 1E 00      [10] 1431 	ld	hl, #0x001e
   084C 19            [11] 1432 	add	hl, de
   084D 36 DF         [10] 1433 	ld	(hl), #0xdf
   084F 21 1F 00      [10] 1434 	ld	hl, #0x001f
   0852 19            [11] 1435 	add	hl, de
   0853 36 F4         [10] 1436 	ld	(hl), #0xf4
                           1437 ;source_code/aes256.c:164: uint8_t plaintext[16] = {
   0855 21 20 00      [10] 1438 	ld	hl, #32
   0858 39            [11] 1439 	add	hl, sp
   0859 4D            [ 4] 1440 	ld	c, l
   085A 44            [ 4] 1441 	ld	b, h
   085B 3E 32         [ 7] 1442 	ld	a, #0x32
   085D 02            [ 7] 1443 	ld	(bc), a
   085E 69            [ 4] 1444 	ld	l, c
   085F 60            [ 4] 1445 	ld	h, b
   0860 23            [ 6] 1446 	inc	hl
   0861 36 43         [10] 1447 	ld	(hl), #0x43
   0863 69            [ 4] 1448 	ld	l, c
   0864 60            [ 4] 1449 	ld	h, b
   0865 23            [ 6] 1450 	inc	hl
   0866 23            [ 6] 1451 	inc	hl
   0867 36 F6         [10] 1452 	ld	(hl), #0xf6
   0869 69            [ 4] 1453 	ld	l, c
   086A 60            [ 4] 1454 	ld	h, b
   086B 23            [ 6] 1455 	inc	hl
   086C 23            [ 6] 1456 	inc	hl
   086D 23            [ 6] 1457 	inc	hl
   086E 36 A8         [10] 1458 	ld	(hl), #0xa8
   0870 21 04 00      [10] 1459 	ld	hl, #0x0004
   0873 09            [11] 1460 	add	hl, bc
   0874 36 88         [10] 1461 	ld	(hl), #0x88
   0876 21 05 00      [10] 1462 	ld	hl, #0x0005
   0879 09            [11] 1463 	add	hl, bc
   087A 36 5A         [10] 1464 	ld	(hl), #0x5a
   087C 21 06 00      [10] 1465 	ld	hl, #0x0006
   087F 09            [11] 1466 	add	hl, bc
   0880 36 30         [10] 1467 	ld	(hl), #0x30
   0882 21 07 00      [10] 1468 	ld	hl, #0x0007
   0885 09            [11] 1469 	add	hl, bc
   0886 36 8D         [10] 1470 	ld	(hl), #0x8d
   0888 21 08 00      [10] 1471 	ld	hl, #0x0008
   088B 09            [11] 1472 	add	hl, bc
   088C 36 31         [10] 1473 	ld	(hl), #0x31
   088E 21 09 00      [10] 1474 	ld	hl, #0x0009
   0891 09            [11] 1475 	add	hl, bc
   0892 36 31         [10] 1476 	ld	(hl), #0x31
   0894 21 0A 00      [10] 1477 	ld	hl, #0x000a
   0897 09            [11] 1478 	add	hl, bc
   0898 36 98         [10] 1479 	ld	(hl), #0x98
   089A 21 0B 00      [10] 1480 	ld	hl, #0x000b
   089D 09            [11] 1481 	add	hl, bc
   089E 36 A2         [10] 1482 	ld	(hl), #0xa2
   08A0 21 0C 00      [10] 1483 	ld	hl, #0x000c
   08A3 09            [11] 1484 	add	hl, bc
   08A4 36 E0         [10] 1485 	ld	(hl), #0xe0
   08A6 21 0D 00      [10] 1486 	ld	hl, #0x000d
   08A9 09            [11] 1487 	add	hl, bc
   08AA 36 37         [10] 1488 	ld	(hl), #0x37
   08AC 21 0E 00      [10] 1489 	ld	hl, #0x000e
   08AF 09            [11] 1490 	add	hl, bc
   08B0 36 07         [10] 1491 	ld	(hl), #0x07
   08B2 21 0F 00      [10] 1492 	ld	hl, #0x000f
   08B5 09            [11] 1493 	add	hl, bc
   08B6 36 34         [10] 1494 	ld	(hl), #0x34
                           1495 ;source_code/aes256.c:171: aes256_encrypt(plaintext, ciphertext, key);
   08B8 21 30 00      [10] 1496 	ld	hl, #48
   08BB 39            [11] 1497 	add	hl, sp
   08BC DD 75 FC      [19] 1498 	ld	-4 (ix), l
   08BF DD 74 FD      [19] 1499 	ld	-3 (ix), h
   08C2 DD 7E FC      [19] 1500 	ld	a, -4 (ix)
   08C5 DD 77 FE      [19] 1501 	ld	-2 (ix), a
   08C8 DD 7E FD      [19] 1502 	ld	a, -3 (ix)
   08CB DD 77 FF      [19] 1503 	ld	-1 (ix), a
   08CE 69            [ 4] 1504 	ld	l, c
   08CF 60            [ 4] 1505 	ld	h, b
   08D0 C5            [11] 1506 	push	bc
   08D1 D5            [11] 1507 	push	de
   08D2 DD 5E FE      [19] 1508 	ld	e, -2 (ix)
   08D5 DD 56 FF      [19] 1509 	ld	d, -1 (ix)
   08D8 D5            [11] 1510 	push	de
   08D9 E5            [11] 1511 	push	hl
   08DA CDr7Cr06      [17] 1512 	call	_aes256_encrypt
   08DD F1            [10] 1513 	pop	af
   08DE F1            [10] 1514 	pop	af
   08DF 21r5Ar09      [10] 1515 	ld	hl, #___str_1
   08E2 E3            [19] 1516 	ex	(sp),hl
   08E3 CDr00r00      [17] 1517 	call	_puts
   08E6 21r6Dr09      [10] 1518 	ld	hl, #___str_2
   08E9 E3            [19] 1519 	ex	(sp),hl
   08EA CDr00r00      [17] 1520 	call	_printf
   08ED F1            [10] 1521 	pop	af
   08EE C1            [10] 1522 	pop	bc
                           1523 ;source_code/aes256.c:175: for (int i = 0; i < 16; i++) printf("%02x ", plaintext[i]);
   08EF 11 00 00      [10] 1524 	ld	de, #0x0000
   08F2                    1525 00104$:
   08F2 7B            [ 4] 1526 	ld	a, e
   08F3 D6 10         [ 7] 1527 	sub	a, #0x10
   08F5 7A            [ 4] 1528 	ld	a, d
   08F6 17            [ 4] 1529 	rla
   08F7 3F            [ 4] 1530 	ccf
   08F8 1F            [ 4] 1531 	rra
   08F9 DE 80         [ 7] 1532 	sbc	a, #0x80
   08FB 30 17         [12] 1533 	jr	NC,00101$
   08FD 69            [ 4] 1534 	ld	l, c
   08FE 60            [ 4] 1535 	ld	h, b
   08FF 19            [11] 1536 	add	hl, de
   0900 6E            [ 7] 1537 	ld	l, (hl)
   0901 26 00         [ 7] 1538 	ld	h, #0x00
   0903 C5            [11] 1539 	push	bc
   0904 D5            [11] 1540 	push	de
   0905 E5            [11] 1541 	push	hl
   0906 21r7Ar09      [10] 1542 	ld	hl, #___str_3
   0909 E5            [11] 1543 	push	hl
   090A CDr00r00      [17] 1544 	call	_printf
   090D F1            [10] 1545 	pop	af
   090E F1            [10] 1546 	pop	af
   090F D1            [10] 1547 	pop	de
   0910 C1            [10] 1548 	pop	bc
   0911 13            [ 6] 1549 	inc	de
   0912 18 DE         [12] 1550 	jr	00104$
   0914                    1551 00101$:
                           1552 ;source_code/aes256.c:176: printf("\n");
   0914 21r80r09      [10] 1553 	ld	hl, #___str_5
   0917 E5            [11] 1554 	push	hl
   0918 CDr00r00      [17] 1555 	call	_puts
                           1556 ;source_code/aes256.c:178: printf("Ciphertext: ");
   091B 21r81r09      [10] 1557 	ld	hl, #___str_6
   091E E3            [19] 1558 	ex	(sp),hl
   091F CDr00r00      [17] 1559 	call	_printf
   0922 F1            [10] 1560 	pop	af
                           1561 ;source_code/aes256.c:179: for (int i = 0; i < 16; i++) printf("%02x ", ciphertext[i]);
   0923 01 00 00      [10] 1562 	ld	bc, #0x0000
   0926                    1563 00107$:
   0926 79            [ 4] 1564 	ld	a, c
   0927 D6 10         [ 7] 1565 	sub	a, #0x10
   0929 78            [ 4] 1566 	ld	a, b
   092A 17            [ 4] 1567 	rla
   092B 3F            [ 4] 1568 	ccf
   092C 1F            [ 4] 1569 	rra
   092D DE 80         [ 7] 1570 	sbc	a, #0x80
   092F 30 19         [12] 1571 	jr	NC,00102$
   0931 DD 6E FC      [19] 1572 	ld	l, -4 (ix)
   0934 DD 66 FD      [19] 1573 	ld	h, -3 (ix)
   0937 09            [11] 1574 	add	hl, bc
   0938 5E            [ 7] 1575 	ld	e, (hl)
   0939 16 00         [ 7] 1576 	ld	d, #0x00
   093B C5            [11] 1577 	push	bc
   093C D5            [11] 1578 	push	de
   093D 21r7Ar09      [10] 1579 	ld	hl, #___str_3
   0940 E5            [11] 1580 	push	hl
   0941 CDr00r00      [17] 1581 	call	_printf
   0944 F1            [10] 1582 	pop	af
   0945 F1            [10] 1583 	pop	af
   0946 C1            [10] 1584 	pop	bc
   0947 03            [ 6] 1585 	inc	bc
   0948 18 DC         [12] 1586 	jr	00107$
   094A                    1587 00102$:
                           1588 ;source_code/aes256.c:180: printf("\n");
   094A 21r80r09      [10] 1589 	ld	hl, #___str_5
   094D E5            [11] 1590 	push	hl
   094E CDr00r00      [17] 1591 	call	_puts
   0951 F1            [10] 1592 	pop	af
                           1593 ;source_code/aes256.c:182: return 0;
   0952 21 00 00      [10] 1594 	ld	hl, #0x0000
                           1595 ;source_code/aes256.c:183: }
   0955 DD F9         [10] 1596 	ld	sp, ix
   0957 DD E1         [14] 1597 	pop	ix
   0959 C9            [10] 1598 	ret
   095A                    1599 ___str_1:
   095A 41 45 53 2D 32 35  1600 	.ascii "AES-256 Encryption"
        36 20 45 6E 63 72
        79 70 74 69 6F 6E
   096C 00                 1601 	.db 0x00
   096D                    1602 ___str_2:
   096D 50 6C 61 69 6E 74  1603 	.ascii "Plaintext:  "
        65 78 74 3A 20 20
   0979 00                 1604 	.db 0x00
   097A                    1605 ___str_3:
   097A 25 30 32 78 20     1606 	.ascii "%02x "
   097F 00                 1607 	.db 0x00
   0980                    1608 ___str_5:
   0980 00                 1609 	.db 0x00
   0981                    1610 ___str_6:
   0981 43 69 70 68 65 72  1611 	.ascii "Ciphertext: "
        74 65 78 74 3A 20
   098D 00                 1612 	.db 0x00
                           1613 	.area _CODE
                           1614 	.area _INITIALIZER
                           1615 	.area _CABS (ABS)
