                              1 ;--------------------------------------------------------
                              2 ; File Created by SDCC : free open source ANSI-C Compiler
                              3 ; Version 4.0.0 #11528 (Linux)
                              4 ;--------------------------------------------------------
                              5 	.module aes256
                              6 	.optsdcc -mz80
                              7 	
                              8 ;--------------------------------------------------------
                              9 ; Public variables in this module
                             10 ;--------------------------------------------------------
                             11 	.globl _main
                             12 	.globl _aes256_encrypt
                             13 	.globl _puts
                             14 	.globl _printf
                             15 ;--------------------------------------------------------
                             16 ; special function registers
                             17 ;--------------------------------------------------------
                             18 ;--------------------------------------------------------
                             19 ; ram data
                             20 ;--------------------------------------------------------
                             21 	.area _DATA
                             22 ;--------------------------------------------------------
                             23 ; ram data
                             24 ;--------------------------------------------------------
                             25 	.area _INITIALIZED
                             26 ;--------------------------------------------------------
                             27 ; absolute external ram data
                             28 ;--------------------------------------------------------
                             29 	.area _DABS (ABS)
                             30 ;--------------------------------------------------------
                             31 ; global & static initialisations
                             32 ;--------------------------------------------------------
                             33 	.area _HOME
                             34 	.area _GSINIT
                             35 	.area _GSFINAL
                             36 	.area _GSINIT
                             37 ;--------------------------------------------------------
                             38 ; Home
                             39 ;--------------------------------------------------------
                             40 	.area _HOME
                             41 	.area _HOME
                             42 ;--------------------------------------------------------
                             43 ; code
                             44 ;--------------------------------------------------------
                             45 	.area _CODE
                             46 ;source_code/aes256.c:38: static uint8_t xtime(uint8_t x) {
                             47 ;	---------------------------------
                             48 ; Function xtime
                             49 ; ---------------------------------
   0000                      50 _xtime:
   0000 DD E5         [15]   51 	push	ix
   0002 DD 21 00 00   [14]   52 	ld	ix,#0
   0006 DD 39         [15]   53 	add	ix,sp
                             54 ;source_code/aes256.c:39: return ((x << 1) ^ (((x >> 7) & 1) * 0x1b));
   0008 DD 7E 04      [19]   55 	ld	a, 4 (ix)
   000B 87            [ 4]   56 	add	a, a
   000C 4F            [ 4]   57 	ld	c, a
   000D DD 7E 04      [19]   58 	ld	a, 4 (ix)
   0010 CB 07         [ 8]   59 	rlc	a
   0012 E6 01         [ 7]   60 	and	a, #0x01
   0014 5F            [ 4]   61 	ld	e, a
   0015 16 00         [ 7]   62 	ld	d, #0x00
   0017 6B            [ 4]   63 	ld	l, e
   0018 62            [ 4]   64 	ld	h, d
   0019 29            [11]   65 	add	hl, hl
   001A 19            [11]   66 	add	hl, de
   001B 29            [11]   67 	add	hl, hl
   001C 29            [11]   68 	add	hl, hl
   001D 19            [11]   69 	add	hl, de
   001E 29            [11]   70 	add	hl, hl
   001F 19            [11]   71 	add	hl, de
   0020 79            [ 4]   72 	ld	a, c
   0021 17            [ 4]   73 	rla
   0022 9F            [ 4]   74 	sbc	a, a
   0023 F5            [11]   75 	push	af
   0024 79            [ 4]   76 	ld	a, c
   0025 AD            [ 4]   77 	xor	a, l
   0026 6F            [ 4]   78 	ld	l, a
   0027 F1            [10]   79 	pop	af
   0028 AC            [ 4]   80 	xor	a, h
                             81 ;source_code/aes256.c:40: }
   0029 DD E1         [14]   82 	pop	ix
   002B C9            [10]   83 	ret
   002C                      84 _sbox:
   002C 63                   85 	.db #0x63	; 99	'c'
   002D 7C                   86 	.db #0x7c	; 124
   002E 77                   87 	.db #0x77	; 119	'w'
   002F 7B                   88 	.db #0x7b	; 123
   0030 F2                   89 	.db #0xf2	; 242
   0031 6B                   90 	.db #0x6b	; 107	'k'
   0032 6F                   91 	.db #0x6f	; 111	'o'
   0033 C5                   92 	.db #0xc5	; 197
   0034 30                   93 	.db #0x30	; 48	'0'
   0035 01                   94 	.db #0x01	; 1
   0036 67                   95 	.db #0x67	; 103	'g'
   0037 2B                   96 	.db #0x2b	; 43
   0038 FE                   97 	.db #0xfe	; 254
   0039 D7                   98 	.db #0xd7	; 215
   003A AB                   99 	.db #0xab	; 171
   003B 76                  100 	.db #0x76	; 118	'v'
   003C CA                  101 	.db #0xca	; 202
   003D 82                  102 	.db #0x82	; 130
   003E C9                  103 	.db #0xc9	; 201
   003F 7D                  104 	.db #0x7d	; 125
   0040 FA                  105 	.db #0xfa	; 250
   0041 59                  106 	.db #0x59	; 89	'Y'
   0042 47                  107 	.db #0x47	; 71	'G'
   0043 F0                  108 	.db #0xf0	; 240
   0044 AD                  109 	.db #0xad	; 173
   0045 D4                  110 	.db #0xd4	; 212
   0046 A2                  111 	.db #0xa2	; 162
   0047 AF                  112 	.db #0xaf	; 175
   0048 9C                  113 	.db #0x9c	; 156
   0049 A4                  114 	.db #0xa4	; 164
   004A 72                  115 	.db #0x72	; 114	'r'
   004B C0                  116 	.db #0xc0	; 192
   004C B7                  117 	.db #0xb7	; 183
   004D FD                  118 	.db #0xfd	; 253
   004E 93                  119 	.db #0x93	; 147
   004F 26                  120 	.db #0x26	; 38
   0050 36                  121 	.db #0x36	; 54	'6'
   0051 3F                  122 	.db #0x3f	; 63
   0052 F7                  123 	.db #0xf7	; 247
   0053 CC                  124 	.db #0xcc	; 204
   0054 34                  125 	.db #0x34	; 52	'4'
   0055 A5                  126 	.db #0xa5	; 165
   0056 E5                  127 	.db #0xe5	; 229
   0057 F1                  128 	.db #0xf1	; 241
   0058 71                  129 	.db #0x71	; 113	'q'
   0059 D8                  130 	.db #0xd8	; 216
   005A 31                  131 	.db #0x31	; 49	'1'
   005B 15                  132 	.db #0x15	; 21
   005C 04                  133 	.db #0x04	; 4
   005D C7                  134 	.db #0xc7	; 199
   005E 23                  135 	.db #0x23	; 35
   005F C3                  136 	.db #0xc3	; 195
   0060 18                  137 	.db #0x18	; 24
   0061 96                  138 	.db #0x96	; 150
   0062 05                  139 	.db #0x05	; 5
   0063 9A                  140 	.db #0x9a	; 154
   0064 07                  141 	.db #0x07	; 7
   0065 12                  142 	.db #0x12	; 18
   0066 80                  143 	.db #0x80	; 128
   0067 E2                  144 	.db #0xe2	; 226
   0068 EB                  145 	.db #0xeb	; 235
   0069 27                  146 	.db #0x27	; 39
   006A B2                  147 	.db #0xb2	; 178
   006B 75                  148 	.db #0x75	; 117	'u'
   006C 09                  149 	.db #0x09	; 9
   006D 83                  150 	.db #0x83	; 131
   006E 2C                  151 	.db #0x2c	; 44
   006F 1A                  152 	.db #0x1a	; 26
   0070 1B                  153 	.db #0x1b	; 27
   0071 6E                  154 	.db #0x6e	; 110	'n'
   0072 5A                  155 	.db #0x5a	; 90	'Z'
   0073 A0                  156 	.db #0xa0	; 160
   0074 52                  157 	.db #0x52	; 82	'R'
   0075 3B                  158 	.db #0x3b	; 59
   0076 D6                  159 	.db #0xd6	; 214
   0077 B3                  160 	.db #0xb3	; 179
   0078 29                  161 	.db #0x29	; 41
   0079 E3                  162 	.db #0xe3	; 227
   007A 2F                  163 	.db #0x2f	; 47
   007B 84                  164 	.db #0x84	; 132
   007C 53                  165 	.db #0x53	; 83	'S'
   007D D1                  166 	.db #0xd1	; 209
   007E 00                  167 	.db #0x00	; 0
   007F ED                  168 	.db #0xed	; 237
   0080 20                  169 	.db #0x20	; 32
   0081 FC                  170 	.db #0xfc	; 252
   0082 B1                  171 	.db #0xb1	; 177
   0083 5B                  172 	.db #0x5b	; 91
   0084 6A                  173 	.db #0x6a	; 106	'j'
   0085 CB                  174 	.db #0xcb	; 203
   0086 BE                  175 	.db #0xbe	; 190
   0087 39                  176 	.db #0x39	; 57	'9'
   0088 4A                  177 	.db #0x4a	; 74	'J'
   0089 4C                  178 	.db #0x4c	; 76	'L'
   008A 58                  179 	.db #0x58	; 88	'X'
   008B CF                  180 	.db #0xcf	; 207
   008C D0                  181 	.db #0xd0	; 208
   008D EF                  182 	.db #0xef	; 239
   008E AA                  183 	.db #0xaa	; 170
   008F FB                  184 	.db #0xfb	; 251
   0090 43                  185 	.db #0x43	; 67	'C'
   0091 4D                  186 	.db #0x4d	; 77	'M'
   0092 33                  187 	.db #0x33	; 51	'3'
   0093 85                  188 	.db #0x85	; 133
   0094 45                  189 	.db #0x45	; 69	'E'
   0095 F9                  190 	.db #0xf9	; 249
   0096 02                  191 	.db #0x02	; 2
   0097 7F                  192 	.db #0x7f	; 127
   0098 50                  193 	.db #0x50	; 80	'P'
   0099 3C                  194 	.db #0x3c	; 60
   009A 9F                  195 	.db #0x9f	; 159
   009B A8                  196 	.db #0xa8	; 168
   009C 51                  197 	.db #0x51	; 81	'Q'
   009D A3                  198 	.db #0xa3	; 163
   009E 40                  199 	.db #0x40	; 64
   009F 8F                  200 	.db #0x8f	; 143
   00A0 92                  201 	.db #0x92	; 146
   00A1 9D                  202 	.db #0x9d	; 157
   00A2 38                  203 	.db #0x38	; 56	'8'
   00A3 F5                  204 	.db #0xf5	; 245
   00A4 BC                  205 	.db #0xbc	; 188
   00A5 B6                  206 	.db #0xb6	; 182
   00A6 DA                  207 	.db #0xda	; 218
   00A7 21                  208 	.db #0x21	; 33
   00A8 10                  209 	.db #0x10	; 16
   00A9 FF                  210 	.db #0xff	; 255
   00AA F3                  211 	.db #0xf3	; 243
   00AB D2                  212 	.db #0xd2	; 210
   00AC CD                  213 	.db #0xcd	; 205
   00AD 0C                  214 	.db #0x0c	; 12
   00AE 13                  215 	.db #0x13	; 19
   00AF EC                  216 	.db #0xec	; 236
   00B0 5F                  217 	.db #0x5f	; 95
   00B1 97                  218 	.db #0x97	; 151
   00B2 44                  219 	.db #0x44	; 68	'D'
   00B3 17                  220 	.db #0x17	; 23
   00B4 C4                  221 	.db #0xc4	; 196
   00B5 A7                  222 	.db #0xa7	; 167
   00B6 7E                  223 	.db #0x7e	; 126
   00B7 3D                  224 	.db #0x3d	; 61
   00B8 64                  225 	.db #0x64	; 100	'd'
   00B9 5D                  226 	.db #0x5d	; 93
   00BA 19                  227 	.db #0x19	; 25
   00BB 73                  228 	.db #0x73	; 115	's'
   00BC 60                  229 	.db #0x60	; 96
   00BD 81                  230 	.db #0x81	; 129
   00BE 4F                  231 	.db #0x4f	; 79	'O'
   00BF DC                  232 	.db #0xdc	; 220
   00C0 22                  233 	.db #0x22	; 34
   00C1 2A                  234 	.db #0x2a	; 42
   00C2 90                  235 	.db #0x90	; 144
   00C3 88                  236 	.db #0x88	; 136
   00C4 46                  237 	.db #0x46	; 70	'F'
   00C5 EE                  238 	.db #0xee	; 238
   00C6 B8                  239 	.db #0xb8	; 184
   00C7 14                  240 	.db #0x14	; 20
   00C8 DE                  241 	.db #0xde	; 222
   00C9 5E                  242 	.db #0x5e	; 94
   00CA 0B                  243 	.db #0x0b	; 11
   00CB DB                  244 	.db #0xdb	; 219
   00CC E0                  245 	.db #0xe0	; 224
   00CD 32                  246 	.db #0x32	; 50	'2'
   00CE 3A                  247 	.db #0x3a	; 58
   00CF 0A                  248 	.db #0x0a	; 10
   00D0 49                  249 	.db #0x49	; 73	'I'
   00D1 06                  250 	.db #0x06	; 6
   00D2 24                  251 	.db #0x24	; 36
   00D3 5C                  252 	.db #0x5c	; 92
   00D4 C2                  253 	.db #0xc2	; 194
   00D5 D3                  254 	.db #0xd3	; 211
   00D6 AC                  255 	.db #0xac	; 172
   00D7 62                  256 	.db #0x62	; 98	'b'
   00D8 91                  257 	.db #0x91	; 145
   00D9 95                  258 	.db #0x95	; 149
   00DA E4                  259 	.db #0xe4	; 228
   00DB 79                  260 	.db #0x79	; 121	'y'
   00DC E7                  261 	.db #0xe7	; 231
   00DD C8                  262 	.db #0xc8	; 200
   00DE 37                  263 	.db #0x37	; 55	'7'
   00DF 6D                  264 	.db #0x6d	; 109	'm'
   00E0 8D                  265 	.db #0x8d	; 141
   00E1 D5                  266 	.db #0xd5	; 213
   00E2 4E                  267 	.db #0x4e	; 78	'N'
   00E3 A9                  268 	.db #0xa9	; 169
   00E4 6C                  269 	.db #0x6c	; 108	'l'
   00E5 56                  270 	.db #0x56	; 86	'V'
   00E6 F4                  271 	.db #0xf4	; 244
   00E7 EA                  272 	.db #0xea	; 234
   00E8 65                  273 	.db #0x65	; 101	'e'
   00E9 7A                  274 	.db #0x7a	; 122	'z'
   00EA AE                  275 	.db #0xae	; 174
   00EB 08                  276 	.db #0x08	; 8
   00EC BA                  277 	.db #0xba	; 186
   00ED 78                  278 	.db #0x78	; 120	'x'
   00EE 25                  279 	.db #0x25	; 37
   00EF 2E                  280 	.db #0x2e	; 46
   00F0 1C                  281 	.db #0x1c	; 28
   00F1 A6                  282 	.db #0xa6	; 166
   00F2 B4                  283 	.db #0xb4	; 180
   00F3 C6                  284 	.db #0xc6	; 198
   00F4 E8                  285 	.db #0xe8	; 232
   00F5 DD                  286 	.db #0xdd	; 221
   00F6 74                  287 	.db #0x74	; 116	't'
   00F7 1F                  288 	.db #0x1f	; 31
   00F8 4B                  289 	.db #0x4b	; 75	'K'
   00F9 BD                  290 	.db #0xbd	; 189
   00FA 8B                  291 	.db #0x8b	; 139
   00FB 8A                  292 	.db #0x8a	; 138
   00FC 70                  293 	.db #0x70	; 112	'p'
   00FD 3E                  294 	.db #0x3e	; 62
   00FE B5                  295 	.db #0xb5	; 181
   00FF 66                  296 	.db #0x66	; 102	'f'
   0100 48                  297 	.db #0x48	; 72	'H'
   0101 03                  298 	.db #0x03	; 3
   0102 F6                  299 	.db #0xf6	; 246
   0103 0E                  300 	.db #0x0e	; 14
   0104 61                  301 	.db #0x61	; 97	'a'
   0105 35                  302 	.db #0x35	; 53	'5'
   0106 57                  303 	.db #0x57	; 87	'W'
   0107 B9                  304 	.db #0xb9	; 185
   0108 86                  305 	.db #0x86	; 134
   0109 C1                  306 	.db #0xc1	; 193
   010A 1D                  307 	.db #0x1d	; 29
   010B 9E                  308 	.db #0x9e	; 158
   010C E1                  309 	.db #0xe1	; 225
   010D F8                  310 	.db #0xf8	; 248
   010E 98                  311 	.db #0x98	; 152
   010F 11                  312 	.db #0x11	; 17
   0110 69                  313 	.db #0x69	; 105	'i'
   0111 D9                  314 	.db #0xd9	; 217
   0112 8E                  315 	.db #0x8e	; 142
   0113 94                  316 	.db #0x94	; 148
   0114 9B                  317 	.db #0x9b	; 155
   0115 1E                  318 	.db #0x1e	; 30
   0116 87                  319 	.db #0x87	; 135
   0117 E9                  320 	.db #0xe9	; 233
   0118 CE                  321 	.db #0xce	; 206
   0119 55                  322 	.db #0x55	; 85	'U'
   011A 28                  323 	.db #0x28	; 40
   011B DF                  324 	.db #0xdf	; 223
   011C 8C                  325 	.db #0x8c	; 140
   011D A1                  326 	.db #0xa1	; 161
   011E 89                  327 	.db #0x89	; 137
   011F 0D                  328 	.db #0x0d	; 13
   0120 BF                  329 	.db #0xbf	; 191
   0121 E6                  330 	.db #0xe6	; 230
   0122 42                  331 	.db #0x42	; 66	'B'
   0123 68                  332 	.db #0x68	; 104	'h'
   0124 41                  333 	.db #0x41	; 65	'A'
   0125 99                  334 	.db #0x99	; 153
   0126 2D                  335 	.db #0x2d	; 45
   0127 0F                  336 	.db #0x0f	; 15
   0128 B0                  337 	.db #0xb0	; 176
   0129 54                  338 	.db #0x54	; 84	'T'
   012A BB                  339 	.db #0xbb	; 187
   012B 16                  340 	.db #0x16	; 22
   012C                     341 _rcon:
   012C 00                  342 	.db #0x00	; 0
   012D 01                  343 	.db #0x01	; 1
   012E 02                  344 	.db #0x02	; 2
   012F 04                  345 	.db #0x04	; 4
   0130 08                  346 	.db #0x08	; 8
   0131 10                  347 	.db #0x10	; 16
   0132 20                  348 	.db #0x20	; 32
   0133 40                  349 	.db #0x40	; 64
   0134 80                  350 	.db #0x80	; 128
   0135 1B                  351 	.db #0x1b	; 27
   0136 36                  352 	.db #0x36	; 54	'6'
   0137 6C                  353 	.db #0x6c	; 108	'l'
   0138 D8                  354 	.db #0xd8	; 216
   0139 AB                  355 	.db #0xab	; 171
   013A 4D                  356 	.db #0x4d	; 77	'M'
                            357 ;source_code/aes256.c:42: static void sub_bytes(uint8_t *state) {
                            358 ;	---------------------------------
                            359 ; Function sub_bytes
                            360 ; ---------------------------------
   013B                     361 _sub_bytes:
   013B DD E5         [15]  362 	push	ix
   013D DD 21 00 00   [14]  363 	ld	ix,#0
   0141 DD 39         [15]  364 	add	ix,sp
                            365 ;source_code/aes256.c:43: for (int i = 0; i < 16; i++) {
   0143 01 00 00      [10]  366 	ld	bc, #0x0000
   0146                     367 00103$:
   0146 79            [ 4]  368 	ld	a, c
   0147 D6 10         [ 7]  369 	sub	a, #0x10
   0149 78            [ 4]  370 	ld	a, b
   014A 17            [ 4]  371 	rla
   014B 3F            [ 4]  372 	ccf
   014C 1F            [ 4]  373 	rra
   014D DE 80         [ 7]  374 	sbc	a, #0x80
   014F 30 18         [12]  375 	jr	NC,00105$
                            376 ;source_code/aes256.c:44: state[i] = sbox[state[i]];
   0151 DD 7E 04      [19]  377 	ld	a, 4 (ix)
   0154 81            [ 4]  378 	add	a, c
   0155 5F            [ 4]  379 	ld	e, a
   0156 DD 7E 05      [19]  380 	ld	a, 5 (ix)
   0159 88            [ 4]  381 	adc	a, b
   015A 57            [ 4]  382 	ld	d, a
   015B 1A            [ 7]  383 	ld	a, (de)
   015C C6r2C         [ 7]  384 	add	a, #<(_sbox)
   015E 6F            [ 4]  385 	ld	l, a
   015F 3E 00         [ 7]  386 	ld	a, #0x00
   0161 CEs00         [ 7]  387 	adc	a, #>(_sbox)
   0163 67            [ 4]  388 	ld	h, a
   0164 7E            [ 7]  389 	ld	a, (hl)
   0165 12            [ 7]  390 	ld	(de), a
                            391 ;source_code/aes256.c:43: for (int i = 0; i < 16; i++) {
   0166 03            [ 6]  392 	inc	bc
   0167 18 DD         [12]  393 	jr	00103$
   0169                     394 00105$:
                            395 ;source_code/aes256.c:46: }
   0169 DD E1         [14]  396 	pop	ix
   016B C9            [10]  397 	ret
                            398 ;source_code/aes256.c:48: static void shift_rows(uint8_t *state) {
                            399 ;	---------------------------------
                            400 ; Function shift_rows
                            401 ; ---------------------------------
   016C                     402 _shift_rows:
   016C DD E5         [15]  403 	push	ix
   016E DD 21 00 00   [14]  404 	ld	ix,#0
   0172 DD 39         [15]  405 	add	ix,sp
   0174 3B            [ 6]  406 	dec	sp
                            407 ;source_code/aes256.c:51: temp = state[1];
   0175 DD 5E 04      [19]  408 	ld	e, 4 (ix)
   0178 DD 56 05      [19]  409 	ld	d, 5 (ix)
   017B 13            [ 6]  410 	inc	de
   017C 1A            [ 7]  411 	ld	a, (de)
   017D DD 77 FF      [19]  412 	ld	-1 (ix), a
                            413 ;source_code/aes256.c:52: state[1] = state[5];
   0180 DD 7E 04      [19]  414 	ld	a, 4 (ix)
   0183 C6 05         [ 7]  415 	add	a, #0x05
   0185 4F            [ 4]  416 	ld	c, a
   0186 DD 7E 05      [19]  417 	ld	a, 5 (ix)
   0189 CE 00         [ 7]  418 	adc	a, #0x00
   018B 47            [ 4]  419 	ld	b, a
   018C 0A            [ 7]  420 	ld	a, (bc)
   018D 12            [ 7]  421 	ld	(de), a
                            422 ;source_code/aes256.c:53: state[5] = state[9];
   018E DD 7E 04      [19]  423 	ld	a, 4 (ix)
   0191 C6 09         [ 7]  424 	add	a, #0x09
   0193 5F            [ 4]  425 	ld	e, a
   0194 DD 7E 05      [19]  426 	ld	a, 5 (ix)
   0197 CE 00         [ 7]  427 	adc	a, #0x00
   0199 57            [ 4]  428 	ld	d, a
   019A 1A            [ 7]  429 	ld	a, (de)
   019B 02            [ 7]  430 	ld	(bc), a
                            431 ;source_code/aes256.c:54: state[9] = state[13];
   019C DD 7E 04      [19]  432 	ld	a, 4 (ix)
   019F C6 0D         [ 7]  433 	add	a, #0x0d
   01A1 4F            [ 4]  434 	ld	c, a
   01A2 DD 7E 05      [19]  435 	ld	a, 5 (ix)
   01A5 CE 00         [ 7]  436 	adc	a, #0x00
   01A7 47            [ 4]  437 	ld	b, a
   01A8 0A            [ 7]  438 	ld	a, (bc)
   01A9 12            [ 7]  439 	ld	(de), a
                            440 ;source_code/aes256.c:55: state[13] = temp;
   01AA DD 7E FF      [19]  441 	ld	a, -1 (ix)
   01AD 02            [ 7]  442 	ld	(bc), a
                            443 ;source_code/aes256.c:57: temp = state[2];
   01AE DD 5E 04      [19]  444 	ld	e, 4 (ix)
   01B1 DD 56 05      [19]  445 	ld	d, 5 (ix)
   01B4 13            [ 6]  446 	inc	de
   01B5 13            [ 6]  447 	inc	de
   01B6 1A            [ 7]  448 	ld	a, (de)
   01B7 DD 77 FF      [19]  449 	ld	-1 (ix), a
                            450 ;source_code/aes256.c:58: state[2] = state[10];
   01BA DD 7E 04      [19]  451 	ld	a, 4 (ix)
   01BD C6 0A         [ 7]  452 	add	a, #0x0a
   01BF 4F            [ 4]  453 	ld	c, a
   01C0 DD 7E 05      [19]  454 	ld	a, 5 (ix)
   01C3 CE 00         [ 7]  455 	adc	a, #0x00
   01C5 47            [ 4]  456 	ld	b, a
   01C6 0A            [ 7]  457 	ld	a, (bc)
   01C7 12            [ 7]  458 	ld	(de), a
                            459 ;source_code/aes256.c:59: state[10] = temp;
   01C8 DD 7E FF      [19]  460 	ld	a, -1 (ix)
   01CB 02            [ 7]  461 	ld	(bc), a
                            462 ;source_code/aes256.c:60: temp = state[6];
   01CC DD 7E 04      [19]  463 	ld	a, 4 (ix)
   01CF C6 06         [ 7]  464 	add	a, #0x06
   01D1 5F            [ 4]  465 	ld	e, a
   01D2 DD 7E 05      [19]  466 	ld	a, 5 (ix)
   01D5 CE 00         [ 7]  467 	adc	a, #0x00
   01D7 57            [ 4]  468 	ld	d, a
   01D8 1A            [ 7]  469 	ld	a, (de)
   01D9 DD 77 FF      [19]  470 	ld	-1 (ix), a
                            471 ;source_code/aes256.c:61: state[6] = state[14];
   01DC DD 7E 04      [19]  472 	ld	a, 4 (ix)
   01DF C6 0E         [ 7]  473 	add	a, #0x0e
   01E1 4F            [ 4]  474 	ld	c, a
   01E2 DD 7E 05      [19]  475 	ld	a, 5 (ix)
   01E5 CE 00         [ 7]  476 	adc	a, #0x00
   01E7 47            [ 4]  477 	ld	b, a
   01E8 0A            [ 7]  478 	ld	a, (bc)
   01E9 12            [ 7]  479 	ld	(de), a
                            480 ;source_code/aes256.c:62: state[14] = temp;
   01EA DD 7E FF      [19]  481 	ld	a, -1 (ix)
   01ED 02            [ 7]  482 	ld	(bc), a
                            483 ;source_code/aes256.c:64: temp = state[15];
   01EE DD 7E 04      [19]  484 	ld	a, 4 (ix)
   01F1 C6 0F         [ 7]  485 	add	a, #0x0f
   01F3 5F            [ 4]  486 	ld	e, a
   01F4 DD 7E 05      [19]  487 	ld	a, 5 (ix)
   01F7 CE 00         [ 7]  488 	adc	a, #0x00
   01F9 57            [ 4]  489 	ld	d, a
   01FA 1A            [ 7]  490 	ld	a, (de)
   01FB DD 77 FF      [19]  491 	ld	-1 (ix), a
                            492 ;source_code/aes256.c:65: state[15] = state[11];
   01FE DD 7E 04      [19]  493 	ld	a, 4 (ix)
   0201 C6 0B         [ 7]  494 	add	a, #0x0b
   0203 4F            [ 4]  495 	ld	c, a
   0204 DD 7E 05      [19]  496 	ld	a, 5 (ix)
   0207 CE 00         [ 7]  497 	adc	a, #0x00
   0209 47            [ 4]  498 	ld	b, a
   020A 0A            [ 7]  499 	ld	a, (bc)
   020B 12            [ 7]  500 	ld	(de), a
                            501 ;source_code/aes256.c:66: state[11] = state[7];
   020C DD 7E 04      [19]  502 	ld	a, 4 (ix)
   020F C6 07         [ 7]  503 	add	a, #0x07
   0211 5F            [ 4]  504 	ld	e, a
   0212 DD 7E 05      [19]  505 	ld	a, 5 (ix)
   0215 CE 00         [ 7]  506 	adc	a, #0x00
   0217 57            [ 4]  507 	ld	d, a
   0218 1A            [ 7]  508 	ld	a, (de)
   0219 02            [ 7]  509 	ld	(bc), a
                            510 ;source_code/aes256.c:67: state[7] = state[3];
   021A DD 4E 04      [19]  511 	ld	c, 4 (ix)
   021D DD 46 05      [19]  512 	ld	b, 5 (ix)
   0220 03            [ 6]  513 	inc	bc
   0221 03            [ 6]  514 	inc	bc
   0222 03            [ 6]  515 	inc	bc
   0223 0A            [ 7]  516 	ld	a, (bc)
   0224 12            [ 7]  517 	ld	(de), a
                            518 ;source_code/aes256.c:68: state[3] = temp;
   0225 DD 7E FF      [19]  519 	ld	a, -1 (ix)
   0228 02            [ 7]  520 	ld	(bc), a
                            521 ;source_code/aes256.c:69: }
   0229 33            [ 6]  522 	inc	sp
   022A DD E1         [14]  523 	pop	ix
   022C C9            [10]  524 	ret
                            525 ;source_code/aes256.c:71: static void mix_columns(uint8_t *state) {
                            526 ;	---------------------------------
                            527 ; Function mix_columns
                            528 ; ---------------------------------
   022D                     529 _mix_columns:
   022D DD E5         [15]  530 	push	ix
   022F DD 21 00 00   [14]  531 	ld	ix,#0
   0233 DD 39         [15]  532 	add	ix,sp
   0235 21 E2 FF      [10]  533 	ld	hl, #-30
   0238 39            [11]  534 	add	hl, sp
   0239 F9            [ 6]  535 	ld	sp, hl
                            536 ;source_code/aes256.c:74: for (int i = 0; i < 4; i++) {
   023A 21 02 00      [10]  537 	ld	hl, #2
   023D 39            [11]  538 	add	hl, sp
   023E DD 75 F4      [19]  539 	ld	-12 (ix), l
   0241 DD 74 F5      [19]  540 	ld	-11 (ix), h
   0244 01 00 00      [10]  541 	ld	bc, #0x0000
   0247                     542 00103$:
   0247 79            [ 4]  543 	ld	a, c
   0248 D6 04         [ 7]  544 	sub	a, #0x04
   024A 78            [ 4]  545 	ld	a, b
   024B 17            [ 4]  546 	rla
   024C 3F            [ 4]  547 	ccf
   024D 1F            [ 4]  548 	rra
   024E DE 80         [ 7]  549 	sbc	a, #0x80
   0250 D2r28r04      [10]  550 	jp	NC, 00101$
                            551 ;source_code/aes256.c:75: int idx = i * 4;
   0253 59            [ 4]  552 	ld	e, c
   0254 50            [ 4]  553 	ld	d, b
   0255 CB 23         [ 8]  554 	sla	e
   0257 CB 12         [ 8]  555 	rl	d
   0259 CB 23         [ 8]  556 	sla	e
   025B CB 12         [ 8]  557 	rl	d
                            558 ;source_code/aes256.c:76: tmp[idx + 0] = (uint8_t)(xtime(state[idx + 0]) ^ xtime(state[idx + 1]) ^ state[idx + 1] ^ state[idx + 2] ^ state[idx + 3]);
   025D DD 73 F6      [19]  559 	ld	-10 (ix), e
   0260 7B            [ 4]  560 	ld	a, e
   0261 6F            [ 4]  561 	ld	l, a
   0262 17            [ 4]  562 	rla
   0263 9F            [ 4]  563 	sbc	a, a
   0264 67            [ 4]  564 	ld	h, a
   0265 7D            [ 4]  565 	ld	a, l
   0266 DD 86 F4      [19]  566 	add	a, -12 (ix)
   0269 DD 77 E2      [19]  567 	ld	-30 (ix), a
   026C 7C            [ 4]  568 	ld	a, h
   026D DD 8E F5      [19]  569 	adc	a, -11 (ix)
   0270 DD 77 E3      [19]  570 	ld	-29 (ix), a
   0273 DD 7E 04      [19]  571 	ld	a, 4 (ix)
   0276 83            [ 4]  572 	add	a, e
   0277 DD 77 F7      [19]  573 	ld	-9 (ix), a
   027A DD 7E 05      [19]  574 	ld	a, 5 (ix)
   027D 8A            [ 4]  575 	adc	a, d
   027E DD 77 F8      [19]  576 	ld	-8 (ix), a
   0281 DD 6E F7      [19]  577 	ld	l, -9 (ix)
   0284 DD 66 F8      [19]  578 	ld	h, -8 (ix)
   0287 7E            [ 7]  579 	ld	a, (hl)
   0288 C5            [11]  580 	push	bc
   0289 D5            [11]  581 	push	de
   028A F5            [11]  582 	push	af
   028B 33            [ 6]  583 	inc	sp
   028C CDr00r00      [17]  584 	call	_xtime
   028F 33            [ 6]  585 	inc	sp
   0290 DD 75 FD      [19]  586 	ld	-3 (ix), l
   0293 D1            [10]  587 	pop	de
   0294 C1            [10]  588 	pop	bc
   0295 21 01 00      [10]  589 	ld	hl, #0x0001
   0298 19            [11]  590 	add	hl, de
   0299 DD 75 FE      [19]  591 	ld	-2 (ix), l
   029C DD 74 FF      [19]  592 	ld	-1 (ix), h
   029F DD 7E FE      [19]  593 	ld	a, -2 (ix)
   02A2 DD 86 04      [19]  594 	add	a, 4 (ix)
   02A5 DD 77 F9      [19]  595 	ld	-7 (ix), a
   02A8 DD 7E FF      [19]  596 	ld	a, -1 (ix)
   02AB DD 8E 05      [19]  597 	adc	a, 5 (ix)
   02AE DD 77 FA      [19]  598 	ld	-6 (ix), a
   02B1 DD 6E F9      [19]  599 	ld	l, -7 (ix)
   02B4 DD 66 FA      [19]  600 	ld	h, -6 (ix)
   02B7 7E            [ 7]  601 	ld	a, (hl)
   02B8 C5            [11]  602 	push	bc
   02B9 D5            [11]  603 	push	de
   02BA F5            [11]  604 	push	af
   02BB 33            [ 6]  605 	inc	sp
   02BC CDr00r00      [17]  606 	call	_xtime
   02BF 33            [ 6]  607 	inc	sp
   02C0 7D            [ 4]  608 	ld	a, l
   02C1 D1            [10]  609 	pop	de
   02C2 C1            [10]  610 	pop	bc
   02C3 DD AE FD      [19]  611 	xor	a, -3 (ix)
   02C6 DD 6E F9      [19]  612 	ld	l, -7 (ix)
   02C9 DD 66 FA      [19]  613 	ld	h, -6 (ix)
   02CC 6E            [ 7]  614 	ld	l, (hl)
   02CD AD            [ 4]  615 	xor	a, l
   02CE DD 77 FF      [19]  616 	ld	-1 (ix), a
   02D1 21 02 00      [10]  617 	ld	hl, #0x0002
   02D4 19            [11]  618 	add	hl, de
   02D5 DD 75 FD      [19]  619 	ld	-3 (ix), l
   02D8 DD 74 FE      [19]  620 	ld	-2 (ix), h
   02DB DD 7E FD      [19]  621 	ld	a, -3 (ix)
   02DE DD 86 04      [19]  622 	add	a, 4 (ix)
   02E1 DD 77 FB      [19]  623 	ld	-5 (ix), a
   02E4 DD 7E FE      [19]  624 	ld	a, -2 (ix)
   02E7 DD 8E 05      [19]  625 	adc	a, 5 (ix)
   02EA DD 77 FC      [19]  626 	ld	-4 (ix), a
   02ED DD 6E FB      [19]  627 	ld	l, -5 (ix)
   02F0 DD 66 FC      [19]  628 	ld	h, -4 (ix)
   02F3 7E            [ 7]  629 	ld	a, (hl)
   02F4 DD AE FF      [19]  630 	xor	a, -1 (ix)
   02F7 DD 77 FF      [19]  631 	ld	-1 (ix), a
   02FA 13            [ 6]  632 	inc	de
   02FB 13            [ 6]  633 	inc	de
   02FC 13            [ 6]  634 	inc	de
   02FD 7B            [ 4]  635 	ld	a, e
   02FE DD 86 04      [19]  636 	add	a, 4 (ix)
   0301 DD 77 FD      [19]  637 	ld	-3 (ix), a
   0304 7A            [ 4]  638 	ld	a, d
   0305 DD 8E 05      [19]  639 	adc	a, 5 (ix)
   0308 DD 77 FE      [19]  640 	ld	-2 (ix), a
   030B DD 6E FD      [19]  641 	ld	l, -3 (ix)
   030E DD 66 FE      [19]  642 	ld	h, -2 (ix)
   0311 7E            [ 7]  643 	ld	a, (hl)
   0312 DD AE FF      [19]  644 	xor	a, -1 (ix)
   0315 E1            [10]  645 	pop	hl
   0316 E5            [11]  646 	push	hl
   0317 77            [ 7]  647 	ld	(hl), a
                            648 ;source_code/aes256.c:77: tmp[idx + 1] = (uint8_t)(state[idx + 0] ^ xtime(state[idx + 1]) ^ xtime(state[idx + 2]) ^ state[idx + 2] ^ state[idx + 3]);
   0318 DD 7E F6      [19]  649 	ld	a, -10 (ix)
   031B 3C            [ 4]  650 	inc	a
   031C 5F            [ 4]  651 	ld	e, a
   031D 17            [ 4]  652 	rla
   031E 9F            [ 4]  653 	sbc	a, a
   031F 57            [ 4]  654 	ld	d, a
   0320 7B            [ 4]  655 	ld	a, e
   0321 DD 86 F4      [19]  656 	add	a, -12 (ix)
   0324 5F            [ 4]  657 	ld	e, a
   0325 7A            [ 4]  658 	ld	a, d
   0326 DD 8E F5      [19]  659 	adc	a, -11 (ix)
   0329 57            [ 4]  660 	ld	d, a
   032A DD 6E F7      [19]  661 	ld	l, -9 (ix)
   032D DD 66 F8      [19]  662 	ld	h, -8 (ix)
   0330 7E            [ 7]  663 	ld	a, (hl)
   0331 DD 77 FF      [19]  664 	ld	-1 (ix), a
   0334 DD 6E F9      [19]  665 	ld	l, -7 (ix)
   0337 DD 66 FA      [19]  666 	ld	h, -6 (ix)
   033A 7E            [ 7]  667 	ld	a, (hl)
   033B C5            [11]  668 	push	bc
   033C D5            [11]  669 	push	de
   033D F5            [11]  670 	push	af
   033E 33            [ 6]  671 	inc	sp
   033F CDr00r00      [17]  672 	call	_xtime
   0342 33            [ 6]  673 	inc	sp
   0343 7D            [ 4]  674 	ld	a, l
   0344 D1            [10]  675 	pop	de
   0345 C1            [10]  676 	pop	bc
   0346 DD AE FF      [19]  677 	xor	a, -1 (ix)
   0349 DD 77 FF      [19]  678 	ld	-1 (ix), a
   034C DD 6E FB      [19]  679 	ld	l, -5 (ix)
   034F DD 66 FC      [19]  680 	ld	h, -4 (ix)
   0352 7E            [ 7]  681 	ld	a, (hl)
   0353 C5            [11]  682 	push	bc
   0354 D5            [11]  683 	push	de
   0355 F5            [11]  684 	push	af
   0356 33            [ 6]  685 	inc	sp
   0357 CDr00r00      [17]  686 	call	_xtime
   035A 33            [ 6]  687 	inc	sp
   035B 7D            [ 4]  688 	ld	a, l
   035C D1            [10]  689 	pop	de
   035D C1            [10]  690 	pop	bc
   035E DD AE FF      [19]  691 	xor	a, -1 (ix)
   0361 DD 6E FB      [19]  692 	ld	l, -5 (ix)
   0364 DD 66 FC      [19]  693 	ld	h, -4 (ix)
   0367 6E            [ 7]  694 	ld	l, (hl)
   0368 AD            [ 4]  695 	xor	a, l
   0369 DD 6E FD      [19]  696 	ld	l, -3 (ix)
   036C DD 66 FE      [19]  697 	ld	h, -2 (ix)
   036F 6E            [ 7]  698 	ld	l, (hl)
   0370 AD            [ 4]  699 	xor	a, l
   0371 12            [ 7]  700 	ld	(de), a
                            701 ;source_code/aes256.c:78: tmp[idx + 2] = (uint8_t)(state[idx + 0] ^ state[idx + 1] ^ xtime(state[idx + 2]) ^ xtime(state[idx + 3]) ^ state[idx + 3]);
   0372 DD 7E F6      [19]  702 	ld	a, -10 (ix)
   0375 3C            [ 4]  703 	inc	a
   0376 3C            [ 4]  704 	inc	a
   0377 5F            [ 4]  705 	ld	e, a
   0378 17            [ 4]  706 	rla
   0379 9F            [ 4]  707 	sbc	a, a
   037A 57            [ 4]  708 	ld	d, a
   037B 7B            [ 4]  709 	ld	a, e
   037C DD 86 F4      [19]  710 	add	a, -12 (ix)
   037F 5F            [ 4]  711 	ld	e, a
   0380 7A            [ 4]  712 	ld	a, d
   0381 DD 8E F5      [19]  713 	adc	a, -11 (ix)
   0384 57            [ 4]  714 	ld	d, a
   0385 DD 6E F7      [19]  715 	ld	l, -9 (ix)
   0388 DD 66 F8      [19]  716 	ld	h, -8 (ix)
   038B 7E            [ 7]  717 	ld	a, (hl)
   038C DD 6E F9      [19]  718 	ld	l, -7 (ix)
   038F DD 66 FA      [19]  719 	ld	h, -6 (ix)
   0392 6E            [ 7]  720 	ld	l, (hl)
   0393 AD            [ 4]  721 	xor	a, l
   0394 DD 77 FF      [19]  722 	ld	-1 (ix), a
   0397 DD 6E FB      [19]  723 	ld	l, -5 (ix)
   039A DD 66 FC      [19]  724 	ld	h, -4 (ix)
   039D 7E            [ 7]  725 	ld	a, (hl)
   039E C5            [11]  726 	push	bc
   039F D5            [11]  727 	push	de
   03A0 F5            [11]  728 	push	af
   03A1 33            [ 6]  729 	inc	sp
   03A2 CDr00r00      [17]  730 	call	_xtime
   03A5 33            [ 6]  731 	inc	sp
   03A6 7D            [ 4]  732 	ld	a, l
   03A7 D1            [10]  733 	pop	de
   03A8 C1            [10]  734 	pop	bc
   03A9 DD AE FF      [19]  735 	xor	a, -1 (ix)
   03AC DD 77 FF      [19]  736 	ld	-1 (ix), a
   03AF DD 6E FD      [19]  737 	ld	l, -3 (ix)
   03B2 DD 66 FE      [19]  738 	ld	h, -2 (ix)
   03B5 7E            [ 7]  739 	ld	a, (hl)
   03B6 C5            [11]  740 	push	bc
   03B7 D5            [11]  741 	push	de
   03B8 F5            [11]  742 	push	af
   03B9 33            [ 6]  743 	inc	sp
   03BA CDr00r00      [17]  744 	call	_xtime
   03BD 33            [ 6]  745 	inc	sp
   03BE 7D            [ 4]  746 	ld	a, l
   03BF D1            [10]  747 	pop	de
   03C0 C1            [10]  748 	pop	bc
   03C1 DD AE FF      [19]  749 	xor	a, -1 (ix)
   03C4 DD 6E FD      [19]  750 	ld	l, -3 (ix)
   03C7 DD 66 FE      [19]  751 	ld	h, -2 (ix)
   03CA 6E            [ 7]  752 	ld	l, (hl)
   03CB AD            [ 4]  753 	xor	a, l
   03CC 12            [ 7]  754 	ld	(de), a
                            755 ;source_code/aes256.c:79: tmp[idx + 3] = (uint8_t)(xtime(state[idx + 0]) ^ state[idx + 0] ^ state[idx + 1] ^ state[idx + 2] ^ xtime(state[idx + 3]));
   03CD DD 7E F6      [19]  756 	ld	a, -10 (ix)
   03D0 3C            [ 4]  757 	inc	a
   03D1 3C            [ 4]  758 	inc	a
   03D2 3C            [ 4]  759 	inc	a
   03D3 5F            [ 4]  760 	ld	e, a
   03D4 17            [ 4]  761 	rla
   03D5 9F            [ 4]  762 	sbc	a, a
   03D6 57            [ 4]  763 	ld	d, a
   03D7 7B            [ 4]  764 	ld	a, e
   03D8 DD 86 F4      [19]  765 	add	a, -12 (ix)
   03DB 5F            [ 4]  766 	ld	e, a
   03DC 7A            [ 4]  767 	ld	a, d
   03DD DD 8E F5      [19]  768 	adc	a, -11 (ix)
   03E0 57            [ 4]  769 	ld	d, a
   03E1 DD 6E F7      [19]  770 	ld	l, -9 (ix)
   03E4 DD 66 F8      [19]  771 	ld	h, -8 (ix)
   03E7 7E            [ 7]  772 	ld	a, (hl)
   03E8 C5            [11]  773 	push	bc
   03E9 D5            [11]  774 	push	de
   03EA F5            [11]  775 	push	af
   03EB 33            [ 6]  776 	inc	sp
   03EC CDr00r00      [17]  777 	call	_xtime
   03EF 33            [ 6]  778 	inc	sp
   03F0 7D            [ 4]  779 	ld	a, l
   03F1 D1            [10]  780 	pop	de
   03F2 C1            [10]  781 	pop	bc
   03F3 DD 6E F7      [19]  782 	ld	l, -9 (ix)
   03F6 DD 66 F8      [19]  783 	ld	h, -8 (ix)
   03F9 6E            [ 7]  784 	ld	l, (hl)
   03FA AD            [ 4]  785 	xor	a, l
   03FB DD 6E F9      [19]  786 	ld	l, -7 (ix)
   03FE DD 66 FA      [19]  787 	ld	h, -6 (ix)
   0401 6E            [ 7]  788 	ld	l, (hl)
   0402 AD            [ 4]  789 	xor	a, l
   0403 DD 6E FB      [19]  790 	ld	l, -5 (ix)
   0406 DD 66 FC      [19]  791 	ld	h, -4 (ix)
   0409 6E            [ 7]  792 	ld	l, (hl)
   040A AD            [ 4]  793 	xor	a, l
   040B DD 77 FF      [19]  794 	ld	-1 (ix), a
   040E DD 6E FD      [19]  795 	ld	l, -3 (ix)
   0411 DD 66 FE      [19]  796 	ld	h, -2 (ix)
   0414 7E            [ 7]  797 	ld	a, (hl)
   0415 C5            [11]  798 	push	bc
   0416 D5            [11]  799 	push	de
   0417 F5            [11]  800 	push	af
   0418 33            [ 6]  801 	inc	sp
   0419 CDr00r00      [17]  802 	call	_xtime
   041C 33            [ 6]  803 	inc	sp
   041D 7D            [ 4]  804 	ld	a, l
   041E D1            [10]  805 	pop	de
   041F C1            [10]  806 	pop	bc
   0420 DD AE FF      [19]  807 	xor	a, -1 (ix)
   0423 12            [ 7]  808 	ld	(de), a
                            809 ;source_code/aes256.c:74: for (int i = 0; i < 4; i++) {
   0424 03            [ 6]  810 	inc	bc
   0425 C3r47r02      [10]  811 	jp	00103$
   0428                     812 00101$:
                            813 ;source_code/aes256.c:82: memcpy(state, tmp, 16);
   0428 DD 5E 04      [19]  814 	ld	e, 4 (ix)
   042B DD 56 05      [19]  815 	ld	d, 5 (ix)
   042E DD 6E F4      [19]  816 	ld	l, -12 (ix)
   0431 DD 66 F5      [19]  817 	ld	h, -11 (ix)
   0434 01 10 00      [10]  818 	ld	bc, #0x0010
   0437 ED B0         [21]  819 	ldir
                            820 ;source_code/aes256.c:83: }
   0439 DD F9         [10]  821 	ld	sp, ix
   043B DD E1         [14]  822 	pop	ix
   043D C9            [10]  823 	ret
                            824 ;source_code/aes256.c:85: static void add_round_key(uint8_t *state, const uint8_t *round_key) {
                            825 ;	---------------------------------
                            826 ; Function add_round_key
                            827 ; ---------------------------------
   043E                     828 _add_round_key:
   043E DD E5         [15]  829 	push	ix
   0440 DD 21 00 00   [14]  830 	ld	ix,#0
   0444 DD 39         [15]  831 	add	ix,sp
   0446 3B            [ 6]  832 	dec	sp
                            833 ;source_code/aes256.c:86: for (int i = 0; i < 16; i++) {
   0447 01 00 00      [10]  834 	ld	bc, #0x0000
   044A                     835 00103$:
   044A 79            [ 4]  836 	ld	a, c
   044B D6 10         [ 7]  837 	sub	a, #0x10
   044D 78            [ 4]  838 	ld	a, b
   044E 17            [ 4]  839 	rla
   044F 3F            [ 4]  840 	ccf
   0450 1F            [ 4]  841 	rra
   0451 DE 80         [ 7]  842 	sbc	a, #0x80
   0453 30 1D         [12]  843 	jr	NC,00105$
                            844 ;source_code/aes256.c:87: state[i] ^= round_key[i];
   0455 DD 7E 04      [19]  845 	ld	a, 4 (ix)
   0458 81            [ 4]  846 	add	a, c
   0459 5F            [ 4]  847 	ld	e, a
   045A DD 7E 05      [19]  848 	ld	a, 5 (ix)
   045D 88            [ 4]  849 	adc	a, b
   045E 57            [ 4]  850 	ld	d, a
   045F 1A            [ 7]  851 	ld	a, (de)
   0460 DD 77 FF      [19]  852 	ld	-1 (ix), a
   0463 DD 6E 06      [19]  853 	ld	l, 6 (ix)
   0466 DD 66 07      [19]  854 	ld	h, 7 (ix)
   0469 09            [11]  855 	add	hl, bc
   046A 7E            [ 7]  856 	ld	a, (hl)
   046B DD AE FF      [19]  857 	xor	a, -1 (ix)
   046E 12            [ 7]  858 	ld	(de), a
                            859 ;source_code/aes256.c:86: for (int i = 0; i < 16; i++) {
   046F 03            [ 6]  860 	inc	bc
   0470 18 D8         [12]  861 	jr	00103$
   0472                     862 00105$:
                            863 ;source_code/aes256.c:89: }
   0472 33            [ 6]  864 	inc	sp
   0473 DD E1         [14]  865 	pop	ix
   0475 C9            [10]  866 	ret
                            867 ;source_code/aes256.c:91: static void key_expansion(const uint8_t *key, AES256_CTX *ctx) {
                            868 ;	---------------------------------
                            869 ; Function key_expansion
                            870 ; ---------------------------------
   0476                     871 _key_expansion:
   0476 DD E5         [15]  872 	push	ix
   0478 DD 21 00 00   [14]  873 	ld	ix,#0
   047C DD 39         [15]  874 	add	ix,sp
   047E 21 EC FF      [10]  875 	ld	hl, #-20
   0481 39            [11]  876 	add	hl, sp
   0482 F9            [ 6]  877 	ld	sp, hl
                            878 ;source_code/aes256.c:93: uint32_t *w = (uint32_t *)ctx->round_keys;
   0483 DD 5E 06      [19]  879 	ld	e, 6 (ix)
   0486 DD 56 07      [19]  880 	ld	d, 7 (ix)
   0489 4B            [ 4]  881 	ld	c, e
   048A 42            [ 4]  882 	ld	b, d
   048B DD 71 F4      [19]  883 	ld	-12 (ix), c
   048E DD 70 F5      [19]  884 	ld	-11 (ix), b
                            885 ;source_code/aes256.c:97: memcpy(ctx->round_keys, key, 32);
   0491 DD 6E 04      [19]  886 	ld	l, 4 (ix)
   0494 DD 66 05      [19]  887 	ld	h, 5 (ix)
   0497 01 20 00      [10]  888 	ld	bc, #0x0020
   049A ED B0         [21]  889 	ldir
                            890 ;source_code/aes256.c:100: for (i = 8; i < 4 * (AES_ROUNDS + 1); i++) {
   049C 01 08 00      [10]  891 	ld	bc, #0x0008
   049F                     892 00107$:
                            893 ;source_code/aes256.c:101: memcpy(temp, &w[i - 1], 4);
   049F 21 00 00      [10]  894 	ld	hl, #0
   04A2 39            [11]  895 	add	hl, sp
   04A3 DD 75 F6      [19]  896 	ld	-10 (ix), l
   04A6 DD 74 F7      [19]  897 	ld	-9 (ix), h
   04A9 EB            [ 4]  898 	ex	de,hl
   04AA 69            [ 4]  899 	ld	l, c
   04AB 60            [ 4]  900 	ld	h, b
   04AC 2B            [ 6]  901 	dec	hl
   04AD 29            [11]  902 	add	hl, hl
   04AE 29            [11]  903 	add	hl, hl
   04AF DD 7E F4      [19]  904 	ld	a, -12 (ix)
   04B2 85            [ 4]  905 	add	a, l
   04B3 6F            [ 4]  906 	ld	l, a
   04B4 DD 7E F5      [19]  907 	ld	a, -11 (ix)
   04B7 8C            [ 4]  908 	adc	a, h
   04B8 67            [ 4]  909 	ld	h, a
   04B9 C5            [11]  910 	push	bc
   04BA 01 04 00      [10]  911 	ld	bc, #0x0004
   04BD ED B0         [21]  912 	ldir
   04BF C1            [10]  913 	pop	bc
                            914 ;source_code/aes256.c:103: if (i % 8 == 0) {
   04C0 C5            [11]  915 	push	bc
   04C1 21 08 00      [10]  916 	ld	hl, #0x0008
   04C4 E5            [11]  917 	push	hl
   04C5 C5            [11]  918 	push	bc
   04C6 CDr00r00      [17]  919 	call	__modsint
   04C9 F1            [10]  920 	pop	af
   04CA F1            [10]  921 	pop	af
   04CB EB            [ 4]  922 	ex	de,hl
   04CC C1            [10]  923 	pop	bc
   04CD 7A            [ 4]  924 	ld	a, d
   04CE B3            [ 4]  925 	or	a, e
   04CF C2rB3r05      [10]  926 	jp	NZ, 00104$
                            927 ;source_code/aes256.c:105: uint8_t t = temp[0];
   04D2 DD 6E F6      [19]  928 	ld	l, -10 (ix)
   04D5 DD 66 F7      [19]  929 	ld	h, -9 (ix)
   04D8 7E            [ 7]  930 	ld	a, (hl)
   04D9 DD 77 F8      [19]  931 	ld	-8 (ix), a
                            932 ;source_code/aes256.c:106: temp[0] = temp[1];
   04DC DD 5E F6      [19]  933 	ld	e, -10 (ix)
   04DF DD 56 F7      [19]  934 	ld	d, -9 (ix)
   04E2 13            [ 6]  935 	inc	de
   04E3 1A            [ 7]  936 	ld	a, (de)
   04E4 DD 77 F9      [19]  937 	ld	-7 (ix), a
   04E7 DD 6E F6      [19]  938 	ld	l, -10 (ix)
   04EA DD 66 F7      [19]  939 	ld	h, -9 (ix)
   04ED DD 7E F9      [19]  940 	ld	a, -7 (ix)
   04F0 77            [ 7]  941 	ld	(hl), a
                            942 ;source_code/aes256.c:107: temp[1] = temp[2];
   04F1 DD 7E F6      [19]  943 	ld	a, -10 (ix)
   04F4 C6 02         [ 7]  944 	add	a, #0x02
   04F6 DD 77 FA      [19]  945 	ld	-6 (ix), a
   04F9 DD 7E F7      [19]  946 	ld	a, -9 (ix)
   04FC CE 00         [ 7]  947 	adc	a, #0x00
   04FE DD 77 FB      [19]  948 	ld	-5 (ix), a
   0501 DD 6E FA      [19]  949 	ld	l, -6 (ix)
   0504 DD 66 FB      [19]  950 	ld	h, -5 (ix)
   0507 7E            [ 7]  951 	ld	a, (hl)
   0508 DD 77 FC      [19]  952 	ld	-4 (ix), a
   050B 12            [ 7]  953 	ld	(de),a
                            954 ;source_code/aes256.c:108: temp[2] = temp[3];
   050C DD 7E F6      [19]  955 	ld	a, -10 (ix)
   050F C6 03         [ 7]  956 	add	a, #0x03
   0511 DD 77 FD      [19]  957 	ld	-3 (ix), a
   0514 DD 7E F7      [19]  958 	ld	a, -9 (ix)
   0517 CE 00         [ 7]  959 	adc	a, #0x00
   0519 DD 77 FE      [19]  960 	ld	-2 (ix), a
   051C DD 6E FD      [19]  961 	ld	l, -3 (ix)
   051F DD 66 FE      [19]  962 	ld	h, -2 (ix)
   0522 7E            [ 7]  963 	ld	a, (hl)
   0523 DD 77 FF      [19]  964 	ld	-1 (ix), a
   0526 DD 6E FA      [19]  965 	ld	l, -6 (ix)
   0529 DD 66 FB      [19]  966 	ld	h, -5 (ix)
   052C DD 7E FF      [19]  967 	ld	a, -1 (ix)
   052F 77            [ 7]  968 	ld	(hl), a
                            969 ;source_code/aes256.c:109: temp[3] = t;
   0530 DD 6E FD      [19]  970 	ld	l, -3 (ix)
   0533 DD 66 FE      [19]  971 	ld	h, -2 (ix)
   0536 DD 7E F8      [19]  972 	ld	a, -8 (ix)
   0539 77            [ 7]  973 	ld	(hl), a
                            974 ;source_code/aes256.c:112: temp[0] = sbox[temp[0]];
   053A 3Er2C         [ 7]  975 	ld	a, #<(_sbox)
   053C DD 86 F9      [19]  976 	add	a, -7 (ix)
   053F 6F            [ 4]  977 	ld	l, a
   0540 3Es00         [ 7]  978 	ld	a, #>(_sbox)
   0542 CE 00         [ 7]  979 	adc	a, #0x00
   0544 67            [ 4]  980 	ld	h, a
   0545 7E            [ 7]  981 	ld	a, (hl)
   0546 DD 6E F6      [19]  982 	ld	l, -10 (ix)
   0549 DD 66 F7      [19]  983 	ld	h, -9 (ix)
   054C 77            [ 7]  984 	ld	(hl), a
                            985 ;source_code/aes256.c:113: temp[1] = sbox[temp[1]];
   054D 3Er2C         [ 7]  986 	ld	a, #<(_sbox)
   054F DD 86 FC      [19]  987 	add	a, -4 (ix)
   0552 6F            [ 4]  988 	ld	l, a
   0553 3Es00         [ 7]  989 	ld	a, #>(_sbox)
   0555 CE 00         [ 7]  990 	adc	a, #0x00
   0557 67            [ 4]  991 	ld	h, a
   0558 7E            [ 7]  992 	ld	a, (hl)
   0559 12            [ 7]  993 	ld	(de), a
                            994 ;source_code/aes256.c:114: temp[2] = sbox[temp[2]];
   055A 3Er2C         [ 7]  995 	ld	a, #<(_sbox)
   055C DD 86 FF      [19]  996 	add	a, -1 (ix)
   055F 5F            [ 4]  997 	ld	e, a
   0560 3Es00         [ 7]  998 	ld	a, #>(_sbox)
   0562 CE 00         [ 7]  999 	adc	a, #0x00
   0564 57            [ 4] 1000 	ld	d, a
   0565 1A            [ 7] 1001 	ld	a, (de)
   0566 DD 6E FA      [19] 1002 	ld	l, -6 (ix)
   0569 DD 66 FB      [19] 1003 	ld	h, -5 (ix)
   056C 77            [ 7] 1004 	ld	(hl), a
                           1005 ;source_code/aes256.c:115: temp[3] = sbox[temp[3]];
   056D 3Er2C         [ 7] 1006 	ld	a, #<(_sbox)
   056F DD 86 F8      [19] 1007 	add	a, -8 (ix)
   0572 5F            [ 4] 1008 	ld	e, a
   0573 3Es00         [ 7] 1009 	ld	a, #>(_sbox)
   0575 CE 00         [ 7] 1010 	adc	a, #0x00
   0577 57            [ 4] 1011 	ld	d, a
   0578 1A            [ 7] 1012 	ld	a, (de)
   0579 DD 6E FD      [19] 1013 	ld	l, -3 (ix)
   057C DD 66 FE      [19] 1014 	ld	h, -2 (ix)
   057F 77            [ 7] 1015 	ld	(hl), a
                           1016 ;source_code/aes256.c:117: temp[0] ^= rcon[i / 8];
   0580 DD 5E F6      [19] 1017 	ld	e, -10 (ix)
   0583 DD 56 F7      [19] 1018 	ld	d, -9 (ix)
   0586 DD 6E F6      [19] 1019 	ld	l, -10 (ix)
   0589 DD 66 F7      [19] 1020 	ld	h, -9 (ix)
   058C 7E            [ 7] 1021 	ld	a, (hl)
   058D DD 77 FF      [19] 1022 	ld	-1 (ix), a
   0590 69            [ 4] 1023 	ld	l, c
   0591 60            [ 4] 1024 	ld	h, b
   0592 CB 78         [ 8] 1025 	bit	7, b
   0594 28 04         [12] 1026 	jr	Z,00111$
   0596 21 07 00      [10] 1027 	ld	hl, #0x0007
   0599 09            [11] 1028 	add	hl, bc
   059A                    1029 00111$:
   059A CB 2C         [ 8] 1030 	sra	h
   059C CB 1D         [ 8] 1031 	rr	l
   059E CB 2C         [ 8] 1032 	sra	h
   05A0 CB 1D         [ 8] 1033 	rr	l
   05A2 CB 2C         [ 8] 1034 	sra	h
   05A4 CB 1D         [ 8] 1035 	rr	l
   05A6 D5            [11] 1036 	push	de
   05A7 11r2Cr01      [10] 1037 	ld	de, #_rcon
   05AA 19            [11] 1038 	add	hl, de
   05AB D1            [10] 1039 	pop	de
   05AC 7E            [ 7] 1040 	ld	a, (hl)
   05AD DD AE FF      [19] 1041 	xor	a, -1 (ix)
   05B0 12            [ 7] 1042 	ld	(de), a
   05B1 18 54         [12] 1043 	jr	00105$
   05B3                    1044 00104$:
                           1045 ;source_code/aes256.c:118: } else if (i % 8 == 4) {
   05B3 7B            [ 4] 1046 	ld	a, e
   05B4 D6 04         [ 7] 1047 	sub	a, #0x04
   05B6 B2            [ 4] 1048 	or	a, d
   05B7 20 4E         [12] 1049 	jr	NZ,00105$
                           1050 ;source_code/aes256.c:120: temp[0] = sbox[temp[0]];
   05B9 DD 6E F6      [19] 1051 	ld	l, -10 (ix)
   05BC DD 66 F7      [19] 1052 	ld	h, -9 (ix)
   05BF 5E            [ 7] 1053 	ld	e, (hl)
   05C0 21r2Cr00      [10] 1054 	ld	hl, #_sbox
   05C3 16 00         [ 7] 1055 	ld	d, #0x00
   05C5 19            [11] 1056 	add	hl, de
   05C6 7E            [ 7] 1057 	ld	a, (hl)
   05C7 DD 6E F6      [19] 1058 	ld	l, -10 (ix)
   05CA DD 66 F7      [19] 1059 	ld	h, -9 (ix)
   05CD 77            [ 7] 1060 	ld	(hl), a
                           1061 ;source_code/aes256.c:121: temp[1] = sbox[temp[1]];
   05CE DD 5E F6      [19] 1062 	ld	e, -10 (ix)
   05D1 DD 56 F7      [19] 1063 	ld	d, -9 (ix)
   05D4 13            [ 6] 1064 	inc	de
   05D5 1A            [ 7] 1065 	ld	a, (de)
   05D6 C6r2C         [ 7] 1066 	add	a, #<(_sbox)
   05D8 6F            [ 4] 1067 	ld	l, a
   05D9 3E 00         [ 7] 1068 	ld	a, #0x00
   05DB CEs00         [ 7] 1069 	adc	a, #>(_sbox)
   05DD 67            [ 4] 1070 	ld	h, a
   05DE 7E            [ 7] 1071 	ld	a, (hl)
   05DF 12            [ 7] 1072 	ld	(de), a
                           1073 ;source_code/aes256.c:122: temp[2] = sbox[temp[2]];
   05E0 DD 5E F6      [19] 1074 	ld	e, -10 (ix)
   05E3 DD 56 F7      [19] 1075 	ld	d, -9 (ix)
   05E6 13            [ 6] 1076 	inc	de
   05E7 13            [ 6] 1077 	inc	de
   05E8 1A            [ 7] 1078 	ld	a, (de)
   05E9 C6r2C         [ 7] 1079 	add	a, #<(_sbox)
   05EB 6F            [ 4] 1080 	ld	l, a
   05EC 3E 00         [ 7] 1081 	ld	a, #0x00
   05EE CEs00         [ 7] 1082 	adc	a, #>(_sbox)
   05F0 67            [ 4] 1083 	ld	h, a
   05F1 7E            [ 7] 1084 	ld	a, (hl)
   05F2 12            [ 7] 1085 	ld	(de), a
                           1086 ;source_code/aes256.c:123: temp[3] = sbox[temp[3]];
   05F3 DD 5E F6      [19] 1087 	ld	e, -10 (ix)
   05F6 DD 56 F7      [19] 1088 	ld	d, -9 (ix)
   05F9 13            [ 6] 1089 	inc	de
   05FA 13            [ 6] 1090 	inc	de
   05FB 13            [ 6] 1091 	inc	de
   05FC 1A            [ 7] 1092 	ld	a, (de)
   05FD C6r2C         [ 7] 1093 	add	a, #<(_sbox)
   05FF 6F            [ 4] 1094 	ld	l, a
   0600 3E 00         [ 7] 1095 	ld	a, #0x00
   0602 CEs00         [ 7] 1096 	adc	a, #>(_sbox)
   0604 67            [ 4] 1097 	ld	h, a
   0605 7E            [ 7] 1098 	ld	a, (hl)
   0606 12            [ 7] 1099 	ld	(de), a
   0607                    1100 00105$:
                           1101 ;source_code/aes256.c:126: uint32_t prev = w[i - 8];
   0607 79            [ 4] 1102 	ld	a, c
   0608 C6 F8         [ 7] 1103 	add	a, #0xf8
   060A 6F            [ 4] 1104 	ld	l, a
   060B 78            [ 4] 1105 	ld	a, b
   060C CE FF         [ 7] 1106 	adc	a, #0xff
   060E 67            [ 4] 1107 	ld	h, a
   060F 29            [11] 1108 	add	hl, hl
   0610 29            [11] 1109 	add	hl, hl
   0611 DD 5E F4      [19] 1110 	ld	e, -12 (ix)
   0614 DD 56 F5      [19] 1111 	ld	d, -11 (ix)
   0617 19            [11] 1112 	add	hl, de
   0618 C5            [11] 1113 	push	bc
   0619 EB            [ 4] 1114 	ex	de,hl
   061A 21 12 00      [10] 1115 	ld	hl, #0x0012
   061D 39            [11] 1116 	add	hl, sp
   061E EB            [ 4] 1117 	ex	de, hl
   061F 01 04 00      [10] 1118 	ld	bc, #0x0004
   0622 ED B0         [21] 1119 	ldir
   0624 C1            [10] 1120 	pop	bc
                           1121 ;source_code/aes256.c:128: memcpy(&new_word, temp, 4);
   0625 21 04 00      [10] 1122 	ld	hl, #4
   0628 39            [11] 1123 	add	hl, sp
   0629 EB            [ 4] 1124 	ex	de, hl
   062A DD 6E F6      [19] 1125 	ld	l, -10 (ix)
   062D DD 66 F7      [19] 1126 	ld	h, -9 (ix)
   0630 C5            [11] 1127 	push	bc
   0631 01 04 00      [10] 1128 	ld	bc, #0x0004
   0634 ED B0         [21] 1129 	ldir
   0636 C1            [10] 1130 	pop	bc
                           1131 ;source_code/aes256.c:129: w[i] = prev ^ new_word;
   0637 69            [ 4] 1132 	ld	l, c
   0638 60            [ 4] 1133 	ld	h, b
   0639 29            [11] 1134 	add	hl, hl
   063A 29            [11] 1135 	add	hl, hl
   063B DD 5E F4      [19] 1136 	ld	e, -12 (ix)
   063E DD 56 F5      [19] 1137 	ld	d, -11 (ix)
   0641 19            [11] 1138 	add	hl, de
   0642 DD 7E FC      [19] 1139 	ld	a, -4 (ix)
   0645 DD AE F0      [19] 1140 	xor	a, -16 (ix)
   0648 DD 77 F8      [19] 1141 	ld	-8 (ix), a
   064B DD 7E FD      [19] 1142 	ld	a, -3 (ix)
   064E DD AE F1      [19] 1143 	xor	a, -15 (ix)
   0651 DD 77 F9      [19] 1144 	ld	-7 (ix), a
   0654 DD 7E FE      [19] 1145 	ld	a, -2 (ix)
   0657 DD AE F2      [19] 1146 	xor	a, -14 (ix)
   065A DD 77 FA      [19] 1147 	ld	-6 (ix), a
   065D DD 7E FF      [19] 1148 	ld	a, -1 (ix)
   0660 DD AE F3      [19] 1149 	xor	a, -13 (ix)
   0663 DD 77 FB      [19] 1150 	ld	-5 (ix), a
   0666 C5            [11] 1151 	push	bc
   0667 EB            [ 4] 1152 	ex	de,hl
   0668 21 0E 00      [10] 1153 	ld	hl, #0x000e
   066B 39            [11] 1154 	add	hl, sp
   066C 01 04 00      [10] 1155 	ld	bc, #0x0004
   066F ED B0         [21] 1156 	ldir
   0671 C1            [10] 1157 	pop	bc
                           1158 ;source_code/aes256.c:100: for (i = 8; i < 4 * (AES_ROUNDS + 1); i++) {
   0672 03            [ 6] 1159 	inc	bc
   0673 79            [ 4] 1160 	ld	a, c
   0674 D6 3C         [ 7] 1161 	sub	a, #0x3c
   0676 78            [ 4] 1162 	ld	a, b
   0677 17            [ 4] 1163 	rla
   0678 3F            [ 4] 1164 	ccf
   0679 1F            [ 4] 1165 	rra
   067A DE 80         [ 7] 1166 	sbc	a, #0x80
   067C DAr9Fr04      [10] 1167 	jp	C, 00107$
                           1168 ;source_code/aes256.c:131: }
   067F DD F9         [10] 1169 	ld	sp, ix
   0681 DD E1         [14] 1170 	pop	ix
   0683 C9            [10] 1171 	ret
                           1172 ;source_code/aes256.c:133: void aes256_encrypt(const uint8_t *plaintext, uint8_t *ciphertext, const uint8_t *key) {
                           1173 ;	---------------------------------
                           1174 ; Function aes256_encrypt
                           1175 ; ---------------------------------
   0684                    1176 _aes256_encrypt::
   0684 DD E5         [15] 1177 	push	ix
   0686 DD 21 00 00   [14] 1178 	ld	ix,#0
   068A DD 39         [15] 1179 	add	ix,sp
   068C 21 F4 FE      [10] 1180 	ld	hl, #-268
   068F 39            [11] 1181 	add	hl, sp
   0690 F9            [ 6] 1182 	ld	sp, hl
                           1183 ;source_code/aes256.c:137: key_expansion(key, &ctx);
   0691 21 00 00      [10] 1184 	ld	hl, #0
   0694 39            [11] 1185 	add	hl, sp
   0695 DD 75 F4      [19] 1186 	ld	-12 (ix), l
   0698 DD 74 F5      [19] 1187 	ld	-11 (ix), h
   069B E5            [11] 1188 	push	hl
   069C DD 6E 08      [19] 1189 	ld	l, 8 (ix)
   069F DD 66 09      [19] 1190 	ld	h, 9 (ix)
   06A2 E5            [11] 1191 	push	hl
   06A3 CDr76r04      [17] 1192 	call	_key_expansion
   06A6 F1            [10] 1193 	pop	af
   06A7 F1            [10] 1194 	pop	af
                           1195 ;source_code/aes256.c:138: memcpy(state, plaintext, 16);
   06A8 21 F0 00      [10] 1196 	ld	hl, #240
   06AB 39            [11] 1197 	add	hl, sp
   06AC 4D            [ 4] 1198 	ld	c, l
   06AD 44            [ 4] 1199 	ld	b, h
   06AE 59            [ 4] 1200 	ld	e, c
   06AF 50            [ 4] 1201 	ld	d, b
   06B0 DD 6E 04      [19] 1202 	ld	l, 4 (ix)
   06B3 DD 66 05      [19] 1203 	ld	h, 5 (ix)
   06B6 C5            [11] 1204 	push	bc
   06B7 01 10 00      [10] 1205 	ld	bc, #0x0010
   06BA ED B0         [21] 1206 	ldir
   06BC C1            [10] 1207 	pop	bc
                           1208 ;source_code/aes256.c:140: add_round_key(state, ctx.round_keys[0]);
   06BD DD 6E F4      [19] 1209 	ld	l, -12 (ix)
   06C0 DD 66 F5      [19] 1210 	ld	h, -11 (ix)
   06C3 59            [ 4] 1211 	ld	e, c
   06C4 50            [ 4] 1212 	ld	d, b
   06C5 C5            [11] 1213 	push	bc
   06C6 E5            [11] 1214 	push	hl
   06C7 D5            [11] 1215 	push	de
   06C8 CDr3Er04      [17] 1216 	call	_add_round_key
   06CB F1            [10] 1217 	pop	af
   06CC F1            [10] 1218 	pop	af
   06CD C1            [10] 1219 	pop	bc
                           1220 ;source_code/aes256.c:142: for (int round = 1; round < AES_ROUNDS; round++) {
   06CE DD 71 F6      [19] 1221 	ld	-10 (ix), c
   06D1 DD 70 F7      [19] 1222 	ld	-9 (ix), b
   06D4 DD 71 F8      [19] 1223 	ld	-8 (ix), c
   06D7 DD 70 F9      [19] 1224 	ld	-7 (ix), b
   06DA DD 71 FA      [19] 1225 	ld	-6 (ix), c
   06DD DD 70 FB      [19] 1226 	ld	-5 (ix), b
   06E0 DD 71 FC      [19] 1227 	ld	-4 (ix), c
   06E3 DD 70 FD      [19] 1228 	ld	-3 (ix), b
   06E6 DD 36 FE 01   [19] 1229 	ld	-2 (ix), #0x01
   06EA AF            [ 4] 1230 	xor	a, a
   06EB DD 77 FF      [19] 1231 	ld	-1 (ix), a
   06EE                    1232 00103$:
   06EE DD 7E FE      [19] 1233 	ld	a, -2 (ix)
   06F1 D6 0E         [ 7] 1234 	sub	a, #0x0e
   06F3 DD 7E FF      [19] 1235 	ld	a, -1 (ix)
   06F6 17            [ 4] 1236 	rla
   06F7 3F            [ 4] 1237 	ccf
   06F8 1F            [ 4] 1238 	rra
   06F9 DE 80         [ 7] 1239 	sbc	a, #0x80
   06FB 30 60         [12] 1240 	jr	NC,00101$
                           1241 ;source_code/aes256.c:143: sub_bytes(state);
   06FD DD 5E F6      [19] 1242 	ld	e, -10 (ix)
   0700 DD 56 F7      [19] 1243 	ld	d, -9 (ix)
   0703 C5            [11] 1244 	push	bc
   0704 D5            [11] 1245 	push	de
   0705 CDr3Br01      [17] 1246 	call	_sub_bytes
   0708 F1            [10] 1247 	pop	af
   0709 C1            [10] 1248 	pop	bc
                           1249 ;source_code/aes256.c:144: shift_rows(state);
   070A DD 5E F8      [19] 1250 	ld	e, -8 (ix)
   070D DD 56 F9      [19] 1251 	ld	d, -7 (ix)
   0710 C5            [11] 1252 	push	bc
   0711 D5            [11] 1253 	push	de
   0712 CDr6Cr01      [17] 1254 	call	_shift_rows
   0715 F1            [10] 1255 	pop	af
   0716 C1            [10] 1256 	pop	bc
                           1257 ;source_code/aes256.c:145: mix_columns(state);
   0717 DD 5E FA      [19] 1258 	ld	e, -6 (ix)
   071A DD 56 FB      [19] 1259 	ld	d, -5 (ix)
   071D C5            [11] 1260 	push	bc
   071E D5            [11] 1261 	push	de
   071F CDr2Dr02      [17] 1262 	call	_mix_columns
   0722 F1            [10] 1263 	pop	af
   0723 C1            [10] 1264 	pop	bc
                           1265 ;source_code/aes256.c:146: add_round_key(state, ctx.round_keys[round]);
   0724 DD 5E FE      [19] 1266 	ld	e, -2 (ix)
   0727 DD 56 FF      [19] 1267 	ld	d, -1 (ix)
   072A CB 23         [ 8] 1268 	sla	e
   072C CB 12         [ 8] 1269 	rl	d
   072E CB 23         [ 8] 1270 	sla	e
   0730 CB 12         [ 8] 1271 	rl	d
   0732 CB 23         [ 8] 1272 	sla	e
   0734 CB 12         [ 8] 1273 	rl	d
   0736 CB 23         [ 8] 1274 	sla	e
   0738 CB 12         [ 8] 1275 	rl	d
   073A 7B            [ 4] 1276 	ld	a, e
   073B DD 86 F4      [19] 1277 	add	a, -12 (ix)
   073E 5F            [ 4] 1278 	ld	e, a
   073F 7A            [ 4] 1279 	ld	a, d
   0740 DD 8E F5      [19] 1280 	adc	a, -11 (ix)
   0743 57            [ 4] 1281 	ld	d, a
   0744 DD 6E FC      [19] 1282 	ld	l, -4 (ix)
   0747 DD 66 FD      [19] 1283 	ld	h, -3 (ix)
   074A C5            [11] 1284 	push	bc
   074B D5            [11] 1285 	push	de
   074C E5            [11] 1286 	push	hl
   074D CDr3Er04      [17] 1287 	call	_add_round_key
   0750 F1            [10] 1288 	pop	af
   0751 F1            [10] 1289 	pop	af
   0752 C1            [10] 1290 	pop	bc
                           1291 ;source_code/aes256.c:142: for (int round = 1; round < AES_ROUNDS; round++) {
   0753 DD 34 FE      [23] 1292 	inc	-2 (ix)
   0756 20 96         [12] 1293 	jr	NZ,00103$
   0758 DD 34 FF      [23] 1294 	inc	-1 (ix)
   075B 18 91         [12] 1295 	jr	00103$
   075D                    1296 00101$:
                           1297 ;source_code/aes256.c:149: sub_bytes(state);
   075D 59            [ 4] 1298 	ld	e, c
   075E 50            [ 4] 1299 	ld	d, b
   075F C5            [11] 1300 	push	bc
   0760 D5            [11] 1301 	push	de
   0761 CDr3Br01      [17] 1302 	call	_sub_bytes
   0764 F1            [10] 1303 	pop	af
   0765 C1            [10] 1304 	pop	bc
                           1305 ;source_code/aes256.c:150: shift_rows(state);
   0766 59            [ 4] 1306 	ld	e, c
   0767 50            [ 4] 1307 	ld	d, b
   0768 C5            [11] 1308 	push	bc
   0769 D5            [11] 1309 	push	de
   076A CDr6Cr01      [17] 1310 	call	_shift_rows
   076D F1            [10] 1311 	pop	af
   076E C1            [10] 1312 	pop	bc
                           1313 ;source_code/aes256.c:151: add_round_key(state, ctx.round_keys[AES_ROUNDS]);
   076F DD 7E F4      [19] 1314 	ld	a, -12 (ix)
   0772 C6 E0         [ 7] 1315 	add	a, #0xe0
   0774 5F            [ 4] 1316 	ld	e, a
   0775 DD 7E F5      [19] 1317 	ld	a, -11 (ix)
   0778 CE 00         [ 7] 1318 	adc	a, #0x00
   077A 57            [ 4] 1319 	ld	d, a
   077B 69            [ 4] 1320 	ld	l, c
   077C 60            [ 4] 1321 	ld	h, b
   077D C5            [11] 1322 	push	bc
   077E D5            [11] 1323 	push	de
   077F E5            [11] 1324 	push	hl
   0780 CDr3Er04      [17] 1325 	call	_add_round_key
   0783 F1            [10] 1326 	pop	af
   0784 F1            [10] 1327 	pop	af
   0785 C1            [10] 1328 	pop	bc
                           1329 ;source_code/aes256.c:153: memcpy(ciphertext, state, 16);
   0786 DD 5E 06      [19] 1330 	ld	e, 6 (ix)
   0789 DD 56 07      [19] 1331 	ld	d, 7 (ix)
   078C 69            [ 4] 1332 	ld	l, c
   078D 60            [ 4] 1333 	ld	h, b
   078E 01 10 00      [10] 1334 	ld	bc, #0x0010
   0791 ED B0         [21] 1335 	ldir
                           1336 ;source_code/aes256.c:154: }
   0793 DD F9         [10] 1337 	ld	sp, ix
   0795 DD E1         [14] 1338 	pop	ix
   0797 C9            [10] 1339 	ret
                           1340 ;source_code/aes256.c:156: int main() {
                           1341 ;	---------------------------------
                           1342 ; Function main
                           1343 ; ---------------------------------
   0798                    1344 _main::
   0798 DD E5         [15] 1345 	push	ix
   079A DD 21 00 00   [14] 1346 	ld	ix,#0
   079E DD 39         [15] 1347 	add	ix,sp
   07A0 21 BC FF      [10] 1348 	ld	hl, #-68
   07A3 39            [11] 1349 	add	hl, sp
   07A4 F9            [ 6] 1350 	ld	sp, hl
                           1351 ;source_code/aes256.c:157: uint8_t key[32] = {
   07A5 21 00 00      [10] 1352 	ld	hl, #0
   07A8 39            [11] 1353 	add	hl, sp
   07A9 EB            [ 4] 1354 	ex	de, hl
   07AA 3E 60         [ 7] 1355 	ld	a, #0x60
   07AC 12            [ 7] 1356 	ld	(de), a
   07AD 6B            [ 4] 1357 	ld	l, e
   07AE 62            [ 4] 1358 	ld	h, d
   07AF 23            [ 6] 1359 	inc	hl
   07B0 36 3D         [10] 1360 	ld	(hl), #0x3d
   07B2 6B            [ 4] 1361 	ld	l, e
   07B3 62            [ 4] 1362 	ld	h, d
   07B4 23            [ 6] 1363 	inc	hl
   07B5 23            [ 6] 1364 	inc	hl
   07B6 36 EB         [10] 1365 	ld	(hl), #0xeb
   07B8 6B            [ 4] 1366 	ld	l, e
   07B9 62            [ 4] 1367 	ld	h, d
   07BA 23            [ 6] 1368 	inc	hl
   07BB 23            [ 6] 1369 	inc	hl
   07BC 23            [ 6] 1370 	inc	hl
   07BD 36 10         [10] 1371 	ld	(hl), #0x10
   07BF 21 04 00      [10] 1372 	ld	hl, #0x0004
   07C2 19            [11] 1373 	add	hl, de
   07C3 36 15         [10] 1374 	ld	(hl), #0x15
   07C5 21 05 00      [10] 1375 	ld	hl, #0x0005
   07C8 19            [11] 1376 	add	hl, de
   07C9 36 CA         [10] 1377 	ld	(hl), #0xca
   07CB 21 06 00      [10] 1378 	ld	hl, #0x0006
   07CE 19            [11] 1379 	add	hl, de
   07CF 36 71         [10] 1380 	ld	(hl), #0x71
   07D1 21 07 00      [10] 1381 	ld	hl, #0x0007
   07D4 19            [11] 1382 	add	hl, de
   07D5 36 BE         [10] 1383 	ld	(hl), #0xbe
   07D7 21 08 00      [10] 1384 	ld	hl, #0x0008
   07DA 19            [11] 1385 	add	hl, de
   07DB 36 2B         [10] 1386 	ld	(hl), #0x2b
   07DD 21 09 00      [10] 1387 	ld	hl, #0x0009
   07E0 19            [11] 1388 	add	hl, de
   07E1 36 73         [10] 1389 	ld	(hl), #0x73
   07E3 21 0A 00      [10] 1390 	ld	hl, #0x000a
   07E6 19            [11] 1391 	add	hl, de
   07E7 36 AE         [10] 1392 	ld	(hl), #0xae
   07E9 21 0B 00      [10] 1393 	ld	hl, #0x000b
   07EC 19            [11] 1394 	add	hl, de
   07ED 36 F0         [10] 1395 	ld	(hl), #0xf0
   07EF 21 0C 00      [10] 1396 	ld	hl, #0x000c
   07F2 19            [11] 1397 	add	hl, de
   07F3 36 85         [10] 1398 	ld	(hl), #0x85
   07F5 21 0D 00      [10] 1399 	ld	hl, #0x000d
   07F8 19            [11] 1400 	add	hl, de
   07F9 36 7D         [10] 1401 	ld	(hl), #0x7d
   07FB 21 0E 00      [10] 1402 	ld	hl, #0x000e
   07FE 19            [11] 1403 	add	hl, de
   07FF 36 77         [10] 1404 	ld	(hl), #0x77
   0801 21 0F 00      [10] 1405 	ld	hl, #0x000f
   0804 19            [11] 1406 	add	hl, de
   0805 36 81         [10] 1407 	ld	(hl), #0x81
   0807 21 10 00      [10] 1408 	ld	hl, #0x0010
   080A 19            [11] 1409 	add	hl, de
   080B 36 1F         [10] 1410 	ld	(hl), #0x1f
   080D 21 11 00      [10] 1411 	ld	hl, #0x0011
   0810 19            [11] 1412 	add	hl, de
   0811 36 35         [10] 1413 	ld	(hl), #0x35
   0813 21 12 00      [10] 1414 	ld	hl, #0x0012
   0816 19            [11] 1415 	add	hl, de
   0817 36 2C         [10] 1416 	ld	(hl), #0x2c
   0819 21 13 00      [10] 1417 	ld	hl, #0x0013
   081C 19            [11] 1418 	add	hl, de
   081D 36 07         [10] 1419 	ld	(hl), #0x07
   081F 21 14 00      [10] 1420 	ld	hl, #0x0014
   0822 19            [11] 1421 	add	hl, de
   0823 36 3B         [10] 1422 	ld	(hl), #0x3b
   0825 21 15 00      [10] 1423 	ld	hl, #0x0015
   0828 19            [11] 1424 	add	hl, de
   0829 36 61         [10] 1425 	ld	(hl), #0x61
   082B 21 16 00      [10] 1426 	ld	hl, #0x0016
   082E 19            [11] 1427 	add	hl, de
   082F 36 08         [10] 1428 	ld	(hl), #0x08
   0831 21 17 00      [10] 1429 	ld	hl, #0x0017
   0834 19            [11] 1430 	add	hl, de
   0835 36 D7         [10] 1431 	ld	(hl), #0xd7
   0837 21 18 00      [10] 1432 	ld	hl, #0x0018
   083A 19            [11] 1433 	add	hl, de
   083B 36 2D         [10] 1434 	ld	(hl), #0x2d
   083D 21 19 00      [10] 1435 	ld	hl, #0x0019
   0840 19            [11] 1436 	add	hl, de
   0841 36 98         [10] 1437 	ld	(hl), #0x98
   0843 21 1A 00      [10] 1438 	ld	hl, #0x001a
   0846 19            [11] 1439 	add	hl, de
   0847 36 10         [10] 1440 	ld	(hl), #0x10
   0849 21 1B 00      [10] 1441 	ld	hl, #0x001b
   084C 19            [11] 1442 	add	hl, de
   084D 36 A3         [10] 1443 	ld	(hl), #0xa3
   084F 21 1C 00      [10] 1444 	ld	hl, #0x001c
   0852 19            [11] 1445 	add	hl, de
   0853 36 09         [10] 1446 	ld	(hl), #0x09
   0855 21 1D 00      [10] 1447 	ld	hl, #0x001d
   0858 19            [11] 1448 	add	hl, de
   0859 36 14         [10] 1449 	ld	(hl), #0x14
   085B 21 1E 00      [10] 1450 	ld	hl, #0x001e
   085E 19            [11] 1451 	add	hl, de
   085F 36 DF         [10] 1452 	ld	(hl), #0xdf
   0861 21 1F 00      [10] 1453 	ld	hl, #0x001f
   0864 19            [11] 1454 	add	hl, de
   0865 36 F4         [10] 1455 	ld	(hl), #0xf4
                           1456 ;source_code/aes256.c:164: uint8_t plaintext[16] = {
   0867 21 20 00      [10] 1457 	ld	hl, #32
   086A 39            [11] 1458 	add	hl, sp
   086B 4D            [ 4] 1459 	ld	c, l
   086C 44            [ 4] 1460 	ld	b, h
   086D 3E 32         [ 7] 1461 	ld	a, #0x32
   086F 02            [ 7] 1462 	ld	(bc), a
   0870 69            [ 4] 1463 	ld	l, c
   0871 60            [ 4] 1464 	ld	h, b
   0872 23            [ 6] 1465 	inc	hl
   0873 36 43         [10] 1466 	ld	(hl), #0x43
   0875 69            [ 4] 1467 	ld	l, c
   0876 60            [ 4] 1468 	ld	h, b
   0877 23            [ 6] 1469 	inc	hl
   0878 23            [ 6] 1470 	inc	hl
   0879 36 F6         [10] 1471 	ld	(hl), #0xf6
   087B 69            [ 4] 1472 	ld	l, c
   087C 60            [ 4] 1473 	ld	h, b
   087D 23            [ 6] 1474 	inc	hl
   087E 23            [ 6] 1475 	inc	hl
   087F 23            [ 6] 1476 	inc	hl
   0880 36 A8         [10] 1477 	ld	(hl), #0xa8
   0882 21 04 00      [10] 1478 	ld	hl, #0x0004
   0885 09            [11] 1479 	add	hl, bc
   0886 36 88         [10] 1480 	ld	(hl), #0x88
   0888 21 05 00      [10] 1481 	ld	hl, #0x0005
   088B 09            [11] 1482 	add	hl, bc
   088C 36 5A         [10] 1483 	ld	(hl), #0x5a
   088E 21 06 00      [10] 1484 	ld	hl, #0x0006
   0891 09            [11] 1485 	add	hl, bc
   0892 36 30         [10] 1486 	ld	(hl), #0x30
   0894 21 07 00      [10] 1487 	ld	hl, #0x0007
   0897 09            [11] 1488 	add	hl, bc
   0898 36 8D         [10] 1489 	ld	(hl), #0x8d
   089A 21 08 00      [10] 1490 	ld	hl, #0x0008
   089D 09            [11] 1491 	add	hl, bc
   089E 36 31         [10] 1492 	ld	(hl), #0x31
   08A0 21 09 00      [10] 1493 	ld	hl, #0x0009
   08A3 09            [11] 1494 	add	hl, bc
   08A4 36 31         [10] 1495 	ld	(hl), #0x31
   08A6 21 0A 00      [10] 1496 	ld	hl, #0x000a
   08A9 09            [11] 1497 	add	hl, bc
   08AA 36 98         [10] 1498 	ld	(hl), #0x98
   08AC 21 0B 00      [10] 1499 	ld	hl, #0x000b
   08AF 09            [11] 1500 	add	hl, bc
   08B0 36 A2         [10] 1501 	ld	(hl), #0xa2
   08B2 21 0C 00      [10] 1502 	ld	hl, #0x000c
   08B5 09            [11] 1503 	add	hl, bc
   08B6 36 E0         [10] 1504 	ld	(hl), #0xe0
   08B8 21 0D 00      [10] 1505 	ld	hl, #0x000d
   08BB 09            [11] 1506 	add	hl, bc
   08BC 36 37         [10] 1507 	ld	(hl), #0x37
   08BE 21 0E 00      [10] 1508 	ld	hl, #0x000e
   08C1 09            [11] 1509 	add	hl, bc
   08C2 36 07         [10] 1510 	ld	(hl), #0x07
   08C4 21 0F 00      [10] 1511 	ld	hl, #0x000f
   08C7 09            [11] 1512 	add	hl, bc
   08C8 36 34         [10] 1513 	ld	(hl), #0x34
                           1514 ;source_code/aes256.c:171: aes256_encrypt(plaintext, ciphertext, key);
   08CA 21 30 00      [10] 1515 	ld	hl, #48
   08CD 39            [11] 1516 	add	hl, sp
   08CE DD 75 FC      [19] 1517 	ld	-4 (ix), l
   08D1 DD 74 FD      [19] 1518 	ld	-3 (ix), h
   08D4 DD 7E FC      [19] 1519 	ld	a, -4 (ix)
   08D7 DD 77 FE      [19] 1520 	ld	-2 (ix), a
   08DA DD 7E FD      [19] 1521 	ld	a, -3 (ix)
   08DD DD 77 FF      [19] 1522 	ld	-1 (ix), a
   08E0 69            [ 4] 1523 	ld	l, c
   08E1 60            [ 4] 1524 	ld	h, b
   08E2 C5            [11] 1525 	push	bc
   08E3 D5            [11] 1526 	push	de
   08E4 DD 5E FE      [19] 1527 	ld	e, -2 (ix)
   08E7 DD 56 FF      [19] 1528 	ld	d, -1 (ix)
   08EA D5            [11] 1529 	push	de
   08EB E5            [11] 1530 	push	hl
   08EC CDr84r06      [17] 1531 	call	_aes256_encrypt
   08EF 21 06 00      [10] 1532 	ld	hl, #6
   08F2 39            [11] 1533 	add	hl, sp
   08F3 F9            [ 6] 1534 	ld	sp, hl
   08F4 21r6Fr09      [10] 1535 	ld	hl, #___str_1
   08F7 E5            [11] 1536 	push	hl
   08F8 CDr00r00      [17] 1537 	call	_puts
   08FB 21r82r09      [10] 1538 	ld	hl, #___str_2
   08FE E3            [19] 1539 	ex	(sp),hl
   08FF CDr00r00      [17] 1540 	call	_printf
   0902 F1            [10] 1541 	pop	af
   0903 C1            [10] 1542 	pop	bc
                           1543 ;source_code/aes256.c:175: for (int i = 0; i < 16; i++) printf("%02x ", plaintext[i]);
   0904 11 00 00      [10] 1544 	ld	de, #0x0000
   0907                    1545 00104$:
   0907 7B            [ 4] 1546 	ld	a, e
   0908 D6 10         [ 7] 1547 	sub	a, #0x10
   090A 7A            [ 4] 1548 	ld	a, d
   090B 17            [ 4] 1549 	rla
   090C 3F            [ 4] 1550 	ccf
   090D 1F            [ 4] 1551 	rra
   090E DE 80         [ 7] 1552 	sbc	a, #0x80
   0910 30 17         [12] 1553 	jr	NC,00101$
   0912 69            [ 4] 1554 	ld	l, c
   0913 60            [ 4] 1555 	ld	h, b
   0914 19            [11] 1556 	add	hl, de
   0915 6E            [ 7] 1557 	ld	l, (hl)
   0916 26 00         [ 7] 1558 	ld	h, #0x00
   0918 C5            [11] 1559 	push	bc
   0919 D5            [11] 1560 	push	de
   091A E5            [11] 1561 	push	hl
   091B 21r8Fr09      [10] 1562 	ld	hl, #___str_3
   091E E5            [11] 1563 	push	hl
   091F CDr00r00      [17] 1564 	call	_printf
   0922 F1            [10] 1565 	pop	af
   0923 F1            [10] 1566 	pop	af
   0924 D1            [10] 1567 	pop	de
   0925 C1            [10] 1568 	pop	bc
   0926 13            [ 6] 1569 	inc	de
   0927 18 DE         [12] 1570 	jr	00104$
   0929                    1571 00101$:
                           1572 ;source_code/aes256.c:176: printf("\n");
   0929 21r95r09      [10] 1573 	ld	hl, #___str_5
   092C E5            [11] 1574 	push	hl
   092D CDr00r00      [17] 1575 	call	_puts
                           1576 ;source_code/aes256.c:178: printf("Ciphertext: ");
   0930 21r96r09      [10] 1577 	ld	hl, #___str_6
   0933 E3            [19] 1578 	ex	(sp),hl
   0934 CDr00r00      [17] 1579 	call	_printf
   0937 F1            [10] 1580 	pop	af
                           1581 ;source_code/aes256.c:179: for (int i = 0; i < 16; i++) printf("%02x ", ciphertext[i]);
   0938 01 00 00      [10] 1582 	ld	bc, #0x0000
   093B                    1583 00107$:
   093B 79            [ 4] 1584 	ld	a, c
   093C D6 10         [ 7] 1585 	sub	a, #0x10
   093E 78            [ 4] 1586 	ld	a, b
   093F 17            [ 4] 1587 	rla
   0940 3F            [ 4] 1588 	ccf
   0941 1F            [ 4] 1589 	rra
   0942 DE 80         [ 7] 1590 	sbc	a, #0x80
   0944 30 19         [12] 1591 	jr	NC,00102$
   0946 DD 6E FC      [19] 1592 	ld	l, -4 (ix)
   0949 DD 66 FD      [19] 1593 	ld	h, -3 (ix)
   094C 09            [11] 1594 	add	hl, bc
   094D 5E            [ 7] 1595 	ld	e, (hl)
   094E 16 00         [ 7] 1596 	ld	d, #0x00
   0950 C5            [11] 1597 	push	bc
   0951 D5            [11] 1598 	push	de
   0952 21r8Fr09      [10] 1599 	ld	hl, #___str_3
   0955 E5            [11] 1600 	push	hl
   0956 CDr00r00      [17] 1601 	call	_printf
   0959 F1            [10] 1602 	pop	af
   095A F1            [10] 1603 	pop	af
   095B C1            [10] 1604 	pop	bc
   095C 03            [ 6] 1605 	inc	bc
   095D 18 DC         [12] 1606 	jr	00107$
   095F                    1607 00102$:
                           1608 ;source_code/aes256.c:180: printf("\n");
   095F 21r95r09      [10] 1609 	ld	hl, #___str_5
   0962 E5            [11] 1610 	push	hl
   0963 CDr00r00      [17] 1611 	call	_puts
   0966 F1            [10] 1612 	pop	af
                           1613 ;source_code/aes256.c:182: return 0;
   0967 21 00 00      [10] 1614 	ld	hl, #0x0000
                           1615 ;source_code/aes256.c:183: }
   096A DD F9         [10] 1616 	ld	sp, ix
   096C DD E1         [14] 1617 	pop	ix
   096E C9            [10] 1618 	ret
   096F                    1619 ___str_1:
   096F 41 45 53 2D 32 35  1620 	.ascii "AES-256 Encryption"
        36 20 45 6E 63 72
        79 70 74 69 6F 6E
   0981 00                 1621 	.db 0x00
   0982                    1622 ___str_2:
   0982 50 6C 61 69 6E 74  1623 	.ascii "Plaintext:  "
        65 78 74 3A 20 20
   098E 00                 1624 	.db 0x00
   098F                    1625 ___str_3:
   098F 25 30 32 78 20     1626 	.ascii "%02x "
   0994 00                 1627 	.db 0x00
   0995                    1628 ___str_5:
   0995 00                 1629 	.db 0x00
   0996                    1630 ___str_6:
   0996 43 69 70 68 65 72  1631 	.ascii "Ciphertext: "
        74 65 78 74 3A 20
   09A2 00                 1632 	.db 0x00
                           1633 	.area _CODE
                           1634 	.area _INITIALIZER
                           1635 	.area _CABS (ABS)
