                              1 ;--------------------------------------------------------
                              2 ; File Created by SDCC : free open source ANSI-C Compiler
                              3 ; Version 4.0.0 #11528 (Linux)
                              4 ;--------------------------------------------------------
                              5 	.module aes256
                              6 	.optsdcc -mz80
                              7 	
                              8 ;--------------------------------------------------------
                              9 ; Public variables in this module
                             10 ;--------------------------------------------------------
                             11 	.globl _main
                             12 	.globl _aes256_encrypt
                             13 	.globl _puts
                             14 	.globl _printf
                             15 ;--------------------------------------------------------
                             16 ; special function registers
                             17 ;--------------------------------------------------------
                             18 ;--------------------------------------------------------
                             19 ; ram data
                             20 ;--------------------------------------------------------
                             21 	.area _DATA
                             22 ;--------------------------------------------------------
                             23 ; ram data
                             24 ;--------------------------------------------------------
                             25 	.area _INITIALIZED
                             26 ;--------------------------------------------------------
                             27 ; absolute external ram data
                             28 ;--------------------------------------------------------
                             29 	.area _DABS (ABS)
                             30 ;--------------------------------------------------------
                             31 ; global & static initialisations
                             32 ;--------------------------------------------------------
                             33 	.area _HOME
                             34 	.area _GSINIT
                             35 	.area _GSFINAL
                             36 	.area _GSINIT
                             37 ;--------------------------------------------------------
                             38 ; Home
                             39 ;--------------------------------------------------------
                             40 	.area _HOME
                             41 	.area _HOME
                             42 ;--------------------------------------------------------
                             43 ; code
                             44 ;--------------------------------------------------------
                             45 	.area _CODE
                             46 ;source_code/aes256.c:38: static uint8_t xtime(uint8_t x) {
                             47 ;	---------------------------------
                             48 ; Function xtime
                             49 ; ---------------------------------
   0000                      50 _xtime:
   0000 DD E5         [15]   51 	push	ix
   0002 DD 21 00 00   [14]   52 	ld	ix,#0
   0006 DD 39         [15]   53 	add	ix,sp
                             54 ;source_code/aes256.c:39: return ((x << 1) ^ (((x >> 7) & 1) * 0x1b));
   0008 DD 7E 04      [19]   55 	ld	a, 4 (ix)
   000B 87            [ 4]   56 	add	a, a
   000C 4F            [ 4]   57 	ld	c, a
   000D DD 7E 04      [19]   58 	ld	a, 4 (ix)
   0010 CB 07         [ 8]   59 	rlc	a
   0012 E6 01         [ 7]   60 	and	a, #0x01
   0014 5F            [ 4]   61 	ld	e, a
   0015 16 00         [ 7]   62 	ld	d, #0x00
   0017 6B            [ 4]   63 	ld	l, e
   0018 62            [ 4]   64 	ld	h, d
   0019 29            [11]   65 	add	hl, hl
   001A 19            [11]   66 	add	hl, de
   001B 29            [11]   67 	add	hl, hl
   001C 29            [11]   68 	add	hl, hl
   001D 19            [11]   69 	add	hl, de
   001E 29            [11]   70 	add	hl, hl
   001F 19            [11]   71 	add	hl, de
   0020 79            [ 4]   72 	ld	a, c
   0021 17            [ 4]   73 	rla
   0022 9F            [ 4]   74 	sbc	a, a
   0023 F5            [11]   75 	push	af
   0024 79            [ 4]   76 	ld	a, c
   0025 AD            [ 4]   77 	xor	a, l
   0026 6F            [ 4]   78 	ld	l, a
   0027 F1            [10]   79 	pop	af
   0028 AC            [ 4]   80 	xor	a, h
   0029                      81 00101$:
                             82 ;source_code/aes256.c:40: }
   0029 DD E1         [14]   83 	pop	ix
   002B C9            [10]   84 	ret
   002C                      85 _sbox:
   002C 63                   86 	.db #0x63	; 99	'c'
   002D 7C                   87 	.db #0x7c	; 124
   002E 77                   88 	.db #0x77	; 119	'w'
   002F 7B                   89 	.db #0x7b	; 123
   0030 F2                   90 	.db #0xf2	; 242
   0031 6B                   91 	.db #0x6b	; 107	'k'
   0032 6F                   92 	.db #0x6f	; 111	'o'
   0033 C5                   93 	.db #0xc5	; 197
   0034 30                   94 	.db #0x30	; 48	'0'
   0035 01                   95 	.db #0x01	; 1
   0036 67                   96 	.db #0x67	; 103	'g'
   0037 2B                   97 	.db #0x2b	; 43
   0038 FE                   98 	.db #0xfe	; 254
   0039 D7                   99 	.db #0xd7	; 215
   003A AB                  100 	.db #0xab	; 171
   003B 76                  101 	.db #0x76	; 118	'v'
   003C CA                  102 	.db #0xca	; 202
   003D 82                  103 	.db #0x82	; 130
   003E C9                  104 	.db #0xc9	; 201
   003F 7D                  105 	.db #0x7d	; 125
   0040 FA                  106 	.db #0xfa	; 250
   0041 59                  107 	.db #0x59	; 89	'Y'
   0042 47                  108 	.db #0x47	; 71	'G'
   0043 F0                  109 	.db #0xf0	; 240
   0044 AD                  110 	.db #0xad	; 173
   0045 D4                  111 	.db #0xd4	; 212
   0046 A2                  112 	.db #0xa2	; 162
   0047 AF                  113 	.db #0xaf	; 175
   0048 9C                  114 	.db #0x9c	; 156
   0049 A4                  115 	.db #0xa4	; 164
   004A 72                  116 	.db #0x72	; 114	'r'
   004B C0                  117 	.db #0xc0	; 192
   004C B7                  118 	.db #0xb7	; 183
   004D FD                  119 	.db #0xfd	; 253
   004E 93                  120 	.db #0x93	; 147
   004F 26                  121 	.db #0x26	; 38
   0050 36                  122 	.db #0x36	; 54	'6'
   0051 3F                  123 	.db #0x3f	; 63
   0052 F7                  124 	.db #0xf7	; 247
   0053 CC                  125 	.db #0xcc	; 204
   0054 34                  126 	.db #0x34	; 52	'4'
   0055 A5                  127 	.db #0xa5	; 165
   0056 E5                  128 	.db #0xe5	; 229
   0057 F1                  129 	.db #0xf1	; 241
   0058 71                  130 	.db #0x71	; 113	'q'
   0059 D8                  131 	.db #0xd8	; 216
   005A 31                  132 	.db #0x31	; 49	'1'
   005B 15                  133 	.db #0x15	; 21
   005C 04                  134 	.db #0x04	; 4
   005D C7                  135 	.db #0xc7	; 199
   005E 23                  136 	.db #0x23	; 35
   005F C3                  137 	.db #0xc3	; 195
   0060 18                  138 	.db #0x18	; 24
   0061 96                  139 	.db #0x96	; 150
   0062 05                  140 	.db #0x05	; 5
   0063 9A                  141 	.db #0x9a	; 154
   0064 07                  142 	.db #0x07	; 7
   0065 12                  143 	.db #0x12	; 18
   0066 80                  144 	.db #0x80	; 128
   0067 E2                  145 	.db #0xe2	; 226
   0068 EB                  146 	.db #0xeb	; 235
   0069 27                  147 	.db #0x27	; 39
   006A B2                  148 	.db #0xb2	; 178
   006B 75                  149 	.db #0x75	; 117	'u'
   006C 09                  150 	.db #0x09	; 9
   006D 83                  151 	.db #0x83	; 131
   006E 2C                  152 	.db #0x2c	; 44
   006F 1A                  153 	.db #0x1a	; 26
   0070 1B                  154 	.db #0x1b	; 27
   0071 6E                  155 	.db #0x6e	; 110	'n'
   0072 5A                  156 	.db #0x5a	; 90	'Z'
   0073 A0                  157 	.db #0xa0	; 160
   0074 52                  158 	.db #0x52	; 82	'R'
   0075 3B                  159 	.db #0x3b	; 59
   0076 D6                  160 	.db #0xd6	; 214
   0077 B3                  161 	.db #0xb3	; 179
   0078 29                  162 	.db #0x29	; 41
   0079 E3                  163 	.db #0xe3	; 227
   007A 2F                  164 	.db #0x2f	; 47
   007B 84                  165 	.db #0x84	; 132
   007C 53                  166 	.db #0x53	; 83	'S'
   007D D1                  167 	.db #0xd1	; 209
   007E 00                  168 	.db #0x00	; 0
   007F ED                  169 	.db #0xed	; 237
   0080 20                  170 	.db #0x20	; 32
   0081 FC                  171 	.db #0xfc	; 252
   0082 B1                  172 	.db #0xb1	; 177
   0083 5B                  173 	.db #0x5b	; 91
   0084 6A                  174 	.db #0x6a	; 106	'j'
   0085 CB                  175 	.db #0xcb	; 203
   0086 BE                  176 	.db #0xbe	; 190
   0087 39                  177 	.db #0x39	; 57	'9'
   0088 4A                  178 	.db #0x4a	; 74	'J'
   0089 4C                  179 	.db #0x4c	; 76	'L'
   008A 58                  180 	.db #0x58	; 88	'X'
   008B CF                  181 	.db #0xcf	; 207
   008C D0                  182 	.db #0xd0	; 208
   008D EF                  183 	.db #0xef	; 239
   008E AA                  184 	.db #0xaa	; 170
   008F FB                  185 	.db #0xfb	; 251
   0090 43                  186 	.db #0x43	; 67	'C'
   0091 4D                  187 	.db #0x4d	; 77	'M'
   0092 33                  188 	.db #0x33	; 51	'3'
   0093 85                  189 	.db #0x85	; 133
   0094 45                  190 	.db #0x45	; 69	'E'
   0095 F9                  191 	.db #0xf9	; 249
   0096 02                  192 	.db #0x02	; 2
   0097 7F                  193 	.db #0x7f	; 127
   0098 50                  194 	.db #0x50	; 80	'P'
   0099 3C                  195 	.db #0x3c	; 60
   009A 9F                  196 	.db #0x9f	; 159
   009B A8                  197 	.db #0xa8	; 168
   009C 51                  198 	.db #0x51	; 81	'Q'
   009D A3                  199 	.db #0xa3	; 163
   009E 40                  200 	.db #0x40	; 64
   009F 8F                  201 	.db #0x8f	; 143
   00A0 92                  202 	.db #0x92	; 146
   00A1 9D                  203 	.db #0x9d	; 157
   00A2 38                  204 	.db #0x38	; 56	'8'
   00A3 F5                  205 	.db #0xf5	; 245
   00A4 BC                  206 	.db #0xbc	; 188
   00A5 B6                  207 	.db #0xb6	; 182
   00A6 DA                  208 	.db #0xda	; 218
   00A7 21                  209 	.db #0x21	; 33
   00A8 10                  210 	.db #0x10	; 16
   00A9 FF                  211 	.db #0xff	; 255
   00AA F3                  212 	.db #0xf3	; 243
   00AB D2                  213 	.db #0xd2	; 210
   00AC CD                  214 	.db #0xcd	; 205
   00AD 0C                  215 	.db #0x0c	; 12
   00AE 13                  216 	.db #0x13	; 19
   00AF EC                  217 	.db #0xec	; 236
   00B0 5F                  218 	.db #0x5f	; 95
   00B1 97                  219 	.db #0x97	; 151
   00B2 44                  220 	.db #0x44	; 68	'D'
   00B3 17                  221 	.db #0x17	; 23
   00B4 C4                  222 	.db #0xc4	; 196
   00B5 A7                  223 	.db #0xa7	; 167
   00B6 7E                  224 	.db #0x7e	; 126
   00B7 3D                  225 	.db #0x3d	; 61
   00B8 64                  226 	.db #0x64	; 100	'd'
   00B9 5D                  227 	.db #0x5d	; 93
   00BA 19                  228 	.db #0x19	; 25
   00BB 73                  229 	.db #0x73	; 115	's'
   00BC 60                  230 	.db #0x60	; 96
   00BD 81                  231 	.db #0x81	; 129
   00BE 4F                  232 	.db #0x4f	; 79	'O'
   00BF DC                  233 	.db #0xdc	; 220
   00C0 22                  234 	.db #0x22	; 34
   00C1 2A                  235 	.db #0x2a	; 42
   00C2 90                  236 	.db #0x90	; 144
   00C3 88                  237 	.db #0x88	; 136
   00C4 46                  238 	.db #0x46	; 70	'F'
   00C5 EE                  239 	.db #0xee	; 238
   00C6 B8                  240 	.db #0xb8	; 184
   00C7 14                  241 	.db #0x14	; 20
   00C8 DE                  242 	.db #0xde	; 222
   00C9 5E                  243 	.db #0x5e	; 94
   00CA 0B                  244 	.db #0x0b	; 11
   00CB DB                  245 	.db #0xdb	; 219
   00CC E0                  246 	.db #0xe0	; 224
   00CD 32                  247 	.db #0x32	; 50	'2'
   00CE 3A                  248 	.db #0x3a	; 58
   00CF 0A                  249 	.db #0x0a	; 10
   00D0 49                  250 	.db #0x49	; 73	'I'
   00D1 06                  251 	.db #0x06	; 6
   00D2 24                  252 	.db #0x24	; 36
   00D3 5C                  253 	.db #0x5c	; 92
   00D4 C2                  254 	.db #0xc2	; 194
   00D5 D3                  255 	.db #0xd3	; 211
   00D6 AC                  256 	.db #0xac	; 172
   00D7 62                  257 	.db #0x62	; 98	'b'
   00D8 91                  258 	.db #0x91	; 145
   00D9 95                  259 	.db #0x95	; 149
   00DA E4                  260 	.db #0xe4	; 228
   00DB 79                  261 	.db #0x79	; 121	'y'
   00DC E7                  262 	.db #0xe7	; 231
   00DD C8                  263 	.db #0xc8	; 200
   00DE 37                  264 	.db #0x37	; 55	'7'
   00DF 6D                  265 	.db #0x6d	; 109	'm'
   00E0 8D                  266 	.db #0x8d	; 141
   00E1 D5                  267 	.db #0xd5	; 213
   00E2 4E                  268 	.db #0x4e	; 78	'N'
   00E3 A9                  269 	.db #0xa9	; 169
   00E4 6C                  270 	.db #0x6c	; 108	'l'
   00E5 56                  271 	.db #0x56	; 86	'V'
   00E6 F4                  272 	.db #0xf4	; 244
   00E7 EA                  273 	.db #0xea	; 234
   00E8 65                  274 	.db #0x65	; 101	'e'
   00E9 7A                  275 	.db #0x7a	; 122	'z'
   00EA AE                  276 	.db #0xae	; 174
   00EB 08                  277 	.db #0x08	; 8
   00EC BA                  278 	.db #0xba	; 186
   00ED 78                  279 	.db #0x78	; 120	'x'
   00EE 25                  280 	.db #0x25	; 37
   00EF 2E                  281 	.db #0x2e	; 46
   00F0 1C                  282 	.db #0x1c	; 28
   00F1 A6                  283 	.db #0xa6	; 166
   00F2 B4                  284 	.db #0xb4	; 180
   00F3 C6                  285 	.db #0xc6	; 198
   00F4 E8                  286 	.db #0xe8	; 232
   00F5 DD                  287 	.db #0xdd	; 221
   00F6 74                  288 	.db #0x74	; 116	't'
   00F7 1F                  289 	.db #0x1f	; 31
   00F8 4B                  290 	.db #0x4b	; 75	'K'
   00F9 BD                  291 	.db #0xbd	; 189
   00FA 8B                  292 	.db #0x8b	; 139
   00FB 8A                  293 	.db #0x8a	; 138
   00FC 70                  294 	.db #0x70	; 112	'p'
   00FD 3E                  295 	.db #0x3e	; 62
   00FE B5                  296 	.db #0xb5	; 181
   00FF 66                  297 	.db #0x66	; 102	'f'
   0100 48                  298 	.db #0x48	; 72	'H'
   0101 03                  299 	.db #0x03	; 3
   0102 F6                  300 	.db #0xf6	; 246
   0103 0E                  301 	.db #0x0e	; 14
   0104 61                  302 	.db #0x61	; 97	'a'
   0105 35                  303 	.db #0x35	; 53	'5'
   0106 57                  304 	.db #0x57	; 87	'W'
   0107 B9                  305 	.db #0xb9	; 185
   0108 86                  306 	.db #0x86	; 134
   0109 C1                  307 	.db #0xc1	; 193
   010A 1D                  308 	.db #0x1d	; 29
   010B 9E                  309 	.db #0x9e	; 158
   010C E1                  310 	.db #0xe1	; 225
   010D F8                  311 	.db #0xf8	; 248
   010E 98                  312 	.db #0x98	; 152
   010F 11                  313 	.db #0x11	; 17
   0110 69                  314 	.db #0x69	; 105	'i'
   0111 D9                  315 	.db #0xd9	; 217
   0112 8E                  316 	.db #0x8e	; 142
   0113 94                  317 	.db #0x94	; 148
   0114 9B                  318 	.db #0x9b	; 155
   0115 1E                  319 	.db #0x1e	; 30
   0116 87                  320 	.db #0x87	; 135
   0117 E9                  321 	.db #0xe9	; 233
   0118 CE                  322 	.db #0xce	; 206
   0119 55                  323 	.db #0x55	; 85	'U'
   011A 28                  324 	.db #0x28	; 40
   011B DF                  325 	.db #0xdf	; 223
   011C 8C                  326 	.db #0x8c	; 140
   011D A1                  327 	.db #0xa1	; 161
   011E 89                  328 	.db #0x89	; 137
   011F 0D                  329 	.db #0x0d	; 13
   0120 BF                  330 	.db #0xbf	; 191
   0121 E6                  331 	.db #0xe6	; 230
   0122 42                  332 	.db #0x42	; 66	'B'
   0123 68                  333 	.db #0x68	; 104	'h'
   0124 41                  334 	.db #0x41	; 65	'A'
   0125 99                  335 	.db #0x99	; 153
   0126 2D                  336 	.db #0x2d	; 45
   0127 0F                  337 	.db #0x0f	; 15
   0128 B0                  338 	.db #0xb0	; 176
   0129 54                  339 	.db #0x54	; 84	'T'
   012A BB                  340 	.db #0xbb	; 187
   012B 16                  341 	.db #0x16	; 22
   012C                     342 _rcon:
   012C 00                  343 	.db #0x00	; 0
   012D 01                  344 	.db #0x01	; 1
   012E 02                  345 	.db #0x02	; 2
   012F 04                  346 	.db #0x04	; 4
   0130 08                  347 	.db #0x08	; 8
   0131 10                  348 	.db #0x10	; 16
   0132 20                  349 	.db #0x20	; 32
   0133 40                  350 	.db #0x40	; 64
   0134 80                  351 	.db #0x80	; 128
   0135 1B                  352 	.db #0x1b	; 27
   0136 36                  353 	.db #0x36	; 54	'6'
   0137 6C                  354 	.db #0x6c	; 108	'l'
   0138 D8                  355 	.db #0xd8	; 216
   0139 AB                  356 	.db #0xab	; 171
   013A 4D                  357 	.db #0x4d	; 77	'M'
                            358 ;source_code/aes256.c:42: static void sub_bytes(uint8_t *state) {
                            359 ;	---------------------------------
                            360 ; Function sub_bytes
                            361 ; ---------------------------------
   013B                     362 _sub_bytes:
   013B DD E5         [15]  363 	push	ix
   013D DD 21 00 00   [14]  364 	ld	ix,#0
   0141 DD 39         [15]  365 	add	ix,sp
                            366 ;source_code/aes256.c:43: for (int i = 0; i < 16; i++) {
   0143 01 00 00      [10]  367 	ld	bc, #0x0000
   0146                     368 00103$:
   0146 79            [ 4]  369 	ld	a, c
   0147 D6 10         [ 7]  370 	sub	a, #0x10
   0149 78            [ 4]  371 	ld	a, b
   014A 17            [ 4]  372 	rla
   014B 3F            [ 4]  373 	ccf
   014C 1F            [ 4]  374 	rra
   014D DE 80         [ 7]  375 	sbc	a, #0x80
   014F D2r6Br01      [10]  376 	jp	NC, 00105$
                            377 ;source_code/aes256.c:44: state[i] = sbox[state[i]];
   0152 DD 7E 04      [19]  378 	ld	a, 4 (ix)
   0155 81            [ 4]  379 	add	a, c
   0156 5F            [ 4]  380 	ld	e, a
   0157 DD 7E 05      [19]  381 	ld	a, 5 (ix)
   015A 88            [ 4]  382 	adc	a, b
   015B 57            [ 4]  383 	ld	d, a
   015C 1A            [ 7]  384 	ld	a, (de)
   015D C6r2C         [ 7]  385 	add	a, #<(_sbox)
   015F 6F            [ 4]  386 	ld	l, a
   0160 3E 00         [ 7]  387 	ld	a, #0x00
   0162 CEs00         [ 7]  388 	adc	a, #>(_sbox)
   0164 67            [ 4]  389 	ld	h, a
   0165 7E            [ 7]  390 	ld	a, (hl)
   0166 12            [ 7]  391 	ld	(de), a
                            392 ;source_code/aes256.c:43: for (int i = 0; i < 16; i++) {
   0167 03            [ 6]  393 	inc	bc
   0168 C3r46r01      [10]  394 	jp	00103$
   016B                     395 00105$:
                            396 ;source_code/aes256.c:46: }
   016B DD E1         [14]  397 	pop	ix
   016D C9            [10]  398 	ret
                            399 ;source_code/aes256.c:48: static void shift_rows(uint8_t *state) {
                            400 ;	---------------------------------
                            401 ; Function shift_rows
                            402 ; ---------------------------------
   016E                     403 _shift_rows:
   016E DD E5         [15]  404 	push	ix
   0170 DD 21 00 00   [14]  405 	ld	ix,#0
   0174 DD 39         [15]  406 	add	ix,sp
   0176 3B            [ 6]  407 	dec	sp
                            408 ;source_code/aes256.c:51: temp = state[1];
   0177 DD 5E 04      [19]  409 	ld	e, 4 (ix)
   017A DD 56 05      [19]  410 	ld	d, 5 (ix)
   017D 13            [ 6]  411 	inc	de
   017E 1A            [ 7]  412 	ld	a, (de)
   017F DD 77 FF      [19]  413 	ld	-1 (ix), a
                            414 ;source_code/aes256.c:52: state[1] = state[5];
   0182 DD 7E 04      [19]  415 	ld	a, 4 (ix)
   0185 C6 05         [ 7]  416 	add	a, #0x05
   0187 4F            [ 4]  417 	ld	c, a
   0188 DD 7E 05      [19]  418 	ld	a, 5 (ix)
   018B CE 00         [ 7]  419 	adc	a, #0x00
   018D 47            [ 4]  420 	ld	b, a
   018E 0A            [ 7]  421 	ld	a, (bc)
   018F 12            [ 7]  422 	ld	(de), a
                            423 ;source_code/aes256.c:53: state[5] = state[9];
   0190 DD 7E 04      [19]  424 	ld	a, 4 (ix)
   0193 C6 09         [ 7]  425 	add	a, #0x09
   0195 5F            [ 4]  426 	ld	e, a
   0196 DD 7E 05      [19]  427 	ld	a, 5 (ix)
   0199 CE 00         [ 7]  428 	adc	a, #0x00
   019B 57            [ 4]  429 	ld	d, a
   019C 1A            [ 7]  430 	ld	a, (de)
   019D 02            [ 7]  431 	ld	(bc), a
                            432 ;source_code/aes256.c:54: state[9] = state[13];
   019E DD 7E 04      [19]  433 	ld	a, 4 (ix)
   01A1 C6 0D         [ 7]  434 	add	a, #0x0d
   01A3 4F            [ 4]  435 	ld	c, a
   01A4 DD 7E 05      [19]  436 	ld	a, 5 (ix)
   01A7 CE 00         [ 7]  437 	adc	a, #0x00
   01A9 47            [ 4]  438 	ld	b, a
   01AA 0A            [ 7]  439 	ld	a, (bc)
   01AB 12            [ 7]  440 	ld	(de), a
                            441 ;source_code/aes256.c:55: state[13] = temp;
   01AC DD 7E FF      [19]  442 	ld	a, -1 (ix)
   01AF 02            [ 7]  443 	ld	(bc), a
                            444 ;source_code/aes256.c:57: temp = state[2];
   01B0 DD 5E 04      [19]  445 	ld	e, 4 (ix)
   01B3 DD 56 05      [19]  446 	ld	d, 5 (ix)
   01B6 13            [ 6]  447 	inc	de
   01B7 13            [ 6]  448 	inc	de
   01B8 1A            [ 7]  449 	ld	a, (de)
   01B9 DD 77 FF      [19]  450 	ld	-1 (ix), a
                            451 ;source_code/aes256.c:58: state[2] = state[10];
   01BC DD 7E 04      [19]  452 	ld	a, 4 (ix)
   01BF C6 0A         [ 7]  453 	add	a, #0x0a
   01C1 4F            [ 4]  454 	ld	c, a
   01C2 DD 7E 05      [19]  455 	ld	a, 5 (ix)
   01C5 CE 00         [ 7]  456 	adc	a, #0x00
   01C7 47            [ 4]  457 	ld	b, a
   01C8 0A            [ 7]  458 	ld	a, (bc)
   01C9 12            [ 7]  459 	ld	(de), a
                            460 ;source_code/aes256.c:59: state[10] = temp;
   01CA DD 7E FF      [19]  461 	ld	a, -1 (ix)
   01CD 02            [ 7]  462 	ld	(bc), a
                            463 ;source_code/aes256.c:60: temp = state[6];
   01CE DD 7E 04      [19]  464 	ld	a, 4 (ix)
   01D1 C6 06         [ 7]  465 	add	a, #0x06
   01D3 5F            [ 4]  466 	ld	e, a
   01D4 DD 7E 05      [19]  467 	ld	a, 5 (ix)
   01D7 CE 00         [ 7]  468 	adc	a, #0x00
   01D9 57            [ 4]  469 	ld	d, a
   01DA 1A            [ 7]  470 	ld	a, (de)
   01DB DD 77 FF      [19]  471 	ld	-1 (ix), a
                            472 ;source_code/aes256.c:61: state[6] = state[14];
   01DE DD 7E 04      [19]  473 	ld	a, 4 (ix)
   01E1 C6 0E         [ 7]  474 	add	a, #0x0e
   01E3 4F            [ 4]  475 	ld	c, a
   01E4 DD 7E 05      [19]  476 	ld	a, 5 (ix)
   01E7 CE 00         [ 7]  477 	adc	a, #0x00
   01E9 47            [ 4]  478 	ld	b, a
   01EA 0A            [ 7]  479 	ld	a, (bc)
   01EB 12            [ 7]  480 	ld	(de), a
                            481 ;source_code/aes256.c:62: state[14] = temp;
   01EC DD 7E FF      [19]  482 	ld	a, -1 (ix)
   01EF 02            [ 7]  483 	ld	(bc), a
                            484 ;source_code/aes256.c:64: temp = state[15];
   01F0 DD 7E 04      [19]  485 	ld	a, 4 (ix)
   01F3 C6 0F         [ 7]  486 	add	a, #0x0f
   01F5 5F            [ 4]  487 	ld	e, a
   01F6 DD 7E 05      [19]  488 	ld	a, 5 (ix)
   01F9 CE 00         [ 7]  489 	adc	a, #0x00
   01FB 57            [ 4]  490 	ld	d, a
   01FC 1A            [ 7]  491 	ld	a, (de)
   01FD DD 77 FF      [19]  492 	ld	-1 (ix), a
                            493 ;source_code/aes256.c:65: state[15] = state[11];
   0200 DD 7E 04      [19]  494 	ld	a, 4 (ix)
   0203 C6 0B         [ 7]  495 	add	a, #0x0b
   0205 4F            [ 4]  496 	ld	c, a
   0206 DD 7E 05      [19]  497 	ld	a, 5 (ix)
   0209 CE 00         [ 7]  498 	adc	a, #0x00
   020B 47            [ 4]  499 	ld	b, a
   020C 0A            [ 7]  500 	ld	a, (bc)
   020D 12            [ 7]  501 	ld	(de), a
                            502 ;source_code/aes256.c:66: state[11] = state[7];
   020E DD 7E 04      [19]  503 	ld	a, 4 (ix)
   0211 C6 07         [ 7]  504 	add	a, #0x07
   0213 5F            [ 4]  505 	ld	e, a
   0214 DD 7E 05      [19]  506 	ld	a, 5 (ix)
   0217 CE 00         [ 7]  507 	adc	a, #0x00
   0219 57            [ 4]  508 	ld	d, a
   021A 1A            [ 7]  509 	ld	a, (de)
   021B 02            [ 7]  510 	ld	(bc), a
                            511 ;source_code/aes256.c:67: state[7] = state[3];
   021C DD 4E 04      [19]  512 	ld	c, 4 (ix)
   021F DD 46 05      [19]  513 	ld	b, 5 (ix)
   0222 03            [ 6]  514 	inc	bc
   0223 03            [ 6]  515 	inc	bc
   0224 03            [ 6]  516 	inc	bc
   0225 0A            [ 7]  517 	ld	a, (bc)
   0226 12            [ 7]  518 	ld	(de), a
                            519 ;source_code/aes256.c:68: state[3] = temp;
   0227 DD 7E FF      [19]  520 	ld	a, -1 (ix)
   022A 02            [ 7]  521 	ld	(bc), a
   022B                     522 00101$:
                            523 ;source_code/aes256.c:69: }
   022B 33            [ 6]  524 	inc	sp
   022C DD E1         [14]  525 	pop	ix
   022E C9            [10]  526 	ret
                            527 ;source_code/aes256.c:71: static void mix_columns(uint8_t *state) {
                            528 ;	---------------------------------
                            529 ; Function mix_columns
                            530 ; ---------------------------------
   022F                     531 _mix_columns:
   022F DD E5         [15]  532 	push	ix
   0231 DD 21 00 00   [14]  533 	ld	ix,#0
   0235 DD 39         [15]  534 	add	ix,sp
   0237 21 E2 FF      [10]  535 	ld	hl, #-30
   023A 39            [11]  536 	add	hl, sp
   023B F9            [ 6]  537 	ld	sp, hl
                            538 ;source_code/aes256.c:74: for (int i = 0; i < 4; i++) {
   023C 21 02 00      [10]  539 	ld	hl, #2
   023F 39            [11]  540 	add	hl, sp
   0240 DD 75 F4      [19]  541 	ld	-12 (ix), l
   0243 DD 74 F5      [19]  542 	ld	-11 (ix), h
   0246 01 00 00      [10]  543 	ld	bc, #0x0000
   0249                     544 00103$:
   0249 79            [ 4]  545 	ld	a, c
   024A D6 04         [ 7]  546 	sub	a, #0x04
   024C 78            [ 4]  547 	ld	a, b
   024D 17            [ 4]  548 	rla
   024E 3F            [ 4]  549 	ccf
   024F 1F            [ 4]  550 	rra
   0250 DE 80         [ 7]  551 	sbc	a, #0x80
   0252 D2r2Cr04      [10]  552 	jp	NC, 00101$
                            553 ;source_code/aes256.c:75: int idx = i * 4;
   0255 59            [ 4]  554 	ld	e, c
   0256 50            [ 4]  555 	ld	d, b
   0257 CB 23         [ 8]  556 	sla	e
   0259 CB 12         [ 8]  557 	rl	d
   025B CB 23         [ 8]  558 	sla	e
   025D CB 12         [ 8]  559 	rl	d
                            560 ;source_code/aes256.c:76: tmp[idx + 0] = (uint8_t)(xtime(state[idx + 0]) ^ xtime(state[idx + 1]) ^ state[idx + 1] ^ state[idx + 2] ^ state[idx + 3]);
   025F DD 73 F6      [19]  561 	ld	-10 (ix), e
   0262 DD 7E F6      [19]  562 	ld	a, -10 (ix)
   0265 6F            [ 4]  563 	ld	l, a
   0266 17            [ 4]  564 	rla
   0267 9F            [ 4]  565 	sbc	a, a
   0268 67            [ 4]  566 	ld	h, a
   0269 7D            [ 4]  567 	ld	a, l
   026A DD 86 F4      [19]  568 	add	a, -12 (ix)
   026D DD 77 E2      [19]  569 	ld	-30 (ix), a
   0270 7C            [ 4]  570 	ld	a, h
   0271 DD 8E F5      [19]  571 	adc	a, -11 (ix)
   0274 DD 77 E3      [19]  572 	ld	-29 (ix), a
   0277 DD 7E 04      [19]  573 	ld	a, 4 (ix)
   027A 83            [ 4]  574 	add	a, e
   027B DD 77 F7      [19]  575 	ld	-9 (ix), a
   027E DD 7E 05      [19]  576 	ld	a, 5 (ix)
   0281 8A            [ 4]  577 	adc	a, d
   0282 DD 77 F8      [19]  578 	ld	-8 (ix), a
   0285 DD 6E F7      [19]  579 	ld	l, -9 (ix)
   0288 DD 66 F8      [19]  580 	ld	h, -8 (ix)
   028B 7E            [ 7]  581 	ld	a, (hl)
   028C C5            [11]  582 	push	bc
   028D D5            [11]  583 	push	de
   028E F5            [11]  584 	push	af
   028F 33            [ 6]  585 	inc	sp
   0290 CDr00r00      [17]  586 	call	_xtime
   0293 33            [ 6]  587 	inc	sp
   0294 DD 75 FD      [19]  588 	ld	-3 (ix), l
   0297 D1            [10]  589 	pop	de
   0298 C1            [10]  590 	pop	bc
   0299 21 01 00      [10]  591 	ld	hl, #0x0001
   029C 19            [11]  592 	add	hl, de
   029D DD 75 FE      [19]  593 	ld	-2 (ix), l
   02A0 DD 74 FF      [19]  594 	ld	-1 (ix), h
   02A3 DD 7E FE      [19]  595 	ld	a, -2 (ix)
   02A6 DD 86 04      [19]  596 	add	a, 4 (ix)
   02A9 DD 77 F9      [19]  597 	ld	-7 (ix), a
   02AC DD 7E FF      [19]  598 	ld	a, -1 (ix)
   02AF DD 8E 05      [19]  599 	adc	a, 5 (ix)
   02B2 DD 77 FA      [19]  600 	ld	-6 (ix), a
   02B5 DD 6E F9      [19]  601 	ld	l, -7 (ix)
   02B8 DD 66 FA      [19]  602 	ld	h, -6 (ix)
   02BB 7E            [ 7]  603 	ld	a, (hl)
   02BC C5            [11]  604 	push	bc
   02BD D5            [11]  605 	push	de
   02BE F5            [11]  606 	push	af
   02BF 33            [ 6]  607 	inc	sp
   02C0 CDr00r00      [17]  608 	call	_xtime
   02C3 33            [ 6]  609 	inc	sp
   02C4 7D            [ 4]  610 	ld	a, l
   02C5 D1            [10]  611 	pop	de
   02C6 C1            [10]  612 	pop	bc
   02C7 DD AE FD      [19]  613 	xor	a, -3 (ix)
   02CA DD 6E F9      [19]  614 	ld	l, -7 (ix)
   02CD DD 66 FA      [19]  615 	ld	h, -6 (ix)
   02D0 6E            [ 7]  616 	ld	l, (hl)
   02D1 AD            [ 4]  617 	xor	a, l
   02D2 DD 77 FF      [19]  618 	ld	-1 (ix), a
   02D5 21 02 00      [10]  619 	ld	hl, #0x0002
   02D8 19            [11]  620 	add	hl, de
   02D9 DD 75 FD      [19]  621 	ld	-3 (ix), l
   02DC DD 74 FE      [19]  622 	ld	-2 (ix), h
   02DF DD 7E FD      [19]  623 	ld	a, -3 (ix)
   02E2 DD 86 04      [19]  624 	add	a, 4 (ix)
   02E5 DD 77 FB      [19]  625 	ld	-5 (ix), a
   02E8 DD 7E FE      [19]  626 	ld	a, -2 (ix)
   02EB DD 8E 05      [19]  627 	adc	a, 5 (ix)
   02EE DD 77 FC      [19]  628 	ld	-4 (ix), a
   02F1 DD 6E FB      [19]  629 	ld	l, -5 (ix)
   02F4 DD 66 FC      [19]  630 	ld	h, -4 (ix)
   02F7 7E            [ 7]  631 	ld	a, (hl)
   02F8 DD AE FF      [19]  632 	xor	a, -1 (ix)
   02FB DD 77 FF      [19]  633 	ld	-1 (ix), a
   02FE 13            [ 6]  634 	inc	de
   02FF 13            [ 6]  635 	inc	de
   0300 13            [ 6]  636 	inc	de
   0301 7B            [ 4]  637 	ld	a, e
   0302 DD 86 04      [19]  638 	add	a, 4 (ix)
   0305 DD 77 FD      [19]  639 	ld	-3 (ix), a
   0308 7A            [ 4]  640 	ld	a, d
   0309 DD 8E 05      [19]  641 	adc	a, 5 (ix)
   030C DD 77 FE      [19]  642 	ld	-2 (ix), a
   030F DD 6E FD      [19]  643 	ld	l, -3 (ix)
   0312 DD 66 FE      [19]  644 	ld	h, -2 (ix)
   0315 7E            [ 7]  645 	ld	a, (hl)
   0316 DD AE FF      [19]  646 	xor	a, -1 (ix)
   0319 E1            [10]  647 	pop	hl
   031A E5            [11]  648 	push	hl
   031B 77            [ 7]  649 	ld	(hl), a
                            650 ;source_code/aes256.c:77: tmp[idx + 1] = (uint8_t)(state[idx + 0] ^ xtime(state[idx + 1]) ^ xtime(state[idx + 2]) ^ state[idx + 2] ^ state[idx + 3]);
   031C DD 7E F6      [19]  651 	ld	a, -10 (ix)
   031F 3C            [ 4]  652 	inc	a
   0320 5F            [ 4]  653 	ld	e, a
   0321 17            [ 4]  654 	rla
   0322 9F            [ 4]  655 	sbc	a, a
   0323 57            [ 4]  656 	ld	d, a
   0324 7B            [ 4]  657 	ld	a, e
   0325 DD 86 F4      [19]  658 	add	a, -12 (ix)
   0328 5F            [ 4]  659 	ld	e, a
   0329 7A            [ 4]  660 	ld	a, d
   032A DD 8E F5      [19]  661 	adc	a, -11 (ix)
   032D 57            [ 4]  662 	ld	d, a
   032E DD 6E F7      [19]  663 	ld	l, -9 (ix)
   0331 DD 66 F8      [19]  664 	ld	h, -8 (ix)
   0334 7E            [ 7]  665 	ld	a, (hl)
   0335 DD 77 FF      [19]  666 	ld	-1 (ix), a
   0338 DD 6E F9      [19]  667 	ld	l, -7 (ix)
   033B DD 66 FA      [19]  668 	ld	h, -6 (ix)
   033E 7E            [ 7]  669 	ld	a, (hl)
   033F C5            [11]  670 	push	bc
   0340 D5            [11]  671 	push	de
   0341 F5            [11]  672 	push	af
   0342 33            [ 6]  673 	inc	sp
   0343 CDr00r00      [17]  674 	call	_xtime
   0346 33            [ 6]  675 	inc	sp
   0347 7D            [ 4]  676 	ld	a, l
   0348 D1            [10]  677 	pop	de
   0349 C1            [10]  678 	pop	bc
   034A DD AE FF      [19]  679 	xor	a, -1 (ix)
   034D DD 77 FF      [19]  680 	ld	-1 (ix), a
   0350 DD 6E FB      [19]  681 	ld	l, -5 (ix)
   0353 DD 66 FC      [19]  682 	ld	h, -4 (ix)
   0356 7E            [ 7]  683 	ld	a, (hl)
   0357 C5            [11]  684 	push	bc
   0358 D5            [11]  685 	push	de
   0359 F5            [11]  686 	push	af
   035A 33            [ 6]  687 	inc	sp
   035B CDr00r00      [17]  688 	call	_xtime
   035E 33            [ 6]  689 	inc	sp
   035F 7D            [ 4]  690 	ld	a, l
   0360 D1            [10]  691 	pop	de
   0361 C1            [10]  692 	pop	bc
   0362 DD AE FF      [19]  693 	xor	a, -1 (ix)
   0365 DD 6E FB      [19]  694 	ld	l, -5 (ix)
   0368 DD 66 FC      [19]  695 	ld	h, -4 (ix)
   036B 6E            [ 7]  696 	ld	l, (hl)
   036C AD            [ 4]  697 	xor	a, l
   036D DD 6E FD      [19]  698 	ld	l, -3 (ix)
   0370 DD 66 FE      [19]  699 	ld	h, -2 (ix)
   0373 6E            [ 7]  700 	ld	l, (hl)
   0374 AD            [ 4]  701 	xor	a, l
   0375 12            [ 7]  702 	ld	(de), a
                            703 ;source_code/aes256.c:78: tmp[idx + 2] = (uint8_t)(state[idx + 0] ^ state[idx + 1] ^ xtime(state[idx + 2]) ^ xtime(state[idx + 3]) ^ state[idx + 3]);
   0376 DD 7E F6      [19]  704 	ld	a, -10 (ix)
   0379 3C            [ 4]  705 	inc	a
   037A 3C            [ 4]  706 	inc	a
   037B 5F            [ 4]  707 	ld	e, a
   037C 17            [ 4]  708 	rla
   037D 9F            [ 4]  709 	sbc	a, a
   037E 57            [ 4]  710 	ld	d, a
   037F 7B            [ 4]  711 	ld	a, e
   0380 DD 86 F4      [19]  712 	add	a, -12 (ix)
   0383 5F            [ 4]  713 	ld	e, a
   0384 7A            [ 4]  714 	ld	a, d
   0385 DD 8E F5      [19]  715 	adc	a, -11 (ix)
   0388 57            [ 4]  716 	ld	d, a
   0389 DD 6E F7      [19]  717 	ld	l, -9 (ix)
   038C DD 66 F8      [19]  718 	ld	h, -8 (ix)
   038F 7E            [ 7]  719 	ld	a, (hl)
   0390 DD 6E F9      [19]  720 	ld	l, -7 (ix)
   0393 DD 66 FA      [19]  721 	ld	h, -6 (ix)
   0396 6E            [ 7]  722 	ld	l, (hl)
   0397 AD            [ 4]  723 	xor	a, l
   0398 DD 77 FF      [19]  724 	ld	-1 (ix), a
   039B DD 6E FB      [19]  725 	ld	l, -5 (ix)
   039E DD 66 FC      [19]  726 	ld	h, -4 (ix)
   03A1 7E            [ 7]  727 	ld	a, (hl)
   03A2 C5            [11]  728 	push	bc
   03A3 D5            [11]  729 	push	de
   03A4 F5            [11]  730 	push	af
   03A5 33            [ 6]  731 	inc	sp
   03A6 CDr00r00      [17]  732 	call	_xtime
   03A9 33            [ 6]  733 	inc	sp
   03AA 7D            [ 4]  734 	ld	a, l
   03AB D1            [10]  735 	pop	de
   03AC C1            [10]  736 	pop	bc
   03AD DD AE FF      [19]  737 	xor	a, -1 (ix)
   03B0 DD 77 FF      [19]  738 	ld	-1 (ix), a
   03B3 DD 6E FD      [19]  739 	ld	l, -3 (ix)
   03B6 DD 66 FE      [19]  740 	ld	h, -2 (ix)
   03B9 7E            [ 7]  741 	ld	a, (hl)
   03BA C5            [11]  742 	push	bc
   03BB D5            [11]  743 	push	de
   03BC F5            [11]  744 	push	af
   03BD 33            [ 6]  745 	inc	sp
   03BE CDr00r00      [17]  746 	call	_xtime
   03C1 33            [ 6]  747 	inc	sp
   03C2 7D            [ 4]  748 	ld	a, l
   03C3 D1            [10]  749 	pop	de
   03C4 C1            [10]  750 	pop	bc
   03C5 DD AE FF      [19]  751 	xor	a, -1 (ix)
   03C8 DD 6E FD      [19]  752 	ld	l, -3 (ix)
   03CB DD 66 FE      [19]  753 	ld	h, -2 (ix)
   03CE 6E            [ 7]  754 	ld	l, (hl)
   03CF AD            [ 4]  755 	xor	a, l
   03D0 12            [ 7]  756 	ld	(de), a
                            757 ;source_code/aes256.c:79: tmp[idx + 3] = (uint8_t)(xtime(state[idx + 0]) ^ state[idx + 0] ^ state[idx + 1] ^ state[idx + 2] ^ xtime(state[idx + 3]));
   03D1 DD 7E F6      [19]  758 	ld	a, -10 (ix)
   03D4 3C            [ 4]  759 	inc	a
   03D5 3C            [ 4]  760 	inc	a
   03D6 3C            [ 4]  761 	inc	a
   03D7 5F            [ 4]  762 	ld	e, a
   03D8 17            [ 4]  763 	rla
   03D9 9F            [ 4]  764 	sbc	a, a
   03DA 57            [ 4]  765 	ld	d, a
   03DB 7B            [ 4]  766 	ld	a, e
   03DC DD 86 F4      [19]  767 	add	a, -12 (ix)
   03DF 5F            [ 4]  768 	ld	e, a
   03E0 7A            [ 4]  769 	ld	a, d
   03E1 DD 8E F5      [19]  770 	adc	a, -11 (ix)
   03E4 57            [ 4]  771 	ld	d, a
   03E5 DD 6E F7      [19]  772 	ld	l, -9 (ix)
   03E8 DD 66 F8      [19]  773 	ld	h, -8 (ix)
   03EB 7E            [ 7]  774 	ld	a, (hl)
   03EC C5            [11]  775 	push	bc
   03ED D5            [11]  776 	push	de
   03EE F5            [11]  777 	push	af
   03EF 33            [ 6]  778 	inc	sp
   03F0 CDr00r00      [17]  779 	call	_xtime
   03F3 33            [ 6]  780 	inc	sp
   03F4 7D            [ 4]  781 	ld	a, l
   03F5 D1            [10]  782 	pop	de
   03F6 C1            [10]  783 	pop	bc
   03F7 DD 6E F7      [19]  784 	ld	l, -9 (ix)
   03FA DD 66 F8      [19]  785 	ld	h, -8 (ix)
   03FD 6E            [ 7]  786 	ld	l, (hl)
   03FE AD            [ 4]  787 	xor	a, l
   03FF DD 6E F9      [19]  788 	ld	l, -7 (ix)
   0402 DD 66 FA      [19]  789 	ld	h, -6 (ix)
   0405 6E            [ 7]  790 	ld	l, (hl)
   0406 AD            [ 4]  791 	xor	a, l
   0407 DD 6E FB      [19]  792 	ld	l, -5 (ix)
   040A DD 66 FC      [19]  793 	ld	h, -4 (ix)
   040D 6E            [ 7]  794 	ld	l, (hl)
   040E AD            [ 4]  795 	xor	a, l
   040F DD 77 FF      [19]  796 	ld	-1 (ix), a
   0412 DD 6E FD      [19]  797 	ld	l, -3 (ix)
   0415 DD 66 FE      [19]  798 	ld	h, -2 (ix)
   0418 7E            [ 7]  799 	ld	a, (hl)
   0419 C5            [11]  800 	push	bc
   041A D5            [11]  801 	push	de
   041B F5            [11]  802 	push	af
   041C 33            [ 6]  803 	inc	sp
   041D CDr00r00      [17]  804 	call	_xtime
   0420 33            [ 6]  805 	inc	sp
   0421 7D            [ 4]  806 	ld	a, l
   0422 D1            [10]  807 	pop	de
   0423 C1            [10]  808 	pop	bc
   0424 DD AE FF      [19]  809 	xor	a, -1 (ix)
   0427 12            [ 7]  810 	ld	(de), a
                            811 ;source_code/aes256.c:74: for (int i = 0; i < 4; i++) {
   0428 03            [ 6]  812 	inc	bc
   0429 C3r49r02      [10]  813 	jp	00103$
   042C                     814 00101$:
                            815 ;source_code/aes256.c:82: memcpy(state, tmp, 16);
   042C DD 5E 04      [19]  816 	ld	e, 4 (ix)
   042F DD 56 05      [19]  817 	ld	d, 5 (ix)
   0432 DD 6E F4      [19]  818 	ld	l, -12 (ix)
   0435 DD 66 F5      [19]  819 	ld	h, -11 (ix)
   0438 01 10 00      [10]  820 	ld	bc, #0x0010
   043B ED B0         [21]  821 	ldir
   043D                     822 00105$:
                            823 ;source_code/aes256.c:83: }
   043D DD F9         [10]  824 	ld	sp, ix
   043F DD E1         [14]  825 	pop	ix
   0441 C9            [10]  826 	ret
                            827 ;source_code/aes256.c:85: static void add_round_key(uint8_t *state, const uint8_t *round_key) {
                            828 ;	---------------------------------
                            829 ; Function add_round_key
                            830 ; ---------------------------------
   0442                     831 _add_round_key:
   0442 DD E5         [15]  832 	push	ix
   0444 DD 21 00 00   [14]  833 	ld	ix,#0
   0448 DD 39         [15]  834 	add	ix,sp
   044A 3B            [ 6]  835 	dec	sp
                            836 ;source_code/aes256.c:86: for (int i = 0; i < 16; i++) {
   044B 01 00 00      [10]  837 	ld	bc, #0x0000
   044E                     838 00103$:
   044E 79            [ 4]  839 	ld	a, c
   044F D6 10         [ 7]  840 	sub	a, #0x10
   0451 78            [ 4]  841 	ld	a, b
   0452 17            [ 4]  842 	rla
   0453 3F            [ 4]  843 	ccf
   0454 1F            [ 4]  844 	rra
   0455 DE 80         [ 7]  845 	sbc	a, #0x80
   0457 D2r78r04      [10]  846 	jp	NC, 00105$
                            847 ;source_code/aes256.c:87: state[i] ^= round_key[i];
   045A DD 7E 04      [19]  848 	ld	a, 4 (ix)
   045D 81            [ 4]  849 	add	a, c
   045E 5F            [ 4]  850 	ld	e, a
   045F DD 7E 05      [19]  851 	ld	a, 5 (ix)
   0462 88            [ 4]  852 	adc	a, b
   0463 57            [ 4]  853 	ld	d, a
   0464 1A            [ 7]  854 	ld	a, (de)
   0465 DD 77 FF      [19]  855 	ld	-1 (ix), a
   0468 DD 6E 06      [19]  856 	ld	l, 6 (ix)
   046B DD 66 07      [19]  857 	ld	h, 7 (ix)
   046E 09            [11]  858 	add	hl, bc
   046F 7E            [ 7]  859 	ld	a, (hl)
   0470 DD AE FF      [19]  860 	xor	a, -1 (ix)
   0473 12            [ 7]  861 	ld	(de), a
                            862 ;source_code/aes256.c:86: for (int i = 0; i < 16; i++) {
   0474 03            [ 6]  863 	inc	bc
   0475 C3r4Er04      [10]  864 	jp	00103$
   0478                     865 00105$:
                            866 ;source_code/aes256.c:89: }
   0478 33            [ 6]  867 	inc	sp
   0479 DD E1         [14]  868 	pop	ix
   047B C9            [10]  869 	ret
                            870 ;source_code/aes256.c:91: static void key_expansion(const uint8_t *key, AES256_CTX *ctx) {
                            871 ;	---------------------------------
                            872 ; Function key_expansion
                            873 ; ---------------------------------
   047C                     874 _key_expansion:
   047C DD E5         [15]  875 	push	ix
   047E DD 21 00 00   [14]  876 	ld	ix,#0
   0482 DD 39         [15]  877 	add	ix,sp
   0484 21 ED FF      [10]  878 	ld	hl, #-19
   0487 39            [11]  879 	add	hl, sp
   0488 F9            [ 6]  880 	ld	sp, hl
                            881 ;source_code/aes256.c:93: uint32_t *w = (uint32_t *)ctx->round_keys;
   0489 DD 5E 06      [19]  882 	ld	e, 6 (ix)
   048C DD 56 07      [19]  883 	ld	d, 7 (ix)
   048F 4B            [ 4]  884 	ld	c, e
   0490 42            [ 4]  885 	ld	b, d
   0491 DD 71 F5      [19]  886 	ld	-11 (ix), c
   0494 DD 70 F6      [19]  887 	ld	-10 (ix), b
                            888 ;source_code/aes256.c:97: memcpy(ctx->round_keys, key, 32);
   0497 DD 6E 04      [19]  889 	ld	l, 4 (ix)
   049A DD 66 05      [19]  890 	ld	h, 5 (ix)
   049D 01 20 00      [10]  891 	ld	bc, #0x0020
   04A0 ED B0         [21]  892 	ldir
                            893 ;source_code/aes256.c:100: for (i = 8; i < 4 * (AES_ROUNDS + 1); i++) {
   04A2 DD 36 FE 08   [19]  894 	ld	-2 (ix), #0x08
   04A6 AF            [ 4]  895 	xor	a, a
   04A7 DD 77 FF      [19]  896 	ld	-1 (ix), a
   04AA                     897 00107$:
                            898 ;source_code/aes256.c:101: memcpy(temp, &w[i - 1], 4);
   04AA 21 00 00      [10]  899 	ld	hl, #0
   04AD 39            [11]  900 	add	hl, sp
   04AE DD 75 F7      [19]  901 	ld	-9 (ix), l
   04B1 DD 74 F8      [19]  902 	ld	-8 (ix), h
   04B4 DD 5E F7      [19]  903 	ld	e, -9 (ix)
   04B7 DD 56 F8      [19]  904 	ld	d, -8 (ix)
   04BA DD 6E FE      [19]  905 	ld	l, -2 (ix)
   04BD DD 66 FF      [19]  906 	ld	h, -1 (ix)
   04C0 2B            [ 6]  907 	dec	hl
   04C1 29            [11]  908 	add	hl, hl
   04C2 29            [11]  909 	add	hl, hl
   04C3 DD 4E F5      [19]  910 	ld	c, -11 (ix)
   04C6 DD 46 F6      [19]  911 	ld	b, -10 (ix)
   04C9 09            [11]  912 	add	hl, bc
   04CA 01 04 00      [10]  913 	ld	bc, #0x0004
   04CD ED B0         [21]  914 	ldir
                            915 ;source_code/aes256.c:103: if (i % 8 == 0) {
   04CF 21 08 00      [10]  916 	ld	hl, #0x0008
   04D2 E5            [11]  917 	push	hl
   04D3 DD 6E FE      [19]  918 	ld	l, -2 (ix)
   04D6 DD 66 FF      [19]  919 	ld	h, -1 (ix)
   04D9 E5            [11]  920 	push	hl
                            921 ;source_code/aes256.c:106: temp[0] = temp[1];
   04DA CDr00r00      [17]  922 	call	__modsint
   04DD F1            [10]  923 	pop	af
   04DE F1            [10]  924 	pop	af
   04DF 4D            [ 4]  925 	ld	c, l
   04E0 44            [ 4]  926 	ld	b, h
   04E1 DD 5E F7      [19]  927 	ld	e, -9 (ix)
   04E4 DD 56 F8      [19]  928 	ld	d, -8 (ix)
   04E7 13            [ 6]  929 	inc	de
                            930 ;source_code/aes256.c:107: temp[1] = temp[2];
   04E8 DD 7E F7      [19]  931 	ld	a, -9 (ix)
   04EB C6 02         [ 7]  932 	add	a, #0x02
   04ED DD 77 F9      [19]  933 	ld	-7 (ix), a
   04F0 DD 7E F8      [19]  934 	ld	a, -8 (ix)
   04F3 CE 00         [ 7]  935 	adc	a, #0x00
   04F5 DD 77 FA      [19]  936 	ld	-6 (ix), a
                            937 ;source_code/aes256.c:108: temp[2] = temp[3];
   04F8 DD 7E F7      [19]  938 	ld	a, -9 (ix)
   04FB C6 03         [ 7]  939 	add	a, #0x03
   04FD DD 77 FB      [19]  940 	ld	-5 (ix), a
   0500 DD 7E F8      [19]  941 	ld	a, -8 (ix)
   0503 CE 00         [ 7]  942 	adc	a, #0x00
   0505 DD 77 FC      [19]  943 	ld	-4 (ix), a
                            944 ;source_code/aes256.c:103: if (i % 8 == 0) {
   0508 78            [ 4]  945 	ld	a, b
   0509 B1            [ 4]  946 	or	a, c
   050A C2rDCr05      [10]  947 	jp	NZ, 00104$
                            948 ;source_code/aes256.c:105: uint8_t t = temp[0];
   050D DD 6E F7      [19]  949 	ld	l, -9 (ix)
   0510 DD 66 F8      [19]  950 	ld	h, -8 (ix)
   0513 4E            [ 7]  951 	ld	c, (hl)
                            952 ;source_code/aes256.c:106: temp[0] = temp[1];
   0514 1A            [ 7]  953 	ld	a, (de)
   0515 DD 6E F7      [19]  954 	ld	l, -9 (ix)
   0518 DD 66 F8      [19]  955 	ld	h, -8 (ix)
   051B 77            [ 7]  956 	ld	(hl), a
                            957 ;source_code/aes256.c:107: temp[1] = temp[2];
   051C DD 6E F9      [19]  958 	ld	l, -7 (ix)
   051F DD 66 FA      [19]  959 	ld	h, -6 (ix)
   0522 F5            [11]  960 	push	af
   0523 7E            [ 7]  961 	ld	a, (hl)
   0524 DD 77 FD      [19]  962 	ld	-3 (ix), a
   0527 F1            [10]  963 	pop	af
   0528 F5            [11]  964 	push	af
   0529 DD 7E FD      [19]  965 	ld	a, -3 (ix)
   052C 12            [ 7]  966 	ld	(de), a
   052D F1            [10]  967 	pop	af
                            968 ;source_code/aes256.c:108: temp[2] = temp[3];
   052E DD 6E FB      [19]  969 	ld	l, -5 (ix)
   0531 DD 66 FC      [19]  970 	ld	h, -4 (ix)
   0534 46            [ 7]  971 	ld	b, (hl)
   0535 DD 6E F9      [19]  972 	ld	l, -7 (ix)
   0538 DD 66 FA      [19]  973 	ld	h, -6 (ix)
   053B 70            [ 7]  974 	ld	(hl), b
                            975 ;source_code/aes256.c:109: temp[3] = t;
   053C DD 6E FB      [19]  976 	ld	l, -5 (ix)
   053F DD 66 FC      [19]  977 	ld	h, -4 (ix)
   0542 71            [ 7]  978 	ld	(hl), c
                            979 ;source_code/aes256.c:112: temp[0] = sbox[temp[0]];
   0543 C6r2C         [ 7]  980 	add	a, #<(_sbox)
   0545 6F            [ 4]  981 	ld	l, a
   0546 3E 00         [ 7]  982 	ld	a, #0x00
   0548 CEs00         [ 7]  983 	adc	a, #>(_sbox)
   054A 67            [ 4]  984 	ld	h, a
   054B 7E            [ 7]  985 	ld	a, (hl)
   054C DD 6E F7      [19]  986 	ld	l, -9 (ix)
   054F DD 66 F8      [19]  987 	ld	h, -8 (ix)
   0552 77            [ 7]  988 	ld	(hl), a
                            989 ;source_code/aes256.c:113: temp[1] = sbox[temp[1]];
   0553 3Er2C         [ 7]  990 	ld	a, #<(_sbox)
   0555 DD 86 FD      [19]  991 	add	a, -3 (ix)
   0558 6F            [ 4]  992 	ld	l, a
   0559 3Es00         [ 7]  993 	ld	a, #>(_sbox)
   055B CE 00         [ 7]  994 	adc	a, #0x00
   055D 67            [ 4]  995 	ld	h, a
   055E 7E            [ 7]  996 	ld	a, (hl)
   055F 12            [ 7]  997 	ld	(de), a
                            998 ;source_code/aes256.c:114: temp[2] = sbox[temp[2]];
   0560 3Er2C         [ 7]  999 	ld	a, #<(_sbox)
   0562 80            [ 4] 1000 	add	a, b
   0563 5F            [ 4] 1001 	ld	e, a
   0564 3Es00         [ 7] 1002 	ld	a, #>(_sbox)
   0566 CE 00         [ 7] 1003 	adc	a, #0x00
   0568 57            [ 4] 1004 	ld	d, a
   0569 1A            [ 7] 1005 	ld	a, (de)
   056A DD 6E F9      [19] 1006 	ld	l, -7 (ix)
   056D DD 66 FA      [19] 1007 	ld	h, -6 (ix)
   0570 77            [ 7] 1008 	ld	(hl), a
                           1009 ;source_code/aes256.c:115: temp[3] = sbox[temp[3]];
   0571 21r2Cr00      [10] 1010 	ld	hl, #_sbox
   0574 06 00         [ 7] 1011 	ld	b, #0x00
   0576 09            [11] 1012 	add	hl, bc
   0577 7E            [ 7] 1013 	ld	a, (hl)
   0578 DD 6E FB      [19] 1014 	ld	l, -5 (ix)
   057B DD 66 FC      [19] 1015 	ld	h, -4 (ix)
   057E 77            [ 7] 1016 	ld	(hl), a
                           1017 ;source_code/aes256.c:117: temp[0] ^= rcon[i / 8];
   057F DD 7E F7      [19] 1018 	ld	a, -9 (ix)
   0582 DD 77 F9      [19] 1019 	ld	-7 (ix), a
   0585 DD 7E F8      [19] 1020 	ld	a, -8 (ix)
   0588 DD 77 FA      [19] 1021 	ld	-6 (ix), a
   058B DD 6E F7      [19] 1022 	ld	l, -9 (ix)
   058E DD 66 F8      [19] 1023 	ld	h, -8 (ix)
   0591 7E            [ 7] 1024 	ld	a, (hl)
   0592 DD 77 FB      [19] 1025 	ld	-5 (ix), a
   0595 DD 7E FE      [19] 1026 	ld	a, -2 (ix)
   0598 DD 77 FC      [19] 1027 	ld	-4 (ix), a
   059B DD 7E FF      [19] 1028 	ld	a, -1 (ix)
   059E DD 77 FD      [19] 1029 	ld	-3 (ix), a
   05A1 DD CB FF 7E   [20] 1030 	bit	7, -1 (ix)
   05A5 CArB8r05      [10] 1031 	jp	Z, 00111$
   05A8 DD 7E FE      [19] 1032 	ld	a, -2 (ix)
   05AB C6 07         [ 7] 1033 	add	a, #0x07
   05AD DD 77 FC      [19] 1034 	ld	-4 (ix), a
   05B0 DD 7E FF      [19] 1035 	ld	a, -1 (ix)
   05B3 CE 00         [ 7] 1036 	adc	a, #0x00
   05B5 DD 77 FD      [19] 1037 	ld	-3 (ix), a
   05B8                    1038 00111$:
   05B8 DD 4E FC      [19] 1039 	ld	c, -4 (ix)
   05BB DD 46 FD      [19] 1040 	ld	b, -3 (ix)
   05BE CB 28         [ 8] 1041 	sra	b
   05C0 CB 19         [ 8] 1042 	rr	c
   05C2 CB 28         [ 8] 1043 	sra	b
   05C4 CB 19         [ 8] 1044 	rr	c
   05C6 CB 28         [ 8] 1045 	sra	b
   05C8 CB 19         [ 8] 1046 	rr	c
   05CA 21r2Cr01      [10] 1047 	ld	hl, #_rcon
   05CD 09            [11] 1048 	add	hl, bc
   05CE 7E            [ 7] 1049 	ld	a, (hl)
   05CF DD AE FB      [19] 1050 	xor	a, -5 (ix)
   05D2 DD 6E F9      [19] 1051 	ld	l, -7 (ix)
   05D5 DD 66 FA      [19] 1052 	ld	h, -6 (ix)
   05D8 77            [ 7] 1053 	ld	(hl), a
   05D9 C3r33r06      [10] 1054 	jp	00105$
   05DC                    1055 00104$:
                           1056 ;source_code/aes256.c:118: } else if (i % 8 == 4) {
   05DC 79            [ 4] 1057 	ld	a, c
   05DD D6 04         [ 7] 1058 	sub	a, #0x04
   05DF B0            [ 4] 1059 	or	a, b
   05E0 C2rE6r05      [10] 1060 	jp	NZ,00133$
   05E3 C3rE9r05      [10] 1061 	jp	00134$
   05E6                    1062 00133$:
   05E6 C3r33r06      [10] 1063 	jp	00105$
   05E9                    1064 00134$:
                           1065 ;source_code/aes256.c:120: temp[0] = sbox[temp[0]];
   05E9 DD 6E F7      [19] 1066 	ld	l, -9 (ix)
   05EC DD 66 F8      [19] 1067 	ld	h, -8 (ix)
   05EF 4E            [ 7] 1068 	ld	c, (hl)
   05F0 21r2Cr00      [10] 1069 	ld	hl, #_sbox
   05F3 06 00         [ 7] 1070 	ld	b, #0x00
   05F5 09            [11] 1071 	add	hl, bc
   05F6 7E            [ 7] 1072 	ld	a, (hl)
   05F7 DD 6E F7      [19] 1073 	ld	l, -9 (ix)
   05FA DD 66 F8      [19] 1074 	ld	h, -8 (ix)
   05FD 77            [ 7] 1075 	ld	(hl), a
                           1076 ;source_code/aes256.c:121: temp[1] = sbox[temp[1]];
   05FE 1A            [ 7] 1077 	ld	a, (de)
   05FF C6r2C         [ 7] 1078 	add	a, #<(_sbox)
   0601 4F            [ 4] 1079 	ld	c, a
   0602 3E 00         [ 7] 1080 	ld	a, #0x00
   0604 CEs00         [ 7] 1081 	adc	a, #>(_sbox)
   0606 47            [ 4] 1082 	ld	b, a
   0607 0A            [ 7] 1083 	ld	a, (bc)
   0608 12            [ 7] 1084 	ld	(de), a
                           1085 ;source_code/aes256.c:122: temp[2] = sbox[temp[2]];
   0609 DD 6E F9      [19] 1086 	ld	l, -7 (ix)
   060C DD 66 FA      [19] 1087 	ld	h, -6 (ix)
   060F 4E            [ 7] 1088 	ld	c, (hl)
   0610 21r2Cr00      [10] 1089 	ld	hl, #_sbox
   0613 06 00         [ 7] 1090 	ld	b, #0x00
   0615 09            [11] 1091 	add	hl, bc
   0616 7E            [ 7] 1092 	ld	a, (hl)
   0617 DD 6E F9      [19] 1093 	ld	l, -7 (ix)
   061A DD 66 FA      [19] 1094 	ld	h, -6 (ix)
   061D 77            [ 7] 1095 	ld	(hl), a
                           1096 ;source_code/aes256.c:123: temp[3] = sbox[temp[3]];
   061E DD 6E FB      [19] 1097 	ld	l, -5 (ix)
   0621 DD 66 FC      [19] 1098 	ld	h, -4 (ix)
   0624 4E            [ 7] 1099 	ld	c, (hl)
   0625 21r2Cr00      [10] 1100 	ld	hl, #_sbox
   0628 06 00         [ 7] 1101 	ld	b, #0x00
   062A 09            [11] 1102 	add	hl, bc
   062B 7E            [ 7] 1103 	ld	a, (hl)
   062C DD 6E FB      [19] 1104 	ld	l, -5 (ix)
   062F DD 66 FC      [19] 1105 	ld	h, -4 (ix)
   0632 77            [ 7] 1106 	ld	(hl), a
   0633                    1107 00105$:
                           1108 ;source_code/aes256.c:126: uint32_t prev = w[i - 8];
   0633 DD 7E FE      [19] 1109 	ld	a, -2 (ix)
   0636 C6 F8         [ 7] 1110 	add	a, #0xf8
   0638 6F            [ 4] 1111 	ld	l, a
   0639 DD 7E FF      [19] 1112 	ld	a, -1 (ix)
   063C CE FF         [ 7] 1113 	adc	a, #0xff
   063E 67            [ 4] 1114 	ld	h, a
   063F 29            [11] 1115 	add	hl, hl
   0640 29            [11] 1116 	add	hl, hl
   0641 DD 5E F5      [19] 1117 	ld	e, -11 (ix)
   0644 DD 56 F6      [19] 1118 	ld	d, -10 (ix)
   0647 19            [11] 1119 	add	hl, de
   0648 5D            [ 4] 1120 	ld	e, l
   0649 54            [ 4] 1121 	ld	d, h
   064A 21 0D 00      [10] 1122 	ld	hl, #0x000d
   064D 39            [11] 1123 	add	hl, sp
   064E EB            [ 4] 1124 	ex	de, hl
   064F 01 04 00      [10] 1125 	ld	bc, #0x0004
   0652 ED B0         [21] 1126 	ldir
                           1127 ;source_code/aes256.c:128: memcpy(&new_word, temp, 4);
   0654 21 04 00      [10] 1128 	ld	hl, #4
   0657 39            [11] 1129 	add	hl, sp
   0658 EB            [ 4] 1130 	ex	de, hl
   0659 DD 6E F7      [19] 1131 	ld	l, -9 (ix)
   065C DD 66 F8      [19] 1132 	ld	h, -8 (ix)
   065F 01 04 00      [10] 1133 	ld	bc, #0x0004
   0662 ED B0         [21] 1134 	ldir
                           1135 ;source_code/aes256.c:129: w[i] = prev ^ new_word;
   0664 DD 6E FE      [19] 1136 	ld	l, -2 (ix)
   0667 DD 66 FF      [19] 1137 	ld	h, -1 (ix)
   066A 29            [11] 1138 	add	hl, hl
   066B 29            [11] 1139 	add	hl, hl
   066C DD 5E F5      [19] 1140 	ld	e, -11 (ix)
   066F DD 56 F6      [19] 1141 	ld	d, -10 (ix)
   0672 19            [11] 1142 	add	hl, de
   0673 DD 7E FA      [19] 1143 	ld	a, -6 (ix)
   0676 DD AE F1      [19] 1144 	xor	a, -15 (ix)
   0679 4F            [ 4] 1145 	ld	c, a
   067A DD 7E FB      [19] 1146 	ld	a, -5 (ix)
   067D DD AE F2      [19] 1147 	xor	a, -14 (ix)
   0680 47            [ 4] 1148 	ld	b, a
   0681 DD 7E FC      [19] 1149 	ld	a, -4 (ix)
   0684 DD AE F3      [19] 1150 	xor	a, -13 (ix)
   0687 5F            [ 4] 1151 	ld	e, a
   0688 DD 7E FD      [19] 1152 	ld	a, -3 (ix)
   068B DD AE F4      [19] 1153 	xor	a, -12 (ix)
   068E 57            [ 4] 1154 	ld	d, a
   068F 71            [ 7] 1155 	ld	(hl), c
   0690 23            [ 6] 1156 	inc	hl
   0691 70            [ 7] 1157 	ld	(hl), b
   0692 23            [ 6] 1158 	inc	hl
   0693 73            [ 7] 1159 	ld	(hl), e
   0694 23            [ 6] 1160 	inc	hl
   0695 72            [ 7] 1161 	ld	(hl), d
                           1162 ;source_code/aes256.c:100: for (i = 8; i < 4 * (AES_ROUNDS + 1); i++) {
   0696 DD 34 FE      [23] 1163 	inc	-2 (ix)
   0699 C2r9Fr06      [10] 1164 	jp	NZ, 00135$
   069C DD 34 FF      [23] 1165 	inc	-1 (ix)
   069F                    1166 00135$:
   069F DD 7E FE      [19] 1167 	ld	a, -2 (ix)
   06A2 D6 3C         [ 7] 1168 	sub	a, #0x3c
   06A4 DD 7E FF      [19] 1169 	ld	a, -1 (ix)
   06A7 17            [ 4] 1170 	rla
   06A8 3F            [ 4] 1171 	ccf
   06A9 1F            [ 4] 1172 	rra
   06AA DE 80         [ 7] 1173 	sbc	a, #0x80
   06AC DArAAr04      [10] 1174 	jp	C, 00107$
   06AF                    1175 00109$:
                           1176 ;source_code/aes256.c:131: }
   06AF DD F9         [10] 1177 	ld	sp, ix
   06B1 DD E1         [14] 1178 	pop	ix
   06B3 C9            [10] 1179 	ret
                           1180 ;source_code/aes256.c:133: void aes256_encrypt(const uint8_t *plaintext, uint8_t *ciphertext, const uint8_t *key) {
                           1181 ;	---------------------------------
                           1182 ; Function aes256_encrypt
                           1183 ; ---------------------------------
   06B4                    1184 _aes256_encrypt::
   06B4 DD E5         [15] 1185 	push	ix
   06B6 DD 21 00 00   [14] 1186 	ld	ix,#0
   06BA DD 39         [15] 1187 	add	ix,sp
   06BC 21 F4 FE      [10] 1188 	ld	hl, #-268
   06BF 39            [11] 1189 	add	hl, sp
   06C0 F9            [ 6] 1190 	ld	sp, hl
                           1191 ;source_code/aes256.c:137: key_expansion(key, &ctx);
   06C1 21 00 00      [10] 1192 	ld	hl, #0
   06C4 39            [11] 1193 	add	hl, sp
   06C5 DD 75 F4      [19] 1194 	ld	-12 (ix), l
   06C8 DD 74 F5      [19] 1195 	ld	-11 (ix), h
   06CB DD 4E F4      [19] 1196 	ld	c, -12 (ix)
   06CE DD 46 F5      [19] 1197 	ld	b, -11 (ix)
   06D1 C5            [11] 1198 	push	bc
   06D2 DD 6E 08      [19] 1199 	ld	l, 8 (ix)
   06D5 DD 66 09      [19] 1200 	ld	h, 9 (ix)
   06D8 E5            [11] 1201 	push	hl
   06D9 CDr7Cr04      [17] 1202 	call	_key_expansion
   06DC F1            [10] 1203 	pop	af
   06DD F1            [10] 1204 	pop	af
                           1205 ;source_code/aes256.c:138: memcpy(state, plaintext, 16);
   06DE 21 F0 00      [10] 1206 	ld	hl, #240
   06E1 39            [11] 1207 	add	hl, sp
   06E2 4D            [ 4] 1208 	ld	c, l
   06E3 44            [ 4] 1209 	ld	b, h
   06E4 59            [ 4] 1210 	ld	e, c
   06E5 50            [ 4] 1211 	ld	d, b
   06E6 DD 6E 04      [19] 1212 	ld	l, 4 (ix)
   06E9 DD 66 05      [19] 1213 	ld	h, 5 (ix)
   06EC C5            [11] 1214 	push	bc
   06ED 01 10 00      [10] 1215 	ld	bc, #0x0010
   06F0 ED B0         [21] 1216 	ldir
   06F2 C1            [10] 1217 	pop	bc
                           1218 ;source_code/aes256.c:140: add_round_key(state, ctx.round_keys[0]);
   06F3 DD 6E F4      [19] 1219 	ld	l, -12 (ix)
   06F6 DD 66 F5      [19] 1220 	ld	h, -11 (ix)
   06F9 59            [ 4] 1221 	ld	e, c
   06FA 50            [ 4] 1222 	ld	d, b
   06FB C5            [11] 1223 	push	bc
   06FC E5            [11] 1224 	push	hl
   06FD D5            [11] 1225 	push	de
   06FE CDr42r04      [17] 1226 	call	_add_round_key
   0701 F1            [10] 1227 	pop	af
   0702 F1            [10] 1228 	pop	af
   0703 C1            [10] 1229 	pop	bc
                           1230 ;source_code/aes256.c:142: for (int round = 1; round < AES_ROUNDS; round++) {
   0704 DD 71 F6      [19] 1231 	ld	-10 (ix), c
   0707 DD 70 F7      [19] 1232 	ld	-9 (ix), b
   070A DD 71 F8      [19] 1233 	ld	-8 (ix), c
   070D DD 70 F9      [19] 1234 	ld	-7 (ix), b
   0710 DD 71 FA      [19] 1235 	ld	-6 (ix), c
   0713 DD 70 FB      [19] 1236 	ld	-5 (ix), b
   0716 DD 71 FC      [19] 1237 	ld	-4 (ix), c
   0719 DD 70 FD      [19] 1238 	ld	-3 (ix), b
   071C DD 36 FE 01   [19] 1239 	ld	-2 (ix), #0x01
   0720 AF            [ 4] 1240 	xor	a, a
   0721 DD 77 FF      [19] 1241 	ld	-1 (ix), a
   0724                    1242 00103$:
   0724 DD 7E FE      [19] 1243 	ld	a, -2 (ix)
   0727 D6 0E         [ 7] 1244 	sub	a, #0x0e
   0729 DD 7E FF      [19] 1245 	ld	a, -1 (ix)
   072C 17            [ 4] 1246 	rla
   072D 3F            [ 4] 1247 	ccf
   072E 1F            [ 4] 1248 	rra
   072F DE 80         [ 7] 1249 	sbc	a, #0x80
   0731 D2r96r07      [10] 1250 	jp	NC, 00101$
                           1251 ;source_code/aes256.c:143: sub_bytes(state);
   0734 DD 5E F6      [19] 1252 	ld	e, -10 (ix)
   0737 DD 56 F7      [19] 1253 	ld	d, -9 (ix)
   073A C5            [11] 1254 	push	bc
   073B D5            [11] 1255 	push	de
   073C CDr3Br01      [17] 1256 	call	_sub_bytes
   073F F1            [10] 1257 	pop	af
   0740 C1            [10] 1258 	pop	bc
                           1259 ;source_code/aes256.c:144: shift_rows(state);
   0741 DD 5E F8      [19] 1260 	ld	e, -8 (ix)
   0744 DD 56 F9      [19] 1261 	ld	d, -7 (ix)
   0747 C5            [11] 1262 	push	bc
   0748 D5            [11] 1263 	push	de
   0749 CDr6Er01      [17] 1264 	call	_shift_rows
   074C F1            [10] 1265 	pop	af
   074D C1            [10] 1266 	pop	bc
                           1267 ;source_code/aes256.c:145: mix_columns(state);
   074E DD 5E FA      [19] 1268 	ld	e, -6 (ix)
   0751 DD 56 FB      [19] 1269 	ld	d, -5 (ix)
   0754 C5            [11] 1270 	push	bc
   0755 D5            [11] 1271 	push	de
   0756 CDr2Fr02      [17] 1272 	call	_mix_columns
   0759 F1            [10] 1273 	pop	af
   075A C1            [10] 1274 	pop	bc
                           1275 ;source_code/aes256.c:146: add_round_key(state, ctx.round_keys[round]);
   075B DD 5E FE      [19] 1276 	ld	e, -2 (ix)
   075E DD 56 FF      [19] 1277 	ld	d, -1 (ix)
   0761 CB 23         [ 8] 1278 	sla	e
   0763 CB 12         [ 8] 1279 	rl	d
   0765 CB 23         [ 8] 1280 	sla	e
   0767 CB 12         [ 8] 1281 	rl	d
   0769 CB 23         [ 8] 1282 	sla	e
   076B CB 12         [ 8] 1283 	rl	d
   076D CB 23         [ 8] 1284 	sla	e
   076F CB 12         [ 8] 1285 	rl	d
   0771 7B            [ 4] 1286 	ld	a, e
   0772 DD 86 F4      [19] 1287 	add	a, -12 (ix)
   0775 5F            [ 4] 1288 	ld	e, a
   0776 7A            [ 4] 1289 	ld	a, d
   0777 DD 8E F5      [19] 1290 	adc	a, -11 (ix)
   077A 57            [ 4] 1291 	ld	d, a
   077B DD 6E FC      [19] 1292 	ld	l, -4 (ix)
   077E DD 66 FD      [19] 1293 	ld	h, -3 (ix)
   0781 C5            [11] 1294 	push	bc
   0782 D5            [11] 1295 	push	de
   0783 E5            [11] 1296 	push	hl
   0784 CDr42r04      [17] 1297 	call	_add_round_key
   0787 F1            [10] 1298 	pop	af
   0788 F1            [10] 1299 	pop	af
   0789 C1            [10] 1300 	pop	bc
                           1301 ;source_code/aes256.c:142: for (int round = 1; round < AES_ROUNDS; round++) {
   078A DD 34 FE      [23] 1302 	inc	-2 (ix)
   078D C2r93r07      [10] 1303 	jp	NZ, 00120$
   0790 DD 34 FF      [23] 1304 	inc	-1 (ix)
   0793                    1305 00120$:
   0793 C3r24r07      [10] 1306 	jp	00103$
   0796                    1307 00101$:
                           1308 ;source_code/aes256.c:149: sub_bytes(state);
   0796 59            [ 4] 1309 	ld	e, c
   0797 50            [ 4] 1310 	ld	d, b
   0798 C5            [11] 1311 	push	bc
   0799 D5            [11] 1312 	push	de
   079A CDr3Br01      [17] 1313 	call	_sub_bytes
   079D F1            [10] 1314 	pop	af
   079E C1            [10] 1315 	pop	bc
                           1316 ;source_code/aes256.c:150: shift_rows(state);
   079F 59            [ 4] 1317 	ld	e, c
   07A0 50            [ 4] 1318 	ld	d, b
   07A1 C5            [11] 1319 	push	bc
   07A2 D5            [11] 1320 	push	de
   07A3 CDr6Er01      [17] 1321 	call	_shift_rows
   07A6 F1            [10] 1322 	pop	af
   07A7 C1            [10] 1323 	pop	bc
                           1324 ;source_code/aes256.c:151: add_round_key(state, ctx.round_keys[AES_ROUNDS]);
   07A8 DD 7E F4      [19] 1325 	ld	a, -12 (ix)
   07AB C6 E0         [ 7] 1326 	add	a, #0xe0
   07AD 5F            [ 4] 1327 	ld	e, a
   07AE DD 7E F5      [19] 1328 	ld	a, -11 (ix)
   07B1 CE 00         [ 7] 1329 	adc	a, #0x00
   07B3 57            [ 4] 1330 	ld	d, a
   07B4 69            [ 4] 1331 	ld	l, c
   07B5 60            [ 4] 1332 	ld	h, b
   07B6 C5            [11] 1333 	push	bc
   07B7 D5            [11] 1334 	push	de
   07B8 E5            [11] 1335 	push	hl
   07B9 CDr42r04      [17] 1336 	call	_add_round_key
   07BC F1            [10] 1337 	pop	af
   07BD F1            [10] 1338 	pop	af
   07BE C1            [10] 1339 	pop	bc
                           1340 ;source_code/aes256.c:153: memcpy(ciphertext, state, 16);
   07BF DD 5E 06      [19] 1341 	ld	e, 6 (ix)
   07C2 DD 56 07      [19] 1342 	ld	d, 7 (ix)
   07C5 69            [ 4] 1343 	ld	l, c
   07C6 60            [ 4] 1344 	ld	h, b
   07C7 01 10 00      [10] 1345 	ld	bc, #0x0010
   07CA ED B0         [21] 1346 	ldir
   07CC                    1347 00105$:
                           1348 ;source_code/aes256.c:154: }
   07CC DD F9         [10] 1349 	ld	sp, ix
   07CE DD E1         [14] 1350 	pop	ix
   07D0 C9            [10] 1351 	ret
                           1352 ;source_code/aes256.c:156: int main() {
                           1353 ;	---------------------------------
                           1354 ; Function main
                           1355 ; ---------------------------------
   07D1                    1356 _main::
   07D1 DD E5         [15] 1357 	push	ix
   07D3 DD 21 00 00   [14] 1358 	ld	ix,#0
   07D7 DD 39         [15] 1359 	add	ix,sp
   07D9 21 BC FF      [10] 1360 	ld	hl, #-68
   07DC 39            [11] 1361 	add	hl, sp
   07DD F9            [ 6] 1362 	ld	sp, hl
                           1363 ;source_code/aes256.c:157: uint8_t key[32] = {
   07DE 21 00 00      [10] 1364 	ld	hl, #0
   07E1 39            [11] 1365 	add	hl, sp
   07E2 EB            [ 4] 1366 	ex	de, hl
   07E3 3E 60         [ 7] 1367 	ld	a, #0x60
   07E5 12            [ 7] 1368 	ld	(de), a
   07E6 6B            [ 4] 1369 	ld	l, e
   07E7 62            [ 4] 1370 	ld	h, d
   07E8 23            [ 6] 1371 	inc	hl
   07E9 36 3D         [10] 1372 	ld	(hl), #0x3d
   07EB 6B            [ 4] 1373 	ld	l, e
   07EC 62            [ 4] 1374 	ld	h, d
   07ED 23            [ 6] 1375 	inc	hl
   07EE 23            [ 6] 1376 	inc	hl
   07EF 36 EB         [10] 1377 	ld	(hl), #0xeb
   07F1 6B            [ 4] 1378 	ld	l, e
   07F2 62            [ 4] 1379 	ld	h, d
   07F3 23            [ 6] 1380 	inc	hl
   07F4 23            [ 6] 1381 	inc	hl
   07F5 23            [ 6] 1382 	inc	hl
   07F6 36 10         [10] 1383 	ld	(hl), #0x10
   07F8 21 04 00      [10] 1384 	ld	hl, #0x0004
   07FB 19            [11] 1385 	add	hl, de
   07FC 36 15         [10] 1386 	ld	(hl), #0x15
   07FE 21 05 00      [10] 1387 	ld	hl, #0x0005
   0801 19            [11] 1388 	add	hl, de
   0802 36 CA         [10] 1389 	ld	(hl), #0xca
   0804 21 06 00      [10] 1390 	ld	hl, #0x0006
   0807 19            [11] 1391 	add	hl, de
   0808 36 71         [10] 1392 	ld	(hl), #0x71
   080A 21 07 00      [10] 1393 	ld	hl, #0x0007
   080D 19            [11] 1394 	add	hl, de
   080E 36 BE         [10] 1395 	ld	(hl), #0xbe
   0810 21 08 00      [10] 1396 	ld	hl, #0x0008
   0813 19            [11] 1397 	add	hl, de
   0814 36 2B         [10] 1398 	ld	(hl), #0x2b
   0816 21 09 00      [10] 1399 	ld	hl, #0x0009
   0819 19            [11] 1400 	add	hl, de
   081A 36 73         [10] 1401 	ld	(hl), #0x73
   081C 21 0A 00      [10] 1402 	ld	hl, #0x000a
   081F 19            [11] 1403 	add	hl, de
   0820 36 AE         [10] 1404 	ld	(hl), #0xae
   0822 21 0B 00      [10] 1405 	ld	hl, #0x000b
   0825 19            [11] 1406 	add	hl, de
   0826 36 F0         [10] 1407 	ld	(hl), #0xf0
   0828 21 0C 00      [10] 1408 	ld	hl, #0x000c
   082B 19            [11] 1409 	add	hl, de
   082C 36 85         [10] 1410 	ld	(hl), #0x85
   082E 21 0D 00      [10] 1411 	ld	hl, #0x000d
   0831 19            [11] 1412 	add	hl, de
   0832 36 7D         [10] 1413 	ld	(hl), #0x7d
   0834 21 0E 00      [10] 1414 	ld	hl, #0x000e
   0837 19            [11] 1415 	add	hl, de
   0838 36 77         [10] 1416 	ld	(hl), #0x77
   083A 21 0F 00      [10] 1417 	ld	hl, #0x000f
   083D 19            [11] 1418 	add	hl, de
   083E 36 81         [10] 1419 	ld	(hl), #0x81
   0840 21 10 00      [10] 1420 	ld	hl, #0x0010
   0843 19            [11] 1421 	add	hl, de
   0844 36 1F         [10] 1422 	ld	(hl), #0x1f
   0846 21 11 00      [10] 1423 	ld	hl, #0x0011
   0849 19            [11] 1424 	add	hl, de
   084A 36 35         [10] 1425 	ld	(hl), #0x35
   084C 21 12 00      [10] 1426 	ld	hl, #0x0012
   084F 19            [11] 1427 	add	hl, de
   0850 36 2C         [10] 1428 	ld	(hl), #0x2c
   0852 21 13 00      [10] 1429 	ld	hl, #0x0013
   0855 19            [11] 1430 	add	hl, de
   0856 36 07         [10] 1431 	ld	(hl), #0x07
   0858 21 14 00      [10] 1432 	ld	hl, #0x0014
   085B 19            [11] 1433 	add	hl, de
   085C 36 3B         [10] 1434 	ld	(hl), #0x3b
   085E 21 15 00      [10] 1435 	ld	hl, #0x0015
   0861 19            [11] 1436 	add	hl, de
   0862 36 61         [10] 1437 	ld	(hl), #0x61
   0864 21 16 00      [10] 1438 	ld	hl, #0x0016
   0867 19            [11] 1439 	add	hl, de
   0868 36 08         [10] 1440 	ld	(hl), #0x08
   086A 21 17 00      [10] 1441 	ld	hl, #0x0017
   086D 19            [11] 1442 	add	hl, de
   086E 36 D7         [10] 1443 	ld	(hl), #0xd7
   0870 21 18 00      [10] 1444 	ld	hl, #0x0018
   0873 19            [11] 1445 	add	hl, de
   0874 36 2D         [10] 1446 	ld	(hl), #0x2d
   0876 21 19 00      [10] 1447 	ld	hl, #0x0019
   0879 19            [11] 1448 	add	hl, de
   087A 36 98         [10] 1449 	ld	(hl), #0x98
   087C 21 1A 00      [10] 1450 	ld	hl, #0x001a
   087F 19            [11] 1451 	add	hl, de
   0880 36 10         [10] 1452 	ld	(hl), #0x10
   0882 21 1B 00      [10] 1453 	ld	hl, #0x001b
   0885 19            [11] 1454 	add	hl, de
   0886 36 A3         [10] 1455 	ld	(hl), #0xa3
   0888 21 1C 00      [10] 1456 	ld	hl, #0x001c
   088B 19            [11] 1457 	add	hl, de
   088C 36 09         [10] 1458 	ld	(hl), #0x09
   088E 21 1D 00      [10] 1459 	ld	hl, #0x001d
   0891 19            [11] 1460 	add	hl, de
   0892 36 14         [10] 1461 	ld	(hl), #0x14
   0894 21 1E 00      [10] 1462 	ld	hl, #0x001e
   0897 19            [11] 1463 	add	hl, de
   0898 36 DF         [10] 1464 	ld	(hl), #0xdf
   089A 21 1F 00      [10] 1465 	ld	hl, #0x001f
   089D 19            [11] 1466 	add	hl, de
   089E 36 F4         [10] 1467 	ld	(hl), #0xf4
                           1468 ;source_code/aes256.c:164: uint8_t plaintext[16] = {
   08A0 21 20 00      [10] 1469 	ld	hl, #32
   08A3 39            [11] 1470 	add	hl, sp
   08A4 4D            [ 4] 1471 	ld	c, l
   08A5 44            [ 4] 1472 	ld	b, h
   08A6 3E 32         [ 7] 1473 	ld	a, #0x32
   08A8 02            [ 7] 1474 	ld	(bc), a
   08A9 69            [ 4] 1475 	ld	l, c
   08AA 60            [ 4] 1476 	ld	h, b
   08AB 23            [ 6] 1477 	inc	hl
   08AC 36 43         [10] 1478 	ld	(hl), #0x43
   08AE 69            [ 4] 1479 	ld	l, c
   08AF 60            [ 4] 1480 	ld	h, b
   08B0 23            [ 6] 1481 	inc	hl
   08B1 23            [ 6] 1482 	inc	hl
   08B2 36 F6         [10] 1483 	ld	(hl), #0xf6
   08B4 69            [ 4] 1484 	ld	l, c
   08B5 60            [ 4] 1485 	ld	h, b
   08B6 23            [ 6] 1486 	inc	hl
   08B7 23            [ 6] 1487 	inc	hl
   08B8 23            [ 6] 1488 	inc	hl
   08B9 36 A8         [10] 1489 	ld	(hl), #0xa8
   08BB 21 04 00      [10] 1490 	ld	hl, #0x0004
   08BE 09            [11] 1491 	add	hl, bc
   08BF 36 88         [10] 1492 	ld	(hl), #0x88
   08C1 21 05 00      [10] 1493 	ld	hl, #0x0005
   08C4 09            [11] 1494 	add	hl, bc
   08C5 36 5A         [10] 1495 	ld	(hl), #0x5a
   08C7 21 06 00      [10] 1496 	ld	hl, #0x0006
   08CA 09            [11] 1497 	add	hl, bc
   08CB 36 30         [10] 1498 	ld	(hl), #0x30
   08CD 21 07 00      [10] 1499 	ld	hl, #0x0007
   08D0 09            [11] 1500 	add	hl, bc
   08D1 36 8D         [10] 1501 	ld	(hl), #0x8d
   08D3 21 08 00      [10] 1502 	ld	hl, #0x0008
   08D6 09            [11] 1503 	add	hl, bc
   08D7 36 31         [10] 1504 	ld	(hl), #0x31
   08D9 21 09 00      [10] 1505 	ld	hl, #0x0009
   08DC 09            [11] 1506 	add	hl, bc
   08DD 36 31         [10] 1507 	ld	(hl), #0x31
   08DF 21 0A 00      [10] 1508 	ld	hl, #0x000a
   08E2 09            [11] 1509 	add	hl, bc
   08E3 36 98         [10] 1510 	ld	(hl), #0x98
   08E5 21 0B 00      [10] 1511 	ld	hl, #0x000b
   08E8 09            [11] 1512 	add	hl, bc
   08E9 36 A2         [10] 1513 	ld	(hl), #0xa2
   08EB 21 0C 00      [10] 1514 	ld	hl, #0x000c
   08EE 09            [11] 1515 	add	hl, bc
   08EF 36 E0         [10] 1516 	ld	(hl), #0xe0
   08F1 21 0D 00      [10] 1517 	ld	hl, #0x000d
   08F4 09            [11] 1518 	add	hl, bc
   08F5 36 37         [10] 1519 	ld	(hl), #0x37
   08F7 21 0E 00      [10] 1520 	ld	hl, #0x000e
   08FA 09            [11] 1521 	add	hl, bc
   08FB 36 07         [10] 1522 	ld	(hl), #0x07
   08FD 21 0F 00      [10] 1523 	ld	hl, #0x000f
   0900 09            [11] 1524 	add	hl, bc
   0901 36 34         [10] 1525 	ld	(hl), #0x34
                           1526 ;source_code/aes256.c:171: aes256_encrypt(plaintext, ciphertext, key);
   0903 21 30 00      [10] 1527 	ld	hl, #48
   0906 39            [11] 1528 	add	hl, sp
   0907 DD 75 FC      [19] 1529 	ld	-4 (ix), l
   090A DD 74 FD      [19] 1530 	ld	-3 (ix), h
   090D DD 7E FC      [19] 1531 	ld	a, -4 (ix)
   0910 DD 77 FE      [19] 1532 	ld	-2 (ix), a
   0913 DD 7E FD      [19] 1533 	ld	a, -3 (ix)
   0916 DD 77 FF      [19] 1534 	ld	-1 (ix), a
   0919 69            [ 4] 1535 	ld	l, c
   091A 60            [ 4] 1536 	ld	h, b
   091B C5            [11] 1537 	push	bc
   091C D5            [11] 1538 	push	de
   091D DD 5E FE      [19] 1539 	ld	e, -2 (ix)
   0920 DD 56 FF      [19] 1540 	ld	d, -1 (ix)
   0923 D5            [11] 1541 	push	de
   0924 E5            [11] 1542 	push	hl
   0925 CDrB4r06      [17] 1543 	call	_aes256_encrypt
   0928 21 06 00      [10] 1544 	ld	hl, #6
   092B 39            [11] 1545 	add	hl, sp
   092C F9            [ 6] 1546 	ld	sp, hl
   092D C1            [10] 1547 	pop	bc
                           1548 ;source_code/aes256.c:173: printf("AES-256 Encryption\n");
   092E C5            [11] 1549 	push	bc
   092F 21rB2r09      [10] 1550 	ld	hl, #___str_1
   0932 E5            [11] 1551 	push	hl
   0933 CDr00r00      [17] 1552 	call	_puts
   0936 F1            [10] 1553 	pop	af
   0937 C1            [10] 1554 	pop	bc
                           1555 ;source_code/aes256.c:174: printf("Plaintext:  ");
   0938 C5            [11] 1556 	push	bc
   0939 21rC5r09      [10] 1557 	ld	hl, #___str_2
   093C E5            [11] 1558 	push	hl
   093D CDr00r00      [17] 1559 	call	_printf
   0940 F1            [10] 1560 	pop	af
   0941 C1            [10] 1561 	pop	bc
                           1562 ;source_code/aes256.c:175: for (int i = 0; i < 16; i++) printf("%02x ", plaintext[i]);
   0942 11 00 00      [10] 1563 	ld	de, #0x0000
   0945                    1564 00104$:
   0945 7B            [ 4] 1565 	ld	a, e
   0946 D6 10         [ 7] 1566 	sub	a, #0x10
   0948 7A            [ 4] 1567 	ld	a, d
   0949 17            [ 4] 1568 	rla
   094A 3F            [ 4] 1569 	ccf
   094B 1F            [ 4] 1570 	rra
   094C DE 80         [ 7] 1571 	sbc	a, #0x80
   094E D2r69r09      [10] 1572 	jp	NC, 00101$
   0951 69            [ 4] 1573 	ld	l, c
   0952 60            [ 4] 1574 	ld	h, b
   0953 19            [11] 1575 	add	hl, de
   0954 6E            [ 7] 1576 	ld	l, (hl)
   0955 26 00         [ 7] 1577 	ld	h, #0x00
   0957 C5            [11] 1578 	push	bc
   0958 D5            [11] 1579 	push	de
   0959 E5            [11] 1580 	push	hl
   095A 21rD2r09      [10] 1581 	ld	hl, #___str_3
   095D E5            [11] 1582 	push	hl
   095E CDr00r00      [17] 1583 	call	_printf
   0961 F1            [10] 1584 	pop	af
   0962 F1            [10] 1585 	pop	af
   0963 D1            [10] 1586 	pop	de
   0964 C1            [10] 1587 	pop	bc
   0965 13            [ 6] 1588 	inc	de
   0966 C3r45r09      [10] 1589 	jp	00104$
   0969                    1590 00101$:
                           1591 ;source_code/aes256.c:176: printf("\n");
   0969 21rD8r09      [10] 1592 	ld	hl, #___str_5
   096C E5            [11] 1593 	push	hl
   096D CDr00r00      [17] 1594 	call	_puts
   0970 F1            [10] 1595 	pop	af
                           1596 ;source_code/aes256.c:178: printf("Ciphertext: ");
   0971 21rD9r09      [10] 1597 	ld	hl, #___str_6
   0974 E5            [11] 1598 	push	hl
   0975 CDr00r00      [17] 1599 	call	_printf
   0978 F1            [10] 1600 	pop	af
                           1601 ;source_code/aes256.c:179: for (int i = 0; i < 16; i++) printf("%02x ", ciphertext[i]);
   0979 01 00 00      [10] 1602 	ld	bc, #0x0000
   097C                    1603 00107$:
   097C 79            [ 4] 1604 	ld	a, c
   097D D6 10         [ 7] 1605 	sub	a, #0x10
   097F 78            [ 4] 1606 	ld	a, b
   0980 17            [ 4] 1607 	rla
   0981 3F            [ 4] 1608 	ccf
   0982 1F            [ 4] 1609 	rra
   0983 DE 80         [ 7] 1610 	sbc	a, #0x80
   0985 D2rA2r09      [10] 1611 	jp	NC, 00102$
   0988 DD 6E FC      [19] 1612 	ld	l, -4 (ix)
   098B DD 66 FD      [19] 1613 	ld	h, -3 (ix)
   098E 09            [11] 1614 	add	hl, bc
   098F 5E            [ 7] 1615 	ld	e, (hl)
   0990 16 00         [ 7] 1616 	ld	d, #0x00
   0992 C5            [11] 1617 	push	bc
   0993 D5            [11] 1618 	push	de
   0994 21rD2r09      [10] 1619 	ld	hl, #___str_3
   0997 E5            [11] 1620 	push	hl
   0998 CDr00r00      [17] 1621 	call	_printf
   099B F1            [10] 1622 	pop	af
   099C F1            [10] 1623 	pop	af
   099D C1            [10] 1624 	pop	bc
   099E 03            [ 6] 1625 	inc	bc
   099F C3r7Cr09      [10] 1626 	jp	00107$
   09A2                    1627 00102$:
                           1628 ;source_code/aes256.c:180: printf("\n");
   09A2 21rD8r09      [10] 1629 	ld	hl, #___str_5
   09A5 E5            [11] 1630 	push	hl
   09A6 CDr00r00      [17] 1631 	call	_puts
   09A9 F1            [10] 1632 	pop	af
                           1633 ;source_code/aes256.c:182: return 0;
   09AA 21 00 00      [10] 1634 	ld	hl, #0x0000
   09AD                    1635 00109$:
                           1636 ;source_code/aes256.c:183: }
   09AD DD F9         [10] 1637 	ld	sp, ix
   09AF DD E1         [14] 1638 	pop	ix
   09B1 C9            [10] 1639 	ret
   09B2                    1640 ___str_1:
   09B2 41 45 53 2D 32 35  1641 	.ascii "AES-256 Encryption"
        36 20 45 6E 63 72
        79 70 74 69 6F 6E
   09C4 00                 1642 	.db 0x00
   09C5                    1643 ___str_2:
   09C5 50 6C 61 69 6E 74  1644 	.ascii "Plaintext:  "
        65 78 74 3A 20 20
   09D1 00                 1645 	.db 0x00
   09D2                    1646 ___str_3:
   09D2 25 30 32 78 20     1647 	.ascii "%02x "
   09D7 00                 1648 	.db 0x00
   09D8                    1649 ___str_5:
   09D8 00                 1650 	.db 0x00
   09D9                    1651 ___str_6:
   09D9 43 69 70 68 65 72  1652 	.ascii "Ciphertext: "
        74 65 78 74 3A 20
   09E5 00                 1653 	.db 0x00
                           1654 	.area _CODE
                           1655 	.area _INITIALIZER
                           1656 	.area _CABS (ABS)
